CRITICAL - 2025-02-15 09:33:55 --> Invalid file: ajax_single_mapping.php
in SYSTEMPATH\Exceptions\FrameworkException.php on line 33.
 1 SYSTEMPATH\View\View.php(201): CodeIgniter\Exceptions\FrameworkException::forInvalidFile('ajax_single_mapping.php')
 2 SYSTEMPATH\Common.php(1137): CodeIgniter\View\View->render('ajax_single_mapping', [], true)
 3 APPPATH\Controllers\BillRegisterController.php(1642): view('ajax_single_mapping')
 4 SYSTEMPATH\CodeIgniter.php(904): App\Controllers\BillRegisterController->ajax_single_mapping()
 5 SYSTEMPATH\CodeIgniter.php(457): CodeIgniter\CodeIgniter->runController(Object(App\Controllers\BillRegisterController))
 6 SYSTEMPATH\CodeIgniter.php(340): CodeIgniter\CodeIgniter->handleRequest(null, Object(Config\Cache), false)
 7 FCPATH\index.php(67): CodeIgniter\CodeIgniter->run()
CRITICAL - 2025-02-15 09:34:16 --> Invalid file: ajax_single_mapping.php
in SYSTEMPATH\Exceptions\FrameworkException.php on line 33.
 1 SYSTEMPATH\View\View.php(201): CodeIgniter\Exceptions\FrameworkException::forInvalidFile('ajax_single_mapping.php')
 2 SYSTEMPATH\Common.php(1137): CodeIgniter\View\View->render('ajax_single_mapping', [], true)
 3 APPPATH\Controllers\BillRegisterController.php(1642): view('ajax_single_mapping')
 4 SYSTEMPATH\CodeIgniter.php(904): App\Controllers\BillRegisterController->ajax_single_mapping()
 5 SYSTEMPATH\CodeIgniter.php(457): CodeIgniter\CodeIgniter->runController(Object(App\Controllers\BillRegisterController))
 6 SYSTEMPATH\CodeIgniter.php(340): CodeIgniter\CodeIgniter->handleRequest(null, Object(Config\Cache), false)
 7 FCPATH\index.php(67): CodeIgniter\CodeIgniter->run()
CRITICAL - 2025-02-15 09:34:35 --> Invalid file: ajax_single_mapping.php
in SYSTEMPATH\Exceptions\FrameworkException.php on line 33.
 1 SYSTEMPATH\View\View.php(201): CodeIgniter\Exceptions\FrameworkException::forInvalidFile('ajax_single_mapping.php')
 2 SYSTEMPATH\Common.php(1137): CodeIgniter\View\View->render('ajax_single_mapping', [], true)
 3 APPPATH\Controllers\BillRegisterController.php(1642): view('ajax_single_mapping')
 4 SYSTEMPATH\CodeIgniter.php(904): App\Controllers\BillRegisterController->ajax_single_mapping()
 5 SYSTEMPATH\CodeIgniter.php(457): CodeIgniter\CodeIgniter->runController(Object(App\Controllers\BillRegisterController))
 6 SYSTEMPATH\CodeIgniter.php(340): CodeIgniter\CodeIgniter->handleRequest(null, Object(Config\Cache), false)
 7 FCPATH\index.php(67): CodeIgniter\CodeIgniter->run()
CRITICAL - 2025-02-15 09:59:36 --> Invalid file: ajax_single_mapping.php
in SYSTEMPATH\Exceptions\FrameworkException.php on line 33.
 1 SYSTEMPATH\View\View.php(201): CodeIgniter\Exceptions\FrameworkException::forInvalidFile('ajax_single_mapping.php')
 2 SYSTEMPATH\Common.php(1137): CodeIgniter\View\View->render('ajax_single_mapping', [], true)
 3 APPPATH\Controllers\BillRegisterController.php(1642): view('ajax_single_mapping')
 4 SYSTEMPATH\CodeIgniter.php(904): App\Controllers\BillRegisterController->ajax_single_mapping()
 5 SYSTEMPATH\CodeIgniter.php(457): CodeIgniter\CodeIgniter->runController(Object(App\Controllers\BillRegisterController))
 6 SYSTEMPATH\CodeIgniter.php(340): CodeIgniter\CodeIgniter->handleRequest(null, Object(Config\Cache), false)
 7 FCPATH\index.php(67): CodeIgniter\CodeIgniter->run()
CRITICAL - 2025-02-15 09:59:59 --> Trying to access array offset on value of type null
in APPPATH\Controllers\BillRegisterController.php on line 6005.
 1 APPPATH\Controllers\BillRegisterController.php(6005): CodeIgniter\Debug\Exceptions->errorHandler(2, 'Trying to access array offset on value of type null', 'APPPATH\\Controllers\\BillRegisterController.php', 6005)
 2 SYSTEMPATH\CodeIgniter.php(904): App\Controllers\BillRegisterController->sendBilltoentry()
 3 SYSTEMPATH\CodeIgniter.php(457): CodeIgniter\CodeIgniter->runController(Object(App\Controllers\BillRegisterController))
 4 SYSTEMPATH\CodeIgniter.php(340): CodeIgniter\CodeIgniter->handleRequest(null, Object(Config\Cache), false)
 5 FCPATH\index.php(67): CodeIgniter\CodeIgniter->run()
CRITICAL - 2025-02-15 10:01:13 --> Invalid file: ajax_single_mapping.php
in SYSTEMPATH\Exceptions\FrameworkException.php on line 33.
 1 SYSTEMPATH\View\View.php(201): CodeIgniter\Exceptions\FrameworkException::forInvalidFile('ajax_single_mapping.php')
 2 SYSTEMPATH\Common.php(1137): CodeIgniter\View\View->render('ajax_single_mapping', [], true)
 3 APPPATH\Controllers\BillRegisterController.php(1642): view('ajax_single_mapping')
 4 SYSTEMPATH\CodeIgniter.php(904): App\Controllers\BillRegisterController->ajax_single_mapping()
 5 SYSTEMPATH\CodeIgniter.php(457): CodeIgniter\CodeIgniter->runController(Object(App\Controllers\BillRegisterController))
 6 SYSTEMPATH\CodeIgniter.php(340): CodeIgniter\CodeIgniter->handleRequest(null, Object(Config\Cache), false)
 7 FCPATH\index.php(67): CodeIgniter\CodeIgniter->run()
CRITICAL - 2025-02-15 10:02:42 --> Invalid file: ajax_single_mapping.php
in SYSTEMPATH\Exceptions\FrameworkException.php on line 33.
 1 SYSTEMPATH\View\View.php(201): CodeIgniter\Exceptions\FrameworkException::forInvalidFile('ajax_single_mapping.php')
 2 SYSTEMPATH\Common.php(1137): CodeIgniter\View\View->render('ajax_single_mapping', [], true)
 3 APPPATH\Controllers\BillRegisterController.php(1642): view('ajax_single_mapping')
 4 SYSTEMPATH\CodeIgniter.php(904): App\Controllers\BillRegisterController->ajax_single_mapping()
 5 SYSTEMPATH\CodeIgniter.php(457): CodeIgniter\CodeIgniter->runController(Object(App\Controllers\BillRegisterController))
 6 SYSTEMPATH\CodeIgniter.php(340): CodeIgniter\CodeIgniter->handleRequest(null, Object(Config\Cache), false)
 7 FCPATH\index.php(67): CodeIgniter\CodeIgniter->run()
CRITICAL - 2025-02-15 10:03:32 --> Trying to access array offset on value of type null
in APPPATH\Controllers\BillRegisterController.php on line 6005.
 1 APPPATH\Controllers\BillRegisterController.php(6005): CodeIgniter\Debug\Exceptions->errorHandler(2, 'Trying to access array offset on value of type null', 'APPPATH\\Controllers\\BillRegisterController.php', 6005)
 2 SYSTEMPATH\CodeIgniter.php(904): App\Controllers\BillRegisterController->sendBilltoentry()
 3 SYSTEMPATH\CodeIgniter.php(457): CodeIgniter\CodeIgniter->runController(Object(App\Controllers\BillRegisterController))
 4 SYSTEMPATH\CodeIgniter.php(340): CodeIgniter\CodeIgniter->handleRequest(null, Object(Config\Cache), false)
 5 FCPATH\index.php(67): CodeIgniter\CodeIgniter->run()
CRITICAL - 2025-02-15 10:03:55 --> Invalid file: ajax_single_mapping.php
in SYSTEMPATH\Exceptions\FrameworkException.php on line 33.
 1 SYSTEMPATH\View\View.php(201): CodeIgniter\Exceptions\FrameworkException::forInvalidFile('ajax_single_mapping.php')
 2 SYSTEMPATH\Common.php(1137): CodeIgniter\View\View->render('ajax_single_mapping', [], true)
 3 APPPATH\Controllers\BillRegisterController.php(1642): view('ajax_single_mapping')
 4 SYSTEMPATH\CodeIgniter.php(904): App\Controllers\BillRegisterController->ajax_single_mapping()
 5 SYSTEMPATH\CodeIgniter.php(457): CodeIgniter\CodeIgniter->runController(Object(App\Controllers\BillRegisterController))
 6 SYSTEMPATH\CodeIgniter.php(340): CodeIgniter\CodeIgniter->handleRequest(null, Object(Config\Cache), false)
 7 FCPATH\index.php(67): CodeIgniter\CodeIgniter->run()
CRITICAL - 2025-02-15 10:06:07 --> Invalid file: ajax_single_mapping.php
in SYSTEMPATH\Exceptions\FrameworkException.php on line 33.
 1 SYSTEMPATH\View\View.php(201): CodeIgniter\Exceptions\FrameworkException::forInvalidFile('ajax_single_mapping.php')
 2 SYSTEMPATH\Common.php(1137): CodeIgniter\View\View->render('ajax_single_mapping', [], true)
 3 APPPATH\Controllers\BillRegisterController.php(1642): view('ajax_single_mapping')
 4 SYSTEMPATH\CodeIgniter.php(904): App\Controllers\BillRegisterController->ajax_single_mapping()
 5 SYSTEMPATH\CodeIgniter.php(457): CodeIgniter\CodeIgniter->runController(Object(App\Controllers\BillRegisterController))
 6 SYSTEMPATH\CodeIgniter.php(340): CodeIgniter\CodeIgniter->handleRequest(null, Object(Config\Cache), false)
 7 FCPATH\index.php(67): CodeIgniter\CodeIgniter->run()
CRITICAL - 2025-02-15 10:07:05 --> Invalid file: ajax_single_mapping.php
in SYSTEMPATH\Exceptions\FrameworkException.php on line 33.
 1 SYSTEMPATH\View\View.php(201): CodeIgniter\Exceptions\FrameworkException::forInvalidFile('ajax_single_mapping.php')
 2 SYSTEMPATH\Common.php(1137): CodeIgniter\View\View->render('ajax_single_mapping', [], true)
 3 APPPATH\Controllers\BillRegisterController.php(1642): view('ajax_single_mapping')
 4 SYSTEMPATH\CodeIgniter.php(904): App\Controllers\BillRegisterController->ajax_single_mapping()
 5 SYSTEMPATH\CodeIgniter.php(457): CodeIgniter\CodeIgniter->runController(Object(App\Controllers\BillRegisterController))
 6 SYSTEMPATH\CodeIgniter.php(340): CodeIgniter\CodeIgniter->handleRequest(null, Object(Config\Cache), false)
 7 FCPATH\index.php(67): CodeIgniter\CodeIgniter->run()
CRITICAL - 2025-02-15 10:07:34 --> Invalid file: ajax_single_mapping.php
in SYSTEMPATH\Exceptions\FrameworkException.php on line 33.
 1 SYSTEMPATH\View\View.php(201): CodeIgniter\Exceptions\FrameworkException::forInvalidFile('ajax_single_mapping.php')
 2 SYSTEMPATH\Common.php(1137): CodeIgniter\View\View->render('ajax_single_mapping', [], true)
 3 APPPATH\Controllers\BillRegisterController.php(1642): view('ajax_single_mapping')
 4 SYSTEMPATH\CodeIgniter.php(904): App\Controllers\BillRegisterController->ajax_single_mapping()
 5 SYSTEMPATH\CodeIgniter.php(457): CodeIgniter\CodeIgniter->runController(Object(App\Controllers\BillRegisterController))
 6 SYSTEMPATH\CodeIgniter.php(340): CodeIgniter\CodeIgniter->handleRequest(null, Object(Config\Cache), false)
 7 FCPATH\index.php(67): CodeIgniter\CodeIgniter->run()
CRITICAL - 2025-02-15 10:07:51 --> Invalid file: ajax_single_mapping.php
in SYSTEMPATH\Exceptions\FrameworkException.php on line 33.
 1 SYSTEMPATH\View\View.php(201): CodeIgniter\Exceptions\FrameworkException::forInvalidFile('ajax_single_mapping.php')
 2 SYSTEMPATH\Common.php(1137): CodeIgniter\View\View->render('ajax_single_mapping', [], true)
 3 APPPATH\Controllers\BillRegisterController.php(1642): view('ajax_single_mapping')
 4 SYSTEMPATH\CodeIgniter.php(904): App\Controllers\BillRegisterController->ajax_single_mapping()
 5 SYSTEMPATH\CodeIgniter.php(457): CodeIgniter\CodeIgniter->runController(Object(App\Controllers\BillRegisterController))
 6 SYSTEMPATH\CodeIgniter.php(340): CodeIgniter\CodeIgniter->handleRequest(null, Object(Config\Cache), false)
 7 FCPATH\index.php(67): CodeIgniter\CodeIgniter->run()
CRITICAL - 2025-02-15 10:09:05 --> Invalid file: ajax_single_mapping.php
in SYSTEMPATH\Exceptions\FrameworkException.php on line 33.
 1 SYSTEMPATH\View\View.php(201): CodeIgniter\Exceptions\FrameworkException::forInvalidFile('ajax_single_mapping.php')
 2 SYSTEMPATH\Common.php(1137): CodeIgniter\View\View->render('ajax_single_mapping', [], true)
 3 APPPATH\Controllers\BillRegisterController.php(1642): view('ajax_single_mapping')
 4 SYSTEMPATH\CodeIgniter.php(904): App\Controllers\BillRegisterController->ajax_single_mapping()
 5 SYSTEMPATH\CodeIgniter.php(457): CodeIgniter\CodeIgniter->runController(Object(App\Controllers\BillRegisterController))
 6 SYSTEMPATH\CodeIgniter.php(340): CodeIgniter\CodeIgniter->handleRequest(null, Object(Config\Cache), false)
 7 FCPATH\index.php(67): CodeIgniter\CodeIgniter->run()
CRITICAL - 2025-02-15 10:10:27 --> Invalid file: ajax_single_mapping.php
in SYSTEMPATH\Exceptions\FrameworkException.php on line 33.
 1 SYSTEMPATH\View\View.php(201): CodeIgniter\Exceptions\FrameworkException::forInvalidFile('ajax_single_mapping.php')
 2 SYSTEMPATH\Common.php(1137): CodeIgniter\View\View->render('ajax_single_mapping', [], true)
 3 APPPATH\Controllers\BillRegisterController.php(1642): view('ajax_single_mapping')
 4 SYSTEMPATH\CodeIgniter.php(904): App\Controllers\BillRegisterController->ajax_single_mapping()
 5 SYSTEMPATH\CodeIgniter.php(457): CodeIgniter\CodeIgniter->runController(Object(App\Controllers\BillRegisterController))
 6 SYSTEMPATH\CodeIgniter.php(340): CodeIgniter\CodeIgniter->handleRequest(null, Object(Config\Cache), false)
 7 FCPATH\index.php(67): CodeIgniter\CodeIgniter->run()
CRITICAL - 2025-02-15 10:10:48 --> Invalid file: ajax_single_mapping.php
in SYSTEMPATH\Exceptions\FrameworkException.php on line 33.
 1 SYSTEMPATH\View\View.php(201): CodeIgniter\Exceptions\FrameworkException::forInvalidFile('ajax_single_mapping.php')
 2 SYSTEMPATH\Common.php(1137): CodeIgniter\View\View->render('ajax_single_mapping', [], true)
 3 APPPATH\Controllers\BillRegisterController.php(1642): view('ajax_single_mapping')
 4 SYSTEMPATH\CodeIgniter.php(904): App\Controllers\BillRegisterController->ajax_single_mapping()
 5 SYSTEMPATH\CodeIgniter.php(457): CodeIgniter\CodeIgniter->runController(Object(App\Controllers\BillRegisterController))
 6 SYSTEMPATH\CodeIgniter.php(340): CodeIgniter\CodeIgniter->handleRequest(null, Object(Config\Cache), false)
 7 FCPATH\index.php(67): CodeIgniter\CodeIgniter->run()
CRITICAL - 2025-02-15 10:11:06 --> Invalid file: ajax_single_mapping.php
in SYSTEMPATH\Exceptions\FrameworkException.php on line 33.
 1 SYSTEMPATH\View\View.php(201): CodeIgniter\Exceptions\FrameworkException::forInvalidFile('ajax_single_mapping.php')
 2 SYSTEMPATH\Common.php(1137): CodeIgniter\View\View->render('ajax_single_mapping', [], true)
 3 APPPATH\Controllers\BillRegisterController.php(1642): view('ajax_single_mapping')
 4 SYSTEMPATH\CodeIgniter.php(904): App\Controllers\BillRegisterController->ajax_single_mapping()
 5 SYSTEMPATH\CodeIgniter.php(457): CodeIgniter\CodeIgniter->runController(Object(App\Controllers\BillRegisterController))
 6 SYSTEMPATH\CodeIgniter.php(340): CodeIgniter\CodeIgniter->handleRequest(null, Object(Config\Cache), false)
 7 FCPATH\index.php(67): CodeIgniter\CodeIgniter->run()
CRITICAL - 2025-02-15 10:11:51 --> Invalid file: ajax_single_mapping.php
in SYSTEMPATH\Exceptions\FrameworkException.php on line 33.
 1 SYSTEMPATH\View\View.php(201): CodeIgniter\Exceptions\FrameworkException::forInvalidFile('ajax_single_mapping.php')
 2 SYSTEMPATH\Common.php(1137): CodeIgniter\View\View->render('ajax_single_mapping', [], true)
 3 APPPATH\Controllers\BillRegisterController.php(1642): view('ajax_single_mapping')
 4 SYSTEMPATH\CodeIgniter.php(904): App\Controllers\BillRegisterController->ajax_single_mapping()
 5 SYSTEMPATH\CodeIgniter.php(457): CodeIgniter\CodeIgniter->runController(Object(App\Controllers\BillRegisterController))
 6 SYSTEMPATH\CodeIgniter.php(340): CodeIgniter\CodeIgniter->handleRequest(null, Object(Config\Cache), false)
 7 FCPATH\index.php(67): CodeIgniter\CodeIgniter->run()
CRITICAL - 2025-02-15 10:12:19 --> Invalid file: ajax_single_mapping.php
in SYSTEMPATH\Exceptions\FrameworkException.php on line 33.
 1 SYSTEMPATH\View\View.php(201): CodeIgniter\Exceptions\FrameworkException::forInvalidFile('ajax_single_mapping.php')
 2 SYSTEMPATH\Common.php(1137): CodeIgniter\View\View->render('ajax_single_mapping', [], true)
 3 APPPATH\Controllers\BillRegisterController.php(1642): view('ajax_single_mapping')
 4 SYSTEMPATH\CodeIgniter.php(904): App\Controllers\BillRegisterController->ajax_single_mapping()
 5 SYSTEMPATH\CodeIgniter.php(457): CodeIgniter\CodeIgniter->runController(Object(App\Controllers\BillRegisterController))
 6 SYSTEMPATH\CodeIgniter.php(340): CodeIgniter\CodeIgniter->handleRequest(null, Object(Config\Cache), false)
 7 FCPATH\index.php(67): CodeIgniter\CodeIgniter->run()
CRITICAL - 2025-02-15 10:12:26 --> Invalid file: ajax_single_mapping.php
in SYSTEMPATH\Exceptions\FrameworkException.php on line 33.
 1 SYSTEMPATH\View\View.php(201): CodeIgniter\Exceptions\FrameworkException::forInvalidFile('ajax_single_mapping.php')
 2 SYSTEMPATH\Common.php(1137): CodeIgniter\View\View->render('ajax_single_mapping', [], true)
 3 APPPATH\Controllers\BillRegisterController.php(1642): view('ajax_single_mapping')
 4 SYSTEMPATH\CodeIgniter.php(904): App\Controllers\BillRegisterController->ajax_single_mapping()
 5 SYSTEMPATH\CodeIgniter.php(457): CodeIgniter\CodeIgniter->runController(Object(App\Controllers\BillRegisterController))
 6 SYSTEMPATH\CodeIgniter.php(340): CodeIgniter\CodeIgniter->handleRequest(null, Object(Config\Cache), false)
 7 FCPATH\index.php(67): CodeIgniter\CodeIgniter->run()
CRITICAL - 2025-02-15 10:12:42 --> Invalid file: ajax_single_mapping.php
in SYSTEMPATH\Exceptions\FrameworkException.php on line 33.
 1 SYSTEMPATH\View\View.php(201): CodeIgniter\Exceptions\FrameworkException::forInvalidFile('ajax_single_mapping.php')
 2 SYSTEMPATH\Common.php(1137): CodeIgniter\View\View->render('ajax_single_mapping', [], true)
 3 APPPATH\Controllers\BillRegisterController.php(1642): view('ajax_single_mapping')
 4 SYSTEMPATH\CodeIgniter.php(904): App\Controllers\BillRegisterController->ajax_single_mapping()
 5 SYSTEMPATH\CodeIgniter.php(457): CodeIgniter\CodeIgniter->runController(Object(App\Controllers\BillRegisterController))
 6 SYSTEMPATH\CodeIgniter.php(340): CodeIgniter\CodeIgniter->handleRequest(null, Object(Config\Cache), false)
 7 FCPATH\index.php(67): CodeIgniter\CodeIgniter->run()
CRITICAL - 2025-02-15 10:12:44 --> Invalid file: ajax_single_mapping.php
in SYSTEMPATH\Exceptions\FrameworkException.php on line 33.
 1 SYSTEMPATH\View\View.php(201): CodeIgniter\Exceptions\FrameworkException::forInvalidFile('ajax_single_mapping.php')
 2 SYSTEMPATH\Common.php(1137): CodeIgniter\View\View->render('ajax_single_mapping', [], true)
 3 APPPATH\Controllers\BillRegisterController.php(1642): view('ajax_single_mapping')
 4 SYSTEMPATH\CodeIgniter.php(904): App\Controllers\BillRegisterController->ajax_single_mapping()
 5 SYSTEMPATH\CodeIgniter.php(457): CodeIgniter\CodeIgniter->runController(Object(App\Controllers\BillRegisterController))
 6 SYSTEMPATH\CodeIgniter.php(340): CodeIgniter\CodeIgniter->handleRequest(null, Object(Config\Cache), false)
 7 FCPATH\index.php(67): CodeIgniter\CodeIgniter->run()
CRITICAL - 2025-02-15 10:12:46 --> Invalid file: ajax_single_mapping.php
in SYSTEMPATH\Exceptions\FrameworkException.php on line 33.
 1 SYSTEMPATH\View\View.php(201): CodeIgniter\Exceptions\FrameworkException::forInvalidFile('ajax_single_mapping.php')
 2 SYSTEMPATH\Common.php(1137): CodeIgniter\View\View->render('ajax_single_mapping', [], true)
 3 APPPATH\Controllers\BillRegisterController.php(1642): view('ajax_single_mapping')
 4 SYSTEMPATH\CodeIgniter.php(904): App\Controllers\BillRegisterController->ajax_single_mapping()
 5 SYSTEMPATH\CodeIgniter.php(457): CodeIgniter\CodeIgniter->runController(Object(App\Controllers\BillRegisterController))
 6 SYSTEMPATH\CodeIgniter.php(340): CodeIgniter\CodeIgniter->handleRequest(null, Object(Config\Cache), false)
 7 FCPATH\index.php(67): CodeIgniter\CodeIgniter->run()
CRITICAL - 2025-02-15 10:13:17 --> Invalid file: ajax_single_mapping.php
in SYSTEMPATH\Exceptions\FrameworkException.php on line 33.
 1 SYSTEMPATH\View\View.php(201): CodeIgniter\Exceptions\FrameworkException::forInvalidFile('ajax_single_mapping.php')
 2 SYSTEMPATH\Common.php(1137): CodeIgniter\View\View->render('ajax_single_mapping', [], true)
 3 APPPATH\Controllers\BillRegisterController.php(1642): view('ajax_single_mapping')
 4 SYSTEMPATH\CodeIgniter.php(904): App\Controllers\BillRegisterController->ajax_single_mapping()
 5 SYSTEMPATH\CodeIgniter.php(457): CodeIgniter\CodeIgniter->runController(Object(App\Controllers\BillRegisterController))
 6 SYSTEMPATH\CodeIgniter.php(340): CodeIgniter\CodeIgniter->handleRequest(null, Object(Config\Cache), false)
 7 FCPATH\index.php(67): CodeIgniter\CodeIgniter->run()
CRITICAL - 2025-02-15 10:13:48 --> Invalid file: ajax_single_mapping.php
in SYSTEMPATH\Exceptions\FrameworkException.php on line 33.
 1 SYSTEMPATH\View\View.php(201): CodeIgniter\Exceptions\FrameworkException::forInvalidFile('ajax_single_mapping.php')
 2 SYSTEMPATH\Common.php(1137): CodeIgniter\View\View->render('ajax_single_mapping', [], true)
 3 APPPATH\Controllers\BillRegisterController.php(1642): view('ajax_single_mapping')
 4 SYSTEMPATH\CodeIgniter.php(904): App\Controllers\BillRegisterController->ajax_single_mapping()
 5 SYSTEMPATH\CodeIgniter.php(457): CodeIgniter\CodeIgniter->runController(Object(App\Controllers\BillRegisterController))
 6 SYSTEMPATH\CodeIgniter.php(340): CodeIgniter\CodeIgniter->handleRequest(null, Object(Config\Cache), false)
 7 FCPATH\index.php(67): CodeIgniter\CodeIgniter->run()
CRITICAL - 2025-02-15 10:14:50 --> Invalid file: ajax_single_mapping.php
in SYSTEMPATH\Exceptions\FrameworkException.php on line 33.
 1 SYSTEMPATH\View\View.php(201): CodeIgniter\Exceptions\FrameworkException::forInvalidFile('ajax_single_mapping.php')
 2 SYSTEMPATH\Common.php(1137): CodeIgniter\View\View->render('ajax_single_mapping', [], true)
 3 APPPATH\Controllers\BillRegisterController.php(1642): view('ajax_single_mapping')
 4 SYSTEMPATH\CodeIgniter.php(904): App\Controllers\BillRegisterController->ajax_single_mapping()
 5 SYSTEMPATH\CodeIgniter.php(457): CodeIgniter\CodeIgniter->runController(Object(App\Controllers\BillRegisterController))
 6 SYSTEMPATH\CodeIgniter.php(340): CodeIgniter\CodeIgniter->handleRequest(null, Object(Config\Cache), false)
 7 FCPATH\index.php(67): CodeIgniter\CodeIgniter->run()
CRITICAL - 2025-02-15 10:15:20 --> Invalid file: ajax_single_mapping.php
in SYSTEMPATH\Exceptions\FrameworkException.php on line 33.
 1 SYSTEMPATH\View\View.php(201): CodeIgniter\Exceptions\FrameworkException::forInvalidFile('ajax_single_mapping.php')
 2 SYSTEMPATH\Common.php(1137): CodeIgniter\View\View->render('ajax_single_mapping', [], true)
 3 APPPATH\Controllers\BillRegisterController.php(1642): view('ajax_single_mapping')
 4 SYSTEMPATH\CodeIgniter.php(904): App\Controllers\BillRegisterController->ajax_single_mapping()
 5 SYSTEMPATH\CodeIgniter.php(457): CodeIgniter\CodeIgniter->runController(Object(App\Controllers\BillRegisterController))
 6 SYSTEMPATH\CodeIgniter.php(340): CodeIgniter\CodeIgniter->handleRequest(null, Object(Config\Cache), false)
 7 FCPATH\index.php(67): CodeIgniter\CodeIgniter->run()
CRITICAL - 2025-02-15 10:15:58 --> Invalid file: ajax_single_mapping.php
in SYSTEMPATH\Exceptions\FrameworkException.php on line 33.
 1 SYSTEMPATH\View\View.php(201): CodeIgniter\Exceptions\FrameworkException::forInvalidFile('ajax_single_mapping.php')
 2 SYSTEMPATH\Common.php(1137): CodeIgniter\View\View->render('ajax_single_mapping', [], true)
 3 APPPATH\Controllers\BillRegisterController.php(1642): view('ajax_single_mapping')
 4 SYSTEMPATH\CodeIgniter.php(904): App\Controllers\BillRegisterController->ajax_single_mapping()
 5 SYSTEMPATH\CodeIgniter.php(457): CodeIgniter\CodeIgniter->runController(Object(App\Controllers\BillRegisterController))
 6 SYSTEMPATH\CodeIgniter.php(340): CodeIgniter\CodeIgniter->handleRequest(null, Object(Config\Cache), false)
 7 FCPATH\index.php(67): CodeIgniter\CodeIgniter->run()
CRITICAL - 2025-02-15 10:16:28 --> Invalid file: ajax_single_mapping.php
in SYSTEMPATH\Exceptions\FrameworkException.php on line 33.
 1 SYSTEMPATH\View\View.php(201): CodeIgniter\Exceptions\FrameworkException::forInvalidFile('ajax_single_mapping.php')
 2 SYSTEMPATH\Common.php(1137): CodeIgniter\View\View->render('ajax_single_mapping', [], true)
 3 APPPATH\Controllers\BillRegisterController.php(1642): view('ajax_single_mapping')
 4 SYSTEMPATH\CodeIgniter.php(904): App\Controllers\BillRegisterController->ajax_single_mapping()
 5 SYSTEMPATH\CodeIgniter.php(457): CodeIgniter\CodeIgniter->runController(Object(App\Controllers\BillRegisterController))
 6 SYSTEMPATH\CodeIgniter.php(340): CodeIgniter\CodeIgniter->handleRequest(null, Object(Config\Cache), false)
 7 FCPATH\index.php(67): CodeIgniter\CodeIgniter->run()
CRITICAL - 2025-02-15 10:17:00 --> Invalid file: ajax_single_mapping.php
in SYSTEMPATH\Exceptions\FrameworkException.php on line 33.
 1 SYSTEMPATH\View\View.php(201): CodeIgniter\Exceptions\FrameworkException::forInvalidFile('ajax_single_mapping.php')
 2 SYSTEMPATH\Common.php(1137): CodeIgniter\View\View->render('ajax_single_mapping', [], true)
 3 APPPATH\Controllers\BillRegisterController.php(1642): view('ajax_single_mapping')
 4 SYSTEMPATH\CodeIgniter.php(904): App\Controllers\BillRegisterController->ajax_single_mapping()
 5 SYSTEMPATH\CodeIgniter.php(457): CodeIgniter\CodeIgniter->runController(Object(App\Controllers\BillRegisterController))
 6 SYSTEMPATH\CodeIgniter.php(340): CodeIgniter\CodeIgniter->handleRequest(null, Object(Config\Cache), false)
 7 FCPATH\index.php(67): CodeIgniter\CodeIgniter->run()
CRITICAL - 2025-02-15 10:17:32 --> Invalid file: ajax_single_mapping.php
in SYSTEMPATH\Exceptions\FrameworkException.php on line 33.
 1 SYSTEMPATH\View\View.php(201): CodeIgniter\Exceptions\FrameworkException::forInvalidFile('ajax_single_mapping.php')
 2 SYSTEMPATH\Common.php(1137): CodeIgniter\View\View->render('ajax_single_mapping', [], true)
 3 APPPATH\Controllers\BillRegisterController.php(1642): view('ajax_single_mapping')
 4 SYSTEMPATH\CodeIgniter.php(904): App\Controllers\BillRegisterController->ajax_single_mapping()
 5 SYSTEMPATH\CodeIgniter.php(457): CodeIgniter\CodeIgniter->runController(Object(App\Controllers\BillRegisterController))
 6 SYSTEMPATH\CodeIgniter.php(340): CodeIgniter\CodeIgniter->handleRequest(null, Object(Config\Cache), false)
 7 FCPATH\index.php(67): CodeIgniter\CodeIgniter->run()
CRITICAL - 2025-02-15 10:18:00 --> Invalid file: ajax_single_mapping.php
in SYSTEMPATH\Exceptions\FrameworkException.php on line 33.
 1 SYSTEMPATH\View\View.php(201): CodeIgniter\Exceptions\FrameworkException::forInvalidFile('ajax_single_mapping.php')
 2 SYSTEMPATH\Common.php(1137): CodeIgniter\View\View->render('ajax_single_mapping', [], true)
 3 APPPATH\Controllers\BillRegisterController.php(1642): view('ajax_single_mapping')
 4 SYSTEMPATH\CodeIgniter.php(904): App\Controllers\BillRegisterController->ajax_single_mapping()
 5 SYSTEMPATH\CodeIgniter.php(457): CodeIgniter\CodeIgniter->runController(Object(App\Controllers\BillRegisterController))
 6 SYSTEMPATH\CodeIgniter.php(340): CodeIgniter\CodeIgniter->handleRequest(null, Object(Config\Cache), false)
 7 FCPATH\index.php(67): CodeIgniter\CodeIgniter->run()
CRITICAL - 2025-02-15 10:18:32 --> Invalid file: ajax_single_mapping.php
in SYSTEMPATH\Exceptions\FrameworkException.php on line 33.
 1 SYSTEMPATH\View\View.php(201): CodeIgniter\Exceptions\FrameworkException::forInvalidFile('ajax_single_mapping.php')
 2 SYSTEMPATH\Common.php(1137): CodeIgniter\View\View->render('ajax_single_mapping', [], true)
 3 APPPATH\Controllers\BillRegisterController.php(1642): view('ajax_single_mapping')
 4 SYSTEMPATH\CodeIgniter.php(904): App\Controllers\BillRegisterController->ajax_single_mapping()
 5 SYSTEMPATH\CodeIgniter.php(457): CodeIgniter\CodeIgniter->runController(Object(App\Controllers\BillRegisterController))
 6 SYSTEMPATH\CodeIgniter.php(340): CodeIgniter\CodeIgniter->handleRequest(null, Object(Config\Cache), false)
 7 FCPATH\index.php(67): CodeIgniter\CodeIgniter->run()
CRITICAL - 2025-02-15 10:19:32 --> Invalid file: ajax_single_mapping.php
in SYSTEMPATH\Exceptions\FrameworkException.php on line 33.
 1 SYSTEMPATH\View\View.php(201): CodeIgniter\Exceptions\FrameworkException::forInvalidFile('ajax_single_mapping.php')
 2 SYSTEMPATH\Common.php(1137): CodeIgniter\View\View->render('ajax_single_mapping', [], true)
 3 APPPATH\Controllers\BillRegisterController.php(1642): view('ajax_single_mapping')
 4 SYSTEMPATH\CodeIgniter.php(904): App\Controllers\BillRegisterController->ajax_single_mapping()
 5 SYSTEMPATH\CodeIgniter.php(457): CodeIgniter\CodeIgniter->runController(Object(App\Controllers\BillRegisterController))
 6 SYSTEMPATH\CodeIgniter.php(340): CodeIgniter\CodeIgniter->handleRequest(null, Object(Config\Cache), false)
 7 FCPATH\index.php(67): CodeIgniter\CodeIgniter->run()
CRITICAL - 2025-02-15 10:20:04 --> Invalid file: ajax_single_mapping.php
in SYSTEMPATH\Exceptions\FrameworkException.php on line 33.
 1 SYSTEMPATH\View\View.php(201): CodeIgniter\Exceptions\FrameworkException::forInvalidFile('ajax_single_mapping.php')
 2 SYSTEMPATH\Common.php(1137): CodeIgniter\View\View->render('ajax_single_mapping', [], true)
 3 APPPATH\Controllers\BillRegisterController.php(1642): view('ajax_single_mapping')
 4 SYSTEMPATH\CodeIgniter.php(904): App\Controllers\BillRegisterController->ajax_single_mapping()
 5 SYSTEMPATH\CodeIgniter.php(457): CodeIgniter\CodeIgniter->runController(Object(App\Controllers\BillRegisterController))
 6 SYSTEMPATH\CodeIgniter.php(340): CodeIgniter\CodeIgniter->handleRequest(null, Object(Config\Cache), false)
 7 FCPATH\index.php(67): CodeIgniter\CodeIgniter->run()
CRITICAL - 2025-02-15 10:21:36 --> Invalid file: ajax_single_mapping.php
in SYSTEMPATH\Exceptions\FrameworkException.php on line 33.
 1 SYSTEMPATH\View\View.php(201): CodeIgniter\Exceptions\FrameworkException::forInvalidFile('ajax_single_mapping.php')
 2 SYSTEMPATH\Common.php(1137): CodeIgniter\View\View->render('ajax_single_mapping', [], true)
 3 APPPATH\Controllers\BillRegisterController.php(1642): view('ajax_single_mapping')
 4 SYSTEMPATH\CodeIgniter.php(904): App\Controllers\BillRegisterController->ajax_single_mapping()
 5 SYSTEMPATH\CodeIgniter.php(457): CodeIgniter\CodeIgniter->runController(Object(App\Controllers\BillRegisterController))
 6 SYSTEMPATH\CodeIgniter.php(340): CodeIgniter\CodeIgniter->handleRequest(null, Object(Config\Cache), false)
 7 FCPATH\index.php(67): CodeIgniter\CodeIgniter->run()
CRITICAL - 2025-02-15 10:22:10 --> Invalid file: ajax_single_mapping.php
in SYSTEMPATH\Exceptions\FrameworkException.php on line 33.
 1 SYSTEMPATH\View\View.php(201): CodeIgniter\Exceptions\FrameworkException::forInvalidFile('ajax_single_mapping.php')
 2 SYSTEMPATH\Common.php(1137): CodeIgniter\View\View->render('ajax_single_mapping', [], true)
 3 APPPATH\Controllers\BillRegisterController.php(1642): view('ajax_single_mapping')
 4 SYSTEMPATH\CodeIgniter.php(904): App\Controllers\BillRegisterController->ajax_single_mapping()
 5 SYSTEMPATH\CodeIgniter.php(457): CodeIgniter\CodeIgniter->runController(Object(App\Controllers\BillRegisterController))
 6 SYSTEMPATH\CodeIgniter.php(340): CodeIgniter\CodeIgniter->handleRequest(null, Object(Config\Cache), false)
 7 FCPATH\index.php(67): CodeIgniter\CodeIgniter->run()
CRITICAL - 2025-02-15 10:22:37 --> Invalid file: ajax_single_mapping.php
in SYSTEMPATH\Exceptions\FrameworkException.php on line 33.
 1 SYSTEMPATH\View\View.php(201): CodeIgniter\Exceptions\FrameworkException::forInvalidFile('ajax_single_mapping.php')
 2 SYSTEMPATH\Common.php(1137): CodeIgniter\View\View->render('ajax_single_mapping', [], true)
 3 APPPATH\Controllers\BillRegisterController.php(1642): view('ajax_single_mapping')
 4 SYSTEMPATH\CodeIgniter.php(904): App\Controllers\BillRegisterController->ajax_single_mapping()
 5 SYSTEMPATH\CodeIgniter.php(457): CodeIgniter\CodeIgniter->runController(Object(App\Controllers\BillRegisterController))
 6 SYSTEMPATH\CodeIgniter.php(340): CodeIgniter\CodeIgniter->handleRequest(null, Object(Config\Cache), false)
 7 FCPATH\index.php(67): CodeIgniter\CodeIgniter->run()
CRITICAL - 2025-02-15 10:23:10 --> Invalid file: ajax_single_mapping.php
in SYSTEMPATH\Exceptions\FrameworkException.php on line 33.
 1 SYSTEMPATH\View\View.php(201): CodeIgniter\Exceptions\FrameworkException::forInvalidFile('ajax_single_mapping.php')
 2 SYSTEMPATH\Common.php(1137): CodeIgniter\View\View->render('ajax_single_mapping', [], true)
 3 APPPATH\Controllers\BillRegisterController.php(1642): view('ajax_single_mapping')
 4 SYSTEMPATH\CodeIgniter.php(904): App\Controllers\BillRegisterController->ajax_single_mapping()
 5 SYSTEMPATH\CodeIgniter.php(457): CodeIgniter\CodeIgniter->runController(Object(App\Controllers\BillRegisterController))
 6 SYSTEMPATH\CodeIgniter.php(340): CodeIgniter\CodeIgniter->handleRequest(null, Object(Config\Cache), false)
 7 FCPATH\index.php(67): CodeIgniter\CodeIgniter->run()
CRITICAL - 2025-02-15 10:23:44 --> Invalid file: ajax_single_mapping.php
in SYSTEMPATH\Exceptions\FrameworkException.php on line 33.
 1 SYSTEMPATH\View\View.php(201): CodeIgniter\Exceptions\FrameworkException::forInvalidFile('ajax_single_mapping.php')
 2 SYSTEMPATH\Common.php(1137): CodeIgniter\View\View->render('ajax_single_mapping', [], true)
 3 APPPATH\Controllers\BillRegisterController.php(1642): view('ajax_single_mapping')
 4 SYSTEMPATH\CodeIgniter.php(904): App\Controllers\BillRegisterController->ajax_single_mapping()
 5 SYSTEMPATH\CodeIgniter.php(457): CodeIgniter\CodeIgniter->runController(Object(App\Controllers\BillRegisterController))
 6 SYSTEMPATH\CodeIgniter.php(340): CodeIgniter\CodeIgniter->handleRequest(null, Object(Config\Cache), false)
 7 FCPATH\index.php(67): CodeIgniter\CodeIgniter->run()
CRITICAL - 2025-02-15 10:24:18 --> Invalid file: ajax_single_mapping.php
in SYSTEMPATH\Exceptions\FrameworkException.php on line 33.
 1 SYSTEMPATH\View\View.php(201): CodeIgniter\Exceptions\FrameworkException::forInvalidFile('ajax_single_mapping.php')
 2 SYSTEMPATH\Common.php(1137): CodeIgniter\View\View->render('ajax_single_mapping', [], true)
 3 APPPATH\Controllers\BillRegisterController.php(1642): view('ajax_single_mapping')
 4 SYSTEMPATH\CodeIgniter.php(904): App\Controllers\BillRegisterController->ajax_single_mapping()
 5 SYSTEMPATH\CodeIgniter.php(457): CodeIgniter\CodeIgniter->runController(Object(App\Controllers\BillRegisterController))
 6 SYSTEMPATH\CodeIgniter.php(340): CodeIgniter\CodeIgniter->handleRequest(null, Object(Config\Cache), false)
 7 FCPATH\index.php(67): CodeIgniter\CodeIgniter->run()
CRITICAL - 2025-02-15 10:24:55 --> Invalid file: ajax_single_mapping.php
in SYSTEMPATH\Exceptions\FrameworkException.php on line 33.
 1 SYSTEMPATH\View\View.php(201): CodeIgniter\Exceptions\FrameworkException::forInvalidFile('ajax_single_mapping.php')
 2 SYSTEMPATH\Common.php(1137): CodeIgniter\View\View->render('ajax_single_mapping', [], true)
 3 APPPATH\Controllers\BillRegisterController.php(1642): view('ajax_single_mapping')
 4 SYSTEMPATH\CodeIgniter.php(904): App\Controllers\BillRegisterController->ajax_single_mapping()
 5 SYSTEMPATH\CodeIgniter.php(457): CodeIgniter\CodeIgniter->runController(Object(App\Controllers\BillRegisterController))
 6 SYSTEMPATH\CodeIgniter.php(340): CodeIgniter\CodeIgniter->handleRequest(null, Object(Config\Cache), false)
 7 FCPATH\index.php(67): CodeIgniter\CodeIgniter->run()
CRITICAL - 2025-02-15 10:38:44 --> Invalid file: ajax_single_mapping.php
in SYSTEMPATH\Exceptions\FrameworkException.php on line 33.
 1 SYSTEMPATH\View\View.php(201): CodeIgniter\Exceptions\FrameworkException::forInvalidFile('ajax_single_mapping.php')
 2 SYSTEMPATH\Common.php(1137): CodeIgniter\View\View->render('ajax_single_mapping', [], true)
 3 APPPATH\Controllers\BillRegisterController.php(1642): view('ajax_single_mapping')
 4 SYSTEMPATH\CodeIgniter.php(904): App\Controllers\BillRegisterController->ajax_single_mapping()
 5 SYSTEMPATH\CodeIgniter.php(457): CodeIgniter\CodeIgniter->runController(Object(App\Controllers\BillRegisterController))
 6 SYSTEMPATH\CodeIgniter.php(340): CodeIgniter\CodeIgniter->handleRequest(null, Object(Config\Cache), false)
 7 FCPATH\index.php(67): CodeIgniter\CodeIgniter->run()
CRITICAL - 2025-02-15 10:40:39 --> Invalid file: ajax_single_mapping.php
in SYSTEMPATH\Exceptions\FrameworkException.php on line 33.
 1 SYSTEMPATH\View\View.php(201): CodeIgniter\Exceptions\FrameworkException::forInvalidFile('ajax_single_mapping.php')
 2 SYSTEMPATH\Common.php(1137): CodeIgniter\View\View->render('ajax_single_mapping', [], true)
 3 APPPATH\Controllers\BillRegisterController.php(1642): view('ajax_single_mapping')
 4 SYSTEMPATH\CodeIgniter.php(904): App\Controllers\BillRegisterController->ajax_single_mapping()
 5 SYSTEMPATH\CodeIgniter.php(457): CodeIgniter\CodeIgniter->runController(Object(App\Controllers\BillRegisterController))
 6 SYSTEMPATH\CodeIgniter.php(340): CodeIgniter\CodeIgniter->handleRequest(null, Object(Config\Cache), false)
 7 FCPATH\index.php(67): CodeIgniter\CodeIgniter->run()
CRITICAL - 2025-02-15 10:43:04 --> Invalid file: ajax_single_mapping.php
in SYSTEMPATH\Exceptions\FrameworkException.php on line 33.
 1 SYSTEMPATH\View\View.php(201): CodeIgniter\Exceptions\FrameworkException::forInvalidFile('ajax_single_mapping.php')
 2 SYSTEMPATH\Common.php(1137): CodeIgniter\View\View->render('ajax_single_mapping', [], true)
 3 APPPATH\Controllers\BillRegisterController.php(1642): view('ajax_single_mapping')
 4 SYSTEMPATH\CodeIgniter.php(904): App\Controllers\BillRegisterController->ajax_single_mapping()
 5 SYSTEMPATH\CodeIgniter.php(457): CodeIgniter\CodeIgniter->runController(Object(App\Controllers\BillRegisterController))
 6 SYSTEMPATH\CodeIgniter.php(340): CodeIgniter\CodeIgniter->handleRequest(null, Object(Config\Cache), false)
 7 FCPATH\index.php(67): CodeIgniter\CodeIgniter->run()
CRITICAL - 2025-02-15 10:43:37 --> Invalid file: ajax_single_mapping.php
in SYSTEMPATH\Exceptions\FrameworkException.php on line 33.
 1 SYSTEMPATH\View\View.php(201): CodeIgniter\Exceptions\FrameworkException::forInvalidFile('ajax_single_mapping.php')
 2 SYSTEMPATH\Common.php(1137): CodeIgniter\View\View->render('ajax_single_mapping', [], true)
 3 APPPATH\Controllers\BillRegisterController.php(1642): view('ajax_single_mapping')
 4 SYSTEMPATH\CodeIgniter.php(904): App\Controllers\BillRegisterController->ajax_single_mapping()
 5 SYSTEMPATH\CodeIgniter.php(457): CodeIgniter\CodeIgniter->runController(Object(App\Controllers\BillRegisterController))
 6 SYSTEMPATH\CodeIgniter.php(340): CodeIgniter\CodeIgniter->handleRequest(null, Object(Config\Cache), false)
 7 FCPATH\index.php(67): CodeIgniter\CodeIgniter->run()
CRITICAL - 2025-02-15 10:44:56 --> Invalid file: ajax_single_mapping.php
in SYSTEMPATH\Exceptions\FrameworkException.php on line 33.
 1 SYSTEMPATH\View\View.php(201): CodeIgniter\Exceptions\FrameworkException::forInvalidFile('ajax_single_mapping.php')
 2 SYSTEMPATH\Common.php(1137): CodeIgniter\View\View->render('ajax_single_mapping', [], true)
 3 APPPATH\Controllers\BillRegisterController.php(1642): view('ajax_single_mapping')
 4 SYSTEMPATH\CodeIgniter.php(904): App\Controllers\BillRegisterController->ajax_single_mapping()
 5 SYSTEMPATH\CodeIgniter.php(457): CodeIgniter\CodeIgniter->runController(Object(App\Controllers\BillRegisterController))
 6 SYSTEMPATH\CodeIgniter.php(340): CodeIgniter\CodeIgniter->handleRequest(null, Object(Config\Cache), false)
 7 FCPATH\index.php(67): CodeIgniter\CodeIgniter->run()
CRITICAL - 2025-02-15 10:46:18 --> Invalid file: ajax_single_mapping.php
in SYSTEMPATH\Exceptions\FrameworkException.php on line 33.
 1 SYSTEMPATH\View\View.php(201): CodeIgniter\Exceptions\FrameworkException::forInvalidFile('ajax_single_mapping.php')
 2 SYSTEMPATH\Common.php(1137): CodeIgniter\View\View->render('ajax_single_mapping', [], true)
 3 APPPATH\Controllers\BillRegisterController.php(1642): view('ajax_single_mapping')
 4 SYSTEMPATH\CodeIgniter.php(904): App\Controllers\BillRegisterController->ajax_single_mapping()
 5 SYSTEMPATH\CodeIgniter.php(457): CodeIgniter\CodeIgniter->runController(Object(App\Controllers\BillRegisterController))
 6 SYSTEMPATH\CodeIgniter.php(340): CodeIgniter\CodeIgniter->handleRequest(null, Object(Config\Cache), false)
 7 FCPATH\index.php(67): CodeIgniter\CodeIgniter->run()
CRITICAL - 2025-02-15 10:47:46 --> Invalid file: ajax_single_mapping.php
in SYSTEMPATH\Exceptions\FrameworkException.php on line 33.
 1 SYSTEMPATH\View\View.php(201): CodeIgniter\Exceptions\FrameworkException::forInvalidFile('ajax_single_mapping.php')
 2 SYSTEMPATH\Common.php(1137): CodeIgniter\View\View->render('ajax_single_mapping', [], true)
 3 APPPATH\Controllers\BillRegisterController.php(1642): view('ajax_single_mapping')
 4 SYSTEMPATH\CodeIgniter.php(904): App\Controllers\BillRegisterController->ajax_single_mapping()
 5 SYSTEMPATH\CodeIgniter.php(457): CodeIgniter\CodeIgniter->runController(Object(App\Controllers\BillRegisterController))
 6 SYSTEMPATH\CodeIgniter.php(340): CodeIgniter\CodeIgniter->handleRequest(null, Object(Config\Cache), false)
 7 FCPATH\index.php(67): CodeIgniter\CodeIgniter->run()
CRITICAL - 2025-02-15 11:35:07 --> Invalid file: ajax_single_mapping.php
in SYSTEMPATH\Exceptions\FrameworkException.php on line 33.
 1 SYSTEMPATH\View\View.php(201): CodeIgniter\Exceptions\FrameworkException::forInvalidFile('ajax_single_mapping.php')
 2 SYSTEMPATH\Common.php(1137): CodeIgniter\View\View->render('ajax_single_mapping', [], true)
 3 APPPATH\Controllers\BillRegisterController.php(1642): view('ajax_single_mapping')
 4 SYSTEMPATH\CodeIgniter.php(904): App\Controllers\BillRegisterController->ajax_single_mapping()
 5 SYSTEMPATH\CodeIgniter.php(457): CodeIgniter\CodeIgniter->runController(Object(App\Controllers\BillRegisterController))
 6 SYSTEMPATH\CodeIgniter.php(340): CodeIgniter\CodeIgniter->handleRequest(null, Object(Config\Cache), false)
 7 FCPATH\index.php(67): CodeIgniter\CodeIgniter->run()
CRITICAL - 2025-02-15 11:37:56 --> Invalid file: ajax_single_mapping.php
in SYSTEMPATH\Exceptions\FrameworkException.php on line 33.
 1 SYSTEMPATH\View\View.php(201): CodeIgniter\Exceptions\FrameworkException::forInvalidFile('ajax_single_mapping.php')
 2 SYSTEMPATH\Common.php(1137): CodeIgniter\View\View->render('ajax_single_mapping', [], true)
 3 APPPATH\Controllers\BillRegisterController.php(1642): view('ajax_single_mapping')
 4 SYSTEMPATH\CodeIgniter.php(904): App\Controllers\BillRegisterController->ajax_single_mapping()
 5 SYSTEMPATH\CodeIgniter.php(457): CodeIgniter\CodeIgniter->runController(Object(App\Controllers\BillRegisterController))
 6 SYSTEMPATH\CodeIgniter.php(340): CodeIgniter\CodeIgniter->handleRequest(null, Object(Config\Cache), false)
 7 FCPATH\index.php(67): CodeIgniter\CodeIgniter->run()
CRITICAL - 2025-02-15 11:47:04 --> Invalid file: ajax_single_mapping.php
in SYSTEMPATH\Exceptions\FrameworkException.php on line 33.
 1 SYSTEMPATH\View\View.php(201): CodeIgniter\Exceptions\FrameworkException::forInvalidFile('ajax_single_mapping.php')
 2 SYSTEMPATH\Common.php(1137): CodeIgniter\View\View->render('ajax_single_mapping', [], true)
 3 APPPATH\Controllers\BillRegisterController.php(1642): view('ajax_single_mapping')
 4 SYSTEMPATH\CodeIgniter.php(904): App\Controllers\BillRegisterController->ajax_single_mapping()
 5 SYSTEMPATH\CodeIgniter.php(457): CodeIgniter\CodeIgniter->runController(Object(App\Controllers\BillRegisterController))
 6 SYSTEMPATH\CodeIgniter.php(340): CodeIgniter\CodeIgniter->handleRequest(null, Object(Config\Cache), false)
 7 FCPATH\index.php(67): CodeIgniter\CodeIgniter->run()
CRITICAL - 2025-02-15 11:54:15 --> Invalid file: ajax_single_mapping.php
in SYSTEMPATH\Exceptions\FrameworkException.php on line 33.
 1 SYSTEMPATH\View\View.php(201): CodeIgniter\Exceptions\FrameworkException::forInvalidFile('ajax_single_mapping.php')
 2 SYSTEMPATH\Common.php(1137): CodeIgniter\View\View->render('ajax_single_mapping', [], true)
 3 APPPATH\Controllers\BillRegisterController.php(1642): view('ajax_single_mapping')
 4 SYSTEMPATH\CodeIgniter.php(904): App\Controllers\BillRegisterController->ajax_single_mapping()
 5 SYSTEMPATH\CodeIgniter.php(457): CodeIgniter\CodeIgniter->runController(Object(App\Controllers\BillRegisterController))
 6 SYSTEMPATH\CodeIgniter.php(340): CodeIgniter\CodeIgniter->handleRequest(null, Object(Config\Cache), false)
 7 FCPATH\index.php(67): CodeIgniter\CodeIgniter->run()
CRITICAL - 2025-02-15 11:57:16 --> Invalid file: ajax_single_mapping.php
in SYSTEMPATH\Exceptions\FrameworkException.php on line 33.
 1 SYSTEMPATH\View\View.php(201): CodeIgniter\Exceptions\FrameworkException::forInvalidFile('ajax_single_mapping.php')
 2 SYSTEMPATH\Common.php(1137): CodeIgniter\View\View->render('ajax_single_mapping', [], true)
 3 APPPATH\Controllers\BillRegisterController.php(1642): view('ajax_single_mapping')
 4 SYSTEMPATH\CodeIgniter.php(904): App\Controllers\BillRegisterController->ajax_single_mapping()
 5 SYSTEMPATH\CodeIgniter.php(457): CodeIgniter\CodeIgniter->runController(Object(App\Controllers\BillRegisterController))
 6 SYSTEMPATH\CodeIgniter.php(340): CodeIgniter\CodeIgniter->handleRequest(null, Object(Config\Cache), false)
 7 FCPATH\index.php(67): CodeIgniter\CodeIgniter->run()
CRITICAL - 2025-02-15 12:01:42 --> Invalid file: ajax_single_mapping.php
in SYSTEMPATH\Exceptions\FrameworkException.php on line 33.
 1 SYSTEMPATH\View\View.php(201): CodeIgniter\Exceptions\FrameworkException::forInvalidFile('ajax_single_mapping.php')
 2 SYSTEMPATH\Common.php(1137): CodeIgniter\View\View->render('ajax_single_mapping', [], true)
 3 APPPATH\Controllers\BillRegisterController.php(1642): view('ajax_single_mapping')
 4 SYSTEMPATH\CodeIgniter.php(904): App\Controllers\BillRegisterController->ajax_single_mapping()
 5 SYSTEMPATH\CodeIgniter.php(457): CodeIgniter\CodeIgniter->runController(Object(App\Controllers\BillRegisterController))
 6 SYSTEMPATH\CodeIgniter.php(340): CodeIgniter\CodeIgniter->handleRequest(null, Object(Config\Cache), false)
 7 FCPATH\index.php(67): CodeIgniter\CodeIgniter->run()
CRITICAL - 2025-02-15 12:03:51 --> Invalid file: ajax_single_mapping.php
in SYSTEMPATH\Exceptions\FrameworkException.php on line 33.
 1 SYSTEMPATH\View\View.php(201): CodeIgniter\Exceptions\FrameworkException::forInvalidFile('ajax_single_mapping.php')
 2 SYSTEMPATH\Common.php(1137): CodeIgniter\View\View->render('ajax_single_mapping', [], true)
 3 APPPATH\Controllers\BillRegisterController.php(1642): view('ajax_single_mapping')
 4 SYSTEMPATH\CodeIgniter.php(904): App\Controllers\BillRegisterController->ajax_single_mapping()
 5 SYSTEMPATH\CodeIgniter.php(457): CodeIgniter\CodeIgniter->runController(Object(App\Controllers\BillRegisterController))
 6 SYSTEMPATH\CodeIgniter.php(340): CodeIgniter\CodeIgniter->handleRequest(null, Object(Config\Cache), false)
 7 FCPATH\index.php(67): CodeIgniter\CodeIgniter->run()
CRITICAL - 2025-02-15 12:06:18 --> Invalid file: ajax_single_mapping.php
in SYSTEMPATH\Exceptions\FrameworkException.php on line 33.
 1 SYSTEMPATH\View\View.php(201): CodeIgniter\Exceptions\FrameworkException::forInvalidFile('ajax_single_mapping.php')
 2 SYSTEMPATH\Common.php(1137): CodeIgniter\View\View->render('ajax_single_mapping', [], true)
 3 APPPATH\Controllers\BillRegisterController.php(1642): view('ajax_single_mapping')
 4 SYSTEMPATH\CodeIgniter.php(904): App\Controllers\BillRegisterController->ajax_single_mapping()
 5 SYSTEMPATH\CodeIgniter.php(457): CodeIgniter\CodeIgniter->runController(Object(App\Controllers\BillRegisterController))
 6 SYSTEMPATH\CodeIgniter.php(340): CodeIgniter\CodeIgniter->handleRequest(null, Object(Config\Cache), false)
 7 FCPATH\index.php(67): CodeIgniter\CodeIgniter->run()
CRITICAL - 2025-02-15 12:08:14 --> Invalid file: ajax_single_mapping.php
in SYSTEMPATH\Exceptions\FrameworkException.php on line 33.
 1 SYSTEMPATH\View\View.php(201): CodeIgniter\Exceptions\FrameworkException::forInvalidFile('ajax_single_mapping.php')
 2 SYSTEMPATH\Common.php(1137): CodeIgniter\View\View->render('ajax_single_mapping', [], true)
 3 APPPATH\Controllers\BillRegisterController.php(1642): view('ajax_single_mapping')
 4 SYSTEMPATH\CodeIgniter.php(904): App\Controllers\BillRegisterController->ajax_single_mapping()
 5 SYSTEMPATH\CodeIgniter.php(457): CodeIgniter\CodeIgniter->runController(Object(App\Controllers\BillRegisterController))
 6 SYSTEMPATH\CodeIgniter.php(340): CodeIgniter\CodeIgniter->handleRequest(null, Object(Config\Cache), false)
 7 FCPATH\index.php(67): CodeIgniter\CodeIgniter->run()
CRITICAL - 2025-02-15 12:10:40 --> Invalid file: ajax_single_mapping.php
in SYSTEMPATH\Exceptions\FrameworkException.php on line 33.
 1 SYSTEMPATH\View\View.php(201): CodeIgniter\Exceptions\FrameworkException::forInvalidFile('ajax_single_mapping.php')
 2 SYSTEMPATH\Common.php(1137): CodeIgniter\View\View->render('ajax_single_mapping', [], true)
 3 APPPATH\Controllers\BillRegisterController.php(1642): view('ajax_single_mapping')
 4 SYSTEMPATH\CodeIgniter.php(904): App\Controllers\BillRegisterController->ajax_single_mapping()
 5 SYSTEMPATH\CodeIgniter.php(457): CodeIgniter\CodeIgniter->runController(Object(App\Controllers\BillRegisterController))
 6 SYSTEMPATH\CodeIgniter.php(340): CodeIgniter\CodeIgniter->handleRequest(null, Object(Config\Cache), false)
 7 FCPATH\index.php(67): CodeIgniter\CodeIgniter->run()
CRITICAL - 2025-02-15 12:12:27 --> Invalid file: ajax_single_mapping.php
in SYSTEMPATH\Exceptions\FrameworkException.php on line 33.
 1 SYSTEMPATH\View\View.php(201): CodeIgniter\Exceptions\FrameworkException::forInvalidFile('ajax_single_mapping.php')
 2 SYSTEMPATH\Common.php(1137): CodeIgniter\View\View->render('ajax_single_mapping', [], true)
 3 APPPATH\Controllers\BillRegisterController.php(1642): view('ajax_single_mapping')
 4 SYSTEMPATH\CodeIgniter.php(904): App\Controllers\BillRegisterController->ajax_single_mapping()
 5 SYSTEMPATH\CodeIgniter.php(457): CodeIgniter\CodeIgniter->runController(Object(App\Controllers\BillRegisterController))
 6 SYSTEMPATH\CodeIgniter.php(340): CodeIgniter\CodeIgniter->handleRequest(null, Object(Config\Cache), false)
 7 FCPATH\index.php(67): CodeIgniter\CodeIgniter->run()
CRITICAL - 2025-02-15 12:17:28 --> Invalid file: ajax_single_mapping.php
in SYSTEMPATH\Exceptions\FrameworkException.php on line 33.
 1 SYSTEMPATH\View\View.php(201): CodeIgniter\Exceptions\FrameworkException::forInvalidFile('ajax_single_mapping.php')
 2 SYSTEMPATH\Common.php(1137): CodeIgniter\View\View->render('ajax_single_mapping', [], true)
 3 APPPATH\Controllers\BillRegisterController.php(1642): view('ajax_single_mapping')
 4 SYSTEMPATH\CodeIgniter.php(904): App\Controllers\BillRegisterController->ajax_single_mapping()
 5 SYSTEMPATH\CodeIgniter.php(457): CodeIgniter\CodeIgniter->runController(Object(App\Controllers\BillRegisterController))
 6 SYSTEMPATH\CodeIgniter.php(340): CodeIgniter\CodeIgniter->handleRequest(null, Object(Config\Cache), false)
 7 FCPATH\index.php(67): CodeIgniter\CodeIgniter->run()
CRITICAL - 2025-02-15 12:20:02 --> Invalid file: ajax_single_mapping.php
in SYSTEMPATH\Exceptions\FrameworkException.php on line 33.
 1 SYSTEMPATH\View\View.php(201): CodeIgniter\Exceptions\FrameworkException::forInvalidFile('ajax_single_mapping.php')
 2 SYSTEMPATH\Common.php(1137): CodeIgniter\View\View->render('ajax_single_mapping', [], true)
 3 APPPATH\Controllers\BillRegisterController.php(1642): view('ajax_single_mapping')
 4 SYSTEMPATH\CodeIgniter.php(904): App\Controllers\BillRegisterController->ajax_single_mapping()
 5 SYSTEMPATH\CodeIgniter.php(457): CodeIgniter\CodeIgniter->runController(Object(App\Controllers\BillRegisterController))
 6 SYSTEMPATH\CodeIgniter.php(340): CodeIgniter\CodeIgniter->handleRequest(null, Object(Config\Cache), false)
 7 FCPATH\index.php(67): CodeIgniter\CodeIgniter->run()
CRITICAL - 2025-02-15 13:57:56 --> Trying to access array offset on value of type null
in APPPATH\Controllers\BillRegisterController.php on line 6005.
 1 APPPATH\Controllers\BillRegisterController.php(6005): CodeIgniter\Debug\Exceptions->errorHandler(2, 'Trying to access array offset on value of type null', 'APPPATH\\Controllers\\BillRegisterController.php', 6005)
 2 SYSTEMPATH\CodeIgniter.php(904): App\Controllers\BillRegisterController->sendBilltoentry()
 3 SYSTEMPATH\CodeIgniter.php(457): CodeIgniter\CodeIgniter->runController(Object(App\Controllers\BillRegisterController))
 4 SYSTEMPATH\CodeIgniter.php(340): CodeIgniter\CodeIgniter->handleRequest(null, Object(Config\Cache), false)
 5 FCPATH\index.php(67): CodeIgniter\CodeIgniter->run()
CRITICAL - 2025-02-15 14:01:04 --> Trying to access array offset on value of type null
in APPPATH\Controllers\BillRegisterController.php on line 6005.
 1 APPPATH\Controllers\BillRegisterController.php(6005): CodeIgniter\Debug\Exceptions->errorHandler(2, 'Trying to access array offset on value of type null', 'APPPATH\\Controllers\\BillRegisterController.php', 6005)
 2 SYSTEMPATH\CodeIgniter.php(904): App\Controllers\BillRegisterController->sendBilltoentry()
 3 SYSTEMPATH\CodeIgniter.php(457): CodeIgniter\CodeIgniter->runController(Object(App\Controllers\BillRegisterController))
 4 SYSTEMPATH\CodeIgniter.php(340): CodeIgniter\CodeIgniter->handleRequest(null, Object(Config\Cache), false)
 5 FCPATH\index.php(67): CodeIgniter\CodeIgniter->run()
CRITICAL - 2025-02-15 14:02:45 --> Invalid file: ajax_single_mapping.php
in SYSTEMPATH\Exceptions\FrameworkException.php on line 33.
 1 SYSTEMPATH\View\View.php(201): CodeIgniter\Exceptions\FrameworkException::forInvalidFile('ajax_single_mapping.php')
 2 SYSTEMPATH\Common.php(1137): CodeIgniter\View\View->render('ajax_single_mapping', [], true)
 3 APPPATH\Controllers\BillRegisterController.php(1642): view('ajax_single_mapping')
 4 SYSTEMPATH\CodeIgniter.php(904): App\Controllers\BillRegisterController->ajax_single_mapping()
 5 SYSTEMPATH\CodeIgniter.php(457): CodeIgniter\CodeIgniter->runController(Object(App\Controllers\BillRegisterController))
 6 SYSTEMPATH\CodeIgniter.php(340): CodeIgniter\CodeIgniter->handleRequest(null, Object(Config\Cache), false)
 7 FCPATH\index.php(67): CodeIgniter\CodeIgniter->run()
CRITICAL - 2025-02-15 14:04:44 --> Trying to access array offset on value of type null
in APPPATH\Controllers\BillRegisterController.php on line 6005.
 1 APPPATH\Controllers\BillRegisterController.php(6005): CodeIgniter\Debug\Exceptions->errorHandler(2, 'Trying to access array offset on value of type null', 'APPPATH\\Controllers\\BillRegisterController.php', 6005)
 2 SYSTEMPATH\CodeIgniter.php(904): App\Controllers\BillRegisterController->sendBilltoentry()
 3 SYSTEMPATH\CodeIgniter.php(457): CodeIgniter\CodeIgniter->runController(Object(App\Controllers\BillRegisterController))
 4 SYSTEMPATH\CodeIgniter.php(340): CodeIgniter\CodeIgniter->handleRequest(null, Object(Config\Cache), false)
 5 FCPATH\index.php(67): CodeIgniter\CodeIgniter->run()
CRITICAL - 2025-02-15 14:08:47 --> Trying to access array offset on value of type null
in APPPATH\Controllers\BillRegisterController.php on line 6005.
 1 APPPATH\Controllers\BillRegisterController.php(6005): CodeIgniter\Debug\Exceptions->errorHandler(2, 'Trying to access array offset on value of type null', 'APPPATH\\Controllers\\BillRegisterController.php', 6005)
 2 SYSTEMPATH\CodeIgniter.php(904): App\Controllers\BillRegisterController->sendBilltoentry()
 3 SYSTEMPATH\CodeIgniter.php(457): CodeIgniter\CodeIgniter->runController(Object(App\Controllers\BillRegisterController))
 4 SYSTEMPATH\CodeIgniter.php(340): CodeIgniter\CodeIgniter->handleRequest(null, Object(Config\Cache), false)
 5 FCPATH\index.php(67): CodeIgniter\CodeIgniter->run()
CRITICAL - 2025-02-15 14:12:20 --> Trying to access array offset on value of type null
in APPPATH\Controllers\BillRegisterController.php on line 6005.
 1 APPPATH\Controllers\BillRegisterController.php(6005): CodeIgniter\Debug\Exceptions->errorHandler(2, 'Trying to access array offset on value of type null', 'APPPATH\\Controllers\\BillRegisterController.php', 6005)
 2 SYSTEMPATH\CodeIgniter.php(904): App\Controllers\BillRegisterController->sendBilltoentry()
 3 SYSTEMPATH\CodeIgniter.php(457): CodeIgniter\CodeIgniter->runController(Object(App\Controllers\BillRegisterController))
 4 SYSTEMPATH\CodeIgniter.php(340): CodeIgniter\CodeIgniter->handleRequest(null, Object(Config\Cache), false)
 5 FCPATH\index.php(67): CodeIgniter\CodeIgniter->run()
CRITICAL - 2025-02-15 14:17:07 --> Trying to access array offset on value of type null
in APPPATH\Controllers\BillRegisterController.php on line 6005.
 1 APPPATH\Controllers\BillRegisterController.php(6005): CodeIgniter\Debug\Exceptions->errorHandler(2, 'Trying to access array offset on value of type null', 'APPPATH\\Controllers\\BillRegisterController.php', 6005)
 2 SYSTEMPATH\CodeIgniter.php(904): App\Controllers\BillRegisterController->sendBilltoentry()
 3 SYSTEMPATH\CodeIgniter.php(457): CodeIgniter\CodeIgniter->runController(Object(App\Controllers\BillRegisterController))
 4 SYSTEMPATH\CodeIgniter.php(340): CodeIgniter\CodeIgniter->handleRequest(null, Object(Config\Cache), false)
 5 FCPATH\index.php(67): CodeIgniter\CodeIgniter->run()
CRITICAL - 2025-02-15 14:23:47 --> Trying to access array offset on value of type null
in APPPATH\Controllers\BillRegisterController.php on line 6005.
 1 APPPATH\Controllers\BillRegisterController.php(6005): CodeIgniter\Debug\Exceptions->errorHandler(2, 'Trying to access array offset on value of type null', 'APPPATH\\Controllers\\BillRegisterController.php', 6005)
 2 SYSTEMPATH\CodeIgniter.php(904): App\Controllers\BillRegisterController->sendBilltoentry()
 3 SYSTEMPATH\CodeIgniter.php(457): CodeIgniter\CodeIgniter->runController(Object(App\Controllers\BillRegisterController))
 4 SYSTEMPATH\CodeIgniter.php(340): CodeIgniter\CodeIgniter->handleRequest(null, Object(Config\Cache), false)
 5 FCPATH\index.php(67): CodeIgniter\CodeIgniter->run()
CRITICAL - 2025-02-15 14:28:16 --> Trying to access array offset on value of type null
in APPPATH\Controllers\BillRegisterController.php on line 6005.
 1 APPPATH\Controllers\BillRegisterController.php(6005): CodeIgniter\Debug\Exceptions->errorHandler(2, 'Trying to access array offset on value of type null', 'APPPATH\\Controllers\\BillRegisterController.php', 6005)
 2 SYSTEMPATH\CodeIgniter.php(904): App\Controllers\BillRegisterController->sendBilltoentry()
 3 SYSTEMPATH\CodeIgniter.php(457): CodeIgniter\CodeIgniter->runController(Object(App\Controllers\BillRegisterController))
 4 SYSTEMPATH\CodeIgniter.php(340): CodeIgniter\CodeIgniter->handleRequest(null, Object(Config\Cache), false)
 5 FCPATH\index.php(67): CodeIgniter\CodeIgniter->run()
CRITICAL - 2025-02-15 14:32:24 --> Trying to access array offset on value of type null
in APPPATH\Controllers\BillRegisterController.php on line 6005.
 1 APPPATH\Controllers\BillRegisterController.php(6005): CodeIgniter\Debug\Exceptions->errorHandler(2, 'Trying to access array offset on value of type null', 'APPPATH\\Controllers\\BillRegisterController.php', 6005)
 2 SYSTEMPATH\CodeIgniter.php(904): App\Controllers\BillRegisterController->sendBilltoentry()
 3 SYSTEMPATH\CodeIgniter.php(457): CodeIgniter\CodeIgniter->runController(Object(App\Controllers\BillRegisterController))
 4 SYSTEMPATH\CodeIgniter.php(340): CodeIgniter\CodeIgniter->handleRequest(null, Object(Config\Cache), false)
 5 FCPATH\index.php(67): CodeIgniter\CodeIgniter->run()
CRITICAL - 2025-02-15 14:35:12 --> Invalid file: ajax_single_mapping.php
in SYSTEMPATH\Exceptions\FrameworkException.php on line 33.
 1 SYSTEMPATH\View\View.php(201): CodeIgniter\Exceptions\FrameworkException::forInvalidFile('ajax_single_mapping.php')
 2 SYSTEMPATH\Common.php(1137): CodeIgniter\View\View->render('ajax_single_mapping', [], true)
 3 APPPATH\Controllers\BillRegisterController.php(1642): view('ajax_single_mapping')
 4 SYSTEMPATH\CodeIgniter.php(904): App\Controllers\BillRegisterController->ajax_single_mapping()
 5 SYSTEMPATH\CodeIgniter.php(457): CodeIgniter\CodeIgniter->runController(Object(App\Controllers\BillRegisterController))
 6 SYSTEMPATH\CodeIgniter.php(340): CodeIgniter\CodeIgniter->handleRequest(null, Object(Config\Cache), false)
 7 FCPATH\index.php(67): CodeIgniter\CodeIgniter->run()
CRITICAL - 2025-02-15 14:37:21 --> Invalid file: ajax_single_mapping.php
in SYSTEMPATH\Exceptions\FrameworkException.php on line 33.
 1 SYSTEMPATH\View\View.php(201): CodeIgniter\Exceptions\FrameworkException::forInvalidFile('ajax_single_mapping.php')
 2 SYSTEMPATH\Common.php(1137): CodeIgniter\View\View->render('ajax_single_mapping', [], true)
 3 APPPATH\Controllers\BillRegisterController.php(1642): view('ajax_single_mapping')
 4 SYSTEMPATH\CodeIgniter.php(904): App\Controllers\BillRegisterController->ajax_single_mapping()
 5 SYSTEMPATH\CodeIgniter.php(457): CodeIgniter\CodeIgniter->runController(Object(App\Controllers\BillRegisterController))
 6 SYSTEMPATH\CodeIgniter.php(340): CodeIgniter\CodeIgniter->handleRequest(null, Object(Config\Cache), false)
 7 FCPATH\index.php(67): CodeIgniter\CodeIgniter->run()
CRITICAL - 2025-02-15 14:38:49 --> Trying to access array offset on value of type null
in APPPATH\Controllers\BillRegisterController.php on line 6005.
 1 APPPATH\Controllers\BillRegisterController.php(6005): CodeIgniter\Debug\Exceptions->errorHandler(2, 'Trying to access array offset on value of type null', 'APPPATH\\Controllers\\BillRegisterController.php', 6005)
 2 SYSTEMPATH\CodeIgniter.php(904): App\Controllers\BillRegisterController->sendBilltoentry()
 3 SYSTEMPATH\CodeIgniter.php(457): CodeIgniter\CodeIgniter->runController(Object(App\Controllers\BillRegisterController))
 4 SYSTEMPATH\CodeIgniter.php(340): CodeIgniter\CodeIgniter->handleRequest(null, Object(Config\Cache), false)
 5 FCPATH\index.php(67): CodeIgniter\CodeIgniter->run()
CRITICAL - 2025-02-15 14:50:31 --> Trying to access array offset on value of type null
in APPPATH\Controllers\BillRegisterController.php on line 6005.
 1 APPPATH\Controllers\BillRegisterController.php(6005): CodeIgniter\Debug\Exceptions->errorHandler(2, 'Trying to access array offset on value of type null', 'APPPATH\\Controllers\\BillRegisterController.php', 6005)
 2 SYSTEMPATH\CodeIgniter.php(904): App\Controllers\BillRegisterController->sendBilltoentry()
 3 SYSTEMPATH\CodeIgniter.php(457): CodeIgniter\CodeIgniter->runController(Object(App\Controllers\BillRegisterController))
 4 SYSTEMPATH\CodeIgniter.php(340): CodeIgniter\CodeIgniter->handleRequest(null, Object(Config\Cache), false)
 5 FCPATH\index.php(67): CodeIgniter\CodeIgniter->run()
CRITICAL - 2025-02-15 14:57:59 --> Trying to access array offset on value of type null
in APPPATH\Controllers\BillRegisterController.php on line 6005.
 1 APPPATH\Controllers\BillRegisterController.php(6005): CodeIgniter\Debug\Exceptions->errorHandler(2, 'Trying to access array offset on value of type null', 'APPPATH\\Controllers\\BillRegisterController.php', 6005)
 2 SYSTEMPATH\CodeIgniter.php(904): App\Controllers\BillRegisterController->sendBilltoentry()
 3 SYSTEMPATH\CodeIgniter.php(457): CodeIgniter\CodeIgniter->runController(Object(App\Controllers\BillRegisterController))
 4 SYSTEMPATH\CodeIgniter.php(340): CodeIgniter\CodeIgniter->handleRequest(null, Object(Config\Cache), false)
 5 FCPATH\index.php(67): CodeIgniter\CodeIgniter->run()
CRITICAL - 2025-02-15 15:04:57 --> Invalid file: ajax_single_mapping.php
in SYSTEMPATH\Exceptions\FrameworkException.php on line 33.
 1 SYSTEMPATH\View\View.php(201): CodeIgniter\Exceptions\FrameworkException::forInvalidFile('ajax_single_mapping.php')
 2 SYSTEMPATH\Common.php(1137): CodeIgniter\View\View->render('ajax_single_mapping', [], true)
 3 APPPATH\Controllers\BillRegisterController.php(1642): view('ajax_single_mapping')
 4 SYSTEMPATH\CodeIgniter.php(904): App\Controllers\BillRegisterController->ajax_single_mapping()
 5 SYSTEMPATH\CodeIgniter.php(457): CodeIgniter\CodeIgniter->runController(Object(App\Controllers\BillRegisterController))
 6 SYSTEMPATH\CodeIgniter.php(340): CodeIgniter\CodeIgniter->handleRequest(null, Object(Config\Cache), false)
 7 FCPATH\index.php(67): CodeIgniter\CodeIgniter->run()
CRITICAL - 2025-02-15 15:06:48 --> Trying to access array offset on value of type null
in APPPATH\Controllers\BillRegisterController.php on line 6005.
 1 APPPATH\Controllers\BillRegisterController.php(6005): CodeIgniter\Debug\Exceptions->errorHandler(2, 'Trying to access array offset on value of type null', 'APPPATH\\Controllers\\BillRegisterController.php', 6005)
 2 SYSTEMPATH\CodeIgniter.php(904): App\Controllers\BillRegisterController->sendBilltoentry()
 3 SYSTEMPATH\CodeIgniter.php(457): CodeIgniter\CodeIgniter->runController(Object(App\Controllers\BillRegisterController))
 4 SYSTEMPATH\CodeIgniter.php(340): CodeIgniter\CodeIgniter->handleRequest(null, Object(Config\Cache), false)
 5 FCPATH\index.php(67): CodeIgniter\CodeIgniter->run()
CRITICAL - 2025-02-15 15:11:56 --> Trying to access array offset on value of type null
in APPPATH\Controllers\BillRegisterController.php on line 6005.
 1 APPPATH\Controllers\BillRegisterController.php(6005): CodeIgniter\Debug\Exceptions->errorHandler(2, 'Trying to access array offset on value of type null', 'APPPATH\\Controllers\\BillRegisterController.php', 6005)
 2 SYSTEMPATH\CodeIgniter.php(904): App\Controllers\BillRegisterController->sendBilltoentry()
 3 SYSTEMPATH\CodeIgniter.php(457): CodeIgniter\CodeIgniter->runController(Object(App\Controllers\BillRegisterController))
 4 SYSTEMPATH\CodeIgniter.php(340): CodeIgniter\CodeIgniter->handleRequest(null, Object(Config\Cache), false)
 5 FCPATH\index.php(67): CodeIgniter\CodeIgniter->run()
CRITICAL - 2025-02-15 15:17:24 --> Trying to access array offset on value of type null
in APPPATH\Controllers\BillRegisterController.php on line 6005.
 1 APPPATH\Controllers\BillRegisterController.php(6005): CodeIgniter\Debug\Exceptions->errorHandler(2, 'Trying to access array offset on value of type null', 'APPPATH\\Controllers\\BillRegisterController.php', 6005)
 2 SYSTEMPATH\CodeIgniter.php(904): App\Controllers\BillRegisterController->sendBilltoentry()
 3 SYSTEMPATH\CodeIgniter.php(457): CodeIgniter\CodeIgniter->runController(Object(App\Controllers\BillRegisterController))
 4 SYSTEMPATH\CodeIgniter.php(340): CodeIgniter\CodeIgniter->handleRequest(null, Object(Config\Cache), false)
 5 FCPATH\index.php(67): CodeIgniter\CodeIgniter->run()
CRITICAL - 2025-02-15 15:25:51 --> Trying to access array offset on value of type null
in APPPATH\Controllers\BillRegisterController.php on line 6005.
 1 APPPATH\Controllers\BillRegisterController.php(6005): CodeIgniter\Debug\Exceptions->errorHandler(2, 'Trying to access array offset on value of type null', 'APPPATH\\Controllers\\BillRegisterController.php', 6005)
 2 SYSTEMPATH\CodeIgniter.php(904): App\Controllers\BillRegisterController->sendBilltoentry()
 3 SYSTEMPATH\CodeIgniter.php(457): CodeIgniter\CodeIgniter->runController(Object(App\Controllers\BillRegisterController))
 4 SYSTEMPATH\CodeIgniter.php(340): CodeIgniter\CodeIgniter->handleRequest(null, Object(Config\Cache), false)
 5 FCPATH\index.php(67): CodeIgniter\CodeIgniter->run()
CRITICAL - 2025-02-15 15:31:06 --> Trying to access array offset on value of type null
in APPPATH\Controllers\BillRegisterController.php on line 6005.
 1 APPPATH\Controllers\BillRegisterController.php(6005): CodeIgniter\Debug\Exceptions->errorHandler(2, 'Trying to access array offset on value of type null', 'APPPATH\\Controllers\\BillRegisterController.php', 6005)
 2 SYSTEMPATH\CodeIgniter.php(904): App\Controllers\BillRegisterController->sendBilltoentry()
 3 SYSTEMPATH\CodeIgniter.php(457): CodeIgniter\CodeIgniter->runController(Object(App\Controllers\BillRegisterController))
 4 SYSTEMPATH\CodeIgniter.php(340): CodeIgniter\CodeIgniter->handleRequest(null, Object(Config\Cache), false)
 5 FCPATH\index.php(67): CodeIgniter\CodeIgniter->run()
CRITICAL - 2025-02-15 15:43:16 --> Trying to access array offset on value of type null
in APPPATH\Controllers\BillRegisterController.php on line 6005.
 1 APPPATH\Controllers\BillRegisterController.php(6005): CodeIgniter\Debug\Exceptions->errorHandler(2, 'Trying to access array offset on value of type null', 'APPPATH\\Controllers\\BillRegisterController.php', 6005)
 2 SYSTEMPATH\CodeIgniter.php(904): App\Controllers\BillRegisterController->sendBilltoentry()
 3 SYSTEMPATH\CodeIgniter.php(457): CodeIgniter\CodeIgniter->runController(Object(App\Controllers\BillRegisterController))
 4 SYSTEMPATH\CodeIgniter.php(340): CodeIgniter\CodeIgniter->handleRequest(null, Object(Config\Cache), false)
 5 FCPATH\index.php(67): CodeIgniter\CodeIgniter->run()
CRITICAL - 2025-02-15 15:48:15 --> Trying to access array offset on value of type null
in APPPATH\Controllers\BillRegisterController.php on line 6005.
 1 APPPATH\Controllers\BillRegisterController.php(6005): CodeIgniter\Debug\Exceptions->errorHandler(2, 'Trying to access array offset on value of type null', 'APPPATH\\Controllers\\BillRegisterController.php', 6005)
 2 SYSTEMPATH\CodeIgniter.php(904): App\Controllers\BillRegisterController->sendBilltoentry()
 3 SYSTEMPATH\CodeIgniter.php(457): CodeIgniter\CodeIgniter->runController(Object(App\Controllers\BillRegisterController))
 4 SYSTEMPATH\CodeIgniter.php(340): CodeIgniter\CodeIgniter->handleRequest(null, Object(Config\Cache), false)
 5 FCPATH\index.php(67): CodeIgniter\CodeIgniter->run()
CRITICAL - 2025-02-15 15:50:58 --> Invalid file: ajax_single_mapping.php
in SYSTEMPATH\Exceptions\FrameworkException.php on line 33.
 1 SYSTEMPATH\View\View.php(201): CodeIgniter\Exceptions\FrameworkException::forInvalidFile('ajax_single_mapping.php')
 2 SYSTEMPATH\Common.php(1137): CodeIgniter\View\View->render('ajax_single_mapping', [], true)
 3 APPPATH\Controllers\BillRegisterController.php(1642): view('ajax_single_mapping')
 4 SYSTEMPATH\CodeIgniter.php(904): App\Controllers\BillRegisterController->ajax_single_mapping()
 5 SYSTEMPATH\CodeIgniter.php(457): CodeIgniter\CodeIgniter->runController(Object(App\Controllers\BillRegisterController))
 6 SYSTEMPATH\CodeIgniter.php(340): CodeIgniter\CodeIgniter->handleRequest(null, Object(Config\Cache), false)
 7 FCPATH\index.php(67): CodeIgniter\CodeIgniter->run()
CRITICAL - 2025-02-15 15:52:23 --> Invalid file: ajax_single_mapping.php
in SYSTEMPATH\Exceptions\FrameworkException.php on line 33.
 1 SYSTEMPATH\View\View.php(201): CodeIgniter\Exceptions\FrameworkException::forInvalidFile('ajax_single_mapping.php')
 2 SYSTEMPATH\Common.php(1137): CodeIgniter\View\View->render('ajax_single_mapping', [], true)
 3 APPPATH\Controllers\BillRegisterController.php(1642): view('ajax_single_mapping')
 4 SYSTEMPATH\CodeIgniter.php(904): App\Controllers\BillRegisterController->ajax_single_mapping()
 5 SYSTEMPATH\CodeIgniter.php(457): CodeIgniter\CodeIgniter->runController(Object(App\Controllers\BillRegisterController))
 6 SYSTEMPATH\CodeIgniter.php(340): CodeIgniter\CodeIgniter->handleRequest(null, Object(Config\Cache), false)
 7 FCPATH\index.php(67): CodeIgniter\CodeIgniter->run()
CRITICAL - 2025-02-15 15:54:13 --> Invalid file: ajax_single_mapping.php
in SYSTEMPATH\Exceptions\FrameworkException.php on line 33.
 1 SYSTEMPATH\View\View.php(201): CodeIgniter\Exceptions\FrameworkException::forInvalidFile('ajax_single_mapping.php')
 2 SYSTEMPATH\Common.php(1137): CodeIgniter\View\View->render('ajax_single_mapping', [], true)
 3 APPPATH\Controllers\BillRegisterController.php(1642): view('ajax_single_mapping')
 4 SYSTEMPATH\CodeIgniter.php(904): App\Controllers\BillRegisterController->ajax_single_mapping()
 5 SYSTEMPATH\CodeIgniter.php(457): CodeIgniter\CodeIgniter->runController(Object(App\Controllers\BillRegisterController))
 6 SYSTEMPATH\CodeIgniter.php(340): CodeIgniter\CodeIgniter->handleRequest(null, Object(Config\Cache), false)
 7 FCPATH\index.php(67): CodeIgniter\CodeIgniter->run()
CRITICAL - 2025-02-15 15:55:35 --> Invalid file: ajax_single_mapping.php
in SYSTEMPATH\Exceptions\FrameworkException.php on line 33.
 1 SYSTEMPATH\View\View.php(201): CodeIgniter\Exceptions\FrameworkException::forInvalidFile('ajax_single_mapping.php')
 2 SYSTEMPATH\Common.php(1137): CodeIgniter\View\View->render('ajax_single_mapping', [], true)
 3 APPPATH\Controllers\BillRegisterController.php(1642): view('ajax_single_mapping')
 4 SYSTEMPATH\CodeIgniter.php(904): App\Controllers\BillRegisterController->ajax_single_mapping()
 5 SYSTEMPATH\CodeIgniter.php(457): CodeIgniter\CodeIgniter->runController(Object(App\Controllers\BillRegisterController))
 6 SYSTEMPATH\CodeIgniter.php(340): CodeIgniter\CodeIgniter->handleRequest(null, Object(Config\Cache), false)
 7 FCPATH\index.php(67): CodeIgniter\CodeIgniter->run()
CRITICAL - 2025-02-15 15:57:24 --> Invalid file: ajax_single_mapping.php
in SYSTEMPATH\Exceptions\FrameworkException.php on line 33.
 1 SYSTEMPATH\View\View.php(201): CodeIgniter\Exceptions\FrameworkException::forInvalidFile('ajax_single_mapping.php')
 2 SYSTEMPATH\Common.php(1137): CodeIgniter\View\View->render('ajax_single_mapping', [], true)
 3 APPPATH\Controllers\BillRegisterController.php(1642): view('ajax_single_mapping')
 4 SYSTEMPATH\CodeIgniter.php(904): App\Controllers\BillRegisterController->ajax_single_mapping()
 5 SYSTEMPATH\CodeIgniter.php(457): CodeIgniter\CodeIgniter->runController(Object(App\Controllers\BillRegisterController))
 6 SYSTEMPATH\CodeIgniter.php(340): CodeIgniter\CodeIgniter->handleRequest(null, Object(Config\Cache), false)
 7 FCPATH\index.php(67): CodeIgniter\CodeIgniter->run()
CRITICAL - 2025-02-15 15:58:42 --> Invalid file: ajax_single_mapping.php
in SYSTEMPATH\Exceptions\FrameworkException.php on line 33.
 1 SYSTEMPATH\View\View.php(201): CodeIgniter\Exceptions\FrameworkException::forInvalidFile('ajax_single_mapping.php')
 2 SYSTEMPATH\Common.php(1137): CodeIgniter\View\View->render('ajax_single_mapping', [], true)
 3 APPPATH\Controllers\BillRegisterController.php(1642): view('ajax_single_mapping')
 4 SYSTEMPATH\CodeIgniter.php(904): App\Controllers\BillRegisterController->ajax_single_mapping()
 5 SYSTEMPATH\CodeIgniter.php(457): CodeIgniter\CodeIgniter->runController(Object(App\Controllers\BillRegisterController))
 6 SYSTEMPATH\CodeIgniter.php(340): CodeIgniter\CodeIgniter->handleRequest(null, Object(Config\Cache), false)
 7 FCPATH\index.php(67): CodeIgniter\CodeIgniter->run()
CRITICAL - 2025-02-15 16:20:32 --> Invalid file: ajax_single_mapping.php
in SYSTEMPATH\Exceptions\FrameworkException.php on line 33.
 1 SYSTEMPATH\View\View.php(201): CodeIgniter\Exceptions\FrameworkException::forInvalidFile('ajax_single_mapping.php')
 2 SYSTEMPATH\Common.php(1137): CodeIgniter\View\View->render('ajax_single_mapping', [], true)
 3 APPPATH\Controllers\BillRegisterController.php(1642): view('ajax_single_mapping')
 4 SYSTEMPATH\CodeIgniter.php(904): App\Controllers\BillRegisterController->ajax_single_mapping()
 5 SYSTEMPATH\CodeIgniter.php(457): CodeIgniter\CodeIgniter->runController(Object(App\Controllers\BillRegisterController))
 6 SYSTEMPATH\CodeIgniter.php(340): CodeIgniter\CodeIgniter->handleRequest(null, Object(Config\Cache), false)
 7 FCPATH\index.php(67): CodeIgniter\CodeIgniter->run()
CRITICAL - 2025-02-15 16:22:35 --> Invalid file: ajax_single_mapping.php
in SYSTEMPATH\Exceptions\FrameworkException.php on line 33.
 1 SYSTEMPATH\View\View.php(201): CodeIgniter\Exceptions\FrameworkException::forInvalidFile('ajax_single_mapping.php')
 2 SYSTEMPATH\Common.php(1137): CodeIgniter\View\View->render('ajax_single_mapping', [], true)
 3 APPPATH\Controllers\BillRegisterController.php(1642): view('ajax_single_mapping')
 4 SYSTEMPATH\CodeIgniter.php(904): App\Controllers\BillRegisterController->ajax_single_mapping()
 5 SYSTEMPATH\CodeIgniter.php(457): CodeIgniter\CodeIgniter->runController(Object(App\Controllers\BillRegisterController))
 6 SYSTEMPATH\CodeIgniter.php(340): CodeIgniter\CodeIgniter->handleRequest(null, Object(Config\Cache), false)
 7 FCPATH\index.php(67): CodeIgniter\CodeIgniter->run()
CRITICAL - 2025-02-15 16:34:06 --> Invalid file: ajax_single_mapping.php
in SYSTEMPATH\Exceptions\FrameworkException.php on line 33.
 1 SYSTEMPATH\View\View.php(201): CodeIgniter\Exceptions\FrameworkException::forInvalidFile('ajax_single_mapping.php')
 2 SYSTEMPATH\Common.php(1137): CodeIgniter\View\View->render('ajax_single_mapping', [], true)
 3 APPPATH\Controllers\BillRegisterController.php(1642): view('ajax_single_mapping')
 4 SYSTEMPATH\CodeIgniter.php(904): App\Controllers\BillRegisterController->ajax_single_mapping()
 5 SYSTEMPATH\CodeIgniter.php(457): CodeIgniter\CodeIgniter->runController(Object(App\Controllers\BillRegisterController))
 6 SYSTEMPATH\CodeIgniter.php(340): CodeIgniter\CodeIgniter->handleRequest(null, Object(Config\Cache), false)
 7 FCPATH\index.php(67): CodeIgniter\CodeIgniter->run()
CRITICAL - 2025-02-15 16:36:49 --> Invalid file: ajax_single_mapping.php
in SYSTEMPATH\Exceptions\FrameworkException.php on line 33.
 1 SYSTEMPATH\View\View.php(201): CodeIgniter\Exceptions\FrameworkException::forInvalidFile('ajax_single_mapping.php')
 2 SYSTEMPATH\Common.php(1137): CodeIgniter\View\View->render('ajax_single_mapping', [], true)
 3 APPPATH\Controllers\BillRegisterController.php(1642): view('ajax_single_mapping')
 4 SYSTEMPATH\CodeIgniter.php(904): App\Controllers\BillRegisterController->ajax_single_mapping()
 5 SYSTEMPATH\CodeIgniter.php(457): CodeIgniter\CodeIgniter->runController(Object(App\Controllers\BillRegisterController))
 6 SYSTEMPATH\CodeIgniter.php(340): CodeIgniter\CodeIgniter->handleRequest(null, Object(Config\Cache), false)
 7 FCPATH\index.php(67): CodeIgniter\CodeIgniter->run()
CRITICAL - 2025-02-15 17:03:19 --> Invalid file: ajax_single_mapping.php
in SYSTEMPATH\Exceptions\FrameworkException.php on line 33.
 1 SYSTEMPATH\View\View.php(201): CodeIgniter\Exceptions\FrameworkException::forInvalidFile('ajax_single_mapping.php')
 2 SYSTEMPATH\Common.php(1137): CodeIgniter\View\View->render('ajax_single_mapping', [], true)
 3 APPPATH\Controllers\BillRegisterController.php(1642): view('ajax_single_mapping')
 4 SYSTEMPATH\CodeIgniter.php(904): App\Controllers\BillRegisterController->ajax_single_mapping()
 5 SYSTEMPATH\CodeIgniter.php(457): CodeIgniter\CodeIgniter->runController(Object(App\Controllers\BillRegisterController))
 6 SYSTEMPATH\CodeIgniter.php(340): CodeIgniter\CodeIgniter->handleRequest(null, Object(Config\Cache), false)
 7 FCPATH\index.php(67): CodeIgniter\CodeIgniter->run()
CRITICAL - 2025-02-15 17:06:01 --> Invalid file: ajax_single_mapping.php
in SYSTEMPATH\Exceptions\FrameworkException.php on line 33.
 1 SYSTEMPATH\View\View.php(201): CodeIgniter\Exceptions\FrameworkException::forInvalidFile('ajax_single_mapping.php')
 2 SYSTEMPATH\Common.php(1137): CodeIgniter\View\View->render('ajax_single_mapping', [], true)
 3 APPPATH\Controllers\BillRegisterController.php(1642): view('ajax_single_mapping')
 4 SYSTEMPATH\CodeIgniter.php(904): App\Controllers\BillRegisterController->ajax_single_mapping()
 5 SYSTEMPATH\CodeIgniter.php(457): CodeIgniter\CodeIgniter->runController(Object(App\Controllers\BillRegisterController))
 6 SYSTEMPATH\CodeIgniter.php(340): CodeIgniter\CodeIgniter->handleRequest(null, Object(Config\Cache), false)
 7 FCPATH\index.php(67): CodeIgniter\CodeIgniter->run()
CRITICAL - 2025-02-15 17:08:09 --> Invalid file: ajax_single_mapping.php
in SYSTEMPATH\Exceptions\FrameworkException.php on line 33.
 1 SYSTEMPATH\View\View.php(201): CodeIgniter\Exceptions\FrameworkException::forInvalidFile('ajax_single_mapping.php')
 2 SYSTEMPATH\Common.php(1137): CodeIgniter\View\View->render('ajax_single_mapping', [], true)
 3 APPPATH\Controllers\BillRegisterController.php(1642): view('ajax_single_mapping')
 4 SYSTEMPATH\CodeIgniter.php(904): App\Controllers\BillRegisterController->ajax_single_mapping()
 5 SYSTEMPATH\CodeIgniter.php(457): CodeIgniter\CodeIgniter->runController(Object(App\Controllers\BillRegisterController))
 6 SYSTEMPATH\CodeIgniter.php(340): CodeIgniter\CodeIgniter->handleRequest(null, Object(Config\Cache), false)
 7 FCPATH\index.php(67): CodeIgniter\CodeIgniter->run()
CRITICAL - 2025-02-15 17:08:33 --> Invalid file: ajax_single_mapping.php
in SYSTEMPATH\Exceptions\FrameworkException.php on line 33.
 1 SYSTEMPATH\View\View.php(201): CodeIgniter\Exceptions\FrameworkException::forInvalidFile('ajax_single_mapping.php')
 2 SYSTEMPATH\Common.php(1137): CodeIgniter\View\View->render('ajax_single_mapping', [], true)
 3 APPPATH\Controllers\BillRegisterController.php(1642): view('ajax_single_mapping')
 4 SYSTEMPATH\CodeIgniter.php(904): App\Controllers\BillRegisterController->ajax_single_mapping()
 5 SYSTEMPATH\CodeIgniter.php(457): CodeIgniter\CodeIgniter->runController(Object(App\Controllers\BillRegisterController))
 6 SYSTEMPATH\CodeIgniter.php(340): CodeIgniter\CodeIgniter->handleRequest(null, Object(Config\Cache), false)
 7 FCPATH\index.php(67): CodeIgniter\CodeIgniter->run()
CRITICAL - 2025-02-15 17:09:51 --> Invalid file: ajax_single_mapping.php
in SYSTEMPATH\Exceptions\FrameworkException.php on line 33.
 1 SYSTEMPATH\View\View.php(201): CodeIgniter\Exceptions\FrameworkException::forInvalidFile('ajax_single_mapping.php')
 2 SYSTEMPATH\Common.php(1137): CodeIgniter\View\View->render('ajax_single_mapping', [], true)
 3 APPPATH\Controllers\BillRegisterController.php(1642): view('ajax_single_mapping')
 4 SYSTEMPATH\CodeIgniter.php(904): App\Controllers\BillRegisterController->ajax_single_mapping()
 5 SYSTEMPATH\CodeIgniter.php(457): CodeIgniter\CodeIgniter->runController(Object(App\Controllers\BillRegisterController))
 6 SYSTEMPATH\CodeIgniter.php(340): CodeIgniter\CodeIgniter->handleRequest(null, Object(Config\Cache), false)
 7 FCPATH\index.php(67): CodeIgniter\CodeIgniter->run()
CRITICAL - 2025-02-15 17:10:23 --> Invalid file: ajax_single_mapping.php
in SYSTEMPATH\Exceptions\FrameworkException.php on line 33.
 1 SYSTEMPATH\View\View.php(201): CodeIgniter\Exceptions\FrameworkException::forInvalidFile('ajax_single_mapping.php')
 2 SYSTEMPATH\Common.php(1137): CodeIgniter\View\View->render('ajax_single_mapping', [], true)
 3 APPPATH\Controllers\BillRegisterController.php(1642): view('ajax_single_mapping')
 4 SYSTEMPATH\CodeIgniter.php(904): App\Controllers\BillRegisterController->ajax_single_mapping()
 5 SYSTEMPATH\CodeIgniter.php(457): CodeIgniter\CodeIgniter->runController(Object(App\Controllers\BillRegisterController))
 6 SYSTEMPATH\CodeIgniter.php(340): CodeIgniter\CodeIgniter->handleRequest(null, Object(Config\Cache), false)
 7 FCPATH\index.php(67): CodeIgniter\CodeIgniter->run()
CRITICAL - 2025-02-15 17:11:27 --> Invalid file: ajax_single_mapping.php
in SYSTEMPATH\Exceptions\FrameworkException.php on line 33.
 1 SYSTEMPATH\View\View.php(201): CodeIgniter\Exceptions\FrameworkException::forInvalidFile('ajax_single_mapping.php')
 2 SYSTEMPATH\Common.php(1137): CodeIgniter\View\View->render('ajax_single_mapping', [], true)
 3 APPPATH\Controllers\BillRegisterController.php(1642): view('ajax_single_mapping')
 4 SYSTEMPATH\CodeIgniter.php(904): App\Controllers\BillRegisterController->ajax_single_mapping()
 5 SYSTEMPATH\CodeIgniter.php(457): CodeIgniter\CodeIgniter->runController(Object(App\Controllers\BillRegisterController))
 6 SYSTEMPATH\CodeIgniter.php(340): CodeIgniter\CodeIgniter->handleRequest(null, Object(Config\Cache), false)
 7 FCPATH\index.php(67): CodeIgniter\CodeIgniter->run()
CRITICAL - 2025-02-15 17:12:02 --> Invalid file: ajax_single_mapping.php
in SYSTEMPATH\Exceptions\FrameworkException.php on line 33.
 1 SYSTEMPATH\View\View.php(201): CodeIgniter\Exceptions\FrameworkException::forInvalidFile('ajax_single_mapping.php')
 2 SYSTEMPATH\Common.php(1137): CodeIgniter\View\View->render('ajax_single_mapping', [], true)
 3 APPPATH\Controllers\BillRegisterController.php(1642): view('ajax_single_mapping')
 4 SYSTEMPATH\CodeIgniter.php(904): App\Controllers\BillRegisterController->ajax_single_mapping()
 5 SYSTEMPATH\CodeIgniter.php(457): CodeIgniter\CodeIgniter->runController(Object(App\Controllers\BillRegisterController))
 6 SYSTEMPATH\CodeIgniter.php(340): CodeIgniter\CodeIgniter->handleRequest(null, Object(Config\Cache), false)
 7 FCPATH\index.php(67): CodeIgniter\CodeIgniter->run()
CRITICAL - 2025-02-15 17:12:32 --> Invalid file: ajax_single_mapping.php
in SYSTEMPATH\Exceptions\FrameworkException.php on line 33.
 1 SYSTEMPATH\View\View.php(201): CodeIgniter\Exceptions\FrameworkException::forInvalidFile('ajax_single_mapping.php')
 2 SYSTEMPATH\Common.php(1137): CodeIgniter\View\View->render('ajax_single_mapping', [], true)
 3 APPPATH\Controllers\BillRegisterController.php(1642): view('ajax_single_mapping')
 4 SYSTEMPATH\CodeIgniter.php(904): App\Controllers\BillRegisterController->ajax_single_mapping()
 5 SYSTEMPATH\CodeIgniter.php(457): CodeIgniter\CodeIgniter->runController(Object(App\Controllers\BillRegisterController))
 6 SYSTEMPATH\CodeIgniter.php(340): CodeIgniter\CodeIgniter->handleRequest(null, Object(Config\Cache), false)
 7 FCPATH\index.php(67): CodeIgniter\CodeIgniter->run()
CRITICAL - 2025-02-15 17:19:20 --> Invalid file: ajax_single_mapping.php
in SYSTEMPATH\Exceptions\FrameworkException.php on line 33.
 1 SYSTEMPATH\View\View.php(201): CodeIgniter\Exceptions\FrameworkException::forInvalidFile('ajax_single_mapping.php')
 2 SYSTEMPATH\Common.php(1137): CodeIgniter\View\View->render('ajax_single_mapping', [], true)
 3 APPPATH\Controllers\BillRegisterController.php(1642): view('ajax_single_mapping')
 4 SYSTEMPATH\CodeIgniter.php(904): App\Controllers\BillRegisterController->ajax_single_mapping()
 5 SYSTEMPATH\CodeIgniter.php(457): CodeIgniter\CodeIgniter->runController(Object(App\Controllers\BillRegisterController))
 6 SYSTEMPATH\CodeIgniter.php(340): CodeIgniter\CodeIgniter->handleRequest(null, Object(Config\Cache), false)
 7 FCPATH\index.php(67): CodeIgniter\CodeIgniter->run()
CRITICAL - 2025-02-15 17:22:12 --> Invalid file: ajax_single_mapping.php
in SYSTEMPATH\Exceptions\FrameworkException.php on line 33.
 1 SYSTEMPATH\View\View.php(201): CodeIgniter\Exceptions\FrameworkException::forInvalidFile('ajax_single_mapping.php')
 2 SYSTEMPATH\Common.php(1137): CodeIgniter\View\View->render('ajax_single_mapping', [], true)
 3 APPPATH\Controllers\BillRegisterController.php(1642): view('ajax_single_mapping')
 4 SYSTEMPATH\CodeIgniter.php(904): App\Controllers\BillRegisterController->ajax_single_mapping()
 5 SYSTEMPATH\CodeIgniter.php(457): CodeIgniter\CodeIgniter->runController(Object(App\Controllers\BillRegisterController))
 6 SYSTEMPATH\CodeIgniter.php(340): CodeIgniter\CodeIgniter->handleRequest(null, Object(Config\Cache), false)
 7 FCPATH\index.php(67): CodeIgniter\CodeIgniter->run()
CRITICAL - 2025-02-15 17:24:58 --> Invalid file: ajax_single_mapping.php
in SYSTEMPATH\Exceptions\FrameworkException.php on line 33.
 1 SYSTEMPATH\View\View.php(201): CodeIgniter\Exceptions\FrameworkException::forInvalidFile('ajax_single_mapping.php')
 2 SYSTEMPATH\Common.php(1137): CodeIgniter\View\View->render('ajax_single_mapping', [], true)
 3 APPPATH\Controllers\BillRegisterController.php(1642): view('ajax_single_mapping')
 4 SYSTEMPATH\CodeIgniter.php(904): App\Controllers\BillRegisterController->ajax_single_mapping()
 5 SYSTEMPATH\CodeIgniter.php(457): CodeIgniter\CodeIgniter->runController(Object(App\Controllers\BillRegisterController))
 6 SYSTEMPATH\CodeIgniter.php(340): CodeIgniter\CodeIgniter->handleRequest(null, Object(Config\Cache), false)
 7 FCPATH\index.php(67): CodeIgniter\CodeIgniter->run()
CRITICAL - 2025-02-15 17:28:20 --> Invalid file: ajax_single_mapping.php
in SYSTEMPATH\Exceptions\FrameworkException.php on line 33.
 1 SYSTEMPATH\View\View.php(201): CodeIgniter\Exceptions\FrameworkException::forInvalidFile('ajax_single_mapping.php')
 2 SYSTEMPATH\Common.php(1137): CodeIgniter\View\View->render('ajax_single_mapping', [], true)
 3 APPPATH\Controllers\BillRegisterController.php(1642): view('ajax_single_mapping')
 4 SYSTEMPATH\CodeIgniter.php(904): App\Controllers\BillRegisterController->ajax_single_mapping()
 5 SYSTEMPATH\CodeIgniter.php(457): CodeIgniter\CodeIgniter->runController(Object(App\Controllers\BillRegisterController))
 6 SYSTEMPATH\CodeIgniter.php(340): CodeIgniter\CodeIgniter->handleRequest(null, Object(Config\Cache), false)
 7 FCPATH\index.php(67): CodeIgniter\CodeIgniter->run()
CRITICAL - 2025-02-15 17:56:30 --> Invalid file: ajax_single_mapping.php
in SYSTEMPATH\Exceptions\FrameworkException.php on line 33.
 1 SYSTEMPATH\View\View.php(201): CodeIgniter\Exceptions\FrameworkException::forInvalidFile('ajax_single_mapping.php')
 2 SYSTEMPATH\Common.php(1137): CodeIgniter\View\View->render('ajax_single_mapping', [], true)
 3 APPPATH\Controllers\BillRegisterController.php(1642): view('ajax_single_mapping')
 4 SYSTEMPATH\CodeIgniter.php(904): App\Controllers\BillRegisterController->ajax_single_mapping()
 5 SYSTEMPATH\CodeIgniter.php(457): CodeIgniter\CodeIgniter->runController(Object(App\Controllers\BillRegisterController))
 6 SYSTEMPATH\CodeIgniter.php(340): CodeIgniter\CodeIgniter->handleRequest(null, Object(Config\Cache), false)
 7 FCPATH\index.php(67): CodeIgniter\CodeIgniter->run()
CRITICAL - 2025-02-15 17:59:13 --> Invalid file: ajax_single_mapping.php
in SYSTEMPATH\Exceptions\FrameworkException.php on line 33.
 1 SYSTEMPATH\View\View.php(201): CodeIgniter\Exceptions\FrameworkException::forInvalidFile('ajax_single_mapping.php')
 2 SYSTEMPATH\Common.php(1137): CodeIgniter\View\View->render('ajax_single_mapping', [], true)
 3 APPPATH\Controllers\BillRegisterController.php(1642): view('ajax_single_mapping')
 4 SYSTEMPATH\CodeIgniter.php(904): App\Controllers\BillRegisterController->ajax_single_mapping()
 5 SYSTEMPATH\CodeIgniter.php(457): CodeIgniter\CodeIgniter->runController(Object(App\Controllers\BillRegisterController))
 6 SYSTEMPATH\CodeIgniter.php(340): CodeIgniter\CodeIgniter->handleRequest(null, Object(Config\Cache), false)
 7 FCPATH\index.php(67): CodeIgniter\CodeIgniter->run()
CRITICAL - 2025-02-15 18:02:20 --> Invalid file: ajax_single_mapping.php
in SYSTEMPATH\Exceptions\FrameworkException.php on line 33.
 1 SYSTEMPATH\View\View.php(201): CodeIgniter\Exceptions\FrameworkException::forInvalidFile('ajax_single_mapping.php')
 2 SYSTEMPATH\Common.php(1137): CodeIgniter\View\View->render('ajax_single_mapping', [], true)
 3 APPPATH\Controllers\BillRegisterController.php(1642): view('ajax_single_mapping')
 4 SYSTEMPATH\CodeIgniter.php(904): App\Controllers\BillRegisterController->ajax_single_mapping()
 5 SYSTEMPATH\CodeIgniter.php(457): CodeIgniter\CodeIgniter->runController(Object(App\Controllers\BillRegisterController))
 6 SYSTEMPATH\CodeIgniter.php(340): CodeIgniter\CodeIgniter->handleRequest(null, Object(Config\Cache), false)
 7 FCPATH\index.php(67): CodeIgniter\CodeIgniter->run()
CRITICAL - 2025-02-15 18:04:47 --> Invalid file: ajax_single_mapping.php
in SYSTEMPATH\Exceptions\FrameworkException.php on line 33.
 1 SYSTEMPATH\View\View.php(201): CodeIgniter\Exceptions\FrameworkException::forInvalidFile('ajax_single_mapping.php')
 2 SYSTEMPATH\Common.php(1137): CodeIgniter\View\View->render('ajax_single_mapping', [], true)
 3 APPPATH\Controllers\BillRegisterController.php(1642): view('ajax_single_mapping')
 4 SYSTEMPATH\CodeIgniter.php(904): App\Controllers\BillRegisterController->ajax_single_mapping()
 5 SYSTEMPATH\CodeIgniter.php(457): CodeIgniter\CodeIgniter->runController(Object(App\Controllers\BillRegisterController))
 6 SYSTEMPATH\CodeIgniter.php(340): CodeIgniter\CodeIgniter->handleRequest(null, Object(Config\Cache), false)
 7 FCPATH\index.php(67): CodeIgniter\CodeIgniter->run()
CRITICAL - 2025-02-15 18:07:15 --> Invalid file: ajax_single_mapping.php
in SYSTEMPATH\Exceptions\FrameworkException.php on line 33.
 1 SYSTEMPATH\View\View.php(201): CodeIgniter\Exceptions\FrameworkException::forInvalidFile('ajax_single_mapping.php')
 2 SYSTEMPATH\Common.php(1137): CodeIgniter\View\View->render('ajax_single_mapping', [], true)
 3 APPPATH\Controllers\BillRegisterController.php(1642): view('ajax_single_mapping')
 4 SYSTEMPATH\CodeIgniter.php(904): App\Controllers\BillRegisterController->ajax_single_mapping()
 5 SYSTEMPATH\CodeIgniter.php(457): CodeIgniter\CodeIgniter->runController(Object(App\Controllers\BillRegisterController))
 6 SYSTEMPATH\CodeIgniter.php(340): CodeIgniter\CodeIgniter->handleRequest(null, Object(Config\Cache), false)
 7 FCPATH\index.php(67): CodeIgniter\CodeIgniter->run()
CRITICAL - 2025-02-15 18:46:11 --> Invalid file: ajax_single_mapping.php
in SYSTEMPATH\Exceptions\FrameworkException.php on line 33.
 1 SYSTEMPATH\View\View.php(201): CodeIgniter\Exceptions\FrameworkException::forInvalidFile('ajax_single_mapping.php')
 2 SYSTEMPATH\Common.php(1137): CodeIgniter\View\View->render('ajax_single_mapping', [], true)
 3 APPPATH\Controllers\BillRegisterController.php(1642): view('ajax_single_mapping')
 4 SYSTEMPATH\CodeIgniter.php(904): App\Controllers\BillRegisterController->ajax_single_mapping()
 5 SYSTEMPATH\CodeIgniter.php(457): CodeIgniter\CodeIgniter->runController(Object(App\Controllers\BillRegisterController))
 6 SYSTEMPATH\CodeIgniter.php(340): CodeIgniter\CodeIgniter->handleRequest(null, Object(Config\Cache), false)
 7 FCPATH\index.php(67): CodeIgniter\CodeIgniter->run()
CRITICAL - 2025-02-15 18:47:14 --> Invalid file: ajax_single_mapping.php
in SYSTEMPATH\Exceptions\FrameworkException.php on line 33.
 1 SYSTEMPATH\View\View.php(201): CodeIgniter\Exceptions\FrameworkException::forInvalidFile('ajax_single_mapping.php')
 2 SYSTEMPATH\Common.php(1137): CodeIgniter\View\View->render('ajax_single_mapping', [], true)
 3 APPPATH\Controllers\BillRegisterController.php(1642): view('ajax_single_mapping')
 4 SYSTEMPATH\CodeIgniter.php(904): App\Controllers\BillRegisterController->ajax_single_mapping()
 5 SYSTEMPATH\CodeIgniter.php(457): CodeIgniter\CodeIgniter->runController(Object(App\Controllers\BillRegisterController))
 6 SYSTEMPATH\CodeIgniter.php(340): CodeIgniter\CodeIgniter->handleRequest(null, Object(Config\Cache), false)
 7 FCPATH\index.php(67): CodeIgniter\CodeIgniter->run()
CRITICAL - 2025-02-15 18:48:15 --> Invalid file: ajax_single_mapping.php
in SYSTEMPATH\Exceptions\FrameworkException.php on line 33.
 1 SYSTEMPATH\View\View.php(201): CodeIgniter\Exceptions\FrameworkException::forInvalidFile('ajax_single_mapping.php')
 2 SYSTEMPATH\Common.php(1137): CodeIgniter\View\View->render('ajax_single_mapping', [], true)
 3 APPPATH\Controllers\BillRegisterController.php(1642): view('ajax_single_mapping')
 4 SYSTEMPATH\CodeIgniter.php(904): App\Controllers\BillRegisterController->ajax_single_mapping()
 5 SYSTEMPATH\CodeIgniter.php(457): CodeIgniter\CodeIgniter->runController(Object(App\Controllers\BillRegisterController))
 6 SYSTEMPATH\CodeIgniter.php(340): CodeIgniter\CodeIgniter->handleRequest(null, Object(Config\Cache), false)
 7 FCPATH\index.php(67): CodeIgniter\CodeIgniter->run()
CRITICAL - 2025-02-15 18:49:06 --> Invalid file: ajax_single_mapping.php
in SYSTEMPATH\Exceptions\FrameworkException.php on line 33.
 1 SYSTEMPATH\View\View.php(201): CodeIgniter\Exceptions\FrameworkException::forInvalidFile('ajax_single_mapping.php')
 2 SYSTEMPATH\Common.php(1137): CodeIgniter\View\View->render('ajax_single_mapping', [], true)
 3 APPPATH\Controllers\BillRegisterController.php(1642): view('ajax_single_mapping')
 4 SYSTEMPATH\CodeIgniter.php(904): App\Controllers\BillRegisterController->ajax_single_mapping()
 5 SYSTEMPATH\CodeIgniter.php(457): CodeIgniter\CodeIgniter->runController(Object(App\Controllers\BillRegisterController))
 6 SYSTEMPATH\CodeIgniter.php(340): CodeIgniter\CodeIgniter->handleRequest(null, Object(Config\Cache), false)
 7 FCPATH\index.php(67): CodeIgniter\CodeIgniter->run()
CRITICAL - 2025-02-15 18:50:06 --> Invalid file: ajax_single_mapping.php
in SYSTEMPATH\Exceptions\FrameworkException.php on line 33.
 1 SYSTEMPATH\View\View.php(201): CodeIgniter\Exceptions\FrameworkException::forInvalidFile('ajax_single_mapping.php')
 2 SYSTEMPATH\Common.php(1137): CodeIgniter\View\View->render('ajax_single_mapping', [], true)
 3 APPPATH\Controllers\BillRegisterController.php(1642): view('ajax_single_mapping')
 4 SYSTEMPATH\CodeIgniter.php(904): App\Controllers\BillRegisterController->ajax_single_mapping()
 5 SYSTEMPATH\CodeIgniter.php(457): CodeIgniter\CodeIgniter->runController(Object(App\Controllers\BillRegisterController))
 6 SYSTEMPATH\CodeIgniter.php(340): CodeIgniter\CodeIgniter->handleRequest(null, Object(Config\Cache), false)
 7 FCPATH\index.php(67): CodeIgniter\CodeIgniter->run()
