CRITICAL - 2025-01-19 09:08:37 --> Invalid file: ajax_single_mapping.php
in SYSTEMPATH\Exceptions\FrameworkException.php on line 33.
 1 SYSTEMPATH\View\View.php(201): CodeIgniter\Exceptions\FrameworkException::forInvalidFile('ajax_single_mapping.php')
 2 SYSTEMPATH\Common.php(1137): CodeIgniter\View\View->render('ajax_single_mapping', [], true)
 3 APPPATH\Controllers\BillRegisterController.php(1537): view('ajax_single_mapping')
 4 SYSTEMPATH\CodeIgniter.php(904): App\Controllers\BillRegisterController->ajax_single_mapping()
 5 SYSTEMPATH\CodeIgniter.php(457): CodeIgniter\CodeIgniter->runController(Object(App\Controllers\BillRegisterController))
 6 SYSTEMPATH\CodeIgniter.php(340): CodeIgniter\CodeIgniter->handleRequest(null, Object(Config\Cache), false)
 7 FCPATH\index.php(67): CodeIgniter\CodeIgniter->run()
CRITICAL - 2025-01-19 09:09:47 --> Invalid file: ajax_single_mapping.php
in SYSTEMPATH\Exceptions\FrameworkException.php on line 33.
 1 SYSTEMPATH\View\View.php(201): CodeIgniter\Exceptions\FrameworkException::forInvalidFile('ajax_single_mapping.php')
 2 SYSTEMPATH\Common.php(1137): CodeIgniter\View\View->render('ajax_single_mapping', [], true)
 3 APPPATH\Controllers\BillRegisterController.php(1537): view('ajax_single_mapping')
 4 SYSTEMPATH\CodeIgniter.php(904): App\Controllers\BillRegisterController->ajax_single_mapping()
 5 SYSTEMPATH\CodeIgniter.php(457): CodeIgniter\CodeIgniter->runController(Object(App\Controllers\BillRegisterController))
 6 SYSTEMPATH\CodeIgniter.php(340): CodeIgniter\CodeIgniter->handleRequest(null, Object(Config\Cache), false)
 7 FCPATH\index.php(67): CodeIgniter\CodeIgniter->run()
CRITICAL - 2025-01-19 09:10:11 --> Invalid file: ajax_single_mapping.php
in SYSTEMPATH\Exceptions\FrameworkException.php on line 33.
 1 SYSTEMPATH\View\View.php(201): CodeIgniter\Exceptions\FrameworkException::forInvalidFile('ajax_single_mapping.php')
 2 SYSTEMPATH\Common.php(1137): CodeIgniter\View\View->render('ajax_single_mapping', [], true)
 3 APPPATH\Controllers\BillRegisterController.php(1537): view('ajax_single_mapping')
 4 SYSTEMPATH\CodeIgniter.php(904): App\Controllers\BillRegisterController->ajax_single_mapping()
 5 SYSTEMPATH\CodeIgniter.php(457): CodeIgniter\CodeIgniter->runController(Object(App\Controllers\BillRegisterController))
 6 SYSTEMPATH\CodeIgniter.php(340): CodeIgniter\CodeIgniter->handleRequest(null, Object(Config\Cache), false)
 7 FCPATH\index.php(67): CodeIgniter\CodeIgniter->run()
CRITICAL - 2025-01-19 09:10:33 --> Invalid file: ajax_single_mapping.php
in SYSTEMPATH\Exceptions\FrameworkException.php on line 33.
 1 SYSTEMPATH\View\View.php(201): CodeIgniter\Exceptions\FrameworkException::forInvalidFile('ajax_single_mapping.php')
 2 SYSTEMPATH\Common.php(1137): CodeIgniter\View\View->render('ajax_single_mapping', [], true)
 3 APPPATH\Controllers\BillRegisterController.php(1537): view('ajax_single_mapping')
 4 SYSTEMPATH\CodeIgniter.php(904): App\Controllers\BillRegisterController->ajax_single_mapping()
 5 SYSTEMPATH\CodeIgniter.php(457): CodeIgniter\CodeIgniter->runController(Object(App\Controllers\BillRegisterController))
 6 SYSTEMPATH\CodeIgniter.php(340): CodeIgniter\CodeIgniter->handleRequest(null, Object(Config\Cache), false)
 7 FCPATH\index.php(67): CodeIgniter\CodeIgniter->run()
CRITICAL - 2025-01-19 09:11:07 --> Invalid file: ajax_single_mapping.php
in SYSTEMPATH\Exceptions\FrameworkException.php on line 33.
 1 SYSTEMPATH\View\View.php(201): CodeIgniter\Exceptions\FrameworkException::forInvalidFile('ajax_single_mapping.php')
 2 SYSTEMPATH\Common.php(1137): CodeIgniter\View\View->render('ajax_single_mapping', [], true)
 3 APPPATH\Controllers\BillRegisterController.php(1537): view('ajax_single_mapping')
 4 SYSTEMPATH\CodeIgniter.php(904): App\Controllers\BillRegisterController->ajax_single_mapping()
 5 SYSTEMPATH\CodeIgniter.php(457): CodeIgniter\CodeIgniter->runController(Object(App\Controllers\BillRegisterController))
 6 SYSTEMPATH\CodeIgniter.php(340): CodeIgniter\CodeIgniter->handleRequest(null, Object(Config\Cache), false)
 7 FCPATH\index.php(67): CodeIgniter\CodeIgniter->run()
CRITICAL - 2025-01-19 09:11:26 --> Invalid file: ajax_single_mapping.php
in SYSTEMPATH\Exceptions\FrameworkException.php on line 33.
 1 SYSTEMPATH\View\View.php(201): CodeIgniter\Exceptions\FrameworkException::forInvalidFile('ajax_single_mapping.php')
 2 SYSTEMPATH\Common.php(1137): CodeIgniter\View\View->render('ajax_single_mapping', [], true)
 3 APPPATH\Controllers\BillRegisterController.php(1537): view('ajax_single_mapping')
 4 SYSTEMPATH\CodeIgniter.php(904): App\Controllers\BillRegisterController->ajax_single_mapping()
 5 SYSTEMPATH\CodeIgniter.php(457): CodeIgniter\CodeIgniter->runController(Object(App\Controllers\BillRegisterController))
 6 SYSTEMPATH\CodeIgniter.php(340): CodeIgniter\CodeIgniter->handleRequest(null, Object(Config\Cache), false)
 7 FCPATH\index.php(67): CodeIgniter\CodeIgniter->run()
CRITICAL - 2025-01-19 09:11:51 --> Invalid file: ajax_single_mapping.php
in SYSTEMPATH\Exceptions\FrameworkException.php on line 33.
 1 SYSTEMPATH\View\View.php(201): CodeIgniter\Exceptions\FrameworkException::forInvalidFile('ajax_single_mapping.php')
 2 SYSTEMPATH\Common.php(1137): CodeIgniter\View\View->render('ajax_single_mapping', [], true)
 3 APPPATH\Controllers\BillRegisterController.php(1537): view('ajax_single_mapping')
 4 SYSTEMPATH\CodeIgniter.php(904): App\Controllers\BillRegisterController->ajax_single_mapping()
 5 SYSTEMPATH\CodeIgniter.php(457): CodeIgniter\CodeIgniter->runController(Object(App\Controllers\BillRegisterController))
 6 SYSTEMPATH\CodeIgniter.php(340): CodeIgniter\CodeIgniter->handleRequest(null, Object(Config\Cache), false)
 7 FCPATH\index.php(67): CodeIgniter\CodeIgniter->run()
CRITICAL - 2025-01-19 09:12:16 --> Invalid file: ajax_single_mapping.php
in SYSTEMPATH\Exceptions\FrameworkException.php on line 33.
 1 SYSTEMPATH\View\View.php(201): CodeIgniter\Exceptions\FrameworkException::forInvalidFile('ajax_single_mapping.php')
 2 SYSTEMPATH\Common.php(1137): CodeIgniter\View\View->render('ajax_single_mapping', [], true)
 3 APPPATH\Controllers\BillRegisterController.php(1537): view('ajax_single_mapping')
 4 SYSTEMPATH\CodeIgniter.php(904): App\Controllers\BillRegisterController->ajax_single_mapping()
 5 SYSTEMPATH\CodeIgniter.php(457): CodeIgniter\CodeIgniter->runController(Object(App\Controllers\BillRegisterController))
 6 SYSTEMPATH\CodeIgniter.php(340): CodeIgniter\CodeIgniter->handleRequest(null, Object(Config\Cache), false)
 7 FCPATH\index.php(67): CodeIgniter\CodeIgniter->run()
CRITICAL - 2025-01-19 09:12:42 --> Invalid file: ajax_single_mapping.php
in SYSTEMPATH\Exceptions\FrameworkException.php on line 33.
 1 SYSTEMPATH\View\View.php(201): CodeIgniter\Exceptions\FrameworkException::forInvalidFile('ajax_single_mapping.php')
 2 SYSTEMPATH\Common.php(1137): CodeIgniter\View\View->render('ajax_single_mapping', [], true)
 3 APPPATH\Controllers\BillRegisterController.php(1537): view('ajax_single_mapping')
 4 SYSTEMPATH\CodeIgniter.php(904): App\Controllers\BillRegisterController->ajax_single_mapping()
 5 SYSTEMPATH\CodeIgniter.php(457): CodeIgniter\CodeIgniter->runController(Object(App\Controllers\BillRegisterController))
 6 SYSTEMPATH\CodeIgniter.php(340): CodeIgniter\CodeIgniter->handleRequest(null, Object(Config\Cache), false)
 7 FCPATH\index.php(67): CodeIgniter\CodeIgniter->run()
CRITICAL - 2025-01-19 09:13:08 --> Invalid file: ajax_single_mapping.php
in SYSTEMPATH\Exceptions\FrameworkException.php on line 33.
 1 SYSTEMPATH\View\View.php(201): CodeIgniter\Exceptions\FrameworkException::forInvalidFile('ajax_single_mapping.php')
 2 SYSTEMPATH\Common.php(1137): CodeIgniter\View\View->render('ajax_single_mapping', [], true)
 3 APPPATH\Controllers\BillRegisterController.php(1537): view('ajax_single_mapping')
 4 SYSTEMPATH\CodeIgniter.php(904): App\Controllers\BillRegisterController->ajax_single_mapping()
 5 SYSTEMPATH\CodeIgniter.php(457): CodeIgniter\CodeIgniter->runController(Object(App\Controllers\BillRegisterController))
 6 SYSTEMPATH\CodeIgniter.php(340): CodeIgniter\CodeIgniter->handleRequest(null, Object(Config\Cache), false)
 7 FCPATH\index.php(67): CodeIgniter\CodeIgniter->run()
CRITICAL - 2025-01-19 09:13:33 --> Invalid file: ajax_single_mapping.php
in SYSTEMPATH\Exceptions\FrameworkException.php on line 33.
 1 SYSTEMPATH\View\View.php(201): CodeIgniter\Exceptions\FrameworkException::forInvalidFile('ajax_single_mapping.php')
 2 SYSTEMPATH\Common.php(1137): CodeIgniter\View\View->render('ajax_single_mapping', [], true)
 3 APPPATH\Controllers\BillRegisterController.php(1537): view('ajax_single_mapping')
 4 SYSTEMPATH\CodeIgniter.php(904): App\Controllers\BillRegisterController->ajax_single_mapping()
 5 SYSTEMPATH\CodeIgniter.php(457): CodeIgniter\CodeIgniter->runController(Object(App\Controllers\BillRegisterController))
 6 SYSTEMPATH\CodeIgniter.php(340): CodeIgniter\CodeIgniter->handleRequest(null, Object(Config\Cache), false)
 7 FCPATH\index.php(67): CodeIgniter\CodeIgniter->run()
CRITICAL - 2025-01-19 09:13:53 --> Invalid file: ajax_single_mapping.php
in SYSTEMPATH\Exceptions\FrameworkException.php on line 33.
 1 SYSTEMPATH\View\View.php(201): CodeIgniter\Exceptions\FrameworkException::forInvalidFile('ajax_single_mapping.php')
 2 SYSTEMPATH\Common.php(1137): CodeIgniter\View\View->render('ajax_single_mapping', [], true)
 3 APPPATH\Controllers\BillRegisterController.php(1537): view('ajax_single_mapping')
 4 SYSTEMPATH\CodeIgniter.php(904): App\Controllers\BillRegisterController->ajax_single_mapping()
 5 SYSTEMPATH\CodeIgniter.php(457): CodeIgniter\CodeIgniter->runController(Object(App\Controllers\BillRegisterController))
 6 SYSTEMPATH\CodeIgniter.php(340): CodeIgniter\CodeIgniter->handleRequest(null, Object(Config\Cache), false)
 7 FCPATH\index.php(67): CodeIgniter\CodeIgniter->run()
CRITICAL - 2025-01-19 10:01:11 --> Invalid file: ajax_single_mapping.php
in SYSTEMPATH\Exceptions\FrameworkException.php on line 33.
 1 SYSTEMPATH\View\View.php(201): CodeIgniter\Exceptions\FrameworkException::forInvalidFile('ajax_single_mapping.php')
 2 SYSTEMPATH\Common.php(1137): CodeIgniter\View\View->render('ajax_single_mapping', [], true)
 3 APPPATH\Controllers\BillRegisterController.php(1537): view('ajax_single_mapping')
 4 SYSTEMPATH\CodeIgniter.php(904): App\Controllers\BillRegisterController->ajax_single_mapping()
 5 SYSTEMPATH\CodeIgniter.php(457): CodeIgniter\CodeIgniter->runController(Object(App\Controllers\BillRegisterController))
 6 SYSTEMPATH\CodeIgniter.php(340): CodeIgniter\CodeIgniter->handleRequest(null, Object(Config\Cache), false)
 7 FCPATH\index.php(67): CodeIgniter\CodeIgniter->run()
CRITICAL - 2025-01-19 10:02:56 --> Invalid file: ajax_single_mapping.php
in SYSTEMPATH\Exceptions\FrameworkException.php on line 33.
 1 SYSTEMPATH\View\View.php(201): CodeIgniter\Exceptions\FrameworkException::forInvalidFile('ajax_single_mapping.php')
 2 SYSTEMPATH\Common.php(1137): CodeIgniter\View\View->render('ajax_single_mapping', [], true)
 3 APPPATH\Controllers\BillRegisterController.php(1537): view('ajax_single_mapping')
 4 SYSTEMPATH\CodeIgniter.php(904): App\Controllers\BillRegisterController->ajax_single_mapping()
 5 SYSTEMPATH\CodeIgniter.php(457): CodeIgniter\CodeIgniter->runController(Object(App\Controllers\BillRegisterController))
 6 SYSTEMPATH\CodeIgniter.php(340): CodeIgniter\CodeIgniter->handleRequest(null, Object(Config\Cache), false)
 7 FCPATH\index.php(67): CodeIgniter\CodeIgniter->run()
CRITICAL - 2025-01-19 10:12:41 --> Invalid file: ajax_single_mapping.php
in SYSTEMPATH\Exceptions\FrameworkException.php on line 33.
 1 SYSTEMPATH\View\View.php(201): CodeIgniter\Exceptions\FrameworkException::forInvalidFile('ajax_single_mapping.php')
 2 SYSTEMPATH\Common.php(1137): CodeIgniter\View\View->render('ajax_single_mapping', [], true)
 3 APPPATH\Controllers\BillRegisterController.php(1537): view('ajax_single_mapping')
 4 SYSTEMPATH\CodeIgniter.php(904): App\Controllers\BillRegisterController->ajax_single_mapping()
 5 SYSTEMPATH\CodeIgniter.php(457): CodeIgniter\CodeIgniter->runController(Object(App\Controllers\BillRegisterController))
 6 SYSTEMPATH\CodeIgniter.php(340): CodeIgniter\CodeIgniter->handleRequest(null, Object(Config\Cache), false)
 7 FCPATH\index.php(67): CodeIgniter\CodeIgniter->run()
CRITICAL - 2025-01-19 10:14:01 --> Invalid file: ajax_single_mapping.php
in SYSTEMPATH\Exceptions\FrameworkException.php on line 33.
 1 SYSTEMPATH\View\View.php(201): CodeIgniter\Exceptions\FrameworkException::forInvalidFile('ajax_single_mapping.php')
 2 SYSTEMPATH\Common.php(1137): CodeIgniter\View\View->render('ajax_single_mapping', [], true)
 3 APPPATH\Controllers\BillRegisterController.php(1537): view('ajax_single_mapping')
 4 SYSTEMPATH\CodeIgniter.php(904): App\Controllers\BillRegisterController->ajax_single_mapping()
 5 SYSTEMPATH\CodeIgniter.php(457): CodeIgniter\CodeIgniter->runController(Object(App\Controllers\BillRegisterController))
 6 SYSTEMPATH\CodeIgniter.php(340): CodeIgniter\CodeIgniter->handleRequest(null, Object(Config\Cache), false)
 7 FCPATH\index.php(67): CodeIgniter\CodeIgniter->run()
CRITICAL - 2025-01-19 10:15:05 --> Invalid file: ajax_single_mapping.php
in SYSTEMPATH\Exceptions\FrameworkException.php on line 33.
 1 SYSTEMPATH\View\View.php(201): CodeIgniter\Exceptions\FrameworkException::forInvalidFile('ajax_single_mapping.php')
 2 SYSTEMPATH\Common.php(1137): CodeIgniter\View\View->render('ajax_single_mapping', [], true)
 3 APPPATH\Controllers\BillRegisterController.php(1537): view('ajax_single_mapping')
 4 SYSTEMPATH\CodeIgniter.php(904): App\Controllers\BillRegisterController->ajax_single_mapping()
 5 SYSTEMPATH\CodeIgniter.php(457): CodeIgniter\CodeIgniter->runController(Object(App\Controllers\BillRegisterController))
 6 SYSTEMPATH\CodeIgniter.php(340): CodeIgniter\CodeIgniter->handleRequest(null, Object(Config\Cache), false)
 7 FCPATH\index.php(67): CodeIgniter\CodeIgniter->run()
CRITICAL - 2025-01-19 10:16:14 --> Invalid file: ajax_single_mapping.php
in SYSTEMPATH\Exceptions\FrameworkException.php on line 33.
 1 SYSTEMPATH\View\View.php(201): CodeIgniter\Exceptions\FrameworkException::forInvalidFile('ajax_single_mapping.php')
 2 SYSTEMPATH\Common.php(1137): CodeIgniter\View\View->render('ajax_single_mapping', [], true)
 3 APPPATH\Controllers\BillRegisterController.php(1537): view('ajax_single_mapping')
 4 SYSTEMPATH\CodeIgniter.php(904): App\Controllers\BillRegisterController->ajax_single_mapping()
 5 SYSTEMPATH\CodeIgniter.php(457): CodeIgniter\CodeIgniter->runController(Object(App\Controllers\BillRegisterController))
 6 SYSTEMPATH\CodeIgniter.php(340): CodeIgniter\CodeIgniter->handleRequest(null, Object(Config\Cache), false)
 7 FCPATH\index.php(67): CodeIgniter\CodeIgniter->run()
CRITICAL - 2025-01-19 10:17:46 --> Invalid file: ajax_single_mapping.php
in SYSTEMPATH\Exceptions\FrameworkException.php on line 33.
 1 SYSTEMPATH\View\View.php(201): CodeIgniter\Exceptions\FrameworkException::forInvalidFile('ajax_single_mapping.php')
 2 SYSTEMPATH\Common.php(1137): CodeIgniter\View\View->render('ajax_single_mapping', [], true)
 3 APPPATH\Controllers\BillRegisterController.php(1537): view('ajax_single_mapping')
 4 SYSTEMPATH\CodeIgniter.php(904): App\Controllers\BillRegisterController->ajax_single_mapping()
 5 SYSTEMPATH\CodeIgniter.php(457): CodeIgniter\CodeIgniter->runController(Object(App\Controllers\BillRegisterController))
 6 SYSTEMPATH\CodeIgniter.php(340): CodeIgniter\CodeIgniter->handleRequest(null, Object(Config\Cache), false)
 7 FCPATH\index.php(67): CodeIgniter\CodeIgniter->run()
CRITICAL - 2025-01-19 10:18:55 --> Invalid file: ajax_single_mapping.php
in SYSTEMPATH\Exceptions\FrameworkException.php on line 33.
 1 SYSTEMPATH\View\View.php(201): CodeIgniter\Exceptions\FrameworkException::forInvalidFile('ajax_single_mapping.php')
 2 SYSTEMPATH\Common.php(1137): CodeIgniter\View\View->render('ajax_single_mapping', [], true)
 3 APPPATH\Controllers\BillRegisterController.php(1537): view('ajax_single_mapping')
 4 SYSTEMPATH\CodeIgniter.php(904): App\Controllers\BillRegisterController->ajax_single_mapping()
 5 SYSTEMPATH\CodeIgniter.php(457): CodeIgniter\CodeIgniter->runController(Object(App\Controllers\BillRegisterController))
 6 SYSTEMPATH\CodeIgniter.php(340): CodeIgniter\CodeIgniter->handleRequest(null, Object(Config\Cache), false)
 7 FCPATH\index.php(67): CodeIgniter\CodeIgniter->run()
CRITICAL - 2025-01-19 10:20:05 --> Invalid file: ajax_single_mapping.php
in SYSTEMPATH\Exceptions\FrameworkException.php on line 33.
 1 SYSTEMPATH\View\View.php(201): CodeIgniter\Exceptions\FrameworkException::forInvalidFile('ajax_single_mapping.php')
 2 SYSTEMPATH\Common.php(1137): CodeIgniter\View\View->render('ajax_single_mapping', [], true)
 3 APPPATH\Controllers\BillRegisterController.php(1537): view('ajax_single_mapping')
 4 SYSTEMPATH\CodeIgniter.php(904): App\Controllers\BillRegisterController->ajax_single_mapping()
 5 SYSTEMPATH\CodeIgniter.php(457): CodeIgniter\CodeIgniter->runController(Object(App\Controllers\BillRegisterController))
 6 SYSTEMPATH\CodeIgniter.php(340): CodeIgniter\CodeIgniter->handleRequest(null, Object(Config\Cache), false)
 7 FCPATH\index.php(67): CodeIgniter\CodeIgniter->run()
CRITICAL - 2025-01-19 10:21:54 --> Invalid file: ajax_single_mapping.php
in SYSTEMPATH\Exceptions\FrameworkException.php on line 33.
 1 SYSTEMPATH\View\View.php(201): CodeIgniter\Exceptions\FrameworkException::forInvalidFile('ajax_single_mapping.php')
 2 SYSTEMPATH\Common.php(1137): CodeIgniter\View\View->render('ajax_single_mapping', [], true)
 3 APPPATH\Controllers\BillRegisterController.php(1537): view('ajax_single_mapping')
 4 SYSTEMPATH\CodeIgniter.php(904): App\Controllers\BillRegisterController->ajax_single_mapping()
 5 SYSTEMPATH\CodeIgniter.php(457): CodeIgniter\CodeIgniter->runController(Object(App\Controllers\BillRegisterController))
 6 SYSTEMPATH\CodeIgniter.php(340): CodeIgniter\CodeIgniter->handleRequest(null, Object(Config\Cache), false)
 7 FCPATH\index.php(67): CodeIgniter\CodeIgniter->run()
CRITICAL - 2025-01-19 10:23:09 --> Invalid file: ajax_single_mapping.php
in SYSTEMPATH\Exceptions\FrameworkException.php on line 33.
 1 SYSTEMPATH\View\View.php(201): CodeIgniter\Exceptions\FrameworkException::forInvalidFile('ajax_single_mapping.php')
 2 SYSTEMPATH\Common.php(1137): CodeIgniter\View\View->render('ajax_single_mapping', [], true)
 3 APPPATH\Controllers\BillRegisterController.php(1537): view('ajax_single_mapping')
 4 SYSTEMPATH\CodeIgniter.php(904): App\Controllers\BillRegisterController->ajax_single_mapping()
 5 SYSTEMPATH\CodeIgniter.php(457): CodeIgniter\CodeIgniter->runController(Object(App\Controllers\BillRegisterController))
 6 SYSTEMPATH\CodeIgniter.php(340): CodeIgniter\CodeIgniter->handleRequest(null, Object(Config\Cache), false)
 7 FCPATH\index.php(67): CodeIgniter\CodeIgniter->run()
CRITICAL - 2025-01-19 10:24:34 --> Invalid file: ajax_single_mapping.php
in SYSTEMPATH\Exceptions\FrameworkException.php on line 33.
 1 SYSTEMPATH\View\View.php(201): CodeIgniter\Exceptions\FrameworkException::forInvalidFile('ajax_single_mapping.php')
 2 SYSTEMPATH\Common.php(1137): CodeIgniter\View\View->render('ajax_single_mapping', [], true)
 3 APPPATH\Controllers\BillRegisterController.php(1537): view('ajax_single_mapping')
 4 SYSTEMPATH\CodeIgniter.php(904): App\Controllers\BillRegisterController->ajax_single_mapping()
 5 SYSTEMPATH\CodeIgniter.php(457): CodeIgniter\CodeIgniter->runController(Object(App\Controllers\BillRegisterController))
 6 SYSTEMPATH\CodeIgniter.php(340): CodeIgniter\CodeIgniter->handleRequest(null, Object(Config\Cache), false)
 7 FCPATH\index.php(67): CodeIgniter\CodeIgniter->run()
CRITICAL - 2025-01-19 10:25:48 --> Invalid file: ajax_single_mapping.php
in SYSTEMPATH\Exceptions\FrameworkException.php on line 33.
 1 SYSTEMPATH\View\View.php(201): CodeIgniter\Exceptions\FrameworkException::forInvalidFile('ajax_single_mapping.php')
 2 SYSTEMPATH\Common.php(1137): CodeIgniter\View\View->render('ajax_single_mapping', [], true)
 3 APPPATH\Controllers\BillRegisterController.php(1537): view('ajax_single_mapping')
 4 SYSTEMPATH\CodeIgniter.php(904): App\Controllers\BillRegisterController->ajax_single_mapping()
 5 SYSTEMPATH\CodeIgniter.php(457): CodeIgniter\CodeIgniter->runController(Object(App\Controllers\BillRegisterController))
 6 SYSTEMPATH\CodeIgniter.php(340): CodeIgniter\CodeIgniter->handleRequest(null, Object(Config\Cache), false)
 7 FCPATH\index.php(67): CodeIgniter\CodeIgniter->run()
CRITICAL - 2025-01-19 10:27:03 --> Invalid file: ajax_single_mapping.php
in SYSTEMPATH\Exceptions\FrameworkException.php on line 33.
 1 SYSTEMPATH\View\View.php(201): CodeIgniter\Exceptions\FrameworkException::forInvalidFile('ajax_single_mapping.php')
 2 SYSTEMPATH\Common.php(1137): CodeIgniter\View\View->render('ajax_single_mapping', [], true)
 3 APPPATH\Controllers\BillRegisterController.php(1537): view('ajax_single_mapping')
 4 SYSTEMPATH\CodeIgniter.php(904): App\Controllers\BillRegisterController->ajax_single_mapping()
 5 SYSTEMPATH\CodeIgniter.php(457): CodeIgniter\CodeIgniter->runController(Object(App\Controllers\BillRegisterController))
 6 SYSTEMPATH\CodeIgniter.php(340): CodeIgniter\CodeIgniter->handleRequest(null, Object(Config\Cache), false)
 7 FCPATH\index.php(67): CodeIgniter\CodeIgniter->run()
CRITICAL - 2025-01-19 10:28:02 --> Invalid file: ajax_single_mapping.php
in SYSTEMPATH\Exceptions\FrameworkException.php on line 33.
 1 SYSTEMPATH\View\View.php(201): CodeIgniter\Exceptions\FrameworkException::forInvalidFile('ajax_single_mapping.php')
 2 SYSTEMPATH\Common.php(1137): CodeIgniter\View\View->render('ajax_single_mapping', [], true)
 3 APPPATH\Controllers\BillRegisterController.php(1537): view('ajax_single_mapping')
 4 SYSTEMPATH\CodeIgniter.php(904): App\Controllers\BillRegisterController->ajax_single_mapping()
 5 SYSTEMPATH\CodeIgniter.php(457): CodeIgniter\CodeIgniter->runController(Object(App\Controllers\BillRegisterController))
 6 SYSTEMPATH\CodeIgniter.php(340): CodeIgniter\CodeIgniter->handleRequest(null, Object(Config\Cache), false)
 7 FCPATH\index.php(67): CodeIgniter\CodeIgniter->run()
CRITICAL - 2025-01-19 10:29:06 --> Invalid file: ajax_single_mapping.php
in SYSTEMPATH\Exceptions\FrameworkException.php on line 33.
 1 SYSTEMPATH\View\View.php(201): CodeIgniter\Exceptions\FrameworkException::forInvalidFile('ajax_single_mapping.php')
 2 SYSTEMPATH\Common.php(1137): CodeIgniter\View\View->render('ajax_single_mapping', [], true)
 3 APPPATH\Controllers\BillRegisterController.php(1537): view('ajax_single_mapping')
 4 SYSTEMPATH\CodeIgniter.php(904): App\Controllers\BillRegisterController->ajax_single_mapping()
 5 SYSTEMPATH\CodeIgniter.php(457): CodeIgniter\CodeIgniter->runController(Object(App\Controllers\BillRegisterController))
 6 SYSTEMPATH\CodeIgniter.php(340): CodeIgniter\CodeIgniter->handleRequest(null, Object(Config\Cache), false)
 7 FCPATH\index.php(67): CodeIgniter\CodeIgniter->run()
CRITICAL - 2025-01-19 10:30:16 --> Invalid file: ajax_single_mapping.php
in SYSTEMPATH\Exceptions\FrameworkException.php on line 33.
 1 SYSTEMPATH\View\View.php(201): CodeIgniter\Exceptions\FrameworkException::forInvalidFile('ajax_single_mapping.php')
 2 SYSTEMPATH\Common.php(1137): CodeIgniter\View\View->render('ajax_single_mapping', [], true)
 3 APPPATH\Controllers\BillRegisterController.php(1537): view('ajax_single_mapping')
 4 SYSTEMPATH\CodeIgniter.php(904): App\Controllers\BillRegisterController->ajax_single_mapping()
 5 SYSTEMPATH\CodeIgniter.php(457): CodeIgniter\CodeIgniter->runController(Object(App\Controllers\BillRegisterController))
 6 SYSTEMPATH\CodeIgniter.php(340): CodeIgniter\CodeIgniter->handleRequest(null, Object(Config\Cache), false)
 7 FCPATH\index.php(67): CodeIgniter\CodeIgniter->run()
CRITICAL - 2025-01-19 10:31:25 --> Invalid file: ajax_single_mapping.php
in SYSTEMPATH\Exceptions\FrameworkException.php on line 33.
 1 SYSTEMPATH\View\View.php(201): CodeIgniter\Exceptions\FrameworkException::forInvalidFile('ajax_single_mapping.php')
 2 SYSTEMPATH\Common.php(1137): CodeIgniter\View\View->render('ajax_single_mapping', [], true)
 3 APPPATH\Controllers\BillRegisterController.php(1537): view('ajax_single_mapping')
 4 SYSTEMPATH\CodeIgniter.php(904): App\Controllers\BillRegisterController->ajax_single_mapping()
 5 SYSTEMPATH\CodeIgniter.php(457): CodeIgniter\CodeIgniter->runController(Object(App\Controllers\BillRegisterController))
 6 SYSTEMPATH\CodeIgniter.php(340): CodeIgniter\CodeIgniter->handleRequest(null, Object(Config\Cache), false)
 7 FCPATH\index.php(67): CodeIgniter\CodeIgniter->run()
CRITICAL - 2025-01-19 10:33:33 --> Invalid file: ajax_single_mapping.php
in SYSTEMPATH\Exceptions\FrameworkException.php on line 33.
 1 SYSTEMPATH\View\View.php(201): CodeIgniter\Exceptions\FrameworkException::forInvalidFile('ajax_single_mapping.php')
 2 SYSTEMPATH\Common.php(1137): CodeIgniter\View\View->render('ajax_single_mapping', [], true)
 3 APPPATH\Controllers\BillRegisterController.php(1537): view('ajax_single_mapping')
 4 SYSTEMPATH\CodeIgniter.php(904): App\Controllers\BillRegisterController->ajax_single_mapping()
 5 SYSTEMPATH\CodeIgniter.php(457): CodeIgniter\CodeIgniter->runController(Object(App\Controllers\BillRegisterController))
 6 SYSTEMPATH\CodeIgniter.php(340): CodeIgniter\CodeIgniter->handleRequest(null, Object(Config\Cache), false)
 7 FCPATH\index.php(67): CodeIgniter\CodeIgniter->run()
CRITICAL - 2025-01-19 10:34:36 --> Invalid file: ajax_single_mapping.php
in SYSTEMPATH\Exceptions\FrameworkException.php on line 33.
 1 SYSTEMPATH\View\View.php(201): CodeIgniter\Exceptions\FrameworkException::forInvalidFile('ajax_single_mapping.php')
 2 SYSTEMPATH\Common.php(1137): CodeIgniter\View\View->render('ajax_single_mapping', [], true)
 3 APPPATH\Controllers\BillRegisterController.php(1537): view('ajax_single_mapping')
 4 SYSTEMPATH\CodeIgniter.php(904): App\Controllers\BillRegisterController->ajax_single_mapping()
 5 SYSTEMPATH\CodeIgniter.php(457): CodeIgniter\CodeIgniter->runController(Object(App\Controllers\BillRegisterController))
 6 SYSTEMPATH\CodeIgniter.php(340): CodeIgniter\CodeIgniter->handleRequest(null, Object(Config\Cache), false)
 7 FCPATH\index.php(67): CodeIgniter\CodeIgniter->run()
CRITICAL - 2025-01-19 10:37:50 --> Invalid file: ajax_single_mapping.php
in SYSTEMPATH\Exceptions\FrameworkException.php on line 33.
 1 SYSTEMPATH\View\View.php(201): CodeIgniter\Exceptions\FrameworkException::forInvalidFile('ajax_single_mapping.php')
 2 SYSTEMPATH\Common.php(1137): CodeIgniter\View\View->render('ajax_single_mapping', [], true)
 3 APPPATH\Controllers\BillRegisterController.php(1537): view('ajax_single_mapping')
 4 SYSTEMPATH\CodeIgniter.php(904): App\Controllers\BillRegisterController->ajax_single_mapping()
 5 SYSTEMPATH\CodeIgniter.php(457): CodeIgniter\CodeIgniter->runController(Object(App\Controllers\BillRegisterController))
 6 SYSTEMPATH\CodeIgniter.php(340): CodeIgniter\CodeIgniter->handleRequest(null, Object(Config\Cache), false)
 7 FCPATH\index.php(67): CodeIgniter\CodeIgniter->run()
CRITICAL - 2025-01-19 10:38:50 --> Invalid file: ajax_single_mapping.php
in SYSTEMPATH\Exceptions\FrameworkException.php on line 33.
 1 SYSTEMPATH\View\View.php(201): CodeIgniter\Exceptions\FrameworkException::forInvalidFile('ajax_single_mapping.php')
 2 SYSTEMPATH\Common.php(1137): CodeIgniter\View\View->render('ajax_single_mapping', [], true)
 3 APPPATH\Controllers\BillRegisterController.php(1537): view('ajax_single_mapping')
 4 SYSTEMPATH\CodeIgniter.php(904): App\Controllers\BillRegisterController->ajax_single_mapping()
 5 SYSTEMPATH\CodeIgniter.php(457): CodeIgniter\CodeIgniter->runController(Object(App\Controllers\BillRegisterController))
 6 SYSTEMPATH\CodeIgniter.php(340): CodeIgniter\CodeIgniter->handleRequest(null, Object(Config\Cache), false)
 7 FCPATH\index.php(67): CodeIgniter\CodeIgniter->run()
CRITICAL - 2025-01-19 10:39:49 --> Invalid file: ajax_single_mapping.php
in SYSTEMPATH\Exceptions\FrameworkException.php on line 33.
 1 SYSTEMPATH\View\View.php(201): CodeIgniter\Exceptions\FrameworkException::forInvalidFile('ajax_single_mapping.php')
 2 SYSTEMPATH\Common.php(1137): CodeIgniter\View\View->render('ajax_single_mapping', [], true)
 3 APPPATH\Controllers\BillRegisterController.php(1537): view('ajax_single_mapping')
 4 SYSTEMPATH\CodeIgniter.php(904): App\Controllers\BillRegisterController->ajax_single_mapping()
 5 SYSTEMPATH\CodeIgniter.php(457): CodeIgniter\CodeIgniter->runController(Object(App\Controllers\BillRegisterController))
 6 SYSTEMPATH\CodeIgniter.php(340): CodeIgniter\CodeIgniter->handleRequest(null, Object(Config\Cache), false)
 7 FCPATH\index.php(67): CodeIgniter\CodeIgniter->run()
CRITICAL - 2025-01-19 10:40:55 --> Invalid file: ajax_single_mapping.php
in SYSTEMPATH\Exceptions\FrameworkException.php on line 33.
 1 SYSTEMPATH\View\View.php(201): CodeIgniter\Exceptions\FrameworkException::forInvalidFile('ajax_single_mapping.php')
 2 SYSTEMPATH\Common.php(1137): CodeIgniter\View\View->render('ajax_single_mapping', [], true)
 3 APPPATH\Controllers\BillRegisterController.php(1537): view('ajax_single_mapping')
 4 SYSTEMPATH\CodeIgniter.php(904): App\Controllers\BillRegisterController->ajax_single_mapping()
 5 SYSTEMPATH\CodeIgniter.php(457): CodeIgniter\CodeIgniter->runController(Object(App\Controllers\BillRegisterController))
 6 SYSTEMPATH\CodeIgniter.php(340): CodeIgniter\CodeIgniter->handleRequest(null, Object(Config\Cache), false)
 7 FCPATH\index.php(67): CodeIgniter\CodeIgniter->run()
CRITICAL - 2025-01-19 10:41:59 --> Invalid file: ajax_single_mapping.php
in SYSTEMPATH\Exceptions\FrameworkException.php on line 33.
 1 SYSTEMPATH\View\View.php(201): CodeIgniter\Exceptions\FrameworkException::forInvalidFile('ajax_single_mapping.php')
 2 SYSTEMPATH\Common.php(1137): CodeIgniter\View\View->render('ajax_single_mapping', [], true)
 3 APPPATH\Controllers\BillRegisterController.php(1537): view('ajax_single_mapping')
 4 SYSTEMPATH\CodeIgniter.php(904): App\Controllers\BillRegisterController->ajax_single_mapping()
 5 SYSTEMPATH\CodeIgniter.php(457): CodeIgniter\CodeIgniter->runController(Object(App\Controllers\BillRegisterController))
 6 SYSTEMPATH\CodeIgniter.php(340): CodeIgniter\CodeIgniter->handleRequest(null, Object(Config\Cache), false)
 7 FCPATH\index.php(67): CodeIgniter\CodeIgniter->run()
CRITICAL - 2025-01-19 10:43:07 --> Invalid file: ajax_single_mapping.php
in SYSTEMPATH\Exceptions\FrameworkException.php on line 33.
 1 SYSTEMPATH\View\View.php(201): CodeIgniter\Exceptions\FrameworkException::forInvalidFile('ajax_single_mapping.php')
 2 SYSTEMPATH\Common.php(1137): CodeIgniter\View\View->render('ajax_single_mapping', [], true)
 3 APPPATH\Controllers\BillRegisterController.php(1537): view('ajax_single_mapping')
 4 SYSTEMPATH\CodeIgniter.php(904): App\Controllers\BillRegisterController->ajax_single_mapping()
 5 SYSTEMPATH\CodeIgniter.php(457): CodeIgniter\CodeIgniter->runController(Object(App\Controllers\BillRegisterController))
 6 SYSTEMPATH\CodeIgniter.php(340): CodeIgniter\CodeIgniter->handleRequest(null, Object(Config\Cache), false)
 7 FCPATH\index.php(67): CodeIgniter\CodeIgniter->run()
CRITICAL - 2025-01-19 10:44:09 --> Invalid file: ajax_single_mapping.php
in SYSTEMPATH\Exceptions\FrameworkException.php on line 33.
 1 SYSTEMPATH\View\View.php(201): CodeIgniter\Exceptions\FrameworkException::forInvalidFile('ajax_single_mapping.php')
 2 SYSTEMPATH\Common.php(1137): CodeIgniter\View\View->render('ajax_single_mapping', [], true)
 3 APPPATH\Controllers\BillRegisterController.php(1537): view('ajax_single_mapping')
 4 SYSTEMPATH\CodeIgniter.php(904): App\Controllers\BillRegisterController->ajax_single_mapping()
 5 SYSTEMPATH\CodeIgniter.php(457): CodeIgniter\CodeIgniter->runController(Object(App\Controllers\BillRegisterController))
 6 SYSTEMPATH\CodeIgniter.php(340): CodeIgniter\CodeIgniter->handleRequest(null, Object(Config\Cache), false)
 7 FCPATH\index.php(67): CodeIgniter\CodeIgniter->run()
CRITICAL - 2025-01-19 10:45:19 --> Invalid file: ajax_single_mapping.php
in SYSTEMPATH\Exceptions\FrameworkException.php on line 33.
 1 SYSTEMPATH\View\View.php(201): CodeIgniter\Exceptions\FrameworkException::forInvalidFile('ajax_single_mapping.php')
 2 SYSTEMPATH\Common.php(1137): CodeIgniter\View\View->render('ajax_single_mapping', [], true)
 3 APPPATH\Controllers\BillRegisterController.php(1537): view('ajax_single_mapping')
 4 SYSTEMPATH\CodeIgniter.php(904): App\Controllers\BillRegisterController->ajax_single_mapping()
 5 SYSTEMPATH\CodeIgniter.php(457): CodeIgniter\CodeIgniter->runController(Object(App\Controllers\BillRegisterController))
 6 SYSTEMPATH\CodeIgniter.php(340): CodeIgniter\CodeIgniter->handleRequest(null, Object(Config\Cache), false)
 7 FCPATH\index.php(67): CodeIgniter\CodeIgniter->run()
CRITICAL - 2025-01-19 10:46:21 --> Invalid file: ajax_single_mapping.php
in SYSTEMPATH\Exceptions\FrameworkException.php on line 33.
 1 SYSTEMPATH\View\View.php(201): CodeIgniter\Exceptions\FrameworkException::forInvalidFile('ajax_single_mapping.php')
 2 SYSTEMPATH\Common.php(1137): CodeIgniter\View\View->render('ajax_single_mapping', [], true)
 3 APPPATH\Controllers\BillRegisterController.php(1537): view('ajax_single_mapping')
 4 SYSTEMPATH\CodeIgniter.php(904): App\Controllers\BillRegisterController->ajax_single_mapping()
 5 SYSTEMPATH\CodeIgniter.php(457): CodeIgniter\CodeIgniter->runController(Object(App\Controllers\BillRegisterController))
 6 SYSTEMPATH\CodeIgniter.php(340): CodeIgniter\CodeIgniter->handleRequest(null, Object(Config\Cache), false)
 7 FCPATH\index.php(67): CodeIgniter\CodeIgniter->run()
CRITICAL - 2025-01-19 11:08:52 --> Invalid file: ajax_single_mapping.php
in SYSTEMPATH\Exceptions\FrameworkException.php on line 33.
 1 SYSTEMPATH\View\View.php(201): CodeIgniter\Exceptions\FrameworkException::forInvalidFile('ajax_single_mapping.php')
 2 SYSTEMPATH\Common.php(1137): CodeIgniter\View\View->render('ajax_single_mapping', [], true)
 3 APPPATH\Controllers\BillRegisterController.php(1537): view('ajax_single_mapping')
 4 SYSTEMPATH\CodeIgniter.php(904): App\Controllers\BillRegisterController->ajax_single_mapping()
 5 SYSTEMPATH\CodeIgniter.php(457): CodeIgniter\CodeIgniter->runController(Object(App\Controllers\BillRegisterController))
 6 SYSTEMPATH\CodeIgniter.php(340): CodeIgniter\CodeIgniter->handleRequest(null, Object(Config\Cache), false)
 7 FCPATH\index.php(67): CodeIgniter\CodeIgniter->run()
CRITICAL - 2025-01-19 11:23:49 --> Invalid file: ajax_single_mapping.php
in SYSTEMPATH\Exceptions\FrameworkException.php on line 33.
 1 SYSTEMPATH\View\View.php(201): CodeIgniter\Exceptions\FrameworkException::forInvalidFile('ajax_single_mapping.php')
 2 SYSTEMPATH\Common.php(1137): CodeIgniter\View\View->render('ajax_single_mapping', [], true)
 3 APPPATH\Controllers\BillRegisterController.php(1537): view('ajax_single_mapping')
 4 SYSTEMPATH\CodeIgniter.php(904): App\Controllers\BillRegisterController->ajax_single_mapping()
 5 SYSTEMPATH\CodeIgniter.php(457): CodeIgniter\CodeIgniter->runController(Object(App\Controllers\BillRegisterController))
 6 SYSTEMPATH\CodeIgniter.php(340): CodeIgniter\CodeIgniter->handleRequest(null, Object(Config\Cache), false)
 7 FCPATH\index.php(67): CodeIgniter\CodeIgniter->run()
CRITICAL - 2025-01-19 11:34:53 --> Invalid file: ajax_single_mapping.php
in SYSTEMPATH\Exceptions\FrameworkException.php on line 33.
 1 SYSTEMPATH\View\View.php(201): CodeIgniter\Exceptions\FrameworkException::forInvalidFile('ajax_single_mapping.php')
 2 SYSTEMPATH\Common.php(1137): CodeIgniter\View\View->render('ajax_single_mapping', [], true)
 3 APPPATH\Controllers\BillRegisterController.php(1537): view('ajax_single_mapping')
 4 SYSTEMPATH\CodeIgniter.php(904): App\Controllers\BillRegisterController->ajax_single_mapping()
 5 SYSTEMPATH\CodeIgniter.php(457): CodeIgniter\CodeIgniter->runController(Object(App\Controllers\BillRegisterController))
 6 SYSTEMPATH\CodeIgniter.php(340): CodeIgniter\CodeIgniter->handleRequest(null, Object(Config\Cache), false)
 7 FCPATH\index.php(67): CodeIgniter\CodeIgniter->run()
CRITICAL - 2025-01-19 11:39:26 --> Invalid file: ajax_single_mapping.php
in SYSTEMPATH\Exceptions\FrameworkException.php on line 33.
 1 SYSTEMPATH\View\View.php(201): CodeIgniter\Exceptions\FrameworkException::forInvalidFile('ajax_single_mapping.php')
 2 SYSTEMPATH\Common.php(1137): CodeIgniter\View\View->render('ajax_single_mapping', [], true)
 3 APPPATH\Controllers\BillRegisterController.php(1537): view('ajax_single_mapping')
 4 SYSTEMPATH\CodeIgniter.php(904): App\Controllers\BillRegisterController->ajax_single_mapping()
 5 SYSTEMPATH\CodeIgniter.php(457): CodeIgniter\CodeIgniter->runController(Object(App\Controllers\BillRegisterController))
 6 SYSTEMPATH\CodeIgniter.php(340): CodeIgniter\CodeIgniter->handleRequest(null, Object(Config\Cache), false)
 7 FCPATH\index.php(67): CodeIgniter\CodeIgniter->run()
CRITICAL - 2025-01-19 11:47:26 --> Invalid file: ajax_single_mapping.php
in SYSTEMPATH\Exceptions\FrameworkException.php on line 33.
 1 SYSTEMPATH\View\View.php(201): CodeIgniter\Exceptions\FrameworkException::forInvalidFile('ajax_single_mapping.php')
 2 SYSTEMPATH\Common.php(1137): CodeIgniter\View\View->render('ajax_single_mapping', [], true)
 3 APPPATH\Controllers\BillRegisterController.php(1537): view('ajax_single_mapping')
 4 SYSTEMPATH\CodeIgniter.php(904): App\Controllers\BillRegisterController->ajax_single_mapping()
 5 SYSTEMPATH\CodeIgniter.php(457): CodeIgniter\CodeIgniter->runController(Object(App\Controllers\BillRegisterController))
 6 SYSTEMPATH\CodeIgniter.php(340): CodeIgniter\CodeIgniter->handleRequest(null, Object(Config\Cache), false)
 7 FCPATH\index.php(67): CodeIgniter\CodeIgniter->run()
CRITICAL - 2025-01-19 11:58:18 --> Invalid file: ajax_single_mapping.php
in SYSTEMPATH\Exceptions\FrameworkException.php on line 33.
 1 SYSTEMPATH\View\View.php(201): CodeIgniter\Exceptions\FrameworkException::forInvalidFile('ajax_single_mapping.php')
 2 SYSTEMPATH\Common.php(1137): CodeIgniter\View\View->render('ajax_single_mapping', [], true)
 3 APPPATH\Controllers\BillRegisterController.php(1537): view('ajax_single_mapping')
 4 SYSTEMPATH\CodeIgniter.php(904): App\Controllers\BillRegisterController->ajax_single_mapping()
 5 SYSTEMPATH\CodeIgniter.php(457): CodeIgniter\CodeIgniter->runController(Object(App\Controllers\BillRegisterController))
 6 SYSTEMPATH\CodeIgniter.php(340): CodeIgniter\CodeIgniter->handleRequest(null, Object(Config\Cache), false)
 7 FCPATH\index.php(67): CodeIgniter\CodeIgniter->run()
CRITICAL - 2025-01-19 12:08:53 --> Invalid file: ajax_single_mapping.php
in SYSTEMPATH\Exceptions\FrameworkException.php on line 33.
 1 SYSTEMPATH\View\View.php(201): CodeIgniter\Exceptions\FrameworkException::forInvalidFile('ajax_single_mapping.php')
 2 SYSTEMPATH\Common.php(1137): CodeIgniter\View\View->render('ajax_single_mapping', [], true)
 3 APPPATH\Controllers\BillRegisterController.php(1537): view('ajax_single_mapping')
 4 SYSTEMPATH\CodeIgniter.php(904): App\Controllers\BillRegisterController->ajax_single_mapping()
 5 SYSTEMPATH\CodeIgniter.php(457): CodeIgniter\CodeIgniter->runController(Object(App\Controllers\BillRegisterController))
 6 SYSTEMPATH\CodeIgniter.php(340): CodeIgniter\CodeIgniter->handleRequest(null, Object(Config\Cache), false)
 7 FCPATH\index.php(67): CodeIgniter\CodeIgniter->run()
CRITICAL - 2025-01-19 12:18:46 --> Invalid file: ajax_single_mapping.php
in SYSTEMPATH\Exceptions\FrameworkException.php on line 33.
 1 SYSTEMPATH\View\View.php(201): CodeIgniter\Exceptions\FrameworkException::forInvalidFile('ajax_single_mapping.php')
 2 SYSTEMPATH\Common.php(1137): CodeIgniter\View\View->render('ajax_single_mapping', [], true)
 3 APPPATH\Controllers\BillRegisterController.php(1537): view('ajax_single_mapping')
 4 SYSTEMPATH\CodeIgniter.php(904): App\Controllers\BillRegisterController->ajax_single_mapping()
 5 SYSTEMPATH\CodeIgniter.php(457): CodeIgniter\CodeIgniter->runController(Object(App\Controllers\BillRegisterController))
 6 SYSTEMPATH\CodeIgniter.php(340): CodeIgniter\CodeIgniter->handleRequest(null, Object(Config\Cache), false)
 7 FCPATH\index.php(67): CodeIgniter\CodeIgniter->run()
CRITICAL - 2025-01-19 12:29:37 --> Invalid file: ajax_single_mapping.php
in SYSTEMPATH\Exceptions\FrameworkException.php on line 33.
 1 SYSTEMPATH\View\View.php(201): CodeIgniter\Exceptions\FrameworkException::forInvalidFile('ajax_single_mapping.php')
 2 SYSTEMPATH\Common.php(1137): CodeIgniter\View\View->render('ajax_single_mapping', [], true)
 3 APPPATH\Controllers\BillRegisterController.php(1537): view('ajax_single_mapping')
 4 SYSTEMPATH\CodeIgniter.php(904): App\Controllers\BillRegisterController->ajax_single_mapping()
 5 SYSTEMPATH\CodeIgniter.php(457): CodeIgniter\CodeIgniter->runController(Object(App\Controllers\BillRegisterController))
 6 SYSTEMPATH\CodeIgniter.php(340): CodeIgniter\CodeIgniter->handleRequest(null, Object(Config\Cache), false)
 7 FCPATH\index.php(67): CodeIgniter\CodeIgniter->run()
CRITICAL - 2025-01-19 13:34:02 --> Invalid file: ajax_single_mapping.php
in SYSTEMPATH\Exceptions\FrameworkException.php on line 33.
 1 SYSTEMPATH\View\View.php(201): CodeIgniter\Exceptions\FrameworkException::forInvalidFile('ajax_single_mapping.php')
 2 SYSTEMPATH\Common.php(1137): CodeIgniter\View\View->render('ajax_single_mapping', [], true)
 3 APPPATH\Controllers\BillRegisterController.php(1537): view('ajax_single_mapping')
 4 SYSTEMPATH\CodeIgniter.php(904): App\Controllers\BillRegisterController->ajax_single_mapping()
 5 SYSTEMPATH\CodeIgniter.php(457): CodeIgniter\CodeIgniter->runController(Object(App\Controllers\BillRegisterController))
 6 SYSTEMPATH\CodeIgniter.php(340): CodeIgniter\CodeIgniter->handleRequest(null, Object(Config\Cache), false)
 7 FCPATH\index.php(67): CodeIgniter\CodeIgniter->run()
CRITICAL - 2025-01-19 13:52:24 --> Invalid file: ajax_single_mapping.php
in SYSTEMPATH\Exceptions\FrameworkException.php on line 33.
 1 SYSTEMPATH\View\View.php(201): CodeIgniter\Exceptions\FrameworkException::forInvalidFile('ajax_single_mapping.php')
 2 SYSTEMPATH\Common.php(1137): CodeIgniter\View\View->render('ajax_single_mapping', [], true)
 3 APPPATH\Controllers\BillRegisterController.php(1537): view('ajax_single_mapping')
 4 SYSTEMPATH\CodeIgniter.php(904): App\Controllers\BillRegisterController->ajax_single_mapping()
 5 SYSTEMPATH\CodeIgniter.php(457): CodeIgniter\CodeIgniter->runController(Object(App\Controllers\BillRegisterController))
 6 SYSTEMPATH\CodeIgniter.php(340): CodeIgniter\CodeIgniter->handleRequest(null, Object(Config\Cache), false)
 7 FCPATH\index.php(67): CodeIgniter\CodeIgniter->run()
CRITICAL - 2025-01-19 14:01:18 --> Invalid file: ajax_single_mapping.php
in SYSTEMPATH\Exceptions\FrameworkException.php on line 33.
 1 SYSTEMPATH\View\View.php(201): CodeIgniter\Exceptions\FrameworkException::forInvalidFile('ajax_single_mapping.php')
 2 SYSTEMPATH\Common.php(1137): CodeIgniter\View\View->render('ajax_single_mapping', [], true)
 3 APPPATH\Controllers\BillRegisterController.php(1537): view('ajax_single_mapping')
 4 SYSTEMPATH\CodeIgniter.php(904): App\Controllers\BillRegisterController->ajax_single_mapping()
 5 SYSTEMPATH\CodeIgniter.php(457): CodeIgniter\CodeIgniter->runController(Object(App\Controllers\BillRegisterController))
 6 SYSTEMPATH\CodeIgniter.php(340): CodeIgniter\CodeIgniter->handleRequest(null, Object(Config\Cache), false)
 7 FCPATH\index.php(67): CodeIgniter\CodeIgniter->run()
CRITICAL - 2025-01-19 14:45:41 --> Invalid file: ajax_single_mapping.php
in SYSTEMPATH\Exceptions\FrameworkException.php on line 33.
 1 SYSTEMPATH\View\View.php(201): CodeIgniter\Exceptions\FrameworkException::forInvalidFile('ajax_single_mapping.php')
 2 SYSTEMPATH\Common.php(1137): CodeIgniter\View\View->render('ajax_single_mapping', [], true)
 3 APPPATH\Controllers\BillRegisterController.php(1537): view('ajax_single_mapping')
 4 SYSTEMPATH\CodeIgniter.php(904): App\Controllers\BillRegisterController->ajax_single_mapping()
 5 SYSTEMPATH\CodeIgniter.php(457): CodeIgniter\CodeIgniter->runController(Object(App\Controllers\BillRegisterController))
 6 SYSTEMPATH\CodeIgniter.php(340): CodeIgniter\CodeIgniter->handleRequest(null, Object(Config\Cache), false)
 7 FCPATH\index.php(67): CodeIgniter\CodeIgniter->run()
CRITICAL - 2025-01-19 14:47:05 --> Invalid file: ajax_single_mapping.php
in SYSTEMPATH\Exceptions\FrameworkException.php on line 33.
 1 SYSTEMPATH\View\View.php(201): CodeIgniter\Exceptions\FrameworkException::forInvalidFile('ajax_single_mapping.php')
 2 SYSTEMPATH\Common.php(1137): CodeIgniter\View\View->render('ajax_single_mapping', [], true)
 3 APPPATH\Controllers\BillRegisterController.php(1537): view('ajax_single_mapping')
 4 SYSTEMPATH\CodeIgniter.php(904): App\Controllers\BillRegisterController->ajax_single_mapping()
 5 SYSTEMPATH\CodeIgniter.php(457): CodeIgniter\CodeIgniter->runController(Object(App\Controllers\BillRegisterController))
 6 SYSTEMPATH\CodeIgniter.php(340): CodeIgniter\CodeIgniter->handleRequest(null, Object(Config\Cache), false)
 7 FCPATH\index.php(67): CodeIgniter\CodeIgniter->run()
CRITICAL - 2025-01-19 14:59:38 --> Invalid file: ajax_single_mapping.php
in SYSTEMPATH\Exceptions\FrameworkException.php on line 33.
 1 SYSTEMPATH\View\View.php(201): CodeIgniter\Exceptions\FrameworkException::forInvalidFile('ajax_single_mapping.php')
 2 SYSTEMPATH\Common.php(1137): CodeIgniter\View\View->render('ajax_single_mapping', [], true)
 3 APPPATH\Controllers\BillRegisterController.php(1537): view('ajax_single_mapping')
 4 SYSTEMPATH\CodeIgniter.php(904): App\Controllers\BillRegisterController->ajax_single_mapping()
 5 SYSTEMPATH\CodeIgniter.php(457): CodeIgniter\CodeIgniter->runController(Object(App\Controllers\BillRegisterController))
 6 SYSTEMPATH\CodeIgniter.php(340): CodeIgniter\CodeIgniter->handleRequest(null, Object(Config\Cache), false)
 7 FCPATH\index.php(67): CodeIgniter\CodeIgniter->run()
CRITICAL - 2025-01-19 15:39:37 --> Invalid file: ajax_single_mapping.php
in SYSTEMPATH\Exceptions\FrameworkException.php on line 33.
 1 SYSTEMPATH\View\View.php(201): CodeIgniter\Exceptions\FrameworkException::forInvalidFile('ajax_single_mapping.php')
 2 SYSTEMPATH\Common.php(1137): CodeIgniter\View\View->render('ajax_single_mapping', [], true)
 3 APPPATH\Controllers\BillRegisterController.php(1537): view('ajax_single_mapping')
 4 SYSTEMPATH\CodeIgniter.php(904): App\Controllers\BillRegisterController->ajax_single_mapping()
 5 SYSTEMPATH\CodeIgniter.php(457): CodeIgniter\CodeIgniter->runController(Object(App\Controllers\BillRegisterController))
 6 SYSTEMPATH\CodeIgniter.php(340): CodeIgniter\CodeIgniter->handleRequest(null, Object(Config\Cache), false)
 7 FCPATH\index.php(67): CodeIgniter\CodeIgniter->run()
CRITICAL - 2025-01-19 15:40:04 --> Invalid file: ajax_single_mapping.php
in SYSTEMPATH\Exceptions\FrameworkException.php on line 33.
 1 SYSTEMPATH\View\View.php(201): CodeIgniter\Exceptions\FrameworkException::forInvalidFile('ajax_single_mapping.php')
 2 SYSTEMPATH\Common.php(1137): CodeIgniter\View\View->render('ajax_single_mapping', [], true)
 3 APPPATH\Controllers\BillRegisterController.php(1537): view('ajax_single_mapping')
 4 SYSTEMPATH\CodeIgniter.php(904): App\Controllers\BillRegisterController->ajax_single_mapping()
 5 SYSTEMPATH\CodeIgniter.php(457): CodeIgniter\CodeIgniter->runController(Object(App\Controllers\BillRegisterController))
 6 SYSTEMPATH\CodeIgniter.php(340): CodeIgniter\CodeIgniter->handleRequest(null, Object(Config\Cache), false)
 7 FCPATH\index.php(67): CodeIgniter\CodeIgniter->run()
CRITICAL - 2025-01-19 15:40:26 --> Invalid file: ajax_single_mapping.php
in SYSTEMPATH\Exceptions\FrameworkException.php on line 33.
 1 SYSTEMPATH\View\View.php(201): CodeIgniter\Exceptions\FrameworkException::forInvalidFile('ajax_single_mapping.php')
 2 SYSTEMPATH\Common.php(1137): CodeIgniter\View\View->render('ajax_single_mapping', [], true)
 3 APPPATH\Controllers\BillRegisterController.php(1537): view('ajax_single_mapping')
 4 SYSTEMPATH\CodeIgniter.php(904): App\Controllers\BillRegisterController->ajax_single_mapping()
 5 SYSTEMPATH\CodeIgniter.php(457): CodeIgniter\CodeIgniter->runController(Object(App\Controllers\BillRegisterController))
 6 SYSTEMPATH\CodeIgniter.php(340): CodeIgniter\CodeIgniter->handleRequest(null, Object(Config\Cache), false)
 7 FCPATH\index.php(67): CodeIgniter\CodeIgniter->run()
CRITICAL - 2025-01-19 15:40:50 --> Invalid file: ajax_single_mapping.php
in SYSTEMPATH\Exceptions\FrameworkException.php on line 33.
 1 SYSTEMPATH\View\View.php(201): CodeIgniter\Exceptions\FrameworkException::forInvalidFile('ajax_single_mapping.php')
 2 SYSTEMPATH\Common.php(1137): CodeIgniter\View\View->render('ajax_single_mapping', [], true)
 3 APPPATH\Controllers\BillRegisterController.php(1537): view('ajax_single_mapping')
 4 SYSTEMPATH\CodeIgniter.php(904): App\Controllers\BillRegisterController->ajax_single_mapping()
 5 SYSTEMPATH\CodeIgniter.php(457): CodeIgniter\CodeIgniter->runController(Object(App\Controllers\BillRegisterController))
 6 SYSTEMPATH\CodeIgniter.php(340): CodeIgniter\CodeIgniter->handleRequest(null, Object(Config\Cache), false)
 7 FCPATH\index.php(67): CodeIgniter\CodeIgniter->run()
CRITICAL - 2025-01-19 15:41:41 --> Invalid file: ajax_single_mapping.php
in SYSTEMPATH\Exceptions\FrameworkException.php on line 33.
 1 SYSTEMPATH\View\View.php(201): CodeIgniter\Exceptions\FrameworkException::forInvalidFile('ajax_single_mapping.php')
 2 SYSTEMPATH\Common.php(1137): CodeIgniter\View\View->render('ajax_single_mapping', [], true)
 3 APPPATH\Controllers\BillRegisterController.php(1537): view('ajax_single_mapping')
 4 SYSTEMPATH\CodeIgniter.php(904): App\Controllers\BillRegisterController->ajax_single_mapping()
 5 SYSTEMPATH\CodeIgniter.php(457): CodeIgniter\CodeIgniter->runController(Object(App\Controllers\BillRegisterController))
 6 SYSTEMPATH\CodeIgniter.php(340): CodeIgniter\CodeIgniter->handleRequest(null, Object(Config\Cache), false)
 7 FCPATH\index.php(67): CodeIgniter\CodeIgniter->run()
CRITICAL - 2025-01-19 15:44:15 --> Invalid file: ajax_single_mapping.php
in SYSTEMPATH\Exceptions\FrameworkException.php on line 33.
 1 SYSTEMPATH\View\View.php(201): CodeIgniter\Exceptions\FrameworkException::forInvalidFile('ajax_single_mapping.php')
 2 SYSTEMPATH\Common.php(1137): CodeIgniter\View\View->render('ajax_single_mapping', [], true)
 3 APPPATH\Controllers\BillRegisterController.php(1537): view('ajax_single_mapping')
 4 SYSTEMPATH\CodeIgniter.php(904): App\Controllers\BillRegisterController->ajax_single_mapping()
 5 SYSTEMPATH\CodeIgniter.php(457): CodeIgniter\CodeIgniter->runController(Object(App\Controllers\BillRegisterController))
 6 SYSTEMPATH\CodeIgniter.php(340): CodeIgniter\CodeIgniter->handleRequest(null, Object(Config\Cache), false)
 7 FCPATH\index.php(67): CodeIgniter\CodeIgniter->run()
CRITICAL - 2025-01-19 15:44:35 --> Invalid file: ajax_single_mapping.php
in SYSTEMPATH\Exceptions\FrameworkException.php on line 33.
 1 SYSTEMPATH\View\View.php(201): CodeIgniter\Exceptions\FrameworkException::forInvalidFile('ajax_single_mapping.php')
 2 SYSTEMPATH\Common.php(1137): CodeIgniter\View\View->render('ajax_single_mapping', [], true)
 3 APPPATH\Controllers\BillRegisterController.php(1537): view('ajax_single_mapping')
 4 SYSTEMPATH\CodeIgniter.php(904): App\Controllers\BillRegisterController->ajax_single_mapping()
 5 SYSTEMPATH\CodeIgniter.php(457): CodeIgniter\CodeIgniter->runController(Object(App\Controllers\BillRegisterController))
 6 SYSTEMPATH\CodeIgniter.php(340): CodeIgniter\CodeIgniter->handleRequest(null, Object(Config\Cache), false)
 7 FCPATH\index.php(67): CodeIgniter\CodeIgniter->run()
CRITICAL - 2025-01-19 15:44:58 --> Invalid file: ajax_single_mapping.php
in SYSTEMPATH\Exceptions\FrameworkException.php on line 33.
 1 SYSTEMPATH\View\View.php(201): CodeIgniter\Exceptions\FrameworkException::forInvalidFile('ajax_single_mapping.php')
 2 SYSTEMPATH\Common.php(1137): CodeIgniter\View\View->render('ajax_single_mapping', [], true)
 3 APPPATH\Controllers\BillRegisterController.php(1537): view('ajax_single_mapping')
 4 SYSTEMPATH\CodeIgniter.php(904): App\Controllers\BillRegisterController->ajax_single_mapping()
 5 SYSTEMPATH\CodeIgniter.php(457): CodeIgniter\CodeIgniter->runController(Object(App\Controllers\BillRegisterController))
 6 SYSTEMPATH\CodeIgniter.php(340): CodeIgniter\CodeIgniter->handleRequest(null, Object(Config\Cache), false)
 7 FCPATH\index.php(67): CodeIgniter\CodeIgniter->run()
CRITICAL - 2025-01-19 15:47:30 --> Invalid file: ajax_single_mapping.php
in SYSTEMPATH\Exceptions\FrameworkException.php on line 33.
 1 SYSTEMPATH\View\View.php(201): CodeIgniter\Exceptions\FrameworkException::forInvalidFile('ajax_single_mapping.php')
 2 SYSTEMPATH\Common.php(1137): CodeIgniter\View\View->render('ajax_single_mapping', [], true)
 3 APPPATH\Controllers\BillRegisterController.php(1537): view('ajax_single_mapping')
 4 SYSTEMPATH\CodeIgniter.php(904): App\Controllers\BillRegisterController->ajax_single_mapping()
 5 SYSTEMPATH\CodeIgniter.php(457): CodeIgniter\CodeIgniter->runController(Object(App\Controllers\BillRegisterController))
 6 SYSTEMPATH\CodeIgniter.php(340): CodeIgniter\CodeIgniter->handleRequest(null, Object(Config\Cache), false)
 7 FCPATH\index.php(67): CodeIgniter\CodeIgniter->run()
CRITICAL - 2025-01-19 15:48:01 --> Invalid file: ajax_single_mapping.php
in SYSTEMPATH\Exceptions\FrameworkException.php on line 33.
 1 SYSTEMPATH\View\View.php(201): CodeIgniter\Exceptions\FrameworkException::forInvalidFile('ajax_single_mapping.php')
 2 SYSTEMPATH\Common.php(1137): CodeIgniter\View\View->render('ajax_single_mapping', [], true)
 3 APPPATH\Controllers\BillRegisterController.php(1537): view('ajax_single_mapping')
 4 SYSTEMPATH\CodeIgniter.php(904): App\Controllers\BillRegisterController->ajax_single_mapping()
 5 SYSTEMPATH\CodeIgniter.php(457): CodeIgniter\CodeIgniter->runController(Object(App\Controllers\BillRegisterController))
 6 SYSTEMPATH\CodeIgniter.php(340): CodeIgniter\CodeIgniter->handleRequest(null, Object(Config\Cache), false)
 7 FCPATH\index.php(67): CodeIgniter\CodeIgniter->run()
CRITICAL - 2025-01-19 15:48:28 --> Invalid file: ajax_single_mapping.php
in SYSTEMPATH\Exceptions\FrameworkException.php on line 33.
 1 SYSTEMPATH\View\View.php(201): CodeIgniter\Exceptions\FrameworkException::forInvalidFile('ajax_single_mapping.php')
 2 SYSTEMPATH\Common.php(1137): CodeIgniter\View\View->render('ajax_single_mapping', [], true)
 3 APPPATH\Controllers\BillRegisterController.php(1537): view('ajax_single_mapping')
 4 SYSTEMPATH\CodeIgniter.php(904): App\Controllers\BillRegisterController->ajax_single_mapping()
 5 SYSTEMPATH\CodeIgniter.php(457): CodeIgniter\CodeIgniter->runController(Object(App\Controllers\BillRegisterController))
 6 SYSTEMPATH\CodeIgniter.php(340): CodeIgniter\CodeIgniter->handleRequest(null, Object(Config\Cache), false)
 7 FCPATH\index.php(67): CodeIgniter\CodeIgniter->run()
CRITICAL - 2025-01-19 15:48:56 --> Invalid file: ajax_single_mapping.php
in SYSTEMPATH\Exceptions\FrameworkException.php on line 33.
 1 SYSTEMPATH\View\View.php(201): CodeIgniter\Exceptions\FrameworkException::forInvalidFile('ajax_single_mapping.php')
 2 SYSTEMPATH\Common.php(1137): CodeIgniter\View\View->render('ajax_single_mapping', [], true)
 3 APPPATH\Controllers\BillRegisterController.php(1537): view('ajax_single_mapping')
 4 SYSTEMPATH\CodeIgniter.php(904): App\Controllers\BillRegisterController->ajax_single_mapping()
 5 SYSTEMPATH\CodeIgniter.php(457): CodeIgniter\CodeIgniter->runController(Object(App\Controllers\BillRegisterController))
 6 SYSTEMPATH\CodeIgniter.php(340): CodeIgniter\CodeIgniter->handleRequest(null, Object(Config\Cache), false)
 7 FCPATH\index.php(67): CodeIgniter\CodeIgniter->run()
CRITICAL - 2025-01-19 15:49:19 --> Invalid file: ajax_single_mapping.php
in SYSTEMPATH\Exceptions\FrameworkException.php on line 33.
 1 SYSTEMPATH\View\View.php(201): CodeIgniter\Exceptions\FrameworkException::forInvalidFile('ajax_single_mapping.php')
 2 SYSTEMPATH\Common.php(1137): CodeIgniter\View\View->render('ajax_single_mapping', [], true)
 3 APPPATH\Controllers\BillRegisterController.php(1537): view('ajax_single_mapping')
 4 SYSTEMPATH\CodeIgniter.php(904): App\Controllers\BillRegisterController->ajax_single_mapping()
 5 SYSTEMPATH\CodeIgniter.php(457): CodeIgniter\CodeIgniter->runController(Object(App\Controllers\BillRegisterController))
 6 SYSTEMPATH\CodeIgniter.php(340): CodeIgniter\CodeIgniter->handleRequest(null, Object(Config\Cache), false)
 7 FCPATH\index.php(67): CodeIgniter\CodeIgniter->run()
CRITICAL - 2025-01-19 15:49:53 --> Invalid file: ajax_single_mapping.php
in SYSTEMPATH\Exceptions\FrameworkException.php on line 33.
 1 SYSTEMPATH\View\View.php(201): CodeIgniter\Exceptions\FrameworkException::forInvalidFile('ajax_single_mapping.php')
 2 SYSTEMPATH\Common.php(1137): CodeIgniter\View\View->render('ajax_single_mapping', [], true)
 3 APPPATH\Controllers\BillRegisterController.php(1537): view('ajax_single_mapping')
 4 SYSTEMPATH\CodeIgniter.php(904): App\Controllers\BillRegisterController->ajax_single_mapping()
 5 SYSTEMPATH\CodeIgniter.php(457): CodeIgniter\CodeIgniter->runController(Object(App\Controllers\BillRegisterController))
 6 SYSTEMPATH\CodeIgniter.php(340): CodeIgniter\CodeIgniter->handleRequest(null, Object(Config\Cache), false)
 7 FCPATH\index.php(67): CodeIgniter\CodeIgniter->run()
CRITICAL - 2025-01-19 15:50:13 --> Invalid file: ajax_single_mapping.php
in SYSTEMPATH\Exceptions\FrameworkException.php on line 33.
 1 SYSTEMPATH\View\View.php(201): CodeIgniter\Exceptions\FrameworkException::forInvalidFile('ajax_single_mapping.php')
 2 SYSTEMPATH\Common.php(1137): CodeIgniter\View\View->render('ajax_single_mapping', [], true)
 3 APPPATH\Controllers\BillRegisterController.php(1537): view('ajax_single_mapping')
 4 SYSTEMPATH\CodeIgniter.php(904): App\Controllers\BillRegisterController->ajax_single_mapping()
 5 SYSTEMPATH\CodeIgniter.php(457): CodeIgniter\CodeIgniter->runController(Object(App\Controllers\BillRegisterController))
 6 SYSTEMPATH\CodeIgniter.php(340): CodeIgniter\CodeIgniter->handleRequest(null, Object(Config\Cache), false)
 7 FCPATH\index.php(67): CodeIgniter\CodeIgniter->run()
CRITICAL - 2025-01-19 15:50:15 --> Invalid file: ajax_single_mapping.php
in SYSTEMPATH\Exceptions\FrameworkException.php on line 33.
 1 SYSTEMPATH\View\View.php(201): CodeIgniter\Exceptions\FrameworkException::forInvalidFile('ajax_single_mapping.php')
 2 SYSTEMPATH\Common.php(1137): CodeIgniter\View\View->render('ajax_single_mapping', [], true)
 3 APPPATH\Controllers\BillRegisterController.php(1537): view('ajax_single_mapping')
 4 SYSTEMPATH\CodeIgniter.php(904): App\Controllers\BillRegisterController->ajax_single_mapping()
 5 SYSTEMPATH\CodeIgniter.php(457): CodeIgniter\CodeIgniter->runController(Object(App\Controllers\BillRegisterController))
 6 SYSTEMPATH\CodeIgniter.php(340): CodeIgniter\CodeIgniter->handleRequest(null, Object(Config\Cache), false)
 7 FCPATH\index.php(67): CodeIgniter\CodeIgniter->run()
CRITICAL - 2025-01-19 15:50:39 --> Invalid file: ajax_single_mapping.php
in SYSTEMPATH\Exceptions\FrameworkException.php on line 33.
 1 SYSTEMPATH\View\View.php(201): CodeIgniter\Exceptions\FrameworkException::forInvalidFile('ajax_single_mapping.php')
 2 SYSTEMPATH\Common.php(1137): CodeIgniter\View\View->render('ajax_single_mapping', [], true)
 3 APPPATH\Controllers\BillRegisterController.php(1537): view('ajax_single_mapping')
 4 SYSTEMPATH\CodeIgniter.php(904): App\Controllers\BillRegisterController->ajax_single_mapping()
 5 SYSTEMPATH\CodeIgniter.php(457): CodeIgniter\CodeIgniter->runController(Object(App\Controllers\BillRegisterController))
 6 SYSTEMPATH\CodeIgniter.php(340): CodeIgniter\CodeIgniter->handleRequest(null, Object(Config\Cache), false)
 7 FCPATH\index.php(67): CodeIgniter\CodeIgniter->run()
CRITICAL - 2025-01-19 15:51:06 --> Invalid file: ajax_single_mapping.php
in SYSTEMPATH\Exceptions\FrameworkException.php on line 33.
 1 SYSTEMPATH\View\View.php(201): CodeIgniter\Exceptions\FrameworkException::forInvalidFile('ajax_single_mapping.php')
 2 SYSTEMPATH\Common.php(1137): CodeIgniter\View\View->render('ajax_single_mapping', [], true)
 3 APPPATH\Controllers\BillRegisterController.php(1537): view('ajax_single_mapping')
 4 SYSTEMPATH\CodeIgniter.php(904): App\Controllers\BillRegisterController->ajax_single_mapping()
 5 SYSTEMPATH\CodeIgniter.php(457): CodeIgniter\CodeIgniter->runController(Object(App\Controllers\BillRegisterController))
 6 SYSTEMPATH\CodeIgniter.php(340): CodeIgniter\CodeIgniter->handleRequest(null, Object(Config\Cache), false)
 7 FCPATH\index.php(67): CodeIgniter\CodeIgniter->run()
CRITICAL - 2025-01-19 15:51:30 --> Invalid file: ajax_single_mapping.php
in SYSTEMPATH\Exceptions\FrameworkException.php on line 33.
 1 SYSTEMPATH\View\View.php(201): CodeIgniter\Exceptions\FrameworkException::forInvalidFile('ajax_single_mapping.php')
 2 SYSTEMPATH\Common.php(1137): CodeIgniter\View\View->render('ajax_single_mapping', [], true)
 3 APPPATH\Controllers\BillRegisterController.php(1537): view('ajax_single_mapping')
 4 SYSTEMPATH\CodeIgniter.php(904): App\Controllers\BillRegisterController->ajax_single_mapping()
 5 SYSTEMPATH\CodeIgniter.php(457): CodeIgniter\CodeIgniter->runController(Object(App\Controllers\BillRegisterController))
 6 SYSTEMPATH\CodeIgniter.php(340): CodeIgniter\CodeIgniter->handleRequest(null, Object(Config\Cache), false)
 7 FCPATH\index.php(67): CodeIgniter\CodeIgniter->run()
CRITICAL - 2025-01-19 15:52:24 --> Invalid file: ajax_single_mapping.php
in SYSTEMPATH\Exceptions\FrameworkException.php on line 33.
 1 SYSTEMPATH\View\View.php(201): CodeIgniter\Exceptions\FrameworkException::forInvalidFile('ajax_single_mapping.php')
 2 SYSTEMPATH\Common.php(1137): CodeIgniter\View\View->render('ajax_single_mapping', [], true)
 3 APPPATH\Controllers\BillRegisterController.php(1537): view('ajax_single_mapping')
 4 SYSTEMPATH\CodeIgniter.php(904): App\Controllers\BillRegisterController->ajax_single_mapping()
 5 SYSTEMPATH\CodeIgniter.php(457): CodeIgniter\CodeIgniter->runController(Object(App\Controllers\BillRegisterController))
 6 SYSTEMPATH\CodeIgniter.php(340): CodeIgniter\CodeIgniter->handleRequest(null, Object(Config\Cache), false)
 7 FCPATH\index.php(67): CodeIgniter\CodeIgniter->run()
CRITICAL - 2025-01-19 16:03:44 --> Invalid file: ajax_single_mapping.php
in SYSTEMPATH\Exceptions\FrameworkException.php on line 33.
 1 SYSTEMPATH\View\View.php(201): CodeIgniter\Exceptions\FrameworkException::forInvalidFile('ajax_single_mapping.php')
 2 SYSTEMPATH\Common.php(1137): CodeIgniter\View\View->render('ajax_single_mapping', [], true)
 3 APPPATH\Controllers\BillRegisterController.php(1537): view('ajax_single_mapping')
 4 SYSTEMPATH\CodeIgniter.php(904): App\Controllers\BillRegisterController->ajax_single_mapping()
 5 SYSTEMPATH\CodeIgniter.php(457): CodeIgniter\CodeIgniter->runController(Object(App\Controllers\BillRegisterController))
 6 SYSTEMPATH\CodeIgniter.php(340): CodeIgniter\CodeIgniter->handleRequest(null, Object(Config\Cache), false)
 7 FCPATH\index.php(67): CodeIgniter\CodeIgniter->run()
CRITICAL - 2025-01-19 16:06:40 --> Invalid file: ajax_single_mapping.php
in SYSTEMPATH\Exceptions\FrameworkException.php on line 33.
 1 SYSTEMPATH\View\View.php(201): CodeIgniter\Exceptions\FrameworkException::forInvalidFile('ajax_single_mapping.php')
 2 SYSTEMPATH\Common.php(1137): CodeIgniter\View\View->render('ajax_single_mapping', [], true)
 3 APPPATH\Controllers\BillRegisterController.php(1537): view('ajax_single_mapping')
 4 SYSTEMPATH\CodeIgniter.php(904): App\Controllers\BillRegisterController->ajax_single_mapping()
 5 SYSTEMPATH\CodeIgniter.php(457): CodeIgniter\CodeIgniter->runController(Object(App\Controllers\BillRegisterController))
 6 SYSTEMPATH\CodeIgniter.php(340): CodeIgniter\CodeIgniter->handleRequest(null, Object(Config\Cache), false)
 7 FCPATH\index.php(67): CodeIgniter\CodeIgniter->run()
CRITICAL - 2025-01-19 16:07:54 --> Invalid file: ajax_single_mapping.php
in SYSTEMPATH\Exceptions\FrameworkException.php on line 33.
 1 SYSTEMPATH\View\View.php(201): CodeIgniter\Exceptions\FrameworkException::forInvalidFile('ajax_single_mapping.php')
 2 SYSTEMPATH\Common.php(1137): CodeIgniter\View\View->render('ajax_single_mapping', [], true)
 3 APPPATH\Controllers\BillRegisterController.php(1537): view('ajax_single_mapping')
 4 SYSTEMPATH\CodeIgniter.php(904): App\Controllers\BillRegisterController->ajax_single_mapping()
 5 SYSTEMPATH\CodeIgniter.php(457): CodeIgniter\CodeIgniter->runController(Object(App\Controllers\BillRegisterController))
 6 SYSTEMPATH\CodeIgniter.php(340): CodeIgniter\CodeIgniter->handleRequest(null, Object(Config\Cache), false)
 7 FCPATH\index.php(67): CodeIgniter\CodeIgniter->run()
CRITICAL - 2025-01-19 16:10:24 --> Invalid file: ajax_single_mapping.php
in SYSTEMPATH\Exceptions\FrameworkException.php on line 33.
 1 SYSTEMPATH\View\View.php(201): CodeIgniter\Exceptions\FrameworkException::forInvalidFile('ajax_single_mapping.php')
 2 SYSTEMPATH\Common.php(1137): CodeIgniter\View\View->render('ajax_single_mapping', [], true)
 3 APPPATH\Controllers\BillRegisterController.php(1537): view('ajax_single_mapping')
 4 SYSTEMPATH\CodeIgniter.php(904): App\Controllers\BillRegisterController->ajax_single_mapping()
 5 SYSTEMPATH\CodeIgniter.php(457): CodeIgniter\CodeIgniter->runController(Object(App\Controllers\BillRegisterController))
 6 SYSTEMPATH\CodeIgniter.php(340): CodeIgniter\CodeIgniter->handleRequest(null, Object(Config\Cache), false)
 7 FCPATH\index.php(67): CodeIgniter\CodeIgniter->run()
CRITICAL - 2025-01-19 16:12:39 --> Invalid file: ajax_single_mapping.php
in SYSTEMPATH\Exceptions\FrameworkException.php on line 33.
 1 SYSTEMPATH\View\View.php(201): CodeIgniter\Exceptions\FrameworkException::forInvalidFile('ajax_single_mapping.php')
 2 SYSTEMPATH\Common.php(1137): CodeIgniter\View\View->render('ajax_single_mapping', [], true)
 3 APPPATH\Controllers\BillRegisterController.php(1537): view('ajax_single_mapping')
 4 SYSTEMPATH\CodeIgniter.php(904): App\Controllers\BillRegisterController->ajax_single_mapping()
 5 SYSTEMPATH\CodeIgniter.php(457): CodeIgniter\CodeIgniter->runController(Object(App\Controllers\BillRegisterController))
 6 SYSTEMPATH\CodeIgniter.php(340): CodeIgniter\CodeIgniter->handleRequest(null, Object(Config\Cache), false)
 7 FCPATH\index.php(67): CodeIgniter\CodeIgniter->run()
CRITICAL - 2025-01-19 16:16:08 --> Invalid file: ajax_single_mapping.php
in SYSTEMPATH\Exceptions\FrameworkException.php on line 33.
 1 SYSTEMPATH\View\View.php(201): CodeIgniter\Exceptions\FrameworkException::forInvalidFile('ajax_single_mapping.php')
 2 SYSTEMPATH\Common.php(1137): CodeIgniter\View\View->render('ajax_single_mapping', [], true)
 3 APPPATH\Controllers\BillRegisterController.php(1537): view('ajax_single_mapping')
 4 SYSTEMPATH\CodeIgniter.php(904): App\Controllers\BillRegisterController->ajax_single_mapping()
 5 SYSTEMPATH\CodeIgniter.php(457): CodeIgniter\CodeIgniter->runController(Object(App\Controllers\BillRegisterController))
 6 SYSTEMPATH\CodeIgniter.php(340): CodeIgniter\CodeIgniter->handleRequest(null, Object(Config\Cache), false)
 7 FCPATH\index.php(67): CodeIgniter\CodeIgniter->run()
CRITICAL - 2025-01-19 16:18:30 --> Invalid file: ajax_single_mapping.php
in SYSTEMPATH\Exceptions\FrameworkException.php on line 33.
 1 SYSTEMPATH\View\View.php(201): CodeIgniter\Exceptions\FrameworkException::forInvalidFile('ajax_single_mapping.php')
 2 SYSTEMPATH\Common.php(1137): CodeIgniter\View\View->render('ajax_single_mapping', [], true)
 3 APPPATH\Controllers\BillRegisterController.php(1537): view('ajax_single_mapping')
 4 SYSTEMPATH\CodeIgniter.php(904): App\Controllers\BillRegisterController->ajax_single_mapping()
 5 SYSTEMPATH\CodeIgniter.php(457): CodeIgniter\CodeIgniter->runController(Object(App\Controllers\BillRegisterController))
 6 SYSTEMPATH\CodeIgniter.php(340): CodeIgniter\CodeIgniter->handleRequest(null, Object(Config\Cache), false)
 7 FCPATH\index.php(67): CodeIgniter\CodeIgniter->run()
CRITICAL - 2025-01-19 16:21:14 --> Invalid file: ajax_single_mapping.php
in SYSTEMPATH\Exceptions\FrameworkException.php on line 33.
 1 SYSTEMPATH\View\View.php(201): CodeIgniter\Exceptions\FrameworkException::forInvalidFile('ajax_single_mapping.php')
 2 SYSTEMPATH\Common.php(1137): CodeIgniter\View\View->render('ajax_single_mapping', [], true)
 3 APPPATH\Controllers\BillRegisterController.php(1537): view('ajax_single_mapping')
 4 SYSTEMPATH\CodeIgniter.php(904): App\Controllers\BillRegisterController->ajax_single_mapping()
 5 SYSTEMPATH\CodeIgniter.php(457): CodeIgniter\CodeIgniter->runController(Object(App\Controllers\BillRegisterController))
 6 SYSTEMPATH\CodeIgniter.php(340): CodeIgniter\CodeIgniter->handleRequest(null, Object(Config\Cache), false)
 7 FCPATH\index.php(67): CodeIgniter\CodeIgniter->run()
CRITICAL - 2025-01-19 16:24:11 --> Invalid file: ajax_single_mapping.php
in SYSTEMPATH\Exceptions\FrameworkException.php on line 33.
 1 SYSTEMPATH\View\View.php(201): CodeIgniter\Exceptions\FrameworkException::forInvalidFile('ajax_single_mapping.php')
 2 SYSTEMPATH\Common.php(1137): CodeIgniter\View\View->render('ajax_single_mapping', [], true)
 3 APPPATH\Controllers\BillRegisterController.php(1537): view('ajax_single_mapping')
 4 SYSTEMPATH\CodeIgniter.php(904): App\Controllers\BillRegisterController->ajax_single_mapping()
 5 SYSTEMPATH\CodeIgniter.php(457): CodeIgniter\CodeIgniter->runController(Object(App\Controllers\BillRegisterController))
 6 SYSTEMPATH\CodeIgniter.php(340): CodeIgniter\CodeIgniter->handleRequest(null, Object(Config\Cache), false)
 7 FCPATH\index.php(67): CodeIgniter\CodeIgniter->run()
CRITICAL - 2025-01-19 16:25:07 --> Invalid file: ajax_single_mapping.php
in SYSTEMPATH\Exceptions\FrameworkException.php on line 33.
 1 SYSTEMPATH\View\View.php(201): CodeIgniter\Exceptions\FrameworkException::forInvalidFile('ajax_single_mapping.php')
 2 SYSTEMPATH\Common.php(1137): CodeIgniter\View\View->render('ajax_single_mapping', [], true)
 3 APPPATH\Controllers\BillRegisterController.php(1537): view('ajax_single_mapping')
 4 SYSTEMPATH\CodeIgniter.php(904): App\Controllers\BillRegisterController->ajax_single_mapping()
 5 SYSTEMPATH\CodeIgniter.php(457): CodeIgniter\CodeIgniter->runController(Object(App\Controllers\BillRegisterController))
 6 SYSTEMPATH\CodeIgniter.php(340): CodeIgniter\CodeIgniter->handleRequest(null, Object(Config\Cache), false)
 7 FCPATH\index.php(67): CodeIgniter\CodeIgniter->run()
CRITICAL - 2025-01-19 16:28:18 --> Invalid file: ajax_single_mapping.php
in SYSTEMPATH\Exceptions\FrameworkException.php on line 33.
 1 SYSTEMPATH\View\View.php(201): CodeIgniter\Exceptions\FrameworkException::forInvalidFile('ajax_single_mapping.php')
 2 SYSTEMPATH\Common.php(1137): CodeIgniter\View\View->render('ajax_single_mapping', [], true)
 3 APPPATH\Controllers\BillRegisterController.php(1537): view('ajax_single_mapping')
 4 SYSTEMPATH\CodeIgniter.php(904): App\Controllers\BillRegisterController->ajax_single_mapping()
 5 SYSTEMPATH\CodeIgniter.php(457): CodeIgniter\CodeIgniter->runController(Object(App\Controllers\BillRegisterController))
 6 SYSTEMPATH\CodeIgniter.php(340): CodeIgniter\CodeIgniter->handleRequest(null, Object(Config\Cache), false)
 7 FCPATH\index.php(67): CodeIgniter\CodeIgniter->run()
CRITICAL - 2025-01-19 16:29:17 --> Invalid file: ajax_single_mapping.php
in SYSTEMPATH\Exceptions\FrameworkException.php on line 33.
 1 SYSTEMPATH\View\View.php(201): CodeIgniter\Exceptions\FrameworkException::forInvalidFile('ajax_single_mapping.php')
 2 SYSTEMPATH\Common.php(1137): CodeIgniter\View\View->render('ajax_single_mapping', [], true)
 3 APPPATH\Controllers\BillRegisterController.php(1537): view('ajax_single_mapping')
 4 SYSTEMPATH\CodeIgniter.php(904): App\Controllers\BillRegisterController->ajax_single_mapping()
 5 SYSTEMPATH\CodeIgniter.php(457): CodeIgniter\CodeIgniter->runController(Object(App\Controllers\BillRegisterController))
 6 SYSTEMPATH\CodeIgniter.php(340): CodeIgniter\CodeIgniter->handleRequest(null, Object(Config\Cache), false)
 7 FCPATH\index.php(67): CodeIgniter\CodeIgniter->run()
