CRITICAL - 2025-03-15 10:21:53 --> Invalid file: ajax_single_mapping.php
in SYSTEMPATH\Exceptions\FrameworkException.php on line 33.
 1 SYSTEMPATH\View\View.php(201): CodeIgniter\Exceptions\FrameworkException::forInvalidFile('ajax_single_mapping.php')
 2 SYSTEMPATH\Common.php(1137): CodeIgniter\View\View->render('ajax_single_mapping', [], true)
 3 APPPATH\Controllers\BillRegisterController.php(1642): view('ajax_single_mapping')
 4 SYSTEMPATH\CodeIgniter.php(904): App\Controllers\BillRegisterController->ajax_single_mapping()
 5 SYSTEMPATH\CodeIgniter.php(457): CodeIgniter\CodeIgniter->runController(Object(App\Controllers\BillRegisterController))
 6 SYSTEMPATH\CodeIgniter.php(340): CodeIgniter\CodeIgniter->handleRequest(null, Object(Config\Cache), false)
 7 FCPATH\index.php(67): CodeIgniter\CodeIgniter->run()
CRITICAL - 2025-03-15 10:36:19 --> Invalid file: ajax_single_mapping.php
in SYSTEMPATH\Exceptions\FrameworkException.php on line 33.
 1 SYSTEMPATH\View\View.php(201): CodeIgniter\Exceptions\FrameworkException::forInvalidFile('ajax_single_mapping.php')
 2 SYSTEMPATH\Common.php(1137): CodeIgniter\View\View->render('ajax_single_mapping', [], true)
 3 APPPATH\Controllers\BillRegisterController.php(1642): view('ajax_single_mapping')
 4 SYSTEMPATH\CodeIgniter.php(904): App\Controllers\BillRegisterController->ajax_single_mapping()
 5 SYSTEMPATH\CodeIgniter.php(457): CodeIgniter\CodeIgniter->runController(Object(App\Controllers\BillRegisterController))
 6 SYSTEMPATH\CodeIgniter.php(340): CodeIgniter\CodeIgniter->handleRequest(null, Object(Config\Cache), false)
 7 FCPATH\index.php(67): CodeIgniter\CodeIgniter->run()
CRITICAL - 2025-03-15 10:39:05 --> Invalid file: ajax_single_mapping.php
in SYSTEMPATH\Exceptions\FrameworkException.php on line 33.
 1 SYSTEMPATH\View\View.php(201): CodeIgniter\Exceptions\FrameworkException::forInvalidFile('ajax_single_mapping.php')
 2 SYSTEMPATH\Common.php(1137): CodeIgniter\View\View->render('ajax_single_mapping', [], true)
 3 APPPATH\Controllers\BillRegisterController.php(1642): view('ajax_single_mapping')
 4 SYSTEMPATH\CodeIgniter.php(904): App\Controllers\BillRegisterController->ajax_single_mapping()
 5 SYSTEMPATH\CodeIgniter.php(457): CodeIgniter\CodeIgniter->runController(Object(App\Controllers\BillRegisterController))
 6 SYSTEMPATH\CodeIgniter.php(340): CodeIgniter\CodeIgniter->handleRequest(null, Object(Config\Cache), false)
 7 FCPATH\index.php(67): CodeIgniter\CodeIgniter->run()
CRITICAL - 2025-03-15 10:39:19 --> Invalid file: ajax_single_mapping.php
in SYSTEMPATH\Exceptions\FrameworkException.php on line 33.
 1 SYSTEMPATH\View\View.php(201): CodeIgniter\Exceptions\FrameworkException::forInvalidFile('ajax_single_mapping.php')
 2 SYSTEMPATH\Common.php(1137): CodeIgniter\View\View->render('ajax_single_mapping', [], true)
 3 APPPATH\Controllers\BillRegisterController.php(1642): view('ajax_single_mapping')
 4 SYSTEMPATH\CodeIgniter.php(904): App\Controllers\BillRegisterController->ajax_single_mapping()
 5 SYSTEMPATH\CodeIgniter.php(457): CodeIgniter\CodeIgniter->runController(Object(App\Controllers\BillRegisterController))
 6 SYSTEMPATH\CodeIgniter.php(340): CodeIgniter\CodeIgniter->handleRequest(null, Object(Config\Cache), false)
 7 FCPATH\index.php(67): CodeIgniter\CodeIgniter->run()
CRITICAL - 2025-03-15 10:39:42 --> Invalid file: ajax_single_mapping.php
in SYSTEMPATH\Exceptions\FrameworkException.php on line 33.
 1 SYSTEMPATH\View\View.php(201): CodeIgniter\Exceptions\FrameworkException::forInvalidFile('ajax_single_mapping.php')
 2 SYSTEMPATH\Common.php(1137): CodeIgniter\View\View->render('ajax_single_mapping', [], true)
 3 APPPATH\Controllers\BillRegisterController.php(1642): view('ajax_single_mapping')
 4 SYSTEMPATH\CodeIgniter.php(904): App\Controllers\BillRegisterController->ajax_single_mapping()
 5 SYSTEMPATH\CodeIgniter.php(457): CodeIgniter\CodeIgniter->runController(Object(App\Controllers\BillRegisterController))
 6 SYSTEMPATH\CodeIgniter.php(340): CodeIgniter\CodeIgniter->handleRequest(null, Object(Config\Cache), false)
 7 FCPATH\index.php(67): CodeIgniter\CodeIgniter->run()
CRITICAL - 2025-03-15 10:40:35 --> Invalid file: ajax_single_mapping.php
in SYSTEMPATH\Exceptions\FrameworkException.php on line 33.
 1 SYSTEMPATH\View\View.php(201): CodeIgniter\Exceptions\FrameworkException::forInvalidFile('ajax_single_mapping.php')
 2 SYSTEMPATH\Common.php(1137): CodeIgniter\View\View->render('ajax_single_mapping', [], true)
 3 APPPATH\Controllers\BillRegisterController.php(1642): view('ajax_single_mapping')
 4 SYSTEMPATH\CodeIgniter.php(904): App\Controllers\BillRegisterController->ajax_single_mapping()
 5 SYSTEMPATH\CodeIgniter.php(457): CodeIgniter\CodeIgniter->runController(Object(App\Controllers\BillRegisterController))
 6 SYSTEMPATH\CodeIgniter.php(340): CodeIgniter\CodeIgniter->handleRequest(null, Object(Config\Cache), false)
 7 FCPATH\index.php(67): CodeIgniter\CodeIgniter->run()
CRITICAL - 2025-03-15 10:41:34 --> Invalid file: ajax_single_mapping.php
in SYSTEMPATH\Exceptions\FrameworkException.php on line 33.
 1 SYSTEMPATH\View\View.php(201): CodeIgniter\Exceptions\FrameworkException::forInvalidFile('ajax_single_mapping.php')
 2 SYSTEMPATH\Common.php(1137): CodeIgniter\View\View->render('ajax_single_mapping', [], true)
 3 APPPATH\Controllers\BillRegisterController.php(1642): view('ajax_single_mapping')
 4 SYSTEMPATH\CodeIgniter.php(904): App\Controllers\BillRegisterController->ajax_single_mapping()
 5 SYSTEMPATH\CodeIgniter.php(457): CodeIgniter\CodeIgniter->runController(Object(App\Controllers\BillRegisterController))
 6 SYSTEMPATH\CodeIgniter.php(340): CodeIgniter\CodeIgniter->handleRequest(null, Object(Config\Cache), false)
 7 FCPATH\index.php(67): CodeIgniter\CodeIgniter->run()
CRITICAL - 2025-03-15 10:42:15 --> Invalid file: ajax_single_mapping.php
in SYSTEMPATH\Exceptions\FrameworkException.php on line 33.
 1 SYSTEMPATH\View\View.php(201): CodeIgniter\Exceptions\FrameworkException::forInvalidFile('ajax_single_mapping.php')
 2 SYSTEMPATH\Common.php(1137): CodeIgniter\View\View->render('ajax_single_mapping', [], true)
 3 APPPATH\Controllers\BillRegisterController.php(1642): view('ajax_single_mapping')
 4 SYSTEMPATH\CodeIgniter.php(904): App\Controllers\BillRegisterController->ajax_single_mapping()
 5 SYSTEMPATH\CodeIgniter.php(457): CodeIgniter\CodeIgniter->runController(Object(App\Controllers\BillRegisterController))
 6 SYSTEMPATH\CodeIgniter.php(340): CodeIgniter\CodeIgniter->handleRequest(null, Object(Config\Cache), false)
 7 FCPATH\index.php(67): CodeIgniter\CodeIgniter->run()
CRITICAL - 2025-03-15 10:42:53 --> Invalid file: ajax_single_mapping.php
in SYSTEMPATH\Exceptions\FrameworkException.php on line 33.
 1 SYSTEMPATH\View\View.php(201): CodeIgniter\Exceptions\FrameworkException::forInvalidFile('ajax_single_mapping.php')
 2 SYSTEMPATH\Common.php(1137): CodeIgniter\View\View->render('ajax_single_mapping', [], true)
 3 APPPATH\Controllers\BillRegisterController.php(1642): view('ajax_single_mapping')
 4 SYSTEMPATH\CodeIgniter.php(904): App\Controllers\BillRegisterController->ajax_single_mapping()
 5 SYSTEMPATH\CodeIgniter.php(457): CodeIgniter\CodeIgniter->runController(Object(App\Controllers\BillRegisterController))
 6 SYSTEMPATH\CodeIgniter.php(340): CodeIgniter\CodeIgniter->handleRequest(null, Object(Config\Cache), false)
 7 FCPATH\index.php(67): CodeIgniter\CodeIgniter->run()
CRITICAL - 2025-03-15 10:43:45 --> Invalid file: ajax_single_mapping.php
in SYSTEMPATH\Exceptions\FrameworkException.php on line 33.
 1 SYSTEMPATH\View\View.php(201): CodeIgniter\Exceptions\FrameworkException::forInvalidFile('ajax_single_mapping.php')
 2 SYSTEMPATH\Common.php(1137): CodeIgniter\View\View->render('ajax_single_mapping', [], true)
 3 APPPATH\Controllers\BillRegisterController.php(1642): view('ajax_single_mapping')
 4 SYSTEMPATH\CodeIgniter.php(904): App\Controllers\BillRegisterController->ajax_single_mapping()
 5 SYSTEMPATH\CodeIgniter.php(457): CodeIgniter\CodeIgniter->runController(Object(App\Controllers\BillRegisterController))
 6 SYSTEMPATH\CodeIgniter.php(340): CodeIgniter\CodeIgniter->handleRequest(null, Object(Config\Cache), false)
 7 FCPATH\index.php(67): CodeIgniter\CodeIgniter->run()
CRITICAL - 2025-03-15 10:44:12 --> Invalid file: ajax_single_mapping.php
in SYSTEMPATH\Exceptions\FrameworkException.php on line 33.
 1 SYSTEMPATH\View\View.php(201): CodeIgniter\Exceptions\FrameworkException::forInvalidFile('ajax_single_mapping.php')
 2 SYSTEMPATH\Common.php(1137): CodeIgniter\View\View->render('ajax_single_mapping', [], true)
 3 APPPATH\Controllers\BillRegisterController.php(1642): view('ajax_single_mapping')
 4 SYSTEMPATH\CodeIgniter.php(904): App\Controllers\BillRegisterController->ajax_single_mapping()
 5 SYSTEMPATH\CodeIgniter.php(457): CodeIgniter\CodeIgniter->runController(Object(App\Controllers\BillRegisterController))
 6 SYSTEMPATH\CodeIgniter.php(340): CodeIgniter\CodeIgniter->handleRequest(null, Object(Config\Cache), false)
 7 FCPATH\index.php(67): CodeIgniter\CodeIgniter->run()
CRITICAL - 2025-03-15 10:44:55 --> Invalid file: ajax_single_mapping.php
in SYSTEMPATH\Exceptions\FrameworkException.php on line 33.
 1 SYSTEMPATH\View\View.php(201): CodeIgniter\Exceptions\FrameworkException::forInvalidFile('ajax_single_mapping.php')
 2 SYSTEMPATH\Common.php(1137): CodeIgniter\View\View->render('ajax_single_mapping', [], true)
 3 APPPATH\Controllers\BillRegisterController.php(1642): view('ajax_single_mapping')
 4 SYSTEMPATH\CodeIgniter.php(904): App\Controllers\BillRegisterController->ajax_single_mapping()
 5 SYSTEMPATH\CodeIgniter.php(457): CodeIgniter\CodeIgniter->runController(Object(App\Controllers\BillRegisterController))
 6 SYSTEMPATH\CodeIgniter.php(340): CodeIgniter\CodeIgniter->handleRequest(null, Object(Config\Cache), false)
 7 FCPATH\index.php(67): CodeIgniter\CodeIgniter->run()
CRITICAL - 2025-03-15 10:45:41 --> Invalid file: ajax_single_mapping.php
in SYSTEMPATH\Exceptions\FrameworkException.php on line 33.
 1 SYSTEMPATH\View\View.php(201): CodeIgniter\Exceptions\FrameworkException::forInvalidFile('ajax_single_mapping.php')
 2 SYSTEMPATH\Common.php(1137): CodeIgniter\View\View->render('ajax_single_mapping', [], true)
 3 APPPATH\Controllers\BillRegisterController.php(1642): view('ajax_single_mapping')
 4 SYSTEMPATH\CodeIgniter.php(904): App\Controllers\BillRegisterController->ajax_single_mapping()
 5 SYSTEMPATH\CodeIgniter.php(457): CodeIgniter\CodeIgniter->runController(Object(App\Controllers\BillRegisterController))
 6 SYSTEMPATH\CodeIgniter.php(340): CodeIgniter\CodeIgniter->handleRequest(null, Object(Config\Cache), false)
 7 FCPATH\index.php(67): CodeIgniter\CodeIgniter->run()
CRITICAL - 2025-03-15 10:46:49 --> Invalid file: ajax_single_mapping.php
in SYSTEMPATH\Exceptions\FrameworkException.php on line 33.
 1 SYSTEMPATH\View\View.php(201): CodeIgniter\Exceptions\FrameworkException::forInvalidFile('ajax_single_mapping.php')
 2 SYSTEMPATH\Common.php(1137): CodeIgniter\View\View->render('ajax_single_mapping', [], true)
 3 APPPATH\Controllers\BillRegisterController.php(1642): view('ajax_single_mapping')
 4 SYSTEMPATH\CodeIgniter.php(904): App\Controllers\BillRegisterController->ajax_single_mapping()
 5 SYSTEMPATH\CodeIgniter.php(457): CodeIgniter\CodeIgniter->runController(Object(App\Controllers\BillRegisterController))
 6 SYSTEMPATH\CodeIgniter.php(340): CodeIgniter\CodeIgniter->handleRequest(null, Object(Config\Cache), false)
 7 FCPATH\index.php(67): CodeIgniter\CodeIgniter->run()
CRITICAL - 2025-03-15 10:47:13 --> Invalid file: ajax_single_mapping.php
in SYSTEMPATH\Exceptions\FrameworkException.php on line 33.
 1 SYSTEMPATH\View\View.php(201): CodeIgniter\Exceptions\FrameworkException::forInvalidFile('ajax_single_mapping.php')
 2 SYSTEMPATH\Common.php(1137): CodeIgniter\View\View->render('ajax_single_mapping', [], true)
 3 APPPATH\Controllers\BillRegisterController.php(1642): view('ajax_single_mapping')
 4 SYSTEMPATH\CodeIgniter.php(904): App\Controllers\BillRegisterController->ajax_single_mapping()
 5 SYSTEMPATH\CodeIgniter.php(457): CodeIgniter\CodeIgniter->runController(Object(App\Controllers\BillRegisterController))
 6 SYSTEMPATH\CodeIgniter.php(340): CodeIgniter\CodeIgniter->handleRequest(null, Object(Config\Cache), false)
 7 FCPATH\index.php(67): CodeIgniter\CodeIgniter->run()
CRITICAL - 2025-03-15 10:47:34 --> Invalid file: ajax_single_mapping.php
in SYSTEMPATH\Exceptions\FrameworkException.php on line 33.
 1 SYSTEMPATH\View\View.php(201): CodeIgniter\Exceptions\FrameworkException::forInvalidFile('ajax_single_mapping.php')
 2 SYSTEMPATH\Common.php(1137): CodeIgniter\View\View->render('ajax_single_mapping', [], true)
 3 APPPATH\Controllers\BillRegisterController.php(1642): view('ajax_single_mapping')
 4 SYSTEMPATH\CodeIgniter.php(904): App\Controllers\BillRegisterController->ajax_single_mapping()
 5 SYSTEMPATH\CodeIgniter.php(457): CodeIgniter\CodeIgniter->runController(Object(App\Controllers\BillRegisterController))
 6 SYSTEMPATH\CodeIgniter.php(340): CodeIgniter\CodeIgniter->handleRequest(null, Object(Config\Cache), false)
 7 FCPATH\index.php(67): CodeIgniter\CodeIgniter->run()
CRITICAL - 2025-03-15 10:48:29 --> Invalid file: ajax_single_mapping.php
in SYSTEMPATH\Exceptions\FrameworkException.php on line 33.
 1 SYSTEMPATH\View\View.php(201): CodeIgniter\Exceptions\FrameworkException::forInvalidFile('ajax_single_mapping.php')
 2 SYSTEMPATH\Common.php(1137): CodeIgniter\View\View->render('ajax_single_mapping', [], true)
 3 APPPATH\Controllers\BillRegisterController.php(1642): view('ajax_single_mapping')
 4 SYSTEMPATH\CodeIgniter.php(904): App\Controllers\BillRegisterController->ajax_single_mapping()
 5 SYSTEMPATH\CodeIgniter.php(457): CodeIgniter\CodeIgniter->runController(Object(App\Controllers\BillRegisterController))
 6 SYSTEMPATH\CodeIgniter.php(340): CodeIgniter\CodeIgniter->handleRequest(null, Object(Config\Cache), false)
 7 FCPATH\index.php(67): CodeIgniter\CodeIgniter->run()
CRITICAL - 2025-03-15 10:49:19 --> Invalid file: ajax_single_mapping.php
in SYSTEMPATH\Exceptions\FrameworkException.php on line 33.
 1 SYSTEMPATH\View\View.php(201): CodeIgniter\Exceptions\FrameworkException::forInvalidFile('ajax_single_mapping.php')
 2 SYSTEMPATH\Common.php(1137): CodeIgniter\View\View->render('ajax_single_mapping', [], true)
 3 APPPATH\Controllers\BillRegisterController.php(1642): view('ajax_single_mapping')
 4 SYSTEMPATH\CodeIgniter.php(904): App\Controllers\BillRegisterController->ajax_single_mapping()
 5 SYSTEMPATH\CodeIgniter.php(457): CodeIgniter\CodeIgniter->runController(Object(App\Controllers\BillRegisterController))
 6 SYSTEMPATH\CodeIgniter.php(340): CodeIgniter\CodeIgniter->handleRequest(null, Object(Config\Cache), false)
 7 FCPATH\index.php(67): CodeIgniter\CodeIgniter->run()
CRITICAL - 2025-03-15 10:50:00 --> Invalid file: ajax_single_mapping.php
in SYSTEMPATH\Exceptions\FrameworkException.php on line 33.
 1 SYSTEMPATH\View\View.php(201): CodeIgniter\Exceptions\FrameworkException::forInvalidFile('ajax_single_mapping.php')
 2 SYSTEMPATH\Common.php(1137): CodeIgniter\View\View->render('ajax_single_mapping', [], true)
 3 APPPATH\Controllers\BillRegisterController.php(1642): view('ajax_single_mapping')
 4 SYSTEMPATH\CodeIgniter.php(904): App\Controllers\BillRegisterController->ajax_single_mapping()
 5 SYSTEMPATH\CodeIgniter.php(457): CodeIgniter\CodeIgniter->runController(Object(App\Controllers\BillRegisterController))
 6 SYSTEMPATH\CodeIgniter.php(340): CodeIgniter\CodeIgniter->handleRequest(null, Object(Config\Cache), false)
 7 FCPATH\index.php(67): CodeIgniter\CodeIgniter->run()
CRITICAL - 2025-03-15 10:50:25 --> Invalid file: ajax_single_mapping.php
in SYSTEMPATH\Exceptions\FrameworkException.php on line 33.
 1 SYSTEMPATH\View\View.php(201): CodeIgniter\Exceptions\FrameworkException::forInvalidFile('ajax_single_mapping.php')
 2 SYSTEMPATH\Common.php(1137): CodeIgniter\View\View->render('ajax_single_mapping', [], true)
 3 APPPATH\Controllers\BillRegisterController.php(1642): view('ajax_single_mapping')
 4 SYSTEMPATH\CodeIgniter.php(904): App\Controllers\BillRegisterController->ajax_single_mapping()
 5 SYSTEMPATH\CodeIgniter.php(457): CodeIgniter\CodeIgniter->runController(Object(App\Controllers\BillRegisterController))
 6 SYSTEMPATH\CodeIgniter.php(340): CodeIgniter\CodeIgniter->handleRequest(null, Object(Config\Cache), false)
 7 FCPATH\index.php(67): CodeIgniter\CodeIgniter->run()
CRITICAL - 2025-03-15 10:50:41 --> Invalid file: ajax_single_mapping.php
in SYSTEMPATH\Exceptions\FrameworkException.php on line 33.
 1 SYSTEMPATH\View\View.php(201): CodeIgniter\Exceptions\FrameworkException::forInvalidFile('ajax_single_mapping.php')
 2 SYSTEMPATH\Common.php(1137): CodeIgniter\View\View->render('ajax_single_mapping', [], true)
 3 APPPATH\Controllers\BillRegisterController.php(1642): view('ajax_single_mapping')
 4 SYSTEMPATH\CodeIgniter.php(904): App\Controllers\BillRegisterController->ajax_single_mapping()
 5 SYSTEMPATH\CodeIgniter.php(457): CodeIgniter\CodeIgniter->runController(Object(App\Controllers\BillRegisterController))
 6 SYSTEMPATH\CodeIgniter.php(340): CodeIgniter\CodeIgniter->handleRequest(null, Object(Config\Cache), false)
 7 FCPATH\index.php(67): CodeIgniter\CodeIgniter->run()
CRITICAL - 2025-03-15 10:55:34 --> Invalid file: ajax_single_mapping.php
in SYSTEMPATH\Exceptions\FrameworkException.php on line 33.
 1 SYSTEMPATH\View\View.php(201): CodeIgniter\Exceptions\FrameworkException::forInvalidFile('ajax_single_mapping.php')
 2 SYSTEMPATH\Common.php(1137): CodeIgniter\View\View->render('ajax_single_mapping', [], true)
 3 APPPATH\Controllers\BillRegisterController.php(1642): view('ajax_single_mapping')
 4 SYSTEMPATH\CodeIgniter.php(904): App\Controllers\BillRegisterController->ajax_single_mapping()
 5 SYSTEMPATH\CodeIgniter.php(457): CodeIgniter\CodeIgniter->runController(Object(App\Controllers\BillRegisterController))
 6 SYSTEMPATH\CodeIgniter.php(340): CodeIgniter\CodeIgniter->handleRequest(null, Object(Config\Cache), false)
 7 FCPATH\index.php(67): CodeIgniter\CodeIgniter->run()
CRITICAL - 2025-03-15 10:58:40 --> Invalid file: ajax_single_mapping.php
in SYSTEMPATH\Exceptions\FrameworkException.php on line 33.
 1 SYSTEMPATH\View\View.php(201): CodeIgniter\Exceptions\FrameworkException::forInvalidFile('ajax_single_mapping.php')
 2 SYSTEMPATH\Common.php(1137): CodeIgniter\View\View->render('ajax_single_mapping', [], true)
 3 APPPATH\Controllers\BillRegisterController.php(1642): view('ajax_single_mapping')
 4 SYSTEMPATH\CodeIgniter.php(904): App\Controllers\BillRegisterController->ajax_single_mapping()
 5 SYSTEMPATH\CodeIgniter.php(457): CodeIgniter\CodeIgniter->runController(Object(App\Controllers\BillRegisterController))
 6 SYSTEMPATH\CodeIgniter.php(340): CodeIgniter\CodeIgniter->handleRequest(null, Object(Config\Cache), false)
 7 FCPATH\index.php(67): CodeIgniter\CodeIgniter->run()
CRITICAL - 2025-03-15 11:08:08 --> Invalid file: ajax_single_mapping.php
in SYSTEMPATH\Exceptions\FrameworkException.php on line 33.
 1 SYSTEMPATH\View\View.php(201): CodeIgniter\Exceptions\FrameworkException::forInvalidFile('ajax_single_mapping.php')
 2 SYSTEMPATH\Common.php(1137): CodeIgniter\View\View->render('ajax_single_mapping', [], true)
 3 APPPATH\Controllers\BillRegisterController.php(1642): view('ajax_single_mapping')
 4 SYSTEMPATH\CodeIgniter.php(904): App\Controllers\BillRegisterController->ajax_single_mapping()
 5 SYSTEMPATH\CodeIgniter.php(457): CodeIgniter\CodeIgniter->runController(Object(App\Controllers\BillRegisterController))
 6 SYSTEMPATH\CodeIgniter.php(340): CodeIgniter\CodeIgniter->handleRequest(null, Object(Config\Cache), false)
 7 FCPATH\index.php(67): CodeIgniter\CodeIgniter->run()
CRITICAL - 2025-03-15 11:11:11 --> Invalid file: ajax_single_mapping.php
in SYSTEMPATH\Exceptions\FrameworkException.php on line 33.
 1 SYSTEMPATH\View\View.php(201): CodeIgniter\Exceptions\FrameworkException::forInvalidFile('ajax_single_mapping.php')
 2 SYSTEMPATH\Common.php(1137): CodeIgniter\View\View->render('ajax_single_mapping', [], true)
 3 APPPATH\Controllers\BillRegisterController.php(1642): view('ajax_single_mapping')
 4 SYSTEMPATH\CodeIgniter.php(904): App\Controllers\BillRegisterController->ajax_single_mapping()
 5 SYSTEMPATH\CodeIgniter.php(457): CodeIgniter\CodeIgniter->runController(Object(App\Controllers\BillRegisterController))
 6 SYSTEMPATH\CodeIgniter.php(340): CodeIgniter\CodeIgniter->handleRequest(null, Object(Config\Cache), false)
 7 FCPATH\index.php(67): CodeIgniter\CodeIgniter->run()
CRITICAL - 2025-03-15 11:18:04 --> Invalid file: ajax_single_mapping.php
in SYSTEMPATH\Exceptions\FrameworkException.php on line 33.
 1 SYSTEMPATH\View\View.php(201): CodeIgniter\Exceptions\FrameworkException::forInvalidFile('ajax_single_mapping.php')
 2 SYSTEMPATH\Common.php(1137): CodeIgniter\View\View->render('ajax_single_mapping', [], true)
 3 APPPATH\Controllers\BillRegisterController.php(1642): view('ajax_single_mapping')
 4 SYSTEMPATH\CodeIgniter.php(904): App\Controllers\BillRegisterController->ajax_single_mapping()
 5 SYSTEMPATH\CodeIgniter.php(457): CodeIgniter\CodeIgniter->runController(Object(App\Controllers\BillRegisterController))
 6 SYSTEMPATH\CodeIgniter.php(340): CodeIgniter\CodeIgniter->handleRequest(null, Object(Config\Cache), false)
 7 FCPATH\index.php(67): CodeIgniter\CodeIgniter->run()
CRITICAL - 2025-03-15 11:21:18 --> Invalid file: ajax_single_mapping.php
in SYSTEMPATH\Exceptions\FrameworkException.php on line 33.
 1 SYSTEMPATH\View\View.php(201): CodeIgniter\Exceptions\FrameworkException::forInvalidFile('ajax_single_mapping.php')
 2 SYSTEMPATH\Common.php(1137): CodeIgniter\View\View->render('ajax_single_mapping', [], true)
 3 APPPATH\Controllers\BillRegisterController.php(1642): view('ajax_single_mapping')
 4 SYSTEMPATH\CodeIgniter.php(904): App\Controllers\BillRegisterController->ajax_single_mapping()
 5 SYSTEMPATH\CodeIgniter.php(457): CodeIgniter\CodeIgniter->runController(Object(App\Controllers\BillRegisterController))
 6 SYSTEMPATH\CodeIgniter.php(340): CodeIgniter\CodeIgniter->handleRequest(null, Object(Config\Cache), false)
 7 FCPATH\index.php(67): CodeIgniter\CodeIgniter->run()
CRITICAL - 2025-03-15 11:33:29 --> Invalid file: ajax_single_mapping.php
in SYSTEMPATH\Exceptions\FrameworkException.php on line 33.
 1 SYSTEMPATH\View\View.php(201): CodeIgniter\Exceptions\FrameworkException::forInvalidFile('ajax_single_mapping.php')
 2 SYSTEMPATH\Common.php(1137): CodeIgniter\View\View->render('ajax_single_mapping', [], true)
 3 APPPATH\Controllers\BillRegisterController.php(1642): view('ajax_single_mapping')
 4 SYSTEMPATH\CodeIgniter.php(904): App\Controllers\BillRegisterController->ajax_single_mapping()
 5 SYSTEMPATH\CodeIgniter.php(457): CodeIgniter\CodeIgniter->runController(Object(App\Controllers\BillRegisterController))
 6 SYSTEMPATH\CodeIgniter.php(340): CodeIgniter\CodeIgniter->handleRequest(null, Object(Config\Cache), false)
 7 FCPATH\index.php(67): CodeIgniter\CodeIgniter->run()
CRITICAL - 2025-03-15 11:37:15 --> Invalid file: ajax_single_mapping.php
in SYSTEMPATH\Exceptions\FrameworkException.php on line 33.
 1 SYSTEMPATH\View\View.php(201): CodeIgniter\Exceptions\FrameworkException::forInvalidFile('ajax_single_mapping.php')
 2 SYSTEMPATH\Common.php(1137): CodeIgniter\View\View->render('ajax_single_mapping', [], true)
 3 APPPATH\Controllers\BillRegisterController.php(1642): view('ajax_single_mapping')
 4 SYSTEMPATH\CodeIgniter.php(904): App\Controllers\BillRegisterController->ajax_single_mapping()
 5 SYSTEMPATH\CodeIgniter.php(457): CodeIgniter\CodeIgniter->runController(Object(App\Controllers\BillRegisterController))
 6 SYSTEMPATH\CodeIgniter.php(340): CodeIgniter\CodeIgniter->handleRequest(null, Object(Config\Cache), false)
 7 FCPATH\index.php(67): CodeIgniter\CodeIgniter->run()
CRITICAL - 2025-03-15 12:41:08 --> Invalid file: ajax_single_mapping.php
in SYSTEMPATH\Exceptions\FrameworkException.php on line 33.
 1 SYSTEMPATH\View\View.php(201): CodeIgniter\Exceptions\FrameworkException::forInvalidFile('ajax_single_mapping.php')
 2 SYSTEMPATH\Common.php(1137): CodeIgniter\View\View->render('ajax_single_mapping', [], true)
 3 APPPATH\Controllers\BillRegisterController.php(1642): view('ajax_single_mapping')
 4 SYSTEMPATH\CodeIgniter.php(904): App\Controllers\BillRegisterController->ajax_single_mapping()
 5 SYSTEMPATH\CodeIgniter.php(457): CodeIgniter\CodeIgniter->runController(Object(App\Controllers\BillRegisterController))
 6 SYSTEMPATH\CodeIgniter.php(340): CodeIgniter\CodeIgniter->handleRequest(null, Object(Config\Cache), false)
 7 FCPATH\index.php(67): CodeIgniter\CodeIgniter->run()
CRITICAL - 2025-03-15 15:28:28 --> Invalid file: ajax_single_mapping.php
in SYSTEMPATH\Exceptions\FrameworkException.php on line 33.
 1 SYSTEMPATH\View\View.php(201): CodeIgniter\Exceptions\FrameworkException::forInvalidFile('ajax_single_mapping.php')
 2 SYSTEMPATH\Common.php(1137): CodeIgniter\View\View->render('ajax_single_mapping', [], true)
 3 APPPATH\Controllers\BillRegisterController.php(1642): view('ajax_single_mapping')
 4 SYSTEMPATH\CodeIgniter.php(904): App\Controllers\BillRegisterController->ajax_single_mapping()
 5 SYSTEMPATH\CodeIgniter.php(457): CodeIgniter\CodeIgniter->runController(Object(App\Controllers\BillRegisterController))
 6 SYSTEMPATH\CodeIgniter.php(340): CodeIgniter\CodeIgniter->handleRequest(null, Object(Config\Cache), false)
 7 FCPATH\index.php(67): CodeIgniter\CodeIgniter->run()
CRITICAL - 2025-03-15 15:36:24 --> Invalid file: ajax_single_mapping.php
in SYSTEMPATH\Exceptions\FrameworkException.php on line 33.
 1 SYSTEMPATH\View\View.php(201): CodeIgniter\Exceptions\FrameworkException::forInvalidFile('ajax_single_mapping.php')
 2 SYSTEMPATH\Common.php(1137): CodeIgniter\View\View->render('ajax_single_mapping', [], true)
 3 APPPATH\Controllers\BillRegisterController.php(1642): view('ajax_single_mapping')
 4 SYSTEMPATH\CodeIgniter.php(904): App\Controllers\BillRegisterController->ajax_single_mapping()
 5 SYSTEMPATH\CodeIgniter.php(457): CodeIgniter\CodeIgniter->runController(Object(App\Controllers\BillRegisterController))
 6 SYSTEMPATH\CodeIgniter.php(340): CodeIgniter\CodeIgniter->handleRequest(null, Object(Config\Cache), false)
 7 FCPATH\index.php(67): CodeIgniter\CodeIgniter->run()
CRITICAL - 2025-03-15 15:39:00 --> Invalid file: ajax_single_mapping.php
in SYSTEMPATH\Exceptions\FrameworkException.php on line 33.
 1 SYSTEMPATH\View\View.php(201): CodeIgniter\Exceptions\FrameworkException::forInvalidFile('ajax_single_mapping.php')
 2 SYSTEMPATH\Common.php(1137): CodeIgniter\View\View->render('ajax_single_mapping', [], true)
 3 APPPATH\Controllers\BillRegisterController.php(1642): view('ajax_single_mapping')
 4 SYSTEMPATH\CodeIgniter.php(904): App\Controllers\BillRegisterController->ajax_single_mapping()
 5 SYSTEMPATH\CodeIgniter.php(457): CodeIgniter\CodeIgniter->runController(Object(App\Controllers\BillRegisterController))
 6 SYSTEMPATH\CodeIgniter.php(340): CodeIgniter\CodeIgniter->handleRequest(null, Object(Config\Cache), false)
 7 FCPATH\index.php(67): CodeIgniter\CodeIgniter->run()
CRITICAL - 2025-03-15 15:43:57 --> Invalid file: ajax_single_mapping.php
in SYSTEMPATH\Exceptions\FrameworkException.php on line 33.
 1 SYSTEMPATH\View\View.php(201): CodeIgniter\Exceptions\FrameworkException::forInvalidFile('ajax_single_mapping.php')
 2 SYSTEMPATH\Common.php(1137): CodeIgniter\View\View->render('ajax_single_mapping', [], true)
 3 APPPATH\Controllers\BillRegisterController.php(1642): view('ajax_single_mapping')
 4 SYSTEMPATH\CodeIgniter.php(904): App\Controllers\BillRegisterController->ajax_single_mapping()
 5 SYSTEMPATH\CodeIgniter.php(457): CodeIgniter\CodeIgniter->runController(Object(App\Controllers\BillRegisterController))
 6 SYSTEMPATH\CodeIgniter.php(340): CodeIgniter\CodeIgniter->handleRequest(null, Object(Config\Cache), false)
 7 FCPATH\index.php(67): CodeIgniter\CodeIgniter->run()
CRITICAL - 2025-03-15 16:05:12 --> Invalid file: ajax_single_mapping.php
in SYSTEMPATH\Exceptions\FrameworkException.php on line 33.
 1 SYSTEMPATH\View\View.php(201): CodeIgniter\Exceptions\FrameworkException::forInvalidFile('ajax_single_mapping.php')
 2 SYSTEMPATH\Common.php(1137): CodeIgniter\View\View->render('ajax_single_mapping', [], true)
 3 APPPATH\Controllers\BillRegisterController.php(1642): view('ajax_single_mapping')
 4 SYSTEMPATH\CodeIgniter.php(904): App\Controllers\BillRegisterController->ajax_single_mapping()
 5 SYSTEMPATH\CodeIgniter.php(457): CodeIgniter\CodeIgniter->runController(Object(App\Controllers\BillRegisterController))
 6 SYSTEMPATH\CodeIgniter.php(340): CodeIgniter\CodeIgniter->handleRequest(null, Object(Config\Cache), false)
 7 FCPATH\index.php(67): CodeIgniter\CodeIgniter->run()
CRITICAL - 2025-03-15 16:16:12 --> Invalid file: ajax_single_mapping.php
in SYSTEMPATH\Exceptions\FrameworkException.php on line 33.
 1 SYSTEMPATH\View\View.php(201): CodeIgniter\Exceptions\FrameworkException::forInvalidFile('ajax_single_mapping.php')
 2 SYSTEMPATH\Common.php(1137): CodeIgniter\View\View->render('ajax_single_mapping', [], true)
 3 APPPATH\Controllers\BillRegisterController.php(1642): view('ajax_single_mapping')
 4 SYSTEMPATH\CodeIgniter.php(904): App\Controllers\BillRegisterController->ajax_single_mapping()
 5 SYSTEMPATH\CodeIgniter.php(457): CodeIgniter\CodeIgniter->runController(Object(App\Controllers\BillRegisterController))
 6 SYSTEMPATH\CodeIgniter.php(340): CodeIgniter\CodeIgniter->handleRequest(null, Object(Config\Cache), false)
 7 FCPATH\index.php(67): CodeIgniter\CodeIgniter->run()
CRITICAL - 2025-03-15 16:19:57 --> Invalid file: ajax_single_mapping.php
in SYSTEMPATH\Exceptions\FrameworkException.php on line 33.
 1 SYSTEMPATH\View\View.php(201): CodeIgniter\Exceptions\FrameworkException::forInvalidFile('ajax_single_mapping.php')
 2 SYSTEMPATH\Common.php(1137): CodeIgniter\View\View->render('ajax_single_mapping', [], true)
 3 APPPATH\Controllers\BillRegisterController.php(1642): view('ajax_single_mapping')
 4 SYSTEMPATH\CodeIgniter.php(904): App\Controllers\BillRegisterController->ajax_single_mapping()
 5 SYSTEMPATH\CodeIgniter.php(457): CodeIgniter\CodeIgniter->runController(Object(App\Controllers\BillRegisterController))
 6 SYSTEMPATH\CodeIgniter.php(340): CodeIgniter\CodeIgniter->handleRequest(null, Object(Config\Cache), false)
 7 FCPATH\index.php(67): CodeIgniter\CodeIgniter->run()
CRITICAL - 2025-03-15 16:22:14 --> Invalid file: ajax_single_mapping.php
in SYSTEMPATH\Exceptions\FrameworkException.php on line 33.
 1 SYSTEMPATH\View\View.php(201): CodeIgniter\Exceptions\FrameworkException::forInvalidFile('ajax_single_mapping.php')
 2 SYSTEMPATH\Common.php(1137): CodeIgniter\View\View->render('ajax_single_mapping', [], true)
 3 APPPATH\Controllers\BillRegisterController.php(1642): view('ajax_single_mapping')
 4 SYSTEMPATH\CodeIgniter.php(904): App\Controllers\BillRegisterController->ajax_single_mapping()
 5 SYSTEMPATH\CodeIgniter.php(457): CodeIgniter\CodeIgniter->runController(Object(App\Controllers\BillRegisterController))
 6 SYSTEMPATH\CodeIgniter.php(340): CodeIgniter\CodeIgniter->handleRequest(null, Object(Config\Cache), false)
 7 FCPATH\index.php(67): CodeIgniter\CodeIgniter->run()
CRITICAL - 2025-03-15 16:29:46 --> Invalid file: ajax_single_mapping.php
in SYSTEMPATH\Exceptions\FrameworkException.php on line 33.
 1 SYSTEMPATH\View\View.php(201): CodeIgniter\Exceptions\FrameworkException::forInvalidFile('ajax_single_mapping.php')
 2 SYSTEMPATH\Common.php(1137): CodeIgniter\View\View->render('ajax_single_mapping', [], true)
 3 APPPATH\Controllers\BillRegisterController.php(1642): view('ajax_single_mapping')
 4 SYSTEMPATH\CodeIgniter.php(904): App\Controllers\BillRegisterController->ajax_single_mapping()
 5 SYSTEMPATH\CodeIgniter.php(457): CodeIgniter\CodeIgniter->runController(Object(App\Controllers\BillRegisterController))
 6 SYSTEMPATH\CodeIgniter.php(340): CodeIgniter\CodeIgniter->handleRequest(null, Object(Config\Cache), false)
 7 FCPATH\index.php(67): CodeIgniter\CodeIgniter->run()
CRITICAL - 2025-03-15 16:32:05 --> Invalid file: ajax_single_mapping.php
in SYSTEMPATH\Exceptions\FrameworkException.php on line 33.
 1 SYSTEMPATH\View\View.php(201): CodeIgniter\Exceptions\FrameworkException::forInvalidFile('ajax_single_mapping.php')
 2 SYSTEMPATH\Common.php(1137): CodeIgniter\View\View->render('ajax_single_mapping', [], true)
 3 APPPATH\Controllers\BillRegisterController.php(1642): view('ajax_single_mapping')
 4 SYSTEMPATH\CodeIgniter.php(904): App\Controllers\BillRegisterController->ajax_single_mapping()
 5 SYSTEMPATH\CodeIgniter.php(457): CodeIgniter\CodeIgniter->runController(Object(App\Controllers\BillRegisterController))
 6 SYSTEMPATH\CodeIgniter.php(340): CodeIgniter\CodeIgniter->handleRequest(null, Object(Config\Cache), false)
 7 FCPATH\index.php(67): CodeIgniter\CodeIgniter->run()
