CRITICAL - 2025-01-11 08:59:53 --> Invalid file: ajax_single_mapping.php
in SYSTEMPATH\Exceptions\FrameworkException.php on line 33.
 1 SYSTEMPATH\View\View.php(201): CodeIgniter\Exceptions\FrameworkException::forInvalidFile('ajax_single_mapping.php')
 2 SYSTEMPATH\Common.php(1137): CodeIgniter\View\View->render('ajax_single_mapping', [], true)
 3 APPPATH\Controllers\BillRegisterController.php(1497): view('ajax_single_mapping')
 4 SYSTEMPATH\CodeIgniter.php(904): App\Controllers\BillRegisterController->ajax_single_mapping()
 5 SYSTEMPATH\CodeIgniter.php(457): CodeIgniter\CodeIgniter->runController(Object(App\Controllers\BillRegisterController))
 6 SYSTEMPATH\CodeIgniter.php(340): CodeIgniter\CodeIgniter->handleRequest(null, Object(Config\Cache), false)
 7 FCPATH\index.php(67): CodeIgniter\CodeIgniter->run()
CRITICAL - 2025-01-11 09:03:21 --> Invalid file: ajax_single_mapping.php
in SYSTEMPATH\Exceptions\FrameworkException.php on line 33.
 1 SYSTEMPATH\View\View.php(201): CodeIgniter\Exceptions\FrameworkException::forInvalidFile('ajax_single_mapping.php')
 2 SYSTEMPATH\Common.php(1137): CodeIgniter\View\View->render('ajax_single_mapping', [], true)
 3 APPPATH\Controllers\BillRegisterController.php(1497): view('ajax_single_mapping')
 4 SYSTEMPATH\CodeIgniter.php(904): App\Controllers\BillRegisterController->ajax_single_mapping()
 5 SYSTEMPATH\CodeIgniter.php(457): CodeIgniter\CodeIgniter->runController(Object(App\Controllers\BillRegisterController))
 6 SYSTEMPATH\CodeIgniter.php(340): CodeIgniter\CodeIgniter->handleRequest(null, Object(Config\Cache), false)
 7 FCPATH\index.php(67): CodeIgniter\CodeIgniter->run()
CRITICAL - 2025-01-11 09:05:15 --> Invalid file: ajax_single_mapping.php
in SYSTEMPATH\Exceptions\FrameworkException.php on line 33.
 1 SYSTEMPATH\View\View.php(201): CodeIgniter\Exceptions\FrameworkException::forInvalidFile('ajax_single_mapping.php')
 2 SYSTEMPATH\Common.php(1137): CodeIgniter\View\View->render('ajax_single_mapping', [], true)
 3 APPPATH\Controllers\BillRegisterController.php(1497): view('ajax_single_mapping')
 4 SYSTEMPATH\CodeIgniter.php(904): App\Controllers\BillRegisterController->ajax_single_mapping()
 5 SYSTEMPATH\CodeIgniter.php(457): CodeIgniter\CodeIgniter->runController(Object(App\Controllers\BillRegisterController))
 6 SYSTEMPATH\CodeIgniter.php(340): CodeIgniter\CodeIgniter->handleRequest(null, Object(Config\Cache), false)
 7 FCPATH\index.php(67): CodeIgniter\CodeIgniter->run()
CRITICAL - 2025-01-11 09:06:25 --> Invalid file: ajax_single_mapping.php
in SYSTEMPATH\Exceptions\FrameworkException.php on line 33.
 1 SYSTEMPATH\View\View.php(201): CodeIgniter\Exceptions\FrameworkException::forInvalidFile('ajax_single_mapping.php')
 2 SYSTEMPATH\Common.php(1137): CodeIgniter\View\View->render('ajax_single_mapping', [], true)
 3 APPPATH\Controllers\BillRegisterController.php(1497): view('ajax_single_mapping')
 4 SYSTEMPATH\CodeIgniter.php(904): App\Controllers\BillRegisterController->ajax_single_mapping()
 5 SYSTEMPATH\CodeIgniter.php(457): CodeIgniter\CodeIgniter->runController(Object(App\Controllers\BillRegisterController))
 6 SYSTEMPATH\CodeIgniter.php(340): CodeIgniter\CodeIgniter->handleRequest(null, Object(Config\Cache), false)
 7 FCPATH\index.php(67): CodeIgniter\CodeIgniter->run()
CRITICAL - 2025-01-11 09:07:42 --> Invalid file: ajax_single_mapping.php
in SYSTEMPATH\Exceptions\FrameworkException.php on line 33.
 1 SYSTEMPATH\View\View.php(201): CodeIgniter\Exceptions\FrameworkException::forInvalidFile('ajax_single_mapping.php')
 2 SYSTEMPATH\Common.php(1137): CodeIgniter\View\View->render('ajax_single_mapping', [], true)
 3 APPPATH\Controllers\BillRegisterController.php(1497): view('ajax_single_mapping')
 4 SYSTEMPATH\CodeIgniter.php(904): App\Controllers\BillRegisterController->ajax_single_mapping()
 5 SYSTEMPATH\CodeIgniter.php(457): CodeIgniter\CodeIgniter->runController(Object(App\Controllers\BillRegisterController))
 6 SYSTEMPATH\CodeIgniter.php(340): CodeIgniter\CodeIgniter->handleRequest(null, Object(Config\Cache), false)
 7 FCPATH\index.php(67): CodeIgniter\CodeIgniter->run()
CRITICAL - 2025-01-11 09:10:55 --> Invalid file: ajax_single_mapping.php
in SYSTEMPATH\Exceptions\FrameworkException.php on line 33.
 1 SYSTEMPATH\View\View.php(201): CodeIgniter\Exceptions\FrameworkException::forInvalidFile('ajax_single_mapping.php')
 2 SYSTEMPATH\Common.php(1137): CodeIgniter\View\View->render('ajax_single_mapping', [], true)
 3 APPPATH\Controllers\BillRegisterController.php(1497): view('ajax_single_mapping')
 4 SYSTEMPATH\CodeIgniter.php(904): App\Controllers\BillRegisterController->ajax_single_mapping()
 5 SYSTEMPATH\CodeIgniter.php(457): CodeIgniter\CodeIgniter->runController(Object(App\Controllers\BillRegisterController))
 6 SYSTEMPATH\CodeIgniter.php(340): CodeIgniter\CodeIgniter->handleRequest(null, Object(Config\Cache), false)
 7 FCPATH\index.php(67): CodeIgniter\CodeIgniter->run()
CRITICAL - 2025-01-11 09:12:02 --> Invalid file: ajax_single_mapping.php
in SYSTEMPATH\Exceptions\FrameworkException.php on line 33.
 1 SYSTEMPATH\View\View.php(201): CodeIgniter\Exceptions\FrameworkException::forInvalidFile('ajax_single_mapping.php')
 2 SYSTEMPATH\Common.php(1137): CodeIgniter\View\View->render('ajax_single_mapping', [], true)
 3 APPPATH\Controllers\BillRegisterController.php(1497): view('ajax_single_mapping')
 4 SYSTEMPATH\CodeIgniter.php(904): App\Controllers\BillRegisterController->ajax_single_mapping()
 5 SYSTEMPATH\CodeIgniter.php(457): CodeIgniter\CodeIgniter->runController(Object(App\Controllers\BillRegisterController))
 6 SYSTEMPATH\CodeIgniter.php(340): CodeIgniter\CodeIgniter->handleRequest(null, Object(Config\Cache), false)
 7 FCPATH\index.php(67): CodeIgniter\CodeIgniter->run()
CRITICAL - 2025-01-11 09:33:54 --> Invalid file: ajax_single_mapping.php
in SYSTEMPATH\Exceptions\FrameworkException.php on line 33.
 1 SYSTEMPATH\View\View.php(201): CodeIgniter\Exceptions\FrameworkException::forInvalidFile('ajax_single_mapping.php')
 2 SYSTEMPATH\Common.php(1137): CodeIgniter\View\View->render('ajax_single_mapping', [], true)
 3 APPPATH\Controllers\BillRegisterController.php(1497): view('ajax_single_mapping')
 4 SYSTEMPATH\CodeIgniter.php(904): App\Controllers\BillRegisterController->ajax_single_mapping()
 5 SYSTEMPATH\CodeIgniter.php(457): CodeIgniter\CodeIgniter->runController(Object(App\Controllers\BillRegisterController))
 6 SYSTEMPATH\CodeIgniter.php(340): CodeIgniter\CodeIgniter->handleRequest(null, Object(Config\Cache), false)
 7 FCPATH\index.php(67): CodeIgniter\CodeIgniter->run()
CRITICAL - 2025-01-11 09:34:14 --> Invalid file: ajax_single_mapping.php
in SYSTEMPATH\Exceptions\FrameworkException.php on line 33.
 1 SYSTEMPATH\View\View.php(201): CodeIgniter\Exceptions\FrameworkException::forInvalidFile('ajax_single_mapping.php')
 2 SYSTEMPATH\Common.php(1137): CodeIgniter\View\View->render('ajax_single_mapping', [], true)
 3 APPPATH\Controllers\BillRegisterController.php(1497): view('ajax_single_mapping')
 4 SYSTEMPATH\CodeIgniter.php(904): App\Controllers\BillRegisterController->ajax_single_mapping()
 5 SYSTEMPATH\CodeIgniter.php(457): CodeIgniter\CodeIgniter->runController(Object(App\Controllers\BillRegisterController))
 6 SYSTEMPATH\CodeIgniter.php(340): CodeIgniter\CodeIgniter->handleRequest(null, Object(Config\Cache), false)
 7 FCPATH\index.php(67): CodeIgniter\CodeIgniter->run()
CRITICAL - 2025-01-11 09:34:35 --> Invalid file: ajax_single_mapping.php
in SYSTEMPATH\Exceptions\FrameworkException.php on line 33.
 1 SYSTEMPATH\View\View.php(201): CodeIgniter\Exceptions\FrameworkException::forInvalidFile('ajax_single_mapping.php')
 2 SYSTEMPATH\Common.php(1137): CodeIgniter\View\View->render('ajax_single_mapping', [], true)
 3 APPPATH\Controllers\BillRegisterController.php(1497): view('ajax_single_mapping')
 4 SYSTEMPATH\CodeIgniter.php(904): App\Controllers\BillRegisterController->ajax_single_mapping()
 5 SYSTEMPATH\CodeIgniter.php(457): CodeIgniter\CodeIgniter->runController(Object(App\Controllers\BillRegisterController))
 6 SYSTEMPATH\CodeIgniter.php(340): CodeIgniter\CodeIgniter->handleRequest(null, Object(Config\Cache), false)
 7 FCPATH\index.php(67): CodeIgniter\CodeIgniter->run()
CRITICAL - 2025-01-11 09:34:49 --> Invalid file: ajax_single_mapping.php
in SYSTEMPATH\Exceptions\FrameworkException.php on line 33.
 1 SYSTEMPATH\View\View.php(201): CodeIgniter\Exceptions\FrameworkException::forInvalidFile('ajax_single_mapping.php')
 2 SYSTEMPATH\Common.php(1137): CodeIgniter\View\View->render('ajax_single_mapping', [], true)
 3 APPPATH\Controllers\BillRegisterController.php(1497): view('ajax_single_mapping')
 4 SYSTEMPATH\CodeIgniter.php(904): App\Controllers\BillRegisterController->ajax_single_mapping()
 5 SYSTEMPATH\CodeIgniter.php(457): CodeIgniter\CodeIgniter->runController(Object(App\Controllers\BillRegisterController))
 6 SYSTEMPATH\CodeIgniter.php(340): CodeIgniter\CodeIgniter->handleRequest(null, Object(Config\Cache), false)
 7 FCPATH\index.php(67): CodeIgniter\CodeIgniter->run()
CRITICAL - 2025-01-11 09:35:53 --> Invalid file: ajax_single_mapping.php
in SYSTEMPATH\Exceptions\FrameworkException.php on line 33.
 1 SYSTEMPATH\View\View.php(201): CodeIgniter\Exceptions\FrameworkException::forInvalidFile('ajax_single_mapping.php')
 2 SYSTEMPATH\Common.php(1137): CodeIgniter\View\View->render('ajax_single_mapping', [], true)
 3 APPPATH\Controllers\BillRegisterController.php(1497): view('ajax_single_mapping')
 4 SYSTEMPATH\CodeIgniter.php(904): App\Controllers\BillRegisterController->ajax_single_mapping()
 5 SYSTEMPATH\CodeIgniter.php(457): CodeIgniter\CodeIgniter->runController(Object(App\Controllers\BillRegisterController))
 6 SYSTEMPATH\CodeIgniter.php(340): CodeIgniter\CodeIgniter->handleRequest(null, Object(Config\Cache), false)
 7 FCPATH\index.php(67): CodeIgniter\CodeIgniter->run()
CRITICAL - 2025-01-11 09:36:32 --> Invalid file: ajax_single_mapping.php
in SYSTEMPATH\Exceptions\FrameworkException.php on line 33.
 1 SYSTEMPATH\View\View.php(201): CodeIgniter\Exceptions\FrameworkException::forInvalidFile('ajax_single_mapping.php')
 2 SYSTEMPATH\Common.php(1137): CodeIgniter\View\View->render('ajax_single_mapping', [], true)
 3 APPPATH\Controllers\BillRegisterController.php(1497): view('ajax_single_mapping')
 4 SYSTEMPATH\CodeIgniter.php(904): App\Controllers\BillRegisterController->ajax_single_mapping()
 5 SYSTEMPATH\CodeIgniter.php(457): CodeIgniter\CodeIgniter->runController(Object(App\Controllers\BillRegisterController))
 6 SYSTEMPATH\CodeIgniter.php(340): CodeIgniter\CodeIgniter->handleRequest(null, Object(Config\Cache), false)
 7 FCPATH\index.php(67): CodeIgniter\CodeIgniter->run()
CRITICAL - 2025-01-11 09:36:53 --> Invalid file: ajax_single_mapping.php
in SYSTEMPATH\Exceptions\FrameworkException.php on line 33.
 1 SYSTEMPATH\View\View.php(201): CodeIgniter\Exceptions\FrameworkException::forInvalidFile('ajax_single_mapping.php')
 2 SYSTEMPATH\Common.php(1137): CodeIgniter\View\View->render('ajax_single_mapping', [], true)
 3 APPPATH\Controllers\BillRegisterController.php(1497): view('ajax_single_mapping')
 4 SYSTEMPATH\CodeIgniter.php(904): App\Controllers\BillRegisterController->ajax_single_mapping()
 5 SYSTEMPATH\CodeIgniter.php(457): CodeIgniter\CodeIgniter->runController(Object(App\Controllers\BillRegisterController))
 6 SYSTEMPATH\CodeIgniter.php(340): CodeIgniter\CodeIgniter->handleRequest(null, Object(Config\Cache), false)
 7 FCPATH\index.php(67): CodeIgniter\CodeIgniter->run()
CRITICAL - 2025-01-11 09:37:35 --> Invalid file: ajax_single_mapping.php
in SYSTEMPATH\Exceptions\FrameworkException.php on line 33.
 1 SYSTEMPATH\View\View.php(201): CodeIgniter\Exceptions\FrameworkException::forInvalidFile('ajax_single_mapping.php')
 2 SYSTEMPATH\Common.php(1137): CodeIgniter\View\View->render('ajax_single_mapping', [], true)
 3 APPPATH\Controllers\BillRegisterController.php(1497): view('ajax_single_mapping')
 4 SYSTEMPATH\CodeIgniter.php(904): App\Controllers\BillRegisterController->ajax_single_mapping()
 5 SYSTEMPATH\CodeIgniter.php(457): CodeIgniter\CodeIgniter->runController(Object(App\Controllers\BillRegisterController))
 6 SYSTEMPATH\CodeIgniter.php(340): CodeIgniter\CodeIgniter->handleRequest(null, Object(Config\Cache), false)
 7 FCPATH\index.php(67): CodeIgniter\CodeIgniter->run()
CRITICAL - 2025-01-11 09:43:06 --> Invalid file: ajax_single_mapping.php
in SYSTEMPATH\Exceptions\FrameworkException.php on line 33.
 1 SYSTEMPATH\View\View.php(201): CodeIgniter\Exceptions\FrameworkException::forInvalidFile('ajax_single_mapping.php')
 2 SYSTEMPATH\Common.php(1137): CodeIgniter\View\View->render('ajax_single_mapping', [], true)
 3 APPPATH\Controllers\BillRegisterController.php(1497): view('ajax_single_mapping')
 4 SYSTEMPATH\CodeIgniter.php(904): App\Controllers\BillRegisterController->ajax_single_mapping()
 5 SYSTEMPATH\CodeIgniter.php(457): CodeIgniter\CodeIgniter->runController(Object(App\Controllers\BillRegisterController))
 6 SYSTEMPATH\CodeIgniter.php(340): CodeIgniter\CodeIgniter->handleRequest(null, Object(Config\Cache), false)
 7 FCPATH\index.php(67): CodeIgniter\CodeIgniter->run()
CRITICAL - 2025-01-11 09:45:05 --> Invalid file: ajax_single_mapping.php
in SYSTEMPATH\Exceptions\FrameworkException.php on line 33.
 1 SYSTEMPATH\View\View.php(201): CodeIgniter\Exceptions\FrameworkException::forInvalidFile('ajax_single_mapping.php')
 2 SYSTEMPATH\Common.php(1137): CodeIgniter\View\View->render('ajax_single_mapping', [], true)
 3 APPPATH\Controllers\BillRegisterController.php(1497): view('ajax_single_mapping')
 4 SYSTEMPATH\CodeIgniter.php(904): App\Controllers\BillRegisterController->ajax_single_mapping()
 5 SYSTEMPATH\CodeIgniter.php(457): CodeIgniter\CodeIgniter->runController(Object(App\Controllers\BillRegisterController))
 6 SYSTEMPATH\CodeIgniter.php(340): CodeIgniter\CodeIgniter->handleRequest(null, Object(Config\Cache), false)
 7 FCPATH\index.php(67): CodeIgniter\CodeIgniter->run()
CRITICAL - 2025-01-11 09:46:07 --> Invalid file: ajax_single_mapping.php
in SYSTEMPATH\Exceptions\FrameworkException.php on line 33.
 1 SYSTEMPATH\View\View.php(201): CodeIgniter\Exceptions\FrameworkException::forInvalidFile('ajax_single_mapping.php')
 2 SYSTEMPATH\Common.php(1137): CodeIgniter\View\View->render('ajax_single_mapping', [], true)
 3 APPPATH\Controllers\BillRegisterController.php(1497): view('ajax_single_mapping')
 4 SYSTEMPATH\CodeIgniter.php(904): App\Controllers\BillRegisterController->ajax_single_mapping()
 5 SYSTEMPATH\CodeIgniter.php(457): CodeIgniter\CodeIgniter->runController(Object(App\Controllers\BillRegisterController))
 6 SYSTEMPATH\CodeIgniter.php(340): CodeIgniter\CodeIgniter->handleRequest(null, Object(Config\Cache), false)
 7 FCPATH\index.php(67): CodeIgniter\CodeIgniter->run()
CRITICAL - 2025-01-11 09:46:43 --> Invalid file: ajax_single_mapping.php
in SYSTEMPATH\Exceptions\FrameworkException.php on line 33.
 1 SYSTEMPATH\View\View.php(201): CodeIgniter\Exceptions\FrameworkException::forInvalidFile('ajax_single_mapping.php')
 2 SYSTEMPATH\Common.php(1137): CodeIgniter\View\View->render('ajax_single_mapping', [], true)
 3 APPPATH\Controllers\BillRegisterController.php(1497): view('ajax_single_mapping')
 4 SYSTEMPATH\CodeIgniter.php(904): App\Controllers\BillRegisterController->ajax_single_mapping()
 5 SYSTEMPATH\CodeIgniter.php(457): CodeIgniter\CodeIgniter->runController(Object(App\Controllers\BillRegisterController))
 6 SYSTEMPATH\CodeIgniter.php(340): CodeIgniter\CodeIgniter->handleRequest(null, Object(Config\Cache), false)
 7 FCPATH\index.php(67): CodeIgniter\CodeIgniter->run()
CRITICAL - 2025-01-11 09:47:20 --> Invalid file: ajax_single_mapping.php
in SYSTEMPATH\Exceptions\FrameworkException.php on line 33.
 1 SYSTEMPATH\View\View.php(201): CodeIgniter\Exceptions\FrameworkException::forInvalidFile('ajax_single_mapping.php')
 2 SYSTEMPATH\Common.php(1137): CodeIgniter\View\View->render('ajax_single_mapping', [], true)
 3 APPPATH\Controllers\BillRegisterController.php(1497): view('ajax_single_mapping')
 4 SYSTEMPATH\CodeIgniter.php(904): App\Controllers\BillRegisterController->ajax_single_mapping()
 5 SYSTEMPATH\CodeIgniter.php(457): CodeIgniter\CodeIgniter->runController(Object(App\Controllers\BillRegisterController))
 6 SYSTEMPATH\CodeIgniter.php(340): CodeIgniter\CodeIgniter->handleRequest(null, Object(Config\Cache), false)
 7 FCPATH\index.php(67): CodeIgniter\CodeIgniter->run()
CRITICAL - 2025-01-11 09:48:36 --> Invalid file: ajax_single_mapping.php
in SYSTEMPATH\Exceptions\FrameworkException.php on line 33.
 1 SYSTEMPATH\View\View.php(201): CodeIgniter\Exceptions\FrameworkException::forInvalidFile('ajax_single_mapping.php')
 2 SYSTEMPATH\Common.php(1137): CodeIgniter\View\View->render('ajax_single_mapping', [], true)
 3 APPPATH\Controllers\BillRegisterController.php(1497): view('ajax_single_mapping')
 4 SYSTEMPATH\CodeIgniter.php(904): App\Controllers\BillRegisterController->ajax_single_mapping()
 5 SYSTEMPATH\CodeIgniter.php(457): CodeIgniter\CodeIgniter->runController(Object(App\Controllers\BillRegisterController))
 6 SYSTEMPATH\CodeIgniter.php(340): CodeIgniter\CodeIgniter->handleRequest(null, Object(Config\Cache), false)
 7 FCPATH\index.php(67): CodeIgniter\CodeIgniter->run()
CRITICAL - 2025-01-11 09:49:29 --> Invalid file: ajax_single_mapping.php
in SYSTEMPATH\Exceptions\FrameworkException.php on line 33.
 1 SYSTEMPATH\View\View.php(201): CodeIgniter\Exceptions\FrameworkException::forInvalidFile('ajax_single_mapping.php')
 2 SYSTEMPATH\Common.php(1137): CodeIgniter\View\View->render('ajax_single_mapping', [], true)
 3 APPPATH\Controllers\BillRegisterController.php(1497): view('ajax_single_mapping')
 4 SYSTEMPATH\CodeIgniter.php(904): App\Controllers\BillRegisterController->ajax_single_mapping()
 5 SYSTEMPATH\CodeIgniter.php(457): CodeIgniter\CodeIgniter->runController(Object(App\Controllers\BillRegisterController))
 6 SYSTEMPATH\CodeIgniter.php(340): CodeIgniter\CodeIgniter->handleRequest(null, Object(Config\Cache), false)
 7 FCPATH\index.php(67): CodeIgniter\CodeIgniter->run()
CRITICAL - 2025-01-11 09:50:09 --> Invalid file: ajax_single_mapping.php
in SYSTEMPATH\Exceptions\FrameworkException.php on line 33.
 1 SYSTEMPATH\View\View.php(201): CodeIgniter\Exceptions\FrameworkException::forInvalidFile('ajax_single_mapping.php')
 2 SYSTEMPATH\Common.php(1137): CodeIgniter\View\View->render('ajax_single_mapping', [], true)
 3 APPPATH\Controllers\BillRegisterController.php(1497): view('ajax_single_mapping')
 4 SYSTEMPATH\CodeIgniter.php(904): App\Controllers\BillRegisterController->ajax_single_mapping()
 5 SYSTEMPATH\CodeIgniter.php(457): CodeIgniter\CodeIgniter->runController(Object(App\Controllers\BillRegisterController))
 6 SYSTEMPATH\CodeIgniter.php(340): CodeIgniter\CodeIgniter->handleRequest(null, Object(Config\Cache), false)
 7 FCPATH\index.php(67): CodeIgniter\CodeIgniter->run()
CRITICAL - 2025-01-11 09:51:22 --> Invalid file: ajax_single_mapping.php
in SYSTEMPATH\Exceptions\FrameworkException.php on line 33.
 1 SYSTEMPATH\View\View.php(201): CodeIgniter\Exceptions\FrameworkException::forInvalidFile('ajax_single_mapping.php')
 2 SYSTEMPATH\Common.php(1137): CodeIgniter\View\View->render('ajax_single_mapping', [], true)
 3 APPPATH\Controllers\BillRegisterController.php(1497): view('ajax_single_mapping')
 4 SYSTEMPATH\CodeIgniter.php(904): App\Controllers\BillRegisterController->ajax_single_mapping()
 5 SYSTEMPATH\CodeIgniter.php(457): CodeIgniter\CodeIgniter->runController(Object(App\Controllers\BillRegisterController))
 6 SYSTEMPATH\CodeIgniter.php(340): CodeIgniter\CodeIgniter->handleRequest(null, Object(Config\Cache), false)
 7 FCPATH\index.php(67): CodeIgniter\CodeIgniter->run()
CRITICAL - 2025-01-11 09:52:00 --> Invalid file: ajax_single_mapping.php
in SYSTEMPATH\Exceptions\FrameworkException.php on line 33.
 1 SYSTEMPATH\View\View.php(201): CodeIgniter\Exceptions\FrameworkException::forInvalidFile('ajax_single_mapping.php')
 2 SYSTEMPATH\Common.php(1137): CodeIgniter\View\View->render('ajax_single_mapping', [], true)
 3 APPPATH\Controllers\BillRegisterController.php(1497): view('ajax_single_mapping')
 4 SYSTEMPATH\CodeIgniter.php(904): App\Controllers\BillRegisterController->ajax_single_mapping()
 5 SYSTEMPATH\CodeIgniter.php(457): CodeIgniter\CodeIgniter->runController(Object(App\Controllers\BillRegisterController))
 6 SYSTEMPATH\CodeIgniter.php(340): CodeIgniter\CodeIgniter->handleRequest(null, Object(Config\Cache), false)
 7 FCPATH\index.php(67): CodeIgniter\CodeIgniter->run()
CRITICAL - 2025-01-11 09:52:47 --> Invalid file: ajax_single_mapping.php
in SYSTEMPATH\Exceptions\FrameworkException.php on line 33.
 1 SYSTEMPATH\View\View.php(201): CodeIgniter\Exceptions\FrameworkException::forInvalidFile('ajax_single_mapping.php')
 2 SYSTEMPATH\Common.php(1137): CodeIgniter\View\View->render('ajax_single_mapping', [], true)
 3 APPPATH\Controllers\BillRegisterController.php(1497): view('ajax_single_mapping')
 4 SYSTEMPATH\CodeIgniter.php(904): App\Controllers\BillRegisterController->ajax_single_mapping()
 5 SYSTEMPATH\CodeIgniter.php(457): CodeIgniter\CodeIgniter->runController(Object(App\Controllers\BillRegisterController))
 6 SYSTEMPATH\CodeIgniter.php(340): CodeIgniter\CodeIgniter->handleRequest(null, Object(Config\Cache), false)
 7 FCPATH\index.php(67): CodeIgniter\CodeIgniter->run()
CRITICAL - 2025-01-11 09:53:31 --> Invalid file: ajax_single_mapping.php
in SYSTEMPATH\Exceptions\FrameworkException.php on line 33.
 1 SYSTEMPATH\View\View.php(201): CodeIgniter\Exceptions\FrameworkException::forInvalidFile('ajax_single_mapping.php')
 2 SYSTEMPATH\Common.php(1137): CodeIgniter\View\View->render('ajax_single_mapping', [], true)
 3 APPPATH\Controllers\BillRegisterController.php(1497): view('ajax_single_mapping')
 4 SYSTEMPATH\CodeIgniter.php(904): App\Controllers\BillRegisterController->ajax_single_mapping()
 5 SYSTEMPATH\CodeIgniter.php(457): CodeIgniter\CodeIgniter->runController(Object(App\Controllers\BillRegisterController))
 6 SYSTEMPATH\CodeIgniter.php(340): CodeIgniter\CodeIgniter->handleRequest(null, Object(Config\Cache), false)
 7 FCPATH\index.php(67): CodeIgniter\CodeIgniter->run()
CRITICAL - 2025-01-11 09:54:07 --> Invalid file: ajax_single_mapping.php
in SYSTEMPATH\Exceptions\FrameworkException.php on line 33.
 1 SYSTEMPATH\View\View.php(201): CodeIgniter\Exceptions\FrameworkException::forInvalidFile('ajax_single_mapping.php')
 2 SYSTEMPATH\Common.php(1137): CodeIgniter\View\View->render('ajax_single_mapping', [], true)
 3 APPPATH\Controllers\BillRegisterController.php(1497): view('ajax_single_mapping')
 4 SYSTEMPATH\CodeIgniter.php(904): App\Controllers\BillRegisterController->ajax_single_mapping()
 5 SYSTEMPATH\CodeIgniter.php(457): CodeIgniter\CodeIgniter->runController(Object(App\Controllers\BillRegisterController))
 6 SYSTEMPATH\CodeIgniter.php(340): CodeIgniter\CodeIgniter->handleRequest(null, Object(Config\Cache), false)
 7 FCPATH\index.php(67): CodeIgniter\CodeIgniter->run()
CRITICAL - 2025-01-11 09:54:57 --> Invalid file: ajax_single_mapping.php
in SYSTEMPATH\Exceptions\FrameworkException.php on line 33.
 1 SYSTEMPATH\View\View.php(201): CodeIgniter\Exceptions\FrameworkException::forInvalidFile('ajax_single_mapping.php')
 2 SYSTEMPATH\Common.php(1137): CodeIgniter\View\View->render('ajax_single_mapping', [], true)
 3 APPPATH\Controllers\BillRegisterController.php(1497): view('ajax_single_mapping')
 4 SYSTEMPATH\CodeIgniter.php(904): App\Controllers\BillRegisterController->ajax_single_mapping()
 5 SYSTEMPATH\CodeIgniter.php(457): CodeIgniter\CodeIgniter->runController(Object(App\Controllers\BillRegisterController))
 6 SYSTEMPATH\CodeIgniter.php(340): CodeIgniter\CodeIgniter->handleRequest(null, Object(Config\Cache), false)
 7 FCPATH\index.php(67): CodeIgniter\CodeIgniter->run()
CRITICAL - 2025-01-11 09:55:40 --> Invalid file: ajax_single_mapping.php
in SYSTEMPATH\Exceptions\FrameworkException.php on line 33.
 1 SYSTEMPATH\View\View.php(201): CodeIgniter\Exceptions\FrameworkException::forInvalidFile('ajax_single_mapping.php')
 2 SYSTEMPATH\Common.php(1137): CodeIgniter\View\View->render('ajax_single_mapping', [], true)
 3 APPPATH\Controllers\BillRegisterController.php(1497): view('ajax_single_mapping')
 4 SYSTEMPATH\CodeIgniter.php(904): App\Controllers\BillRegisterController->ajax_single_mapping()
 5 SYSTEMPATH\CodeIgniter.php(457): CodeIgniter\CodeIgniter->runController(Object(App\Controllers\BillRegisterController))
 6 SYSTEMPATH\CodeIgniter.php(340): CodeIgniter\CodeIgniter->handleRequest(null, Object(Config\Cache), false)
 7 FCPATH\index.php(67): CodeIgniter\CodeIgniter->run()
CRITICAL - 2025-01-11 09:56:15 --> Invalid file: ajax_single_mapping.php
in SYSTEMPATH\Exceptions\FrameworkException.php on line 33.
 1 SYSTEMPATH\View\View.php(201): CodeIgniter\Exceptions\FrameworkException::forInvalidFile('ajax_single_mapping.php')
 2 SYSTEMPATH\Common.php(1137): CodeIgniter\View\View->render('ajax_single_mapping', [], true)
 3 APPPATH\Controllers\BillRegisterController.php(1497): view('ajax_single_mapping')
 4 SYSTEMPATH\CodeIgniter.php(904): App\Controllers\BillRegisterController->ajax_single_mapping()
 5 SYSTEMPATH\CodeIgniter.php(457): CodeIgniter\CodeIgniter->runController(Object(App\Controllers\BillRegisterController))
 6 SYSTEMPATH\CodeIgniter.php(340): CodeIgniter\CodeIgniter->handleRequest(null, Object(Config\Cache), false)
 7 FCPATH\index.php(67): CodeIgniter\CodeIgniter->run()
CRITICAL - 2025-01-11 09:56:50 --> Invalid file: ajax_single_mapping.php
in SYSTEMPATH\Exceptions\FrameworkException.php on line 33.
 1 SYSTEMPATH\View\View.php(201): CodeIgniter\Exceptions\FrameworkException::forInvalidFile('ajax_single_mapping.php')
 2 SYSTEMPATH\Common.php(1137): CodeIgniter\View\View->render('ajax_single_mapping', [], true)
 3 APPPATH\Controllers\BillRegisterController.php(1497): view('ajax_single_mapping')
 4 SYSTEMPATH\CodeIgniter.php(904): App\Controllers\BillRegisterController->ajax_single_mapping()
 5 SYSTEMPATH\CodeIgniter.php(457): CodeIgniter\CodeIgniter->runController(Object(App\Controllers\BillRegisterController))
 6 SYSTEMPATH\CodeIgniter.php(340): CodeIgniter\CodeIgniter->handleRequest(null, Object(Config\Cache), false)
 7 FCPATH\index.php(67): CodeIgniter\CodeIgniter->run()
CRITICAL - 2025-01-11 09:57:30 --> Invalid file: ajax_single_mapping.php
in SYSTEMPATH\Exceptions\FrameworkException.php on line 33.
 1 SYSTEMPATH\View\View.php(201): CodeIgniter\Exceptions\FrameworkException::forInvalidFile('ajax_single_mapping.php')
 2 SYSTEMPATH\Common.php(1137): CodeIgniter\View\View->render('ajax_single_mapping', [], true)
 3 APPPATH\Controllers\BillRegisterController.php(1497): view('ajax_single_mapping')
 4 SYSTEMPATH\CodeIgniter.php(904): App\Controllers\BillRegisterController->ajax_single_mapping()
 5 SYSTEMPATH\CodeIgniter.php(457): CodeIgniter\CodeIgniter->runController(Object(App\Controllers\BillRegisterController))
 6 SYSTEMPATH\CodeIgniter.php(340): CodeIgniter\CodeIgniter->handleRequest(null, Object(Config\Cache), false)
 7 FCPATH\index.php(67): CodeIgniter\CodeIgniter->run()
CRITICAL - 2025-01-11 09:58:15 --> Invalid file: ajax_single_mapping.php
in SYSTEMPATH\Exceptions\FrameworkException.php on line 33.
 1 SYSTEMPATH\View\View.php(201): CodeIgniter\Exceptions\FrameworkException::forInvalidFile('ajax_single_mapping.php')
 2 SYSTEMPATH\Common.php(1137): CodeIgniter\View\View->render('ajax_single_mapping', [], true)
 3 APPPATH\Controllers\BillRegisterController.php(1497): view('ajax_single_mapping')
 4 SYSTEMPATH\CodeIgniter.php(904): App\Controllers\BillRegisterController->ajax_single_mapping()
 5 SYSTEMPATH\CodeIgniter.php(457): CodeIgniter\CodeIgniter->runController(Object(App\Controllers\BillRegisterController))
 6 SYSTEMPATH\CodeIgniter.php(340): CodeIgniter\CodeIgniter->handleRequest(null, Object(Config\Cache), false)
 7 FCPATH\index.php(67): CodeIgniter\CodeIgniter->run()
CRITICAL - 2025-01-11 10:20:47 --> Invalid file: ajax_single_mapping.php
in SYSTEMPATH\Exceptions\FrameworkException.php on line 33.
 1 SYSTEMPATH\View\View.php(201): CodeIgniter\Exceptions\FrameworkException::forInvalidFile('ajax_single_mapping.php')
 2 SYSTEMPATH\Common.php(1137): CodeIgniter\View\View->render('ajax_single_mapping', [], true)
 3 APPPATH\Controllers\BillRegisterController.php(1497): view('ajax_single_mapping')
 4 SYSTEMPATH\CodeIgniter.php(904): App\Controllers\BillRegisterController->ajax_single_mapping()
 5 SYSTEMPATH\CodeIgniter.php(457): CodeIgniter\CodeIgniter->runController(Object(App\Controllers\BillRegisterController))
 6 SYSTEMPATH\CodeIgniter.php(340): CodeIgniter\CodeIgniter->handleRequest(null, Object(Config\Cache), false)
 7 FCPATH\index.php(67): CodeIgniter\CodeIgniter->run()
CRITICAL - 2025-01-11 11:21:09 --> Invalid file: ajax_single_mapping.php
in SYSTEMPATH\Exceptions\FrameworkException.php on line 33.
 1 SYSTEMPATH\View\View.php(201): CodeIgniter\Exceptions\FrameworkException::forInvalidFile('ajax_single_mapping.php')
 2 SYSTEMPATH\Common.php(1137): CodeIgniter\View\View->render('ajax_single_mapping', [], true)
 3 APPPATH\Controllers\BillRegisterController.php(1497): view('ajax_single_mapping')
 4 SYSTEMPATH\CodeIgniter.php(904): App\Controllers\BillRegisterController->ajax_single_mapping()
 5 SYSTEMPATH\CodeIgniter.php(457): CodeIgniter\CodeIgniter->runController(Object(App\Controllers\BillRegisterController))
 6 SYSTEMPATH\CodeIgniter.php(340): CodeIgniter\CodeIgniter->handleRequest(null, Object(Config\Cache), false)
 7 FCPATH\index.php(67): CodeIgniter\CodeIgniter->run()
CRITICAL - 2025-01-11 11:27:04 --> Invalid file: ajax_single_mapping.php
in SYSTEMPATH\Exceptions\FrameworkException.php on line 33.
 1 SYSTEMPATH\View\View.php(201): CodeIgniter\Exceptions\FrameworkException::forInvalidFile('ajax_single_mapping.php')
 2 SYSTEMPATH\Common.php(1137): CodeIgniter\View\View->render('ajax_single_mapping', [], true)
 3 APPPATH\Controllers\BillRegisterController.php(1497): view('ajax_single_mapping')
 4 SYSTEMPATH\CodeIgniter.php(904): App\Controllers\BillRegisterController->ajax_single_mapping()
 5 SYSTEMPATH\CodeIgniter.php(457): CodeIgniter\CodeIgniter->runController(Object(App\Controllers\BillRegisterController))
 6 SYSTEMPATH\CodeIgniter.php(340): CodeIgniter\CodeIgniter->handleRequest(null, Object(Config\Cache), false)
 7 FCPATH\index.php(67): CodeIgniter\CodeIgniter->run()
CRITICAL - 2025-01-11 11:28:04 --> Invalid file: ajax_single_mapping.php
in SYSTEMPATH\Exceptions\FrameworkException.php on line 33.
 1 SYSTEMPATH\View\View.php(201): CodeIgniter\Exceptions\FrameworkException::forInvalidFile('ajax_single_mapping.php')
 2 SYSTEMPATH\Common.php(1137): CodeIgniter\View\View->render('ajax_single_mapping', [], true)
 3 APPPATH\Controllers\BillRegisterController.php(1497): view('ajax_single_mapping')
 4 SYSTEMPATH\CodeIgniter.php(904): App\Controllers\BillRegisterController->ajax_single_mapping()
 5 SYSTEMPATH\CodeIgniter.php(457): CodeIgniter\CodeIgniter->runController(Object(App\Controllers\BillRegisterController))
 6 SYSTEMPATH\CodeIgniter.php(340): CodeIgniter\CodeIgniter->handleRequest(null, Object(Config\Cache), false)
 7 FCPATH\index.php(67): CodeIgniter\CodeIgniter->run()
CRITICAL - 2025-01-11 11:28:45 --> Invalid file: ajax_single_mapping.php
in SYSTEMPATH\Exceptions\FrameworkException.php on line 33.
 1 SYSTEMPATH\View\View.php(201): CodeIgniter\Exceptions\FrameworkException::forInvalidFile('ajax_single_mapping.php')
 2 SYSTEMPATH\Common.php(1137): CodeIgniter\View\View->render('ajax_single_mapping', [], true)
 3 APPPATH\Controllers\BillRegisterController.php(1497): view('ajax_single_mapping')
 4 SYSTEMPATH\CodeIgniter.php(904): App\Controllers\BillRegisterController->ajax_single_mapping()
 5 SYSTEMPATH\CodeIgniter.php(457): CodeIgniter\CodeIgniter->runController(Object(App\Controllers\BillRegisterController))
 6 SYSTEMPATH\CodeIgniter.php(340): CodeIgniter\CodeIgniter->handleRequest(null, Object(Config\Cache), false)
 7 FCPATH\index.php(67): CodeIgniter\CodeIgniter->run()
CRITICAL - 2025-01-11 11:29:27 --> Invalid file: ajax_single_mapping.php
in SYSTEMPATH\Exceptions\FrameworkException.php on line 33.
 1 SYSTEMPATH\View\View.php(201): CodeIgniter\Exceptions\FrameworkException::forInvalidFile('ajax_single_mapping.php')
 2 SYSTEMPATH\Common.php(1137): CodeIgniter\View\View->render('ajax_single_mapping', [], true)
 3 APPPATH\Controllers\BillRegisterController.php(1497): view('ajax_single_mapping')
 4 SYSTEMPATH\CodeIgniter.php(904): App\Controllers\BillRegisterController->ajax_single_mapping()
 5 SYSTEMPATH\CodeIgniter.php(457): CodeIgniter\CodeIgniter->runController(Object(App\Controllers\BillRegisterController))
 6 SYSTEMPATH\CodeIgniter.php(340): CodeIgniter\CodeIgniter->handleRequest(null, Object(Config\Cache), false)
 7 FCPATH\index.php(67): CodeIgniter\CodeIgniter->run()
CRITICAL - 2025-01-11 11:29:35 --> Invalid file: ajax_single_mapping.php
in SYSTEMPATH\Exceptions\FrameworkException.php on line 33.
 1 SYSTEMPATH\View\View.php(201): CodeIgniter\Exceptions\FrameworkException::forInvalidFile('ajax_single_mapping.php')
 2 SYSTEMPATH\Common.php(1137): CodeIgniter\View\View->render('ajax_single_mapping', [], true)
 3 APPPATH\Controllers\BillRegisterController.php(1497): view('ajax_single_mapping')
 4 SYSTEMPATH\CodeIgniter.php(904): App\Controllers\BillRegisterController->ajax_single_mapping()
 5 SYSTEMPATH\CodeIgniter.php(457): CodeIgniter\CodeIgniter->runController(Object(App\Controllers\BillRegisterController))
 6 SYSTEMPATH\CodeIgniter.php(340): CodeIgniter\CodeIgniter->handleRequest(null, Object(Config\Cache), false)
 7 FCPATH\index.php(67): CodeIgniter\CodeIgniter->run()
CRITICAL - 2025-01-11 11:34:51 --> Invalid file: ajax_single_mapping.php
in SYSTEMPATH\Exceptions\FrameworkException.php on line 33.
 1 SYSTEMPATH\View\View.php(201): CodeIgniter\Exceptions\FrameworkException::forInvalidFile('ajax_single_mapping.php')
 2 SYSTEMPATH\Common.php(1137): CodeIgniter\View\View->render('ajax_single_mapping', [], true)
 3 APPPATH\Controllers\BillRegisterController.php(1497): view('ajax_single_mapping')
 4 SYSTEMPATH\CodeIgniter.php(904): App\Controllers\BillRegisterController->ajax_single_mapping()
 5 SYSTEMPATH\CodeIgniter.php(457): CodeIgniter\CodeIgniter->runController(Object(App\Controllers\BillRegisterController))
 6 SYSTEMPATH\CodeIgniter.php(340): CodeIgniter\CodeIgniter->handleRequest(null, Object(Config\Cache), false)
 7 FCPATH\index.php(67): CodeIgniter\CodeIgniter->run()
CRITICAL - 2025-01-11 11:35:59 --> Invalid file: ajax_single_mapping.php
in SYSTEMPATH\Exceptions\FrameworkException.php on line 33.
 1 SYSTEMPATH\View\View.php(201): CodeIgniter\Exceptions\FrameworkException::forInvalidFile('ajax_single_mapping.php')
 2 SYSTEMPATH\Common.php(1137): CodeIgniter\View\View->render('ajax_single_mapping', [], true)
 3 APPPATH\Controllers\BillRegisterController.php(1497): view('ajax_single_mapping')
 4 SYSTEMPATH\CodeIgniter.php(904): App\Controllers\BillRegisterController->ajax_single_mapping()
 5 SYSTEMPATH\CodeIgniter.php(457): CodeIgniter\CodeIgniter->runController(Object(App\Controllers\BillRegisterController))
 6 SYSTEMPATH\CodeIgniter.php(340): CodeIgniter\CodeIgniter->handleRequest(null, Object(Config\Cache), false)
 7 FCPATH\index.php(67): CodeIgniter\CodeIgniter->run()
CRITICAL - 2025-01-11 11:36:29 --> Invalid file: ajax_single_mapping.php
in SYSTEMPATH\Exceptions\FrameworkException.php on line 33.
 1 SYSTEMPATH\View\View.php(201): CodeIgniter\Exceptions\FrameworkException::forInvalidFile('ajax_single_mapping.php')
 2 SYSTEMPATH\Common.php(1137): CodeIgniter\View\View->render('ajax_single_mapping', [], true)
 3 APPPATH\Controllers\BillRegisterController.php(1497): view('ajax_single_mapping')
 4 SYSTEMPATH\CodeIgniter.php(904): App\Controllers\BillRegisterController->ajax_single_mapping()
 5 SYSTEMPATH\CodeIgniter.php(457): CodeIgniter\CodeIgniter->runController(Object(App\Controllers\BillRegisterController))
 6 SYSTEMPATH\CodeIgniter.php(340): CodeIgniter\CodeIgniter->handleRequest(null, Object(Config\Cache), false)
 7 FCPATH\index.php(67): CodeIgniter\CodeIgniter->run()
CRITICAL - 2025-01-11 11:36:48 --> Invalid file: ajax_single_mapping.php
in SYSTEMPATH\Exceptions\FrameworkException.php on line 33.
 1 SYSTEMPATH\View\View.php(201): CodeIgniter\Exceptions\FrameworkException::forInvalidFile('ajax_single_mapping.php')
 2 SYSTEMPATH\Common.php(1137): CodeIgniter\View\View->render('ajax_single_mapping', [], true)
 3 APPPATH\Controllers\BillRegisterController.php(1497): view('ajax_single_mapping')
 4 SYSTEMPATH\CodeIgniter.php(904): App\Controllers\BillRegisterController->ajax_single_mapping()
 5 SYSTEMPATH\CodeIgniter.php(457): CodeIgniter\CodeIgniter->runController(Object(App\Controllers\BillRegisterController))
 6 SYSTEMPATH\CodeIgniter.php(340): CodeIgniter\CodeIgniter->handleRequest(null, Object(Config\Cache), false)
 7 FCPATH\index.php(67): CodeIgniter\CodeIgniter->run()
CRITICAL - 2025-01-11 11:37:25 --> Invalid file: ajax_single_mapping.php
in SYSTEMPATH\Exceptions\FrameworkException.php on line 33.
 1 SYSTEMPATH\View\View.php(201): CodeIgniter\Exceptions\FrameworkException::forInvalidFile('ajax_single_mapping.php')
 2 SYSTEMPATH\Common.php(1137): CodeIgniter\View\View->render('ajax_single_mapping', [], true)
 3 APPPATH\Controllers\BillRegisterController.php(1497): view('ajax_single_mapping')
 4 SYSTEMPATH\CodeIgniter.php(904): App\Controllers\BillRegisterController->ajax_single_mapping()
 5 SYSTEMPATH\CodeIgniter.php(457): CodeIgniter\CodeIgniter->runController(Object(App\Controllers\BillRegisterController))
 6 SYSTEMPATH\CodeIgniter.php(340): CodeIgniter\CodeIgniter->handleRequest(null, Object(Config\Cache), false)
 7 FCPATH\index.php(67): CodeIgniter\CodeIgniter->run()
CRITICAL - 2025-01-11 11:37:39 --> Invalid file: ajax_single_mapping.php
in SYSTEMPATH\Exceptions\FrameworkException.php on line 33.
 1 SYSTEMPATH\View\View.php(201): CodeIgniter\Exceptions\FrameworkException::forInvalidFile('ajax_single_mapping.php')
 2 SYSTEMPATH\Common.php(1137): CodeIgniter\View\View->render('ajax_single_mapping', [], true)
 3 APPPATH\Controllers\BillRegisterController.php(1497): view('ajax_single_mapping')
 4 SYSTEMPATH\CodeIgniter.php(904): App\Controllers\BillRegisterController->ajax_single_mapping()
 5 SYSTEMPATH\CodeIgniter.php(457): CodeIgniter\CodeIgniter->runController(Object(App\Controllers\BillRegisterController))
 6 SYSTEMPATH\CodeIgniter.php(340): CodeIgniter\CodeIgniter->handleRequest(null, Object(Config\Cache), false)
 7 FCPATH\index.php(67): CodeIgniter\CodeIgniter->run()
CRITICAL - 2025-01-11 11:39:45 --> Invalid file: ajax_single_mapping.php
in SYSTEMPATH\Exceptions\FrameworkException.php on line 33.
 1 SYSTEMPATH\View\View.php(201): CodeIgniter\Exceptions\FrameworkException::forInvalidFile('ajax_single_mapping.php')
 2 SYSTEMPATH\Common.php(1137): CodeIgniter\View\View->render('ajax_single_mapping', [], true)
 3 APPPATH\Controllers\BillRegisterController.php(1497): view('ajax_single_mapping')
 4 SYSTEMPATH\CodeIgniter.php(904): App\Controllers\BillRegisterController->ajax_single_mapping()
 5 SYSTEMPATH\CodeIgniter.php(457): CodeIgniter\CodeIgniter->runController(Object(App\Controllers\BillRegisterController))
 6 SYSTEMPATH\CodeIgniter.php(340): CodeIgniter\CodeIgniter->handleRequest(null, Object(Config\Cache), false)
 7 FCPATH\index.php(67): CodeIgniter\CodeIgniter->run()
CRITICAL - 2025-01-11 11:40:36 --> Invalid file: ajax_single_mapping.php
in SYSTEMPATH\Exceptions\FrameworkException.php on line 33.
 1 SYSTEMPATH\View\View.php(201): CodeIgniter\Exceptions\FrameworkException::forInvalidFile('ajax_single_mapping.php')
 2 SYSTEMPATH\Common.php(1137): CodeIgniter\View\View->render('ajax_single_mapping', [], true)
 3 APPPATH\Controllers\BillRegisterController.php(1497): view('ajax_single_mapping')
 4 SYSTEMPATH\CodeIgniter.php(904): App\Controllers\BillRegisterController->ajax_single_mapping()
 5 SYSTEMPATH\CodeIgniter.php(457): CodeIgniter\CodeIgniter->runController(Object(App\Controllers\BillRegisterController))
 6 SYSTEMPATH\CodeIgniter.php(340): CodeIgniter\CodeIgniter->handleRequest(null, Object(Config\Cache), false)
 7 FCPATH\index.php(67): CodeIgniter\CodeIgniter->run()
CRITICAL - 2025-01-11 11:41:40 --> Invalid file: ajax_single_mapping.php
in SYSTEMPATH\Exceptions\FrameworkException.php on line 33.
 1 SYSTEMPATH\View\View.php(201): CodeIgniter\Exceptions\FrameworkException::forInvalidFile('ajax_single_mapping.php')
 2 SYSTEMPATH\Common.php(1137): CodeIgniter\View\View->render('ajax_single_mapping', [], true)
 3 APPPATH\Controllers\BillRegisterController.php(1497): view('ajax_single_mapping')
 4 SYSTEMPATH\CodeIgniter.php(904): App\Controllers\BillRegisterController->ajax_single_mapping()
 5 SYSTEMPATH\CodeIgniter.php(457): CodeIgniter\CodeIgniter->runController(Object(App\Controllers\BillRegisterController))
 6 SYSTEMPATH\CodeIgniter.php(340): CodeIgniter\CodeIgniter->handleRequest(null, Object(Config\Cache), false)
 7 FCPATH\index.php(67): CodeIgniter\CodeIgniter->run()
CRITICAL - 2025-01-11 11:42:16 --> Invalid file: ajax_single_mapping.php
in SYSTEMPATH\Exceptions\FrameworkException.php on line 33.
 1 SYSTEMPATH\View\View.php(201): CodeIgniter\Exceptions\FrameworkException::forInvalidFile('ajax_single_mapping.php')
 2 SYSTEMPATH\Common.php(1137): CodeIgniter\View\View->render('ajax_single_mapping', [], true)
 3 APPPATH\Controllers\BillRegisterController.php(1497): view('ajax_single_mapping')
 4 SYSTEMPATH\CodeIgniter.php(904): App\Controllers\BillRegisterController->ajax_single_mapping()
 5 SYSTEMPATH\CodeIgniter.php(457): CodeIgniter\CodeIgniter->runController(Object(App\Controllers\BillRegisterController))
 6 SYSTEMPATH\CodeIgniter.php(340): CodeIgniter\CodeIgniter->handleRequest(null, Object(Config\Cache), false)
 7 FCPATH\index.php(67): CodeIgniter\CodeIgniter->run()
CRITICAL - 2025-01-11 11:43:22 --> Invalid file: ajax_single_mapping.php
in SYSTEMPATH\Exceptions\FrameworkException.php on line 33.
 1 SYSTEMPATH\View\View.php(201): CodeIgniter\Exceptions\FrameworkException::forInvalidFile('ajax_single_mapping.php')
 2 SYSTEMPATH\Common.php(1137): CodeIgniter\View\View->render('ajax_single_mapping', [], true)
 3 APPPATH\Controllers\BillRegisterController.php(1497): view('ajax_single_mapping')
 4 SYSTEMPATH\CodeIgniter.php(904): App\Controllers\BillRegisterController->ajax_single_mapping()
 5 SYSTEMPATH\CodeIgniter.php(457): CodeIgniter\CodeIgniter->runController(Object(App\Controllers\BillRegisterController))
 6 SYSTEMPATH\CodeIgniter.php(340): CodeIgniter\CodeIgniter->handleRequest(null, Object(Config\Cache), false)
 7 FCPATH\index.php(67): CodeIgniter\CodeIgniter->run()
CRITICAL - 2025-01-11 11:45:08 --> Invalid file: ajax_single_mapping.php
in SYSTEMPATH\Exceptions\FrameworkException.php on line 33.
 1 SYSTEMPATH\View\View.php(201): CodeIgniter\Exceptions\FrameworkException::forInvalidFile('ajax_single_mapping.php')
 2 SYSTEMPATH\Common.php(1137): CodeIgniter\View\View->render('ajax_single_mapping', [], true)
 3 APPPATH\Controllers\BillRegisterController.php(1497): view('ajax_single_mapping')
 4 SYSTEMPATH\CodeIgniter.php(904): App\Controllers\BillRegisterController->ajax_single_mapping()
 5 SYSTEMPATH\CodeIgniter.php(457): CodeIgniter\CodeIgniter->runController(Object(App\Controllers\BillRegisterController))
 6 SYSTEMPATH\CodeIgniter.php(340): CodeIgniter\CodeIgniter->handleRequest(null, Object(Config\Cache), false)
 7 FCPATH\index.php(67): CodeIgniter\CodeIgniter->run()
CRITICAL - 2025-01-11 11:47:13 --> Invalid file: ajax_single_mapping.php
in SYSTEMPATH\Exceptions\FrameworkException.php on line 33.
 1 SYSTEMPATH\View\View.php(201): CodeIgniter\Exceptions\FrameworkException::forInvalidFile('ajax_single_mapping.php')
 2 SYSTEMPATH\Common.php(1137): CodeIgniter\View\View->render('ajax_single_mapping', [], true)
 3 APPPATH\Controllers\BillRegisterController.php(1497): view('ajax_single_mapping')
 4 SYSTEMPATH\CodeIgniter.php(904): App\Controllers\BillRegisterController->ajax_single_mapping()
 5 SYSTEMPATH\CodeIgniter.php(457): CodeIgniter\CodeIgniter->runController(Object(App\Controllers\BillRegisterController))
 6 SYSTEMPATH\CodeIgniter.php(340): CodeIgniter\CodeIgniter->handleRequest(null, Object(Config\Cache), false)
 7 FCPATH\index.php(67): CodeIgniter\CodeIgniter->run()
CRITICAL - 2025-01-11 11:47:51 --> Invalid file: ajax_single_mapping.php
in SYSTEMPATH\Exceptions\FrameworkException.php on line 33.
 1 SYSTEMPATH\View\View.php(201): CodeIgniter\Exceptions\FrameworkException::forInvalidFile('ajax_single_mapping.php')
 2 SYSTEMPATH\Common.php(1137): CodeIgniter\View\View->render('ajax_single_mapping', [], true)
 3 APPPATH\Controllers\BillRegisterController.php(1497): view('ajax_single_mapping')
 4 SYSTEMPATH\CodeIgniter.php(904): App\Controllers\BillRegisterController->ajax_single_mapping()
 5 SYSTEMPATH\CodeIgniter.php(457): CodeIgniter\CodeIgniter->runController(Object(App\Controllers\BillRegisterController))
 6 SYSTEMPATH\CodeIgniter.php(340): CodeIgniter\CodeIgniter->handleRequest(null, Object(Config\Cache), false)
 7 FCPATH\index.php(67): CodeIgniter\CodeIgniter->run()
CRITICAL - 2025-01-11 11:53:22 --> Invalid file: ajax_single_mapping.php
in SYSTEMPATH\Exceptions\FrameworkException.php on line 33.
 1 SYSTEMPATH\View\View.php(201): CodeIgniter\Exceptions\FrameworkException::forInvalidFile('ajax_single_mapping.php')
 2 SYSTEMPATH\Common.php(1137): CodeIgniter\View\View->render('ajax_single_mapping', [], true)
 3 APPPATH\Controllers\BillRegisterController.php(1497): view('ajax_single_mapping')
 4 SYSTEMPATH\CodeIgniter.php(904): App\Controllers\BillRegisterController->ajax_single_mapping()
 5 SYSTEMPATH\CodeIgniter.php(457): CodeIgniter\CodeIgniter->runController(Object(App\Controllers\BillRegisterController))
 6 SYSTEMPATH\CodeIgniter.php(340): CodeIgniter\CodeIgniter->handleRequest(null, Object(Config\Cache), false)
 7 FCPATH\index.php(67): CodeIgniter\CodeIgniter->run()
CRITICAL - 2025-01-11 12:09:30 --> Invalid file: ajax_single_mapping.php
in SYSTEMPATH\Exceptions\FrameworkException.php on line 33.
 1 SYSTEMPATH\View\View.php(201): CodeIgniter\Exceptions\FrameworkException::forInvalidFile('ajax_single_mapping.php')
 2 SYSTEMPATH\Common.php(1137): CodeIgniter\View\View->render('ajax_single_mapping', [], true)
 3 APPPATH\Controllers\BillRegisterController.php(1497): view('ajax_single_mapping')
 4 SYSTEMPATH\CodeIgniter.php(904): App\Controllers\BillRegisterController->ajax_single_mapping()
 5 SYSTEMPATH\CodeIgniter.php(457): CodeIgniter\CodeIgniter->runController(Object(App\Controllers\BillRegisterController))
 6 SYSTEMPATH\CodeIgniter.php(340): CodeIgniter\CodeIgniter->handleRequest(null, Object(Config\Cache), false)
 7 FCPATH\index.php(67): CodeIgniter\CodeIgniter->run()
CRITICAL - 2025-01-11 12:10:17 --> Invalid file: ajax_single_mapping.php
in SYSTEMPATH\Exceptions\FrameworkException.php on line 33.
 1 SYSTEMPATH\View\View.php(201): CodeIgniter\Exceptions\FrameworkException::forInvalidFile('ajax_single_mapping.php')
 2 SYSTEMPATH\Common.php(1137): CodeIgniter\View\View->render('ajax_single_mapping', [], true)
 3 APPPATH\Controllers\BillRegisterController.php(1497): view('ajax_single_mapping')
 4 SYSTEMPATH\CodeIgniter.php(904): App\Controllers\BillRegisterController->ajax_single_mapping()
 5 SYSTEMPATH\CodeIgniter.php(457): CodeIgniter\CodeIgniter->runController(Object(App\Controllers\BillRegisterController))
 6 SYSTEMPATH\CodeIgniter.php(340): CodeIgniter\CodeIgniter->handleRequest(null, Object(Config\Cache), false)
 7 FCPATH\index.php(67): CodeIgniter\CodeIgniter->run()
CRITICAL - 2025-01-11 12:12:13 --> Invalid file: ajax_single_mapping.php
in SYSTEMPATH\Exceptions\FrameworkException.php on line 33.
 1 SYSTEMPATH\View\View.php(201): CodeIgniter\Exceptions\FrameworkException::forInvalidFile('ajax_single_mapping.php')
 2 SYSTEMPATH\Common.php(1137): CodeIgniter\View\View->render('ajax_single_mapping', [], true)
 3 APPPATH\Controllers\BillRegisterController.php(1497): view('ajax_single_mapping')
 4 SYSTEMPATH\CodeIgniter.php(904): App\Controllers\BillRegisterController->ajax_single_mapping()
 5 SYSTEMPATH\CodeIgniter.php(457): CodeIgniter\CodeIgniter->runController(Object(App\Controllers\BillRegisterController))
 6 SYSTEMPATH\CodeIgniter.php(340): CodeIgniter\CodeIgniter->handleRequest(null, Object(Config\Cache), false)
 7 FCPATH\index.php(67): CodeIgniter\CodeIgniter->run()
CRITICAL - 2025-01-11 12:16:11 --> Invalid file: ajax_single_mapping.php
in SYSTEMPATH\Exceptions\FrameworkException.php on line 33.
 1 SYSTEMPATH\View\View.php(201): CodeIgniter\Exceptions\FrameworkException::forInvalidFile('ajax_single_mapping.php')
 2 SYSTEMPATH\Common.php(1137): CodeIgniter\View\View->render('ajax_single_mapping', [], true)
 3 APPPATH\Controllers\BillRegisterController.php(1497): view('ajax_single_mapping')
 4 SYSTEMPATH\CodeIgniter.php(904): App\Controllers\BillRegisterController->ajax_single_mapping()
 5 SYSTEMPATH\CodeIgniter.php(457): CodeIgniter\CodeIgniter->runController(Object(App\Controllers\BillRegisterController))
 6 SYSTEMPATH\CodeIgniter.php(340): CodeIgniter\CodeIgniter->handleRequest(null, Object(Config\Cache), false)
 7 FCPATH\index.php(67): CodeIgniter\CodeIgniter->run()
CRITICAL - 2025-01-11 12:17:20 --> Invalid file: ajax_single_mapping.php
in SYSTEMPATH\Exceptions\FrameworkException.php on line 33.
 1 SYSTEMPATH\View\View.php(201): CodeIgniter\Exceptions\FrameworkException::forInvalidFile('ajax_single_mapping.php')
 2 SYSTEMPATH\Common.php(1137): CodeIgniter\View\View->render('ajax_single_mapping', [], true)
 3 APPPATH\Controllers\BillRegisterController.php(1497): view('ajax_single_mapping')
 4 SYSTEMPATH\CodeIgniter.php(904): App\Controllers\BillRegisterController->ajax_single_mapping()
 5 SYSTEMPATH\CodeIgniter.php(457): CodeIgniter\CodeIgniter->runController(Object(App\Controllers\BillRegisterController))
 6 SYSTEMPATH\CodeIgniter.php(340): CodeIgniter\CodeIgniter->handleRequest(null, Object(Config\Cache), false)
 7 FCPATH\index.php(67): CodeIgniter\CodeIgniter->run()
CRITICAL - 2025-01-11 12:18:18 --> Invalid file: ajax_single_mapping.php
in SYSTEMPATH\Exceptions\FrameworkException.php on line 33.
 1 SYSTEMPATH\View\View.php(201): CodeIgniter\Exceptions\FrameworkException::forInvalidFile('ajax_single_mapping.php')
 2 SYSTEMPATH\Common.php(1137): CodeIgniter\View\View->render('ajax_single_mapping', [], true)
 3 APPPATH\Controllers\BillRegisterController.php(1497): view('ajax_single_mapping')
 4 SYSTEMPATH\CodeIgniter.php(904): App\Controllers\BillRegisterController->ajax_single_mapping()
 5 SYSTEMPATH\CodeIgniter.php(457): CodeIgniter\CodeIgniter->runController(Object(App\Controllers\BillRegisterController))
 6 SYSTEMPATH\CodeIgniter.php(340): CodeIgniter\CodeIgniter->handleRequest(null, Object(Config\Cache), false)
 7 FCPATH\index.php(67): CodeIgniter\CodeIgniter->run()
CRITICAL - 2025-01-11 12:19:04 --> Invalid file: ajax_single_mapping.php
in SYSTEMPATH\Exceptions\FrameworkException.php on line 33.
 1 SYSTEMPATH\View\View.php(201): CodeIgniter\Exceptions\FrameworkException::forInvalidFile('ajax_single_mapping.php')
 2 SYSTEMPATH\Common.php(1137): CodeIgniter\View\View->render('ajax_single_mapping', [], true)
 3 APPPATH\Controllers\BillRegisterController.php(1497): view('ajax_single_mapping')
 4 SYSTEMPATH\CodeIgniter.php(904): App\Controllers\BillRegisterController->ajax_single_mapping()
 5 SYSTEMPATH\CodeIgniter.php(457): CodeIgniter\CodeIgniter->runController(Object(App\Controllers\BillRegisterController))
 6 SYSTEMPATH\CodeIgniter.php(340): CodeIgniter\CodeIgniter->handleRequest(null, Object(Config\Cache), false)
 7 FCPATH\index.php(67): CodeIgniter\CodeIgniter->run()
CRITICAL - 2025-01-11 12:34:14 --> Invalid file: ajax_single_mapping.php
in SYSTEMPATH\Exceptions\FrameworkException.php on line 33.
 1 SYSTEMPATH\View\View.php(201): CodeIgniter\Exceptions\FrameworkException::forInvalidFile('ajax_single_mapping.php')
 2 SYSTEMPATH\Common.php(1137): CodeIgniter\View\View->render('ajax_single_mapping', [], true)
 3 APPPATH\Controllers\BillRegisterController.php(1497): view('ajax_single_mapping')
 4 SYSTEMPATH\CodeIgniter.php(904): App\Controllers\BillRegisterController->ajax_single_mapping()
 5 SYSTEMPATH\CodeIgniter.php(457): CodeIgniter\CodeIgniter->runController(Object(App\Controllers\BillRegisterController))
 6 SYSTEMPATH\CodeIgniter.php(340): CodeIgniter\CodeIgniter->handleRequest(null, Object(Config\Cache), false)
 7 FCPATH\index.php(67): CodeIgniter\CodeIgniter->run()
CRITICAL - 2025-01-11 12:38:38 --> Invalid file: ajax_single_mapping.php
in SYSTEMPATH\Exceptions\FrameworkException.php on line 33.
 1 SYSTEMPATH\View\View.php(201): CodeIgniter\Exceptions\FrameworkException::forInvalidFile('ajax_single_mapping.php')
 2 SYSTEMPATH\Common.php(1137): CodeIgniter\View\View->render('ajax_single_mapping', [], true)
 3 APPPATH\Controllers\BillRegisterController.php(1497): view('ajax_single_mapping')
 4 SYSTEMPATH\CodeIgniter.php(904): App\Controllers\BillRegisterController->ajax_single_mapping()
 5 SYSTEMPATH\CodeIgniter.php(457): CodeIgniter\CodeIgniter->runController(Object(App\Controllers\BillRegisterController))
 6 SYSTEMPATH\CodeIgniter.php(340): CodeIgniter\CodeIgniter->handleRequest(null, Object(Config\Cache), false)
 7 FCPATH\index.php(67): CodeIgniter\CodeIgniter->run()
CRITICAL - 2025-01-11 12:42:36 --> Invalid file: ajax_single_mapping.php
in SYSTEMPATH\Exceptions\FrameworkException.php on line 33.
 1 SYSTEMPATH\View\View.php(201): CodeIgniter\Exceptions\FrameworkException::forInvalidFile('ajax_single_mapping.php')
 2 SYSTEMPATH\Common.php(1137): CodeIgniter\View\View->render('ajax_single_mapping', [], true)
 3 APPPATH\Controllers\BillRegisterController.php(1537): view('ajax_single_mapping')
 4 SYSTEMPATH\CodeIgniter.php(904): App\Controllers\BillRegisterController->ajax_single_mapping()
 5 SYSTEMPATH\CodeIgniter.php(457): CodeIgniter\CodeIgniter->runController(Object(App\Controllers\BillRegisterController))
 6 SYSTEMPATH\CodeIgniter.php(340): CodeIgniter\CodeIgniter->handleRequest(null, Object(Config\Cache), false)
 7 FCPATH\index.php(67): CodeIgniter\CodeIgniter->run()
CRITICAL - 2025-01-11 14:09:16 --> Invalid file: ajax_single_mapping.php
in SYSTEMPATH\Exceptions\FrameworkException.php on line 33.
 1 SYSTEMPATH\View\View.php(201): CodeIgniter\Exceptions\FrameworkException::forInvalidFile('ajax_single_mapping.php')
 2 SYSTEMPATH\Common.php(1137): CodeIgniter\View\View->render('ajax_single_mapping', [], true)
 3 APPPATH\Controllers\BillRegisterController.php(1537): view('ajax_single_mapping')
 4 SYSTEMPATH\CodeIgniter.php(904): App\Controllers\BillRegisterController->ajax_single_mapping()
 5 SYSTEMPATH\CodeIgniter.php(457): CodeIgniter\CodeIgniter->runController(Object(App\Controllers\BillRegisterController))
 6 SYSTEMPATH\CodeIgniter.php(340): CodeIgniter\CodeIgniter->handleRequest(null, Object(Config\Cache), false)
 7 FCPATH\index.php(67): CodeIgniter\CodeIgniter->run()
CRITICAL - 2025-01-11 14:14:03 --> Invalid file: ajax_single_mapping.php
in SYSTEMPATH\Exceptions\FrameworkException.php on line 33.
 1 SYSTEMPATH\View\View.php(201): CodeIgniter\Exceptions\FrameworkException::forInvalidFile('ajax_single_mapping.php')
 2 SYSTEMPATH\Common.php(1137): CodeIgniter\View\View->render('ajax_single_mapping', [], true)
 3 APPPATH\Controllers\BillRegisterController.php(1537): view('ajax_single_mapping')
 4 SYSTEMPATH\CodeIgniter.php(904): App\Controllers\BillRegisterController->ajax_single_mapping()
 5 SYSTEMPATH\CodeIgniter.php(457): CodeIgniter\CodeIgniter->runController(Object(App\Controllers\BillRegisterController))
 6 SYSTEMPATH\CodeIgniter.php(340): CodeIgniter\CodeIgniter->handleRequest(null, Object(Config\Cache), false)
 7 FCPATH\index.php(67): CodeIgniter\CodeIgniter->run()
CRITICAL - 2025-01-11 14:14:42 --> Invalid file: ajax_single_mapping.php
in SYSTEMPATH\Exceptions\FrameworkException.php on line 33.
 1 SYSTEMPATH\View\View.php(201): CodeIgniter\Exceptions\FrameworkException::forInvalidFile('ajax_single_mapping.php')
 2 SYSTEMPATH\Common.php(1137): CodeIgniter\View\View->render('ajax_single_mapping', [], true)
 3 APPPATH\Controllers\BillRegisterController.php(1537): view('ajax_single_mapping')
 4 SYSTEMPATH\CodeIgniter.php(904): App\Controllers\BillRegisterController->ajax_single_mapping()
 5 SYSTEMPATH\CodeIgniter.php(457): CodeIgniter\CodeIgniter->runController(Object(App\Controllers\BillRegisterController))
 6 SYSTEMPATH\CodeIgniter.php(340): CodeIgniter\CodeIgniter->handleRequest(null, Object(Config\Cache), false)
 7 FCPATH\index.php(67): CodeIgniter\CodeIgniter->run()
CRITICAL - 2025-01-11 14:27:10 --> Invalid file: ajax_single_mapping.php
in SYSTEMPATH\Exceptions\FrameworkException.php on line 33.
 1 SYSTEMPATH\View\View.php(201): CodeIgniter\Exceptions\FrameworkException::forInvalidFile('ajax_single_mapping.php')
 2 SYSTEMPATH\Common.php(1137): CodeIgniter\View\View->render('ajax_single_mapping', [], true)
 3 APPPATH\Controllers\BillRegisterController.php(1537): view('ajax_single_mapping')
 4 SYSTEMPATH\CodeIgniter.php(904): App\Controllers\BillRegisterController->ajax_single_mapping()
 5 SYSTEMPATH\CodeIgniter.php(457): CodeIgniter\CodeIgniter->runController(Object(App\Controllers\BillRegisterController))
 6 SYSTEMPATH\CodeIgniter.php(340): CodeIgniter\CodeIgniter->handleRequest(null, Object(Config\Cache), false)
 7 FCPATH\index.php(67): CodeIgniter\CodeIgniter->run()
ERROR - 2025-01-11 14:40:23 --> mysqli_sql_exception: Unknown column 'Bill_DateTime' in 'where clause' in C:\xampp\htdocs\bill_management\system\Database\MySQLi\Connection.php:292
Stack trace:
#0 C:\xampp\htdocs\bill_management\system\Database\MySQLi\Connection.php(292): mysqli->query('SELECT COUNT(*)...', 0)
#1 C:\xampp\htdocs\bill_management\system\Database\BaseConnection.php(693): CodeIgniter\Database\MySQLi\Connection->execute('SELECT COUNT(*)...')
#2 C:\xampp\htdocs\bill_management\system\Database\BaseConnection.php(620): CodeIgniter\Database\BaseConnection->simpleQuery('SELECT COUNT(*)...')
#3 C:\xampp\htdocs\bill_management\system\Database\BaseBuilder.php(1669): CodeIgniter\Database\BaseConnection->query('SELECT COUNT(*)...', Array, false)
#4 C:\xampp\htdocs\bill_management\app\Controllers\AdminController.php(744): CodeIgniter\Database\BaseBuilder->countAllResults()
#5 C:\xampp\htdocs\bill_management\system\CodeIgniter.php(904): App\Controllers\AdminController->view_dashboard()
#6 C:\xampp\htdocs\bill_management\system\CodeIgniter.php(457): CodeIgniter\CodeIgniter->runController(Object(App\Controllers\AdminController))
#7 C:\xampp\htdocs\bill_management\system\CodeIgniter.php(340): CodeIgniter\CodeIgniter->handleRequest(NULL, Object(Config\Cache), false)
#8 C:\xampp\htdocs\bill_management\index.php(67): CodeIgniter\CodeIgniter->run()
#9 {main}
ERROR - 2025-01-11 14:40:23 --> mysqli_sql_exception: Unknown column 'Bill_DateTime' in 'where clause' in C:\xampp\htdocs\bill_management\system\Database\MySQLi\Connection.php:292
Stack trace:
#0 C:\xampp\htdocs\bill_management\system\Database\MySQLi\Connection.php(292): mysqli->query('SELECT COUNT(*)...', 0)
#1 C:\xampp\htdocs\bill_management\system\Database\BaseConnection.php(693): CodeIgniter\Database\MySQLi\Connection->execute('SELECT COUNT(*)...')
#2 C:\xampp\htdocs\bill_management\system\Database\BaseConnection.php(620): CodeIgniter\Database\BaseConnection->simpleQuery('SELECT COUNT(*)...')
#3 C:\xampp\htdocs\bill_management\system\Database\BaseBuilder.php(1669): CodeIgniter\Database\BaseConnection->query('SELECT COUNT(*)...', Array, false)
#4 C:\xampp\htdocs\bill_management\app\Controllers\AdminController.php(745): CodeIgniter\Database\BaseBuilder->countAllResults()
#5 C:\xampp\htdocs\bill_management\system\CodeIgniter.php(904): App\Controllers\AdminController->view_dashboard()
#6 C:\xampp\htdocs\bill_management\system\CodeIgniter.php(457): CodeIgniter\CodeIgniter->runController(Object(App\Controllers\AdminController))
#7 C:\xampp\htdocs\bill_management\system\CodeIgniter.php(340): CodeIgniter\CodeIgniter->handleRequest(NULL, Object(Config\Cache), false)
#8 C:\xampp\htdocs\bill_management\index.php(67): CodeIgniter\CodeIgniter->run()
#9 {main}
ERROR - 2025-01-11 14:40:38 --> mysqli_sql_exception: Unknown column 'Bill_DateTime' in 'where clause' in C:\xampp\htdocs\bill_management\system\Database\MySQLi\Connection.php:292
Stack trace:
#0 C:\xampp\htdocs\bill_management\system\Database\MySQLi\Connection.php(292): mysqli->query('SELECT COUNT(*)...', 0)
#1 C:\xampp\htdocs\bill_management\system\Database\BaseConnection.php(693): CodeIgniter\Database\MySQLi\Connection->execute('SELECT COUNT(*)...')
#2 C:\xampp\htdocs\bill_management\system\Database\BaseConnection.php(620): CodeIgniter\Database\BaseConnection->simpleQuery('SELECT COUNT(*)...')
#3 C:\xampp\htdocs\bill_management\system\Database\BaseBuilder.php(1669): CodeIgniter\Database\BaseConnection->query('SELECT COUNT(*)...', Array, false)
#4 C:\xampp\htdocs\bill_management\app\Controllers\AdminController.php(744): CodeIgniter\Database\BaseBuilder->countAllResults()
#5 C:\xampp\htdocs\bill_management\system\CodeIgniter.php(904): App\Controllers\AdminController->view_dashboard()
#6 C:\xampp\htdocs\bill_management\system\CodeIgniter.php(457): CodeIgniter\CodeIgniter->runController(Object(App\Controllers\AdminController))
#7 C:\xampp\htdocs\bill_management\system\CodeIgniter.php(340): CodeIgniter\CodeIgniter->handleRequest(NULL, Object(Config\Cache), false)
#8 C:\xampp\htdocs\bill_management\index.php(67): CodeIgniter\CodeIgniter->run()
#9 {main}
ERROR - 2025-01-11 14:40:38 --> mysqli_sql_exception: Unknown column 'Bill_DateTime' in 'where clause' in C:\xampp\htdocs\bill_management\system\Database\MySQLi\Connection.php:292
Stack trace:
#0 C:\xampp\htdocs\bill_management\system\Database\MySQLi\Connection.php(292): mysqli->query('SELECT COUNT(*)...', 0)
#1 C:\xampp\htdocs\bill_management\system\Database\BaseConnection.php(693): CodeIgniter\Database\MySQLi\Connection->execute('SELECT COUNT(*)...')
#2 C:\xampp\htdocs\bill_management\system\Database\BaseConnection.php(620): CodeIgniter\Database\BaseConnection->simpleQuery('SELECT COUNT(*)...')
#3 C:\xampp\htdocs\bill_management\system\Database\BaseBuilder.php(1669): CodeIgniter\Database\BaseConnection->query('SELECT COUNT(*)...', Array, false)
#4 C:\xampp\htdocs\bill_management\app\Controllers\AdminController.php(745): CodeIgniter\Database\BaseBuilder->countAllResults()
#5 C:\xampp\htdocs\bill_management\system\CodeIgniter.php(904): App\Controllers\AdminController->view_dashboard()
#6 C:\xampp\htdocs\bill_management\system\CodeIgniter.php(457): CodeIgniter\CodeIgniter->runController(Object(App\Controllers\AdminController))
#7 C:\xampp\htdocs\bill_management\system\CodeIgniter.php(340): CodeIgniter\CodeIgniter->handleRequest(NULL, Object(Config\Cache), false)
#8 C:\xampp\htdocs\bill_management\index.php(67): CodeIgniter\CodeIgniter->run()
#9 {main}
ERROR - 2025-01-11 14:40:47 --> mysqli_sql_exception: Unknown column 'Bill_DateTime' in 'where clause' in C:\xampp\htdocs\bill_management\system\Database\MySQLi\Connection.php:292
Stack trace:
#0 C:\xampp\htdocs\bill_management\system\Database\MySQLi\Connection.php(292): mysqli->query('SELECT COUNT(*)...', 0)
#1 C:\xampp\htdocs\bill_management\system\Database\BaseConnection.php(693): CodeIgniter\Database\MySQLi\Connection->execute('SELECT COUNT(*)...')
#2 C:\xampp\htdocs\bill_management\system\Database\BaseConnection.php(620): CodeIgniter\Database\BaseConnection->simpleQuery('SELECT COUNT(*)...')
#3 C:\xampp\htdocs\bill_management\system\Database\BaseBuilder.php(1669): CodeIgniter\Database\BaseConnection->query('SELECT COUNT(*)...', Array, false)
#4 C:\xampp\htdocs\bill_management\app\Controllers\AdminController.php(744): CodeIgniter\Database\BaseBuilder->countAllResults()
#5 C:\xampp\htdocs\bill_management\system\CodeIgniter.php(904): App\Controllers\AdminController->view_dashboard()
#6 C:\xampp\htdocs\bill_management\system\CodeIgniter.php(457): CodeIgniter\CodeIgniter->runController(Object(App\Controllers\AdminController))
#7 C:\xampp\htdocs\bill_management\system\CodeIgniter.php(340): CodeIgniter\CodeIgniter->handleRequest(NULL, Object(Config\Cache), false)
#8 C:\xampp\htdocs\bill_management\index.php(67): CodeIgniter\CodeIgniter->run()
#9 {main}
ERROR - 2025-01-11 14:40:47 --> mysqli_sql_exception: Unknown column 'Bill_DateTime' in 'where clause' in C:\xampp\htdocs\bill_management\system\Database\MySQLi\Connection.php:292
Stack trace:
#0 C:\xampp\htdocs\bill_management\system\Database\MySQLi\Connection.php(292): mysqli->query('SELECT COUNT(*)...', 0)
#1 C:\xampp\htdocs\bill_management\system\Database\BaseConnection.php(693): CodeIgniter\Database\MySQLi\Connection->execute('SELECT COUNT(*)...')
#2 C:\xampp\htdocs\bill_management\system\Database\BaseConnection.php(620): CodeIgniter\Database\BaseConnection->simpleQuery('SELECT COUNT(*)...')
#3 C:\xampp\htdocs\bill_management\system\Database\BaseBuilder.php(1669): CodeIgniter\Database\BaseConnection->query('SELECT COUNT(*)...', Array, false)
#4 C:\xampp\htdocs\bill_management\app\Controllers\AdminController.php(745): CodeIgniter\Database\BaseBuilder->countAllResults()
#5 C:\xampp\htdocs\bill_management\system\CodeIgniter.php(904): App\Controllers\AdminController->view_dashboard()
#6 C:\xampp\htdocs\bill_management\system\CodeIgniter.php(457): CodeIgniter\CodeIgniter->runController(Object(App\Controllers\AdminController))
#7 C:\xampp\htdocs\bill_management\system\CodeIgniter.php(340): CodeIgniter\CodeIgniter->handleRequest(NULL, Object(Config\Cache), false)
#8 C:\xampp\htdocs\bill_management\index.php(67): CodeIgniter\CodeIgniter->run()
#9 {main}
ERROR - 2025-01-11 14:41:25 --> mysqli_sql_exception: Unknown column 'Bill_DateTime' in 'where clause' in C:\xampp\htdocs\bill_management\system\Database\MySQLi\Connection.php:292
Stack trace:
#0 C:\xampp\htdocs\bill_management\system\Database\MySQLi\Connection.php(292): mysqli->query('SELECT COUNT(*)...', 0)
#1 C:\xampp\htdocs\bill_management\system\Database\BaseConnection.php(693): CodeIgniter\Database\MySQLi\Connection->execute('SELECT COUNT(*)...')
#2 C:\xampp\htdocs\bill_management\system\Database\BaseConnection.php(620): CodeIgniter\Database\BaseConnection->simpleQuery('SELECT COUNT(*)...')
#3 C:\xampp\htdocs\bill_management\system\Database\BaseBuilder.php(1669): CodeIgniter\Database\BaseConnection->query('SELECT COUNT(*)...', Array, false)
#4 C:\xampp\htdocs\bill_management\app\Controllers\AdminController.php(744): CodeIgniter\Database\BaseBuilder->countAllResults()
#5 C:\xampp\htdocs\bill_management\system\CodeIgniter.php(904): App\Controllers\AdminController->view_dashboard()
#6 C:\xampp\htdocs\bill_management\system\CodeIgniter.php(457): CodeIgniter\CodeIgniter->runController(Object(App\Controllers\AdminController))
#7 C:\xampp\htdocs\bill_management\system\CodeIgniter.php(340): CodeIgniter\CodeIgniter->handleRequest(NULL, Object(Config\Cache), false)
#8 C:\xampp\htdocs\bill_management\index.php(67): CodeIgniter\CodeIgniter->run()
#9 {main}
ERROR - 2025-01-11 14:41:25 --> mysqli_sql_exception: Unknown column 'Bill_DateTime' in 'where clause' in C:\xampp\htdocs\bill_management\system\Database\MySQLi\Connection.php:292
Stack trace:
#0 C:\xampp\htdocs\bill_management\system\Database\MySQLi\Connection.php(292): mysqli->query('SELECT COUNT(*)...', 0)
#1 C:\xampp\htdocs\bill_management\system\Database\BaseConnection.php(693): CodeIgniter\Database\MySQLi\Connection->execute('SELECT COUNT(*)...')
#2 C:\xampp\htdocs\bill_management\system\Database\BaseConnection.php(620): CodeIgniter\Database\BaseConnection->simpleQuery('SELECT COUNT(*)...')
#3 C:\xampp\htdocs\bill_management\system\Database\BaseBuilder.php(1669): CodeIgniter\Database\BaseConnection->query('SELECT COUNT(*)...', Array, false)
#4 C:\xampp\htdocs\bill_management\app\Controllers\AdminController.php(745): CodeIgniter\Database\BaseBuilder->countAllResults()
#5 C:\xampp\htdocs\bill_management\system\CodeIgniter.php(904): App\Controllers\AdminController->view_dashboard()
#6 C:\xampp\htdocs\bill_management\system\CodeIgniter.php(457): CodeIgniter\CodeIgniter->runController(Object(App\Controllers\AdminController))
#7 C:\xampp\htdocs\bill_management\system\CodeIgniter.php(340): CodeIgniter\CodeIgniter->handleRequest(NULL, Object(Config\Cache), false)
#8 C:\xampp\htdocs\bill_management\index.php(67): CodeIgniter\CodeIgniter->run()
#9 {main}
CRITICAL - 2025-01-11 14:45:18 --> Invalid file: ajax_single_mapping.php
in SYSTEMPATH\Exceptions\FrameworkException.php on line 33.
 1 SYSTEMPATH\View\View.php(201): CodeIgniter\Exceptions\FrameworkException::forInvalidFile('ajax_single_mapping.php')
 2 SYSTEMPATH\Common.php(1137): CodeIgniter\View\View->render('ajax_single_mapping', [], true)
 3 APPPATH\Controllers\BillRegisterController.php(1537): view('ajax_single_mapping')
 4 SYSTEMPATH\CodeIgniter.php(904): App\Controllers\BillRegisterController->ajax_single_mapping()
 5 SYSTEMPATH\CodeIgniter.php(457): CodeIgniter\CodeIgniter->runController(Object(App\Controllers\BillRegisterController))
 6 SYSTEMPATH\CodeIgniter.php(340): CodeIgniter\CodeIgniter->handleRequest(null, Object(Config\Cache), false)
 7 FCPATH\index.php(67): CodeIgniter\CodeIgniter->run()
CRITICAL - 2025-01-11 15:04:16 --> Invalid file: ajax_single_mapping.php
in SYSTEMPATH\Exceptions\FrameworkException.php on line 33.
 1 SYSTEMPATH\View\View.php(201): CodeIgniter\Exceptions\FrameworkException::forInvalidFile('ajax_single_mapping.php')
 2 SYSTEMPATH\Common.php(1137): CodeIgniter\View\View->render('ajax_single_mapping', [], true)
 3 APPPATH\Controllers\BillRegisterController.php(1537): view('ajax_single_mapping')
 4 SYSTEMPATH\CodeIgniter.php(904): App\Controllers\BillRegisterController->ajax_single_mapping()
 5 SYSTEMPATH\CodeIgniter.php(457): CodeIgniter\CodeIgniter->runController(Object(App\Controllers\BillRegisterController))
 6 SYSTEMPATH\CodeIgniter.php(340): CodeIgniter\CodeIgniter->handleRequest(null, Object(Config\Cache), false)
 7 FCPATH\index.php(67): CodeIgniter\CodeIgniter->run()
CRITICAL - 2025-01-11 15:42:04 --> Invalid file: ajax_single_mapping.php
in SYSTEMPATH\Exceptions\FrameworkException.php on line 33.
 1 SYSTEMPATH\View\View.php(201): CodeIgniter\Exceptions\FrameworkException::forInvalidFile('ajax_single_mapping.php')
 2 SYSTEMPATH\Common.php(1137): CodeIgniter\View\View->render('ajax_single_mapping', [], true)
 3 APPPATH\Controllers\BillRegisterController.php(1537): view('ajax_single_mapping')
 4 SYSTEMPATH\CodeIgniter.php(904): App\Controllers\BillRegisterController->ajax_single_mapping()
 5 SYSTEMPATH\CodeIgniter.php(457): CodeIgniter\CodeIgniter->runController(Object(App\Controllers\BillRegisterController))
 6 SYSTEMPATH\CodeIgniter.php(340): CodeIgniter\CodeIgniter->handleRequest(null, Object(Config\Cache), false)
 7 FCPATH\index.php(67): CodeIgniter\CodeIgniter->run()
CRITICAL - 2025-01-11 16:14:45 --> Invalid file: ajax_single_mapping.php
in SYSTEMPATH\Exceptions\FrameworkException.php on line 33.
 1 SYSTEMPATH\View\View.php(201): CodeIgniter\Exceptions\FrameworkException::forInvalidFile('ajax_single_mapping.php')
 2 SYSTEMPATH\Common.php(1137): CodeIgniter\View\View->render('ajax_single_mapping', [], true)
 3 APPPATH\Controllers\BillRegisterController.php(1537): view('ajax_single_mapping')
 4 SYSTEMPATH\CodeIgniter.php(904): App\Controllers\BillRegisterController->ajax_single_mapping()
 5 SYSTEMPATH\CodeIgniter.php(457): CodeIgniter\CodeIgniter->runController(Object(App\Controllers\BillRegisterController))
 6 SYSTEMPATH\CodeIgniter.php(340): CodeIgniter\CodeIgniter->handleRequest(null, Object(Config\Cache), false)
 7 FCPATH\index.php(67): CodeIgniter\CodeIgniter->run()
CRITICAL - 2025-01-11 16:14:48 --> Invalid file: ajax_single_mapping.php
in SYSTEMPATH\Exceptions\FrameworkException.php on line 33.
 1 SYSTEMPATH\View\View.php(201): CodeIgniter\Exceptions\FrameworkException::forInvalidFile('ajax_single_mapping.php')
 2 SYSTEMPATH\Common.php(1137): CodeIgniter\View\View->render('ajax_single_mapping', [], true)
 3 APPPATH\Controllers\BillRegisterController.php(1537): view('ajax_single_mapping')
 4 SYSTEMPATH\CodeIgniter.php(904): App\Controllers\BillRegisterController->ajax_single_mapping()
 5 SYSTEMPATH\CodeIgniter.php(457): CodeIgniter\CodeIgniter->runController(Object(App\Controllers\BillRegisterController))
 6 SYSTEMPATH\CodeIgniter.php(340): CodeIgniter\CodeIgniter->handleRequest(null, Object(Config\Cache), false)
 7 FCPATH\index.php(67): CodeIgniter\CodeIgniter->run()
CRITICAL - 2025-01-11 16:16:49 --> Invalid file: ajax_single_mapping.php
in SYSTEMPATH\Exceptions\FrameworkException.php on line 33.
 1 SYSTEMPATH\View\View.php(201): CodeIgniter\Exceptions\FrameworkException::forInvalidFile('ajax_single_mapping.php')
 2 SYSTEMPATH\Common.php(1137): CodeIgniter\View\View->render('ajax_single_mapping', [], true)
 3 APPPATH\Controllers\BillRegisterController.php(1537): view('ajax_single_mapping')
 4 SYSTEMPATH\CodeIgniter.php(904): App\Controllers\BillRegisterController->ajax_single_mapping()
 5 SYSTEMPATH\CodeIgniter.php(457): CodeIgniter\CodeIgniter->runController(Object(App\Controllers\BillRegisterController))
 6 SYSTEMPATH\CodeIgniter.php(340): CodeIgniter\CodeIgniter->handleRequest(null, Object(Config\Cache), false)
 7 FCPATH\index.php(67): CodeIgniter\CodeIgniter->run()
CRITICAL - 2025-01-11 16:18:52 --> Invalid file: ajax_single_mapping.php
in SYSTEMPATH\Exceptions\FrameworkException.php on line 33.
 1 SYSTEMPATH\View\View.php(201): CodeIgniter\Exceptions\FrameworkException::forInvalidFile('ajax_single_mapping.php')
 2 SYSTEMPATH\Common.php(1137): CodeIgniter\View\View->render('ajax_single_mapping', [], true)
 3 APPPATH\Controllers\BillRegisterController.php(1537): view('ajax_single_mapping')
 4 SYSTEMPATH\CodeIgniter.php(904): App\Controllers\BillRegisterController->ajax_single_mapping()
 5 SYSTEMPATH\CodeIgniter.php(457): CodeIgniter\CodeIgniter->runController(Object(App\Controllers\BillRegisterController))
 6 SYSTEMPATH\CodeIgniter.php(340): CodeIgniter\CodeIgniter->handleRequest(null, Object(Config\Cache), false)
 7 FCPATH\index.php(67): CodeIgniter\CodeIgniter->run()
CRITICAL - 2025-01-11 16:20:15 --> Invalid file: ajax_single_mapping.php
in SYSTEMPATH\Exceptions\FrameworkException.php on line 33.
 1 SYSTEMPATH\View\View.php(201): CodeIgniter\Exceptions\FrameworkException::forInvalidFile('ajax_single_mapping.php')
 2 SYSTEMPATH\Common.php(1137): CodeIgniter\View\View->render('ajax_single_mapping', [], true)
 3 APPPATH\Controllers\BillRegisterController.php(1537): view('ajax_single_mapping')
 4 SYSTEMPATH\CodeIgniter.php(904): App\Controllers\BillRegisterController->ajax_single_mapping()
 5 SYSTEMPATH\CodeIgniter.php(457): CodeIgniter\CodeIgniter->runController(Object(App\Controllers\BillRegisterController))
 6 SYSTEMPATH\CodeIgniter.php(340): CodeIgniter\CodeIgniter->handleRequest(null, Object(Config\Cache), false)
 7 FCPATH\index.php(67): CodeIgniter\CodeIgniter->run()
CRITICAL - 2025-01-11 16:20:43 --> Invalid file: ajax_single_mapping.php
in SYSTEMPATH\Exceptions\FrameworkException.php on line 33.
 1 SYSTEMPATH\View\View.php(201): CodeIgniter\Exceptions\FrameworkException::forInvalidFile('ajax_single_mapping.php')
 2 SYSTEMPATH\Common.php(1137): CodeIgniter\View\View->render('ajax_single_mapping', [], true)
 3 APPPATH\Controllers\BillRegisterController.php(1537): view('ajax_single_mapping')
 4 SYSTEMPATH\CodeIgniter.php(904): App\Controllers\BillRegisterController->ajax_single_mapping()
 5 SYSTEMPATH\CodeIgniter.php(457): CodeIgniter\CodeIgniter->runController(Object(App\Controllers\BillRegisterController))
 6 SYSTEMPATH\CodeIgniter.php(340): CodeIgniter\CodeIgniter->handleRequest(null, Object(Config\Cache), false)
 7 FCPATH\index.php(67): CodeIgniter\CodeIgniter->run()
CRITICAL - 2025-01-11 16:21:32 --> Invalid file: ajax_single_mapping.php
in SYSTEMPATH\Exceptions\FrameworkException.php on line 33.
 1 SYSTEMPATH\View\View.php(201): CodeIgniter\Exceptions\FrameworkException::forInvalidFile('ajax_single_mapping.php')
 2 SYSTEMPATH\Common.php(1137): CodeIgniter\View\View->render('ajax_single_mapping', [], true)
 3 APPPATH\Controllers\BillRegisterController.php(1537): view('ajax_single_mapping')
 4 SYSTEMPATH\CodeIgniter.php(904): App\Controllers\BillRegisterController->ajax_single_mapping()
 5 SYSTEMPATH\CodeIgniter.php(457): CodeIgniter\CodeIgniter->runController(Object(App\Controllers\BillRegisterController))
 6 SYSTEMPATH\CodeIgniter.php(340): CodeIgniter\CodeIgniter->handleRequest(null, Object(Config\Cache), false)
 7 FCPATH\index.php(67): CodeIgniter\CodeIgniter->run()
CRITICAL - 2025-01-11 16:22:59 --> Invalid file: ajax_single_mapping.php
in SYSTEMPATH\Exceptions\FrameworkException.php on line 33.
 1 SYSTEMPATH\View\View.php(201): CodeIgniter\Exceptions\FrameworkException::forInvalidFile('ajax_single_mapping.php')
 2 SYSTEMPATH\Common.php(1137): CodeIgniter\View\View->render('ajax_single_mapping', [], true)
 3 APPPATH\Controllers\BillRegisterController.php(1537): view('ajax_single_mapping')
 4 SYSTEMPATH\CodeIgniter.php(904): App\Controllers\BillRegisterController->ajax_single_mapping()
 5 SYSTEMPATH\CodeIgniter.php(457): CodeIgniter\CodeIgniter->runController(Object(App\Controllers\BillRegisterController))
 6 SYSTEMPATH\CodeIgniter.php(340): CodeIgniter\CodeIgniter->handleRequest(null, Object(Config\Cache), false)
 7 FCPATH\index.php(67): CodeIgniter\CodeIgniter->run()
CRITICAL - 2025-01-11 16:26:20 --> Invalid file: ajax_single_mapping.php
in SYSTEMPATH\Exceptions\FrameworkException.php on line 33.
 1 SYSTEMPATH\View\View.php(201): CodeIgniter\Exceptions\FrameworkException::forInvalidFile('ajax_single_mapping.php')
 2 SYSTEMPATH\Common.php(1137): CodeIgniter\View\View->render('ajax_single_mapping', [], true)
 3 APPPATH\Controllers\BillRegisterController.php(1537): view('ajax_single_mapping')
 4 SYSTEMPATH\CodeIgniter.php(904): App\Controllers\BillRegisterController->ajax_single_mapping()
 5 SYSTEMPATH\CodeIgniter.php(457): CodeIgniter\CodeIgniter->runController(Object(App\Controllers\BillRegisterController))
 6 SYSTEMPATH\CodeIgniter.php(340): CodeIgniter\CodeIgniter->handleRequest(null, Object(Config\Cache), false)
 7 FCPATH\index.php(67): CodeIgniter\CodeIgniter->run()
CRITICAL - 2025-01-11 16:28:01 --> Invalid file: ajax_single_mapping.php
in SYSTEMPATH\Exceptions\FrameworkException.php on line 33.
 1 SYSTEMPATH\View\View.php(201): CodeIgniter\Exceptions\FrameworkException::forInvalidFile('ajax_single_mapping.php')
 2 SYSTEMPATH\Common.php(1137): CodeIgniter\View\View->render('ajax_single_mapping', [], true)
 3 APPPATH\Controllers\BillRegisterController.php(1537): view('ajax_single_mapping')
 4 SYSTEMPATH\CodeIgniter.php(904): App\Controllers\BillRegisterController->ajax_single_mapping()
 5 SYSTEMPATH\CodeIgniter.php(457): CodeIgniter\CodeIgniter->runController(Object(App\Controllers\BillRegisterController))
 6 SYSTEMPATH\CodeIgniter.php(340): CodeIgniter\CodeIgniter->handleRequest(null, Object(Config\Cache), false)
 7 FCPATH\index.php(67): CodeIgniter\CodeIgniter->run()
CRITICAL - 2025-01-11 16:28:22 --> Invalid file: ajax_single_mapping.php
in SYSTEMPATH\Exceptions\FrameworkException.php on line 33.
 1 SYSTEMPATH\View\View.php(201): CodeIgniter\Exceptions\FrameworkException::forInvalidFile('ajax_single_mapping.php')
 2 SYSTEMPATH\Common.php(1137): CodeIgniter\View\View->render('ajax_single_mapping', [], true)
 3 APPPATH\Controllers\BillRegisterController.php(1537): view('ajax_single_mapping')
 4 SYSTEMPATH\CodeIgniter.php(904): App\Controllers\BillRegisterController->ajax_single_mapping()
 5 SYSTEMPATH\CodeIgniter.php(457): CodeIgniter\CodeIgniter->runController(Object(App\Controllers\BillRegisterController))
 6 SYSTEMPATH\CodeIgniter.php(340): CodeIgniter\CodeIgniter->handleRequest(null, Object(Config\Cache), false)
 7 FCPATH\index.php(67): CodeIgniter\CodeIgniter->run()
CRITICAL - 2025-01-11 16:31:52 --> Invalid file: ajax_single_mapping.php
in SYSTEMPATH\Exceptions\FrameworkException.php on line 33.
 1 SYSTEMPATH\View\View.php(201): CodeIgniter\Exceptions\FrameworkException::forInvalidFile('ajax_single_mapping.php')
 2 SYSTEMPATH\Common.php(1137): CodeIgniter\View\View->render('ajax_single_mapping', [], true)
 3 APPPATH\Controllers\BillRegisterController.php(1537): view('ajax_single_mapping')
 4 SYSTEMPATH\CodeIgniter.php(904): App\Controllers\BillRegisterController->ajax_single_mapping()
 5 SYSTEMPATH\CodeIgniter.php(457): CodeIgniter\CodeIgniter->runController(Object(App\Controllers\BillRegisterController))
 6 SYSTEMPATH\CodeIgniter.php(340): CodeIgniter\CodeIgniter->handleRequest(null, Object(Config\Cache), false)
 7 FCPATH\index.php(67): CodeIgniter\CodeIgniter->run()
CRITICAL - 2025-01-11 16:31:53 --> Invalid file: ajax_single_mapping.php
in SYSTEMPATH\Exceptions\FrameworkException.php on line 33.
 1 SYSTEMPATH\View\View.php(201): CodeIgniter\Exceptions\FrameworkException::forInvalidFile('ajax_single_mapping.php')
 2 SYSTEMPATH\Common.php(1137): CodeIgniter\View\View->render('ajax_single_mapping', [], true)
 3 APPPATH\Controllers\BillRegisterController.php(1537): view('ajax_single_mapping')
 4 SYSTEMPATH\CodeIgniter.php(904): App\Controllers\BillRegisterController->ajax_single_mapping()
 5 SYSTEMPATH\CodeIgniter.php(457): CodeIgniter\CodeIgniter->runController(Object(App\Controllers\BillRegisterController))
 6 SYSTEMPATH\CodeIgniter.php(340): CodeIgniter\CodeIgniter->handleRequest(null, Object(Config\Cache), false)
 7 FCPATH\index.php(67): CodeIgniter\CodeIgniter->run()
CRITICAL - 2025-01-11 16:33:03 --> Invalid file: ajax_single_mapping.php
in SYSTEMPATH\Exceptions\FrameworkException.php on line 33.
 1 SYSTEMPATH\View\View.php(201): CodeIgniter\Exceptions\FrameworkException::forInvalidFile('ajax_single_mapping.php')
 2 SYSTEMPATH\Common.php(1137): CodeIgniter\View\View->render('ajax_single_mapping', [], true)
 3 APPPATH\Controllers\BillRegisterController.php(1537): view('ajax_single_mapping')
 4 SYSTEMPATH\CodeIgniter.php(904): App\Controllers\BillRegisterController->ajax_single_mapping()
 5 SYSTEMPATH\CodeIgniter.php(457): CodeIgniter\CodeIgniter->runController(Object(App\Controllers\BillRegisterController))
 6 SYSTEMPATH\CodeIgniter.php(340): CodeIgniter\CodeIgniter->handleRequest(null, Object(Config\Cache), false)
 7 FCPATH\index.php(67): CodeIgniter\CodeIgniter->run()
CRITICAL - 2025-01-11 16:33:06 --> Invalid file: ajax_single_mapping.php
in SYSTEMPATH\Exceptions\FrameworkException.php on line 33.
 1 SYSTEMPATH\View\View.php(201): CodeIgniter\Exceptions\FrameworkException::forInvalidFile('ajax_single_mapping.php')
 2 SYSTEMPATH\Common.php(1137): CodeIgniter\View\View->render('ajax_single_mapping', [], true)
 3 APPPATH\Controllers\BillRegisterController.php(1537): view('ajax_single_mapping')
 4 SYSTEMPATH\CodeIgniter.php(904): App\Controllers\BillRegisterController->ajax_single_mapping()
 5 SYSTEMPATH\CodeIgniter.php(457): CodeIgniter\CodeIgniter->runController(Object(App\Controllers\BillRegisterController))
 6 SYSTEMPATH\CodeIgniter.php(340): CodeIgniter\CodeIgniter->handleRequest(null, Object(Config\Cache), false)
 7 FCPATH\index.php(67): CodeIgniter\CodeIgniter->run()
CRITICAL - 2025-01-11 16:36:34 --> Invalid file: ajax_single_mapping.php
in SYSTEMPATH\Exceptions\FrameworkException.php on line 33.
 1 SYSTEMPATH\View\View.php(201): CodeIgniter\Exceptions\FrameworkException::forInvalidFile('ajax_single_mapping.php')
 2 SYSTEMPATH\Common.php(1137): CodeIgniter\View\View->render('ajax_single_mapping', [], true)
 3 APPPATH\Controllers\BillRegisterController.php(1537): view('ajax_single_mapping')
 4 SYSTEMPATH\CodeIgniter.php(904): App\Controllers\BillRegisterController->ajax_single_mapping()
 5 SYSTEMPATH\CodeIgniter.php(457): CodeIgniter\CodeIgniter->runController(Object(App\Controllers\BillRegisterController))
 6 SYSTEMPATH\CodeIgniter.php(340): CodeIgniter\CodeIgniter->handleRequest(null, Object(Config\Cache), false)
 7 FCPATH\index.php(67): CodeIgniter\CodeIgniter->run()
CRITICAL - 2025-01-11 16:38:37 --> Invalid file: ajax_single_mapping.php
in SYSTEMPATH\Exceptions\FrameworkException.php on line 33.
 1 SYSTEMPATH\View\View.php(201): CodeIgniter\Exceptions\FrameworkException::forInvalidFile('ajax_single_mapping.php')
 2 SYSTEMPATH\Common.php(1137): CodeIgniter\View\View->render('ajax_single_mapping', [], true)
 3 APPPATH\Controllers\BillRegisterController.php(1537): view('ajax_single_mapping')
 4 SYSTEMPATH\CodeIgniter.php(904): App\Controllers\BillRegisterController->ajax_single_mapping()
 5 SYSTEMPATH\CodeIgniter.php(457): CodeIgniter\CodeIgniter->runController(Object(App\Controllers\BillRegisterController))
 6 SYSTEMPATH\CodeIgniter.php(340): CodeIgniter\CodeIgniter->handleRequest(null, Object(Config\Cache), false)
 7 FCPATH\index.php(67): CodeIgniter\CodeIgniter->run()
CRITICAL - 2025-01-11 16:39:33 --> Invalid file: ajax_single_mapping.php
in SYSTEMPATH\Exceptions\FrameworkException.php on line 33.
 1 SYSTEMPATH\View\View.php(201): CodeIgniter\Exceptions\FrameworkException::forInvalidFile('ajax_single_mapping.php')
 2 SYSTEMPATH\Common.php(1137): CodeIgniter\View\View->render('ajax_single_mapping', [], true)
 3 APPPATH\Controllers\BillRegisterController.php(1537): view('ajax_single_mapping')
 4 SYSTEMPATH\CodeIgniter.php(904): App\Controllers\BillRegisterController->ajax_single_mapping()
 5 SYSTEMPATH\CodeIgniter.php(457): CodeIgniter\CodeIgniter->runController(Object(App\Controllers\BillRegisterController))
 6 SYSTEMPATH\CodeIgniter.php(340): CodeIgniter\CodeIgniter->handleRequest(null, Object(Config\Cache), false)
 7 FCPATH\index.php(67): CodeIgniter\CodeIgniter->run()
CRITICAL - 2025-01-11 16:40:52 --> Invalid file: ajax_single_mapping.php
in SYSTEMPATH\Exceptions\FrameworkException.php on line 33.
 1 SYSTEMPATH\View\View.php(201): CodeIgniter\Exceptions\FrameworkException::forInvalidFile('ajax_single_mapping.php')
 2 SYSTEMPATH\Common.php(1137): CodeIgniter\View\View->render('ajax_single_mapping', [], true)
 3 APPPATH\Controllers\BillRegisterController.php(1537): view('ajax_single_mapping')
 4 SYSTEMPATH\CodeIgniter.php(904): App\Controllers\BillRegisterController->ajax_single_mapping()
 5 SYSTEMPATH\CodeIgniter.php(457): CodeIgniter\CodeIgniter->runController(Object(App\Controllers\BillRegisterController))
 6 SYSTEMPATH\CodeIgniter.php(340): CodeIgniter\CodeIgniter->handleRequest(null, Object(Config\Cache), false)
 7 FCPATH\index.php(67): CodeIgniter\CodeIgniter->run()
CRITICAL - 2025-01-11 16:44:33 --> Invalid file: ajax_single_mapping.php
in SYSTEMPATH\Exceptions\FrameworkException.php on line 33.
 1 SYSTEMPATH\View\View.php(201): CodeIgniter\Exceptions\FrameworkException::forInvalidFile('ajax_single_mapping.php')
 2 SYSTEMPATH\Common.php(1137): CodeIgniter\View\View->render('ajax_single_mapping', [], true)
 3 APPPATH\Controllers\BillRegisterController.php(1537): view('ajax_single_mapping')
 4 SYSTEMPATH\CodeIgniter.php(904): App\Controllers\BillRegisterController->ajax_single_mapping()
 5 SYSTEMPATH\CodeIgniter.php(457): CodeIgniter\CodeIgniter->runController(Object(App\Controllers\BillRegisterController))
 6 SYSTEMPATH\CodeIgniter.php(340): CodeIgniter\CodeIgniter->handleRequest(null, Object(Config\Cache), false)
 7 FCPATH\index.php(67): CodeIgniter\CodeIgniter->run()
CRITICAL - 2025-01-11 16:44:50 --> Invalid file: ajax_single_mapping.php
in SYSTEMPATH\Exceptions\FrameworkException.php on line 33.
 1 SYSTEMPATH\View\View.php(201): CodeIgniter\Exceptions\FrameworkException::forInvalidFile('ajax_single_mapping.php')
 2 SYSTEMPATH\Common.php(1137): CodeIgniter\View\View->render('ajax_single_mapping', [], true)
 3 APPPATH\Controllers\BillRegisterController.php(1537): view('ajax_single_mapping')
 4 SYSTEMPATH\CodeIgniter.php(904): App\Controllers\BillRegisterController->ajax_single_mapping()
 5 SYSTEMPATH\CodeIgniter.php(457): CodeIgniter\CodeIgniter->runController(Object(App\Controllers\BillRegisterController))
 6 SYSTEMPATH\CodeIgniter.php(340): CodeIgniter\CodeIgniter->handleRequest(null, Object(Config\Cache), false)
 7 FCPATH\index.php(67): CodeIgniter\CodeIgniter->run()
CRITICAL - 2025-01-11 16:47:41 --> Invalid file: ajax_single_mapping.php
in SYSTEMPATH\Exceptions\FrameworkException.php on line 33.
 1 SYSTEMPATH\View\View.php(201): CodeIgniter\Exceptions\FrameworkException::forInvalidFile('ajax_single_mapping.php')
 2 SYSTEMPATH\Common.php(1137): CodeIgniter\View\View->render('ajax_single_mapping', [], true)
 3 APPPATH\Controllers\BillRegisterController.php(1537): view('ajax_single_mapping')
 4 SYSTEMPATH\CodeIgniter.php(904): App\Controllers\BillRegisterController->ajax_single_mapping()
 5 SYSTEMPATH\CodeIgniter.php(457): CodeIgniter\CodeIgniter->runController(Object(App\Controllers\BillRegisterController))
 6 SYSTEMPATH\CodeIgniter.php(340): CodeIgniter\CodeIgniter->handleRequest(null, Object(Config\Cache), false)
 7 FCPATH\index.php(67): CodeIgniter\CodeIgniter->run()
CRITICAL - 2025-01-11 16:47:44 --> Invalid file: ajax_single_mapping.php
in SYSTEMPATH\Exceptions\FrameworkException.php on line 33.
 1 SYSTEMPATH\View\View.php(201): CodeIgniter\Exceptions\FrameworkException::forInvalidFile('ajax_single_mapping.php')
 2 SYSTEMPATH\Common.php(1137): CodeIgniter\View\View->render('ajax_single_mapping', [], true)
 3 APPPATH\Controllers\BillRegisterController.php(1537): view('ajax_single_mapping')
 4 SYSTEMPATH\CodeIgniter.php(904): App\Controllers\BillRegisterController->ajax_single_mapping()
 5 SYSTEMPATH\CodeIgniter.php(457): CodeIgniter\CodeIgniter->runController(Object(App\Controllers\BillRegisterController))
 6 SYSTEMPATH\CodeIgniter.php(340): CodeIgniter\CodeIgniter->handleRequest(null, Object(Config\Cache), false)
 7 FCPATH\index.php(67): CodeIgniter\CodeIgniter->run()
CRITICAL - 2025-01-11 16:48:17 --> Invalid file: ajax_single_mapping.php
in SYSTEMPATH\Exceptions\FrameworkException.php on line 33.
 1 SYSTEMPATH\View\View.php(201): CodeIgniter\Exceptions\FrameworkException::forInvalidFile('ajax_single_mapping.php')
 2 SYSTEMPATH\Common.php(1137): CodeIgniter\View\View->render('ajax_single_mapping', [], true)
 3 APPPATH\Controllers\BillRegisterController.php(1537): view('ajax_single_mapping')
 4 SYSTEMPATH\CodeIgniter.php(904): App\Controllers\BillRegisterController->ajax_single_mapping()
 5 SYSTEMPATH\CodeIgniter.php(457): CodeIgniter\CodeIgniter->runController(Object(App\Controllers\BillRegisterController))
 6 SYSTEMPATH\CodeIgniter.php(340): CodeIgniter\CodeIgniter->handleRequest(null, Object(Config\Cache), false)
 7 FCPATH\index.php(67): CodeIgniter\CodeIgniter->run()
CRITICAL - 2025-01-11 17:03:19 --> Invalid file: ajax_single_mapping.php
in SYSTEMPATH\Exceptions\FrameworkException.php on line 33.
 1 SYSTEMPATH\View\View.php(201): CodeIgniter\Exceptions\FrameworkException::forInvalidFile('ajax_single_mapping.php')
 2 SYSTEMPATH\Common.php(1137): CodeIgniter\View\View->render('ajax_single_mapping', [], true)
 3 APPPATH\Controllers\BillRegisterController.php(1537): view('ajax_single_mapping')
 4 SYSTEMPATH\CodeIgniter.php(904): App\Controllers\BillRegisterController->ajax_single_mapping()
 5 SYSTEMPATH\CodeIgniter.php(457): CodeIgniter\CodeIgniter->runController(Object(App\Controllers\BillRegisterController))
 6 SYSTEMPATH\CodeIgniter.php(340): CodeIgniter\CodeIgniter->handleRequest(null, Object(Config\Cache), false)
 7 FCPATH\index.php(67): CodeIgniter\CodeIgniter->run()
CRITICAL - 2025-01-11 17:15:18 --> Invalid file: ajax_single_mapping.php
in SYSTEMPATH\Exceptions\FrameworkException.php on line 33.
 1 SYSTEMPATH\View\View.php(201): CodeIgniter\Exceptions\FrameworkException::forInvalidFile('ajax_single_mapping.php')
 2 SYSTEMPATH\Common.php(1137): CodeIgniter\View\View->render('ajax_single_mapping', [], true)
 3 APPPATH\Controllers\BillRegisterController.php(1537): view('ajax_single_mapping')
 4 SYSTEMPATH\CodeIgniter.php(904): App\Controllers\BillRegisterController->ajax_single_mapping()
 5 SYSTEMPATH\CodeIgniter.php(457): CodeIgniter\CodeIgniter->runController(Object(App\Controllers\BillRegisterController))
 6 SYSTEMPATH\CodeIgniter.php(340): CodeIgniter\CodeIgniter->handleRequest(null, Object(Config\Cache), false)
 7 FCPATH\index.php(67): CodeIgniter\CodeIgniter->run()
CRITICAL - 2025-01-11 17:20:27 --> Invalid file: ajax_single_mapping.php
in SYSTEMPATH\Exceptions\FrameworkException.php on line 33.
 1 SYSTEMPATH\View\View.php(201): CodeIgniter\Exceptions\FrameworkException::forInvalidFile('ajax_single_mapping.php')
 2 SYSTEMPATH\Common.php(1137): CodeIgniter\View\View->render('ajax_single_mapping', [], true)
 3 APPPATH\Controllers\BillRegisterController.php(1537): view('ajax_single_mapping')
 4 SYSTEMPATH\CodeIgniter.php(904): App\Controllers\BillRegisterController->ajax_single_mapping()
 5 SYSTEMPATH\CodeIgniter.php(457): CodeIgniter\CodeIgniter->runController(Object(App\Controllers\BillRegisterController))
 6 SYSTEMPATH\CodeIgniter.php(340): CodeIgniter\CodeIgniter->handleRequest(null, Object(Config\Cache), false)
 7 FCPATH\index.php(67): CodeIgniter\CodeIgniter->run()
CRITICAL - 2025-01-11 18:15:13 --> Invalid file: ajax_single_mapping.php
in SYSTEMPATH\Exceptions\FrameworkException.php on line 33.
 1 SYSTEMPATH\View\View.php(201): CodeIgniter\Exceptions\FrameworkException::forInvalidFile('ajax_single_mapping.php')
 2 SYSTEMPATH\Common.php(1137): CodeIgniter\View\View->render('ajax_single_mapping', [], true)
 3 APPPATH\Controllers\BillRegisterController.php(1537): view('ajax_single_mapping')
 4 SYSTEMPATH\CodeIgniter.php(904): App\Controllers\BillRegisterController->ajax_single_mapping()
 5 SYSTEMPATH\CodeIgniter.php(457): CodeIgniter\CodeIgniter->runController(Object(App\Controllers\BillRegisterController))
 6 SYSTEMPATH\CodeIgniter.php(340): CodeIgniter\CodeIgniter->handleRequest(null, Object(Config\Cache), false)
 7 FCPATH\index.php(67): CodeIgniter\CodeIgniter->run()
CRITICAL - 2025-01-11 18:21:44 --> Invalid file: ajax_single_mapping.php
in SYSTEMPATH\Exceptions\FrameworkException.php on line 33.
 1 SYSTEMPATH\View\View.php(201): CodeIgniter\Exceptions\FrameworkException::forInvalidFile('ajax_single_mapping.php')
 2 SYSTEMPATH\Common.php(1137): CodeIgniter\View\View->render('ajax_single_mapping', [], true)
 3 APPPATH\Controllers\BillRegisterController.php(1537): view('ajax_single_mapping')
 4 SYSTEMPATH\CodeIgniter.php(904): App\Controllers\BillRegisterController->ajax_single_mapping()
 5 SYSTEMPATH\CodeIgniter.php(457): CodeIgniter\CodeIgniter->runController(Object(App\Controllers\BillRegisterController))
 6 SYSTEMPATH\CodeIgniter.php(340): CodeIgniter\CodeIgniter->handleRequest(null, Object(Config\Cache), false)
 7 FCPATH\index.php(67): CodeIgniter\CodeIgniter->run()
CRITICAL - 2025-01-11 18:37:42 --> Invalid file: ajax_single_mapping.php
in SYSTEMPATH\Exceptions\FrameworkException.php on line 33.
 1 SYSTEMPATH\View\View.php(201): CodeIgniter\Exceptions\FrameworkException::forInvalidFile('ajax_single_mapping.php')
 2 SYSTEMPATH\Common.php(1137): CodeIgniter\View\View->render('ajax_single_mapping', [], true)
 3 APPPATH\Controllers\BillRegisterController.php(1537): view('ajax_single_mapping')
 4 SYSTEMPATH\CodeIgniter.php(904): App\Controllers\BillRegisterController->ajax_single_mapping()
 5 SYSTEMPATH\CodeIgniter.php(457): CodeIgniter\CodeIgniter->runController(Object(App\Controllers\BillRegisterController))
 6 SYSTEMPATH\CodeIgniter.php(340): CodeIgniter\CodeIgniter->handleRequest(null, Object(Config\Cache), false)
 7 FCPATH\index.php(67): CodeIgniter\CodeIgniter->run()
CRITICAL - 2025-01-11 18:47:56 --> Invalid file: ajax_single_mapping.php
in SYSTEMPATH\Exceptions\FrameworkException.php on line 33.
 1 SYSTEMPATH\View\View.php(201): CodeIgniter\Exceptions\FrameworkException::forInvalidFile('ajax_single_mapping.php')
 2 SYSTEMPATH\Common.php(1137): CodeIgniter\View\View->render('ajax_single_mapping', [], true)
 3 APPPATH\Controllers\BillRegisterController.php(1537): view('ajax_single_mapping')
 4 SYSTEMPATH\CodeIgniter.php(904): App\Controllers\BillRegisterController->ajax_single_mapping()
 5 SYSTEMPATH\CodeIgniter.php(457): CodeIgniter\CodeIgniter->runController(Object(App\Controllers\BillRegisterController))
 6 SYSTEMPATH\CodeIgniter.php(340): CodeIgniter\CodeIgniter->handleRequest(null, Object(Config\Cache), false)
 7 FCPATH\index.php(67): CodeIgniter\CodeIgniter->run()
