CRITICAL - 2025-03-13 09:25:14 --> Invalid file: ajax_single_mapping.php
in SYSTEMPATH\Exceptions\FrameworkException.php on line 33.
 1 SYSTEMPATH\View\View.php(201): CodeIgniter\Exceptions\FrameworkException::forInvalidFile('ajax_single_mapping.php')
 2 SYSTEMPATH\Common.php(1137): CodeIgniter\View\View->render('ajax_single_mapping', [], true)
 3 APPPATH\Controllers\BillRegisterController.php(1642): view('ajax_single_mapping')
 4 SYSTEMPATH\CodeIgniter.php(904): App\Controllers\BillRegisterController->ajax_single_mapping()
 5 SYSTEMPATH\CodeIgniter.php(457): CodeIgniter\CodeIgniter->runController(Object(App\Controllers\BillRegisterController))
 6 SYSTEMPATH\CodeIgniter.php(340): CodeIgniter\CodeIgniter->handleRequest(null, Object(Config\Cache), false)
 7 FCPATH\index.php(67): CodeIgniter\CodeIgniter->run()
CRITICAL - 2025-03-13 09:28:04 --> Invalid file: ajax_single_mapping.php
in SYSTEMPATH\Exceptions\FrameworkException.php on line 33.
 1 SYSTEMPATH\View\View.php(201): CodeIgniter\Exceptions\FrameworkException::forInvalidFile('ajax_single_mapping.php')
 2 SYSTEMPATH\Common.php(1137): CodeIgniter\View\View->render('ajax_single_mapping', [], true)
 3 APPPATH\Controllers\BillRegisterController.php(1642): view('ajax_single_mapping')
 4 SYSTEMPATH\CodeIgniter.php(904): App\Controllers\BillRegisterController->ajax_single_mapping()
 5 SYSTEMPATH\CodeIgniter.php(457): CodeIgniter\CodeIgniter->runController(Object(App\Controllers\BillRegisterController))
 6 SYSTEMPATH\CodeIgniter.php(340): CodeIgniter\CodeIgniter->handleRequest(null, Object(Config\Cache), false)
 7 FCPATH\index.php(67): CodeIgniter\CodeIgniter->run()
CRITICAL - 2025-03-13 09:29:45 --> Invalid file: ajax_single_mapping.php
in SYSTEMPATH\Exceptions\FrameworkException.php on line 33.
 1 SYSTEMPATH\View\View.php(201): CodeIgniter\Exceptions\FrameworkException::forInvalidFile('ajax_single_mapping.php')
 2 SYSTEMPATH\Common.php(1137): CodeIgniter\View\View->render('ajax_single_mapping', [], true)
 3 APPPATH\Controllers\BillRegisterController.php(1642): view('ajax_single_mapping')
 4 SYSTEMPATH\CodeIgniter.php(904): App\Controllers\BillRegisterController->ajax_single_mapping()
 5 SYSTEMPATH\CodeIgniter.php(457): CodeIgniter\CodeIgniter->runController(Object(App\Controllers\BillRegisterController))
 6 SYSTEMPATH\CodeIgniter.php(340): CodeIgniter\CodeIgniter->handleRequest(null, Object(Config\Cache), false)
 7 FCPATH\index.php(67): CodeIgniter\CodeIgniter->run()
CRITICAL - 2025-03-13 09:30:01 --> Invalid file: ajax_single_mapping.php
in SYSTEMPATH\Exceptions\FrameworkException.php on line 33.
 1 SYSTEMPATH\View\View.php(201): CodeIgniter\Exceptions\FrameworkException::forInvalidFile('ajax_single_mapping.php')
 2 SYSTEMPATH\Common.php(1137): CodeIgniter\View\View->render('ajax_single_mapping', [], true)
 3 APPPATH\Controllers\BillRegisterController.php(1642): view('ajax_single_mapping')
 4 SYSTEMPATH\CodeIgniter.php(904): App\Controllers\BillRegisterController->ajax_single_mapping()
 5 SYSTEMPATH\CodeIgniter.php(457): CodeIgniter\CodeIgniter->runController(Object(App\Controllers\BillRegisterController))
 6 SYSTEMPATH\CodeIgniter.php(340): CodeIgniter\CodeIgniter->handleRequest(null, Object(Config\Cache), false)
 7 FCPATH\index.php(67): CodeIgniter\CodeIgniter->run()
CRITICAL - 2025-03-13 09:30:25 --> Invalid file: ajax_single_mapping.php
in SYSTEMPATH\Exceptions\FrameworkException.php on line 33.
 1 SYSTEMPATH\View\View.php(201): CodeIgniter\Exceptions\FrameworkException::forInvalidFile('ajax_single_mapping.php')
 2 SYSTEMPATH\Common.php(1137): CodeIgniter\View\View->render('ajax_single_mapping', [], true)
 3 APPPATH\Controllers\BillRegisterController.php(1642): view('ajax_single_mapping')
 4 SYSTEMPATH\CodeIgniter.php(904): App\Controllers\BillRegisterController->ajax_single_mapping()
 5 SYSTEMPATH\CodeIgniter.php(457): CodeIgniter\CodeIgniter->runController(Object(App\Controllers\BillRegisterController))
 6 SYSTEMPATH\CodeIgniter.php(340): CodeIgniter\CodeIgniter->handleRequest(null, Object(Config\Cache), false)
 7 FCPATH\index.php(67): CodeIgniter\CodeIgniter->run()
CRITICAL - 2025-03-13 09:30:39 --> Invalid file: ajax_single_mapping.php
in SYSTEMPATH\Exceptions\FrameworkException.php on line 33.
 1 SYSTEMPATH\View\View.php(201): CodeIgniter\Exceptions\FrameworkException::forInvalidFile('ajax_single_mapping.php')
 2 SYSTEMPATH\Common.php(1137): CodeIgniter\View\View->render('ajax_single_mapping', [], true)
 3 APPPATH\Controllers\BillRegisterController.php(1642): view('ajax_single_mapping')
 4 SYSTEMPATH\CodeIgniter.php(904): App\Controllers\BillRegisterController->ajax_single_mapping()
 5 SYSTEMPATH\CodeIgniter.php(457): CodeIgniter\CodeIgniter->runController(Object(App\Controllers\BillRegisterController))
 6 SYSTEMPATH\CodeIgniter.php(340): CodeIgniter\CodeIgniter->handleRequest(null, Object(Config\Cache), false)
 7 FCPATH\index.php(67): CodeIgniter\CodeIgniter->run()
CRITICAL - 2025-03-13 09:30:44 --> Invalid file: ajax_single_mapping.php
in SYSTEMPATH\Exceptions\FrameworkException.php on line 33.
 1 SYSTEMPATH\View\View.php(201): CodeIgniter\Exceptions\FrameworkException::forInvalidFile('ajax_single_mapping.php')
 2 SYSTEMPATH\Common.php(1137): CodeIgniter\View\View->render('ajax_single_mapping', [], true)
 3 APPPATH\Controllers\BillRegisterController.php(1642): view('ajax_single_mapping')
 4 SYSTEMPATH\CodeIgniter.php(904): App\Controllers\BillRegisterController->ajax_single_mapping()
 5 SYSTEMPATH\CodeIgniter.php(457): CodeIgniter\CodeIgniter->runController(Object(App\Controllers\BillRegisterController))
 6 SYSTEMPATH\CodeIgniter.php(340): CodeIgniter\CodeIgniter->handleRequest(null, Object(Config\Cache), false)
 7 FCPATH\index.php(67): CodeIgniter\CodeIgniter->run()
CRITICAL - 2025-03-13 09:30:55 --> Invalid file: ajax_single_mapping.php
in SYSTEMPATH\Exceptions\FrameworkException.php on line 33.
 1 SYSTEMPATH\View\View.php(201): CodeIgniter\Exceptions\FrameworkException::forInvalidFile('ajax_single_mapping.php')
 2 SYSTEMPATH\Common.php(1137): CodeIgniter\View\View->render('ajax_single_mapping', [], true)
 3 APPPATH\Controllers\BillRegisterController.php(1642): view('ajax_single_mapping')
 4 SYSTEMPATH\CodeIgniter.php(904): App\Controllers\BillRegisterController->ajax_single_mapping()
 5 SYSTEMPATH\CodeIgniter.php(457): CodeIgniter\CodeIgniter->runController(Object(App\Controllers\BillRegisterController))
 6 SYSTEMPATH\CodeIgniter.php(340): CodeIgniter\CodeIgniter->handleRequest(null, Object(Config\Cache), false)
 7 FCPATH\index.php(67): CodeIgniter\CodeIgniter->run()
CRITICAL - 2025-03-13 09:31:11 --> Invalid file: ajax_single_mapping.php
in SYSTEMPATH\Exceptions\FrameworkException.php on line 33.
 1 SYSTEMPATH\View\View.php(201): CodeIgniter\Exceptions\FrameworkException::forInvalidFile('ajax_single_mapping.php')
 2 SYSTEMPATH\Common.php(1137): CodeIgniter\View\View->render('ajax_single_mapping', [], true)
 3 APPPATH\Controllers\BillRegisterController.php(1642): view('ajax_single_mapping')
 4 SYSTEMPATH\CodeIgniter.php(904): App\Controllers\BillRegisterController->ajax_single_mapping()
 5 SYSTEMPATH\CodeIgniter.php(457): CodeIgniter\CodeIgniter->runController(Object(App\Controllers\BillRegisterController))
 6 SYSTEMPATH\CodeIgniter.php(340): CodeIgniter\CodeIgniter->handleRequest(null, Object(Config\Cache), false)
 7 FCPATH\index.php(67): CodeIgniter\CodeIgniter->run()
CRITICAL - 2025-03-13 09:31:29 --> Invalid file: ajax_single_mapping.php
in SYSTEMPATH\Exceptions\FrameworkException.php on line 33.
 1 SYSTEMPATH\View\View.php(201): CodeIgniter\Exceptions\FrameworkException::forInvalidFile('ajax_single_mapping.php')
 2 SYSTEMPATH\Common.php(1137): CodeIgniter\View\View->render('ajax_single_mapping', [], true)
 3 APPPATH\Controllers\BillRegisterController.php(1642): view('ajax_single_mapping')
 4 SYSTEMPATH\CodeIgniter.php(904): App\Controllers\BillRegisterController->ajax_single_mapping()
 5 SYSTEMPATH\CodeIgniter.php(457): CodeIgniter\CodeIgniter->runController(Object(App\Controllers\BillRegisterController))
 6 SYSTEMPATH\CodeIgniter.php(340): CodeIgniter\CodeIgniter->handleRequest(null, Object(Config\Cache), false)
 7 FCPATH\index.php(67): CodeIgniter\CodeIgniter->run()
CRITICAL - 2025-03-13 09:32:02 --> Invalid file: ajax_single_mapping.php
in SYSTEMPATH\Exceptions\FrameworkException.php on line 33.
 1 SYSTEMPATH\View\View.php(201): CodeIgniter\Exceptions\FrameworkException::forInvalidFile('ajax_single_mapping.php')
 2 SYSTEMPATH\Common.php(1137): CodeIgniter\View\View->render('ajax_single_mapping', [], true)
 3 APPPATH\Controllers\BillRegisterController.php(1642): view('ajax_single_mapping')
 4 SYSTEMPATH\CodeIgniter.php(904): App\Controllers\BillRegisterController->ajax_single_mapping()
 5 SYSTEMPATH\CodeIgniter.php(457): CodeIgniter\CodeIgniter->runController(Object(App\Controllers\BillRegisterController))
 6 SYSTEMPATH\CodeIgniter.php(340): CodeIgniter\CodeIgniter->handleRequest(null, Object(Config\Cache), false)
 7 FCPATH\index.php(67): CodeIgniter\CodeIgniter->run()
CRITICAL - 2025-03-13 09:32:28 --> Invalid file: ajax_single_mapping.php
in SYSTEMPATH\Exceptions\FrameworkException.php on line 33.
 1 SYSTEMPATH\View\View.php(201): CodeIgniter\Exceptions\FrameworkException::forInvalidFile('ajax_single_mapping.php')
 2 SYSTEMPATH\Common.php(1137): CodeIgniter\View\View->render('ajax_single_mapping', [], true)
 3 APPPATH\Controllers\BillRegisterController.php(1642): view('ajax_single_mapping')
 4 SYSTEMPATH\CodeIgniter.php(904): App\Controllers\BillRegisterController->ajax_single_mapping()
 5 SYSTEMPATH\CodeIgniter.php(457): CodeIgniter\CodeIgniter->runController(Object(App\Controllers\BillRegisterController))
 6 SYSTEMPATH\CodeIgniter.php(340): CodeIgniter\CodeIgniter->handleRequest(null, Object(Config\Cache), false)
 7 FCPATH\index.php(67): CodeIgniter\CodeIgniter->run()
CRITICAL - 2025-03-13 09:32:45 --> Invalid file: ajax_single_mapping.php
in SYSTEMPATH\Exceptions\FrameworkException.php on line 33.
 1 SYSTEMPATH\View\View.php(201): CodeIgniter\Exceptions\FrameworkException::forInvalidFile('ajax_single_mapping.php')
 2 SYSTEMPATH\Common.php(1137): CodeIgniter\View\View->render('ajax_single_mapping', [], true)
 3 APPPATH\Controllers\BillRegisterController.php(1642): view('ajax_single_mapping')
 4 SYSTEMPATH\CodeIgniter.php(904): App\Controllers\BillRegisterController->ajax_single_mapping()
 5 SYSTEMPATH\CodeIgniter.php(457): CodeIgniter\CodeIgniter->runController(Object(App\Controllers\BillRegisterController))
 6 SYSTEMPATH\CodeIgniter.php(340): CodeIgniter\CodeIgniter->handleRequest(null, Object(Config\Cache), false)
 7 FCPATH\index.php(67): CodeIgniter\CodeIgniter->run()
CRITICAL - 2025-03-13 09:33:06 --> Invalid file: ajax_single_mapping.php
in SYSTEMPATH\Exceptions\FrameworkException.php on line 33.
 1 SYSTEMPATH\View\View.php(201): CodeIgniter\Exceptions\FrameworkException::forInvalidFile('ajax_single_mapping.php')
 2 SYSTEMPATH\Common.php(1137): CodeIgniter\View\View->render('ajax_single_mapping', [], true)
 3 APPPATH\Controllers\BillRegisterController.php(1642): view('ajax_single_mapping')
 4 SYSTEMPATH\CodeIgniter.php(904): App\Controllers\BillRegisterController->ajax_single_mapping()
 5 SYSTEMPATH\CodeIgniter.php(457): CodeIgniter\CodeIgniter->runController(Object(App\Controllers\BillRegisterController))
 6 SYSTEMPATH\CodeIgniter.php(340): CodeIgniter\CodeIgniter->handleRequest(null, Object(Config\Cache), false)
 7 FCPATH\index.php(67): CodeIgniter\CodeIgniter->run()
CRITICAL - 2025-03-13 09:33:41 --> Invalid file: ajax_single_mapping.php
in SYSTEMPATH\Exceptions\FrameworkException.php on line 33.
 1 SYSTEMPATH\View\View.php(201): CodeIgniter\Exceptions\FrameworkException::forInvalidFile('ajax_single_mapping.php')
 2 SYSTEMPATH\Common.php(1137): CodeIgniter\View\View->render('ajax_single_mapping', [], true)
 3 APPPATH\Controllers\BillRegisterController.php(1642): view('ajax_single_mapping')
 4 SYSTEMPATH\CodeIgniter.php(904): App\Controllers\BillRegisterController->ajax_single_mapping()
 5 SYSTEMPATH\CodeIgniter.php(457): CodeIgniter\CodeIgniter->runController(Object(App\Controllers\BillRegisterController))
 6 SYSTEMPATH\CodeIgniter.php(340): CodeIgniter\CodeIgniter->handleRequest(null, Object(Config\Cache), false)
 7 FCPATH\index.php(67): CodeIgniter\CodeIgniter->run()
CRITICAL - 2025-03-13 09:46:10 --> Invalid file: ajax_single_mapping.php
in SYSTEMPATH\Exceptions\FrameworkException.php on line 33.
 1 SYSTEMPATH\View\View.php(201): CodeIgniter\Exceptions\FrameworkException::forInvalidFile('ajax_single_mapping.php')
 2 SYSTEMPATH\Common.php(1137): CodeIgniter\View\View->render('ajax_single_mapping', [], true)
 3 APPPATH\Controllers\BillRegisterController.php(1642): view('ajax_single_mapping')
 4 SYSTEMPATH\CodeIgniter.php(904): App\Controllers\BillRegisterController->ajax_single_mapping()
 5 SYSTEMPATH\CodeIgniter.php(457): CodeIgniter\CodeIgniter->runController(Object(App\Controllers\BillRegisterController))
 6 SYSTEMPATH\CodeIgniter.php(340): CodeIgniter\CodeIgniter->handleRequest(null, Object(Config\Cache), false)
 7 FCPATH\index.php(67): CodeIgniter\CodeIgniter->run()
CRITICAL - 2025-03-13 09:46:26 --> Invalid file: ajax_single_mapping.php
in SYSTEMPATH\Exceptions\FrameworkException.php on line 33.
 1 SYSTEMPATH\View\View.php(201): CodeIgniter\Exceptions\FrameworkException::forInvalidFile('ajax_single_mapping.php')
 2 SYSTEMPATH\Common.php(1137): CodeIgniter\View\View->render('ajax_single_mapping', [], true)
 3 APPPATH\Controllers\BillRegisterController.php(1642): view('ajax_single_mapping')
 4 SYSTEMPATH\CodeIgniter.php(904): App\Controllers\BillRegisterController->ajax_single_mapping()
 5 SYSTEMPATH\CodeIgniter.php(457): CodeIgniter\CodeIgniter->runController(Object(App\Controllers\BillRegisterController))
 6 SYSTEMPATH\CodeIgniter.php(340): CodeIgniter\CodeIgniter->handleRequest(null, Object(Config\Cache), false)
 7 FCPATH\index.php(67): CodeIgniter\CodeIgniter->run()
CRITICAL - 2025-03-13 09:46:39 --> Invalid file: ajax_single_mapping.php
in SYSTEMPATH\Exceptions\FrameworkException.php on line 33.
 1 SYSTEMPATH\View\View.php(201): CodeIgniter\Exceptions\FrameworkException::forInvalidFile('ajax_single_mapping.php')
 2 SYSTEMPATH\Common.php(1137): CodeIgniter\View\View->render('ajax_single_mapping', [], true)
 3 APPPATH\Controllers\BillRegisterController.php(1642): view('ajax_single_mapping')
 4 SYSTEMPATH\CodeIgniter.php(904): App\Controllers\BillRegisterController->ajax_single_mapping()
 5 SYSTEMPATH\CodeIgniter.php(457): CodeIgniter\CodeIgniter->runController(Object(App\Controllers\BillRegisterController))
 6 SYSTEMPATH\CodeIgniter.php(340): CodeIgniter\CodeIgniter->handleRequest(null, Object(Config\Cache), false)
 7 FCPATH\index.php(67): CodeIgniter\CodeIgniter->run()
CRITICAL - 2025-03-13 09:46:54 --> Invalid file: ajax_single_mapping.php
in SYSTEMPATH\Exceptions\FrameworkException.php on line 33.
 1 SYSTEMPATH\View\View.php(201): CodeIgniter\Exceptions\FrameworkException::forInvalidFile('ajax_single_mapping.php')
 2 SYSTEMPATH\Common.php(1137): CodeIgniter\View\View->render('ajax_single_mapping', [], true)
 3 APPPATH\Controllers\BillRegisterController.php(1642): view('ajax_single_mapping')
 4 SYSTEMPATH\CodeIgniter.php(904): App\Controllers\BillRegisterController->ajax_single_mapping()
 5 SYSTEMPATH\CodeIgniter.php(457): CodeIgniter\CodeIgniter->runController(Object(App\Controllers\BillRegisterController))
 6 SYSTEMPATH\CodeIgniter.php(340): CodeIgniter\CodeIgniter->handleRequest(null, Object(Config\Cache), false)
 7 FCPATH\index.php(67): CodeIgniter\CodeIgniter->run()
CRITICAL - 2025-03-13 09:49:02 --> Invalid file: ajax_single_mapping.php
in SYSTEMPATH\Exceptions\FrameworkException.php on line 33.
 1 SYSTEMPATH\View\View.php(201): CodeIgniter\Exceptions\FrameworkException::forInvalidFile('ajax_single_mapping.php')
 2 SYSTEMPATH\Common.php(1137): CodeIgniter\View\View->render('ajax_single_mapping', [], true)
 3 APPPATH\Controllers\BillRegisterController.php(1642): view('ajax_single_mapping')
 4 SYSTEMPATH\CodeIgniter.php(904): App\Controllers\BillRegisterController->ajax_single_mapping()
 5 SYSTEMPATH\CodeIgniter.php(457): CodeIgniter\CodeIgniter->runController(Object(App\Controllers\BillRegisterController))
 6 SYSTEMPATH\CodeIgniter.php(340): CodeIgniter\CodeIgniter->handleRequest(null, Object(Config\Cache), false)
 7 FCPATH\index.php(67): CodeIgniter\CodeIgniter->run()
CRITICAL - 2025-03-13 09:49:44 --> Invalid file: ajax_single_mapping.php
in SYSTEMPATH\Exceptions\FrameworkException.php on line 33.
 1 SYSTEMPATH\View\View.php(201): CodeIgniter\Exceptions\FrameworkException::forInvalidFile('ajax_single_mapping.php')
 2 SYSTEMPATH\Common.php(1137): CodeIgniter\View\View->render('ajax_single_mapping', [], true)
 3 APPPATH\Controllers\BillRegisterController.php(1642): view('ajax_single_mapping')
 4 SYSTEMPATH\CodeIgniter.php(904): App\Controllers\BillRegisterController->ajax_single_mapping()
 5 SYSTEMPATH\CodeIgniter.php(457): CodeIgniter\CodeIgniter->runController(Object(App\Controllers\BillRegisterController))
 6 SYSTEMPATH\CodeIgniter.php(340): CodeIgniter\CodeIgniter->handleRequest(null, Object(Config\Cache), false)
 7 FCPATH\index.php(67): CodeIgniter\CodeIgniter->run()
CRITICAL - 2025-03-13 09:50:30 --> Invalid file: ajax_single_mapping.php
in SYSTEMPATH\Exceptions\FrameworkException.php on line 33.
 1 SYSTEMPATH\View\View.php(201): CodeIgniter\Exceptions\FrameworkException::forInvalidFile('ajax_single_mapping.php')
 2 SYSTEMPATH\Common.php(1137): CodeIgniter\View\View->render('ajax_single_mapping', [], true)
 3 APPPATH\Controllers\BillRegisterController.php(1642): view('ajax_single_mapping')
 4 SYSTEMPATH\CodeIgniter.php(904): App\Controllers\BillRegisterController->ajax_single_mapping()
 5 SYSTEMPATH\CodeIgniter.php(457): CodeIgniter\CodeIgniter->runController(Object(App\Controllers\BillRegisterController))
 6 SYSTEMPATH\CodeIgniter.php(340): CodeIgniter\CodeIgniter->handleRequest(null, Object(Config\Cache), false)
 7 FCPATH\index.php(67): CodeIgniter\CodeIgniter->run()
CRITICAL - 2025-03-13 09:50:51 --> Invalid file: ajax_single_mapping.php
in SYSTEMPATH\Exceptions\FrameworkException.php on line 33.
 1 SYSTEMPATH\View\View.php(201): CodeIgniter\Exceptions\FrameworkException::forInvalidFile('ajax_single_mapping.php')
 2 SYSTEMPATH\Common.php(1137): CodeIgniter\View\View->render('ajax_single_mapping', [], true)
 3 APPPATH\Controllers\BillRegisterController.php(1642): view('ajax_single_mapping')
 4 SYSTEMPATH\CodeIgniter.php(904): App\Controllers\BillRegisterController->ajax_single_mapping()
 5 SYSTEMPATH\CodeIgniter.php(457): CodeIgniter\CodeIgniter->runController(Object(App\Controllers\BillRegisterController))
 6 SYSTEMPATH\CodeIgniter.php(340): CodeIgniter\CodeIgniter->handleRequest(null, Object(Config\Cache), false)
 7 FCPATH\index.php(67): CodeIgniter\CodeIgniter->run()
CRITICAL - 2025-03-13 09:51:06 --> Invalid file: ajax_single_mapping.php
in SYSTEMPATH\Exceptions\FrameworkException.php on line 33.
 1 SYSTEMPATH\View\View.php(201): CodeIgniter\Exceptions\FrameworkException::forInvalidFile('ajax_single_mapping.php')
 2 SYSTEMPATH\Common.php(1137): CodeIgniter\View\View->render('ajax_single_mapping', [], true)
 3 APPPATH\Controllers\BillRegisterController.php(1642): view('ajax_single_mapping')
 4 SYSTEMPATH\CodeIgniter.php(904): App\Controllers\BillRegisterController->ajax_single_mapping()
 5 SYSTEMPATH\CodeIgniter.php(457): CodeIgniter\CodeIgniter->runController(Object(App\Controllers\BillRegisterController))
 6 SYSTEMPATH\CodeIgniter.php(340): CodeIgniter\CodeIgniter->handleRequest(null, Object(Config\Cache), false)
 7 FCPATH\index.php(67): CodeIgniter\CodeIgniter->run()
CRITICAL - 2025-03-13 09:51:23 --> Invalid file: ajax_single_mapping.php
in SYSTEMPATH\Exceptions\FrameworkException.php on line 33.
 1 SYSTEMPATH\View\View.php(201): CodeIgniter\Exceptions\FrameworkException::forInvalidFile('ajax_single_mapping.php')
 2 SYSTEMPATH\Common.php(1137): CodeIgniter\View\View->render('ajax_single_mapping', [], true)
 3 APPPATH\Controllers\BillRegisterController.php(1642): view('ajax_single_mapping')
 4 SYSTEMPATH\CodeIgniter.php(904): App\Controllers\BillRegisterController->ajax_single_mapping()
 5 SYSTEMPATH\CodeIgniter.php(457): CodeIgniter\CodeIgniter->runController(Object(App\Controllers\BillRegisterController))
 6 SYSTEMPATH\CodeIgniter.php(340): CodeIgniter\CodeIgniter->handleRequest(null, Object(Config\Cache), false)
 7 FCPATH\index.php(67): CodeIgniter\CodeIgniter->run()
CRITICAL - 2025-03-13 10:06:03 --> Invalid file: ajax_single_mapping.php
in SYSTEMPATH\Exceptions\FrameworkException.php on line 33.
 1 SYSTEMPATH\View\View.php(201): CodeIgniter\Exceptions\FrameworkException::forInvalidFile('ajax_single_mapping.php')
 2 SYSTEMPATH\Common.php(1137): CodeIgniter\View\View->render('ajax_single_mapping', [], true)
 3 APPPATH\Controllers\BillRegisterController.php(1642): view('ajax_single_mapping')
 4 SYSTEMPATH\CodeIgniter.php(904): App\Controllers\BillRegisterController->ajax_single_mapping()
 5 SYSTEMPATH\CodeIgniter.php(457): CodeIgniter\CodeIgniter->runController(Object(App\Controllers\BillRegisterController))
 6 SYSTEMPATH\CodeIgniter.php(340): CodeIgniter\CodeIgniter->handleRequest(null, Object(Config\Cache), false)
 7 FCPATH\index.php(67): CodeIgniter\CodeIgniter->run()
CRITICAL - 2025-03-13 10:06:25 --> Invalid file: ajax_single_mapping.php
in SYSTEMPATH\Exceptions\FrameworkException.php on line 33.
 1 SYSTEMPATH\View\View.php(201): CodeIgniter\Exceptions\FrameworkException::forInvalidFile('ajax_single_mapping.php')
 2 SYSTEMPATH\Common.php(1137): CodeIgniter\View\View->render('ajax_single_mapping', [], true)
 3 APPPATH\Controllers\BillRegisterController.php(1642): view('ajax_single_mapping')
 4 SYSTEMPATH\CodeIgniter.php(904): App\Controllers\BillRegisterController->ajax_single_mapping()
 5 SYSTEMPATH\CodeIgniter.php(457): CodeIgniter\CodeIgniter->runController(Object(App\Controllers\BillRegisterController))
 6 SYSTEMPATH\CodeIgniter.php(340): CodeIgniter\CodeIgniter->handleRequest(null, Object(Config\Cache), false)
 7 FCPATH\index.php(67): CodeIgniter\CodeIgniter->run()
CRITICAL - 2025-03-13 10:06:40 --> Invalid file: ajax_single_mapping.php
in SYSTEMPATH\Exceptions\FrameworkException.php on line 33.
 1 SYSTEMPATH\View\View.php(201): CodeIgniter\Exceptions\FrameworkException::forInvalidFile('ajax_single_mapping.php')
 2 SYSTEMPATH\Common.php(1137): CodeIgniter\View\View->render('ajax_single_mapping', [], true)
 3 APPPATH\Controllers\BillRegisterController.php(1642): view('ajax_single_mapping')
 4 SYSTEMPATH\CodeIgniter.php(904): App\Controllers\BillRegisterController->ajax_single_mapping()
 5 SYSTEMPATH\CodeIgniter.php(457): CodeIgniter\CodeIgniter->runController(Object(App\Controllers\BillRegisterController))
 6 SYSTEMPATH\CodeIgniter.php(340): CodeIgniter\CodeIgniter->handleRequest(null, Object(Config\Cache), false)
 7 FCPATH\index.php(67): CodeIgniter\CodeIgniter->run()
CRITICAL - 2025-03-13 10:07:01 --> Invalid file: ajax_single_mapping.php
in SYSTEMPATH\Exceptions\FrameworkException.php on line 33.
 1 SYSTEMPATH\View\View.php(201): CodeIgniter\Exceptions\FrameworkException::forInvalidFile('ajax_single_mapping.php')
 2 SYSTEMPATH\Common.php(1137): CodeIgniter\View\View->render('ajax_single_mapping', [], true)
 3 APPPATH\Controllers\BillRegisterController.php(1642): view('ajax_single_mapping')
 4 SYSTEMPATH\CodeIgniter.php(904): App\Controllers\BillRegisterController->ajax_single_mapping()
 5 SYSTEMPATH\CodeIgniter.php(457): CodeIgniter\CodeIgniter->runController(Object(App\Controllers\BillRegisterController))
 6 SYSTEMPATH\CodeIgniter.php(340): CodeIgniter\CodeIgniter->handleRequest(null, Object(Config\Cache), false)
 7 FCPATH\index.php(67): CodeIgniter\CodeIgniter->run()
CRITICAL - 2025-03-13 10:07:03 --> Invalid file: ajax_single_mapping.php
in SYSTEMPATH\Exceptions\FrameworkException.php on line 33.
 1 SYSTEMPATH\View\View.php(201): CodeIgniter\Exceptions\FrameworkException::forInvalidFile('ajax_single_mapping.php')
 2 SYSTEMPATH\Common.php(1137): CodeIgniter\View\View->render('ajax_single_mapping', [], true)
 3 APPPATH\Controllers\BillRegisterController.php(1642): view('ajax_single_mapping')
 4 SYSTEMPATH\CodeIgniter.php(904): App\Controllers\BillRegisterController->ajax_single_mapping()
 5 SYSTEMPATH\CodeIgniter.php(457): CodeIgniter\CodeIgniter->runController(Object(App\Controllers\BillRegisterController))
 6 SYSTEMPATH\CodeIgniter.php(340): CodeIgniter\CodeIgniter->handleRequest(null, Object(Config\Cache), false)
 7 FCPATH\index.php(67): CodeIgniter\CodeIgniter->run()
CRITICAL - 2025-03-13 10:07:31 --> Invalid file: ajax_single_mapping.php
in SYSTEMPATH\Exceptions\FrameworkException.php on line 33.
 1 SYSTEMPATH\View\View.php(201): CodeIgniter\Exceptions\FrameworkException::forInvalidFile('ajax_single_mapping.php')
 2 SYSTEMPATH\Common.php(1137): CodeIgniter\View\View->render('ajax_single_mapping', [], true)
 3 APPPATH\Controllers\BillRegisterController.php(1642): view('ajax_single_mapping')
 4 SYSTEMPATH\CodeIgniter.php(904): App\Controllers\BillRegisterController->ajax_single_mapping()
 5 SYSTEMPATH\CodeIgniter.php(457): CodeIgniter\CodeIgniter->runController(Object(App\Controllers\BillRegisterController))
 6 SYSTEMPATH\CodeIgniter.php(340): CodeIgniter\CodeIgniter->handleRequest(null, Object(Config\Cache), false)
 7 FCPATH\index.php(67): CodeIgniter\CodeIgniter->run()
CRITICAL - 2025-03-13 10:07:58 --> Invalid file: ajax_single_mapping.php
in SYSTEMPATH\Exceptions\FrameworkException.php on line 33.
 1 SYSTEMPATH\View\View.php(201): CodeIgniter\Exceptions\FrameworkException::forInvalidFile('ajax_single_mapping.php')
 2 SYSTEMPATH\Common.php(1137): CodeIgniter\View\View->render('ajax_single_mapping', [], true)
 3 APPPATH\Controllers\BillRegisterController.php(1642): view('ajax_single_mapping')
 4 SYSTEMPATH\CodeIgniter.php(904): App\Controllers\BillRegisterController->ajax_single_mapping()
 5 SYSTEMPATH\CodeIgniter.php(457): CodeIgniter\CodeIgniter->runController(Object(App\Controllers\BillRegisterController))
 6 SYSTEMPATH\CodeIgniter.php(340): CodeIgniter\CodeIgniter->handleRequest(null, Object(Config\Cache), false)
 7 FCPATH\index.php(67): CodeIgniter\CodeIgniter->run()
CRITICAL - 2025-03-13 10:08:18 --> Invalid file: ajax_single_mapping.php
in SYSTEMPATH\Exceptions\FrameworkException.php on line 33.
 1 SYSTEMPATH\View\View.php(201): CodeIgniter\Exceptions\FrameworkException::forInvalidFile('ajax_single_mapping.php')
 2 SYSTEMPATH\Common.php(1137): CodeIgniter\View\View->render('ajax_single_mapping', [], true)
 3 APPPATH\Controllers\BillRegisterController.php(1642): view('ajax_single_mapping')
 4 SYSTEMPATH\CodeIgniter.php(904): App\Controllers\BillRegisterController->ajax_single_mapping()
 5 SYSTEMPATH\CodeIgniter.php(457): CodeIgniter\CodeIgniter->runController(Object(App\Controllers\BillRegisterController))
 6 SYSTEMPATH\CodeIgniter.php(340): CodeIgniter\CodeIgniter->handleRequest(null, Object(Config\Cache), false)
 7 FCPATH\index.php(67): CodeIgniter\CodeIgniter->run()
CRITICAL - 2025-03-13 10:08:34 --> Invalid file: ajax_single_mapping.php
in SYSTEMPATH\Exceptions\FrameworkException.php on line 33.
 1 SYSTEMPATH\View\View.php(201): CodeIgniter\Exceptions\FrameworkException::forInvalidFile('ajax_single_mapping.php')
 2 SYSTEMPATH\Common.php(1137): CodeIgniter\View\View->render('ajax_single_mapping', [], true)
 3 APPPATH\Controllers\BillRegisterController.php(1642): view('ajax_single_mapping')
 4 SYSTEMPATH\CodeIgniter.php(904): App\Controllers\BillRegisterController->ajax_single_mapping()
 5 SYSTEMPATH\CodeIgniter.php(457): CodeIgniter\CodeIgniter->runController(Object(App\Controllers\BillRegisterController))
 6 SYSTEMPATH\CodeIgniter.php(340): CodeIgniter\CodeIgniter->handleRequest(null, Object(Config\Cache), false)
 7 FCPATH\index.php(67): CodeIgniter\CodeIgniter->run()
CRITICAL - 2025-03-13 10:09:14 --> Invalid file: ajax_single_mapping.php
in SYSTEMPATH\Exceptions\FrameworkException.php on line 33.
 1 SYSTEMPATH\View\View.php(201): CodeIgniter\Exceptions\FrameworkException::forInvalidFile('ajax_single_mapping.php')
 2 SYSTEMPATH\Common.php(1137): CodeIgniter\View\View->render('ajax_single_mapping', [], true)
 3 APPPATH\Controllers\BillRegisterController.php(1642): view('ajax_single_mapping')
 4 SYSTEMPATH\CodeIgniter.php(904): App\Controllers\BillRegisterController->ajax_single_mapping()
 5 SYSTEMPATH\CodeIgniter.php(457): CodeIgniter\CodeIgniter->runController(Object(App\Controllers\BillRegisterController))
 6 SYSTEMPATH\CodeIgniter.php(340): CodeIgniter\CodeIgniter->handleRequest(null, Object(Config\Cache), false)
 7 FCPATH\index.php(67): CodeIgniter\CodeIgniter->run()
CRITICAL - 2025-03-13 10:10:07 --> Invalid file: ajax_single_mapping.php
in SYSTEMPATH\Exceptions\FrameworkException.php on line 33.
 1 SYSTEMPATH\View\View.php(201): CodeIgniter\Exceptions\FrameworkException::forInvalidFile('ajax_single_mapping.php')
 2 SYSTEMPATH\Common.php(1137): CodeIgniter\View\View->render('ajax_single_mapping', [], true)
 3 APPPATH\Controllers\BillRegisterController.php(1642): view('ajax_single_mapping')
 4 SYSTEMPATH\CodeIgniter.php(904): App\Controllers\BillRegisterController->ajax_single_mapping()
 5 SYSTEMPATH\CodeIgniter.php(457): CodeIgniter\CodeIgniter->runController(Object(App\Controllers\BillRegisterController))
 6 SYSTEMPATH\CodeIgniter.php(340): CodeIgniter\CodeIgniter->handleRequest(null, Object(Config\Cache), false)
 7 FCPATH\index.php(67): CodeIgniter\CodeIgniter->run()
CRITICAL - 2025-03-13 10:10:34 --> Invalid file: ajax_single_mapping.php
in SYSTEMPATH\Exceptions\FrameworkException.php on line 33.
 1 SYSTEMPATH\View\View.php(201): CodeIgniter\Exceptions\FrameworkException::forInvalidFile('ajax_single_mapping.php')
 2 SYSTEMPATH\Common.php(1137): CodeIgniter\View\View->render('ajax_single_mapping', [], true)
 3 APPPATH\Controllers\BillRegisterController.php(1642): view('ajax_single_mapping')
 4 SYSTEMPATH\CodeIgniter.php(904): App\Controllers\BillRegisterController->ajax_single_mapping()
 5 SYSTEMPATH\CodeIgniter.php(457): CodeIgniter\CodeIgniter->runController(Object(App\Controllers\BillRegisterController))
 6 SYSTEMPATH\CodeIgniter.php(340): CodeIgniter\CodeIgniter->handleRequest(null, Object(Config\Cache), false)
 7 FCPATH\index.php(67): CodeIgniter\CodeIgniter->run()
CRITICAL - 2025-03-13 10:43:04 --> Invalid file: ajax_single_mapping.php
in SYSTEMPATH\Exceptions\FrameworkException.php on line 33.
 1 SYSTEMPATH\View\View.php(201): CodeIgniter\Exceptions\FrameworkException::forInvalidFile('ajax_single_mapping.php')
 2 SYSTEMPATH\Common.php(1137): CodeIgniter\View\View->render('ajax_single_mapping', [], true)
 3 APPPATH\Controllers\BillRegisterController.php(1642): view('ajax_single_mapping')
 4 SYSTEMPATH\CodeIgniter.php(904): App\Controllers\BillRegisterController->ajax_single_mapping()
 5 SYSTEMPATH\CodeIgniter.php(457): CodeIgniter\CodeIgniter->runController(Object(App\Controllers\BillRegisterController))
 6 SYSTEMPATH\CodeIgniter.php(340): CodeIgniter\CodeIgniter->handleRequest(null, Object(Config\Cache), false)
 7 FCPATH\index.php(67): CodeIgniter\CodeIgniter->run()
CRITICAL - 2025-03-13 10:51:15 --> Invalid file: ajax_single_mapping.php
in SYSTEMPATH\Exceptions\FrameworkException.php on line 33.
 1 SYSTEMPATH\View\View.php(201): CodeIgniter\Exceptions\FrameworkException::forInvalidFile('ajax_single_mapping.php')
 2 SYSTEMPATH\Common.php(1137): CodeIgniter\View\View->render('ajax_single_mapping', [], true)
 3 APPPATH\Controllers\BillRegisterController.php(1642): view('ajax_single_mapping')
 4 SYSTEMPATH\CodeIgniter.php(904): App\Controllers\BillRegisterController->ajax_single_mapping()
 5 SYSTEMPATH\CodeIgniter.php(457): CodeIgniter\CodeIgniter->runController(Object(App\Controllers\BillRegisterController))
 6 SYSTEMPATH\CodeIgniter.php(340): CodeIgniter\CodeIgniter->handleRequest(null, Object(Config\Cache), false)
 7 FCPATH\index.php(67): CodeIgniter\CodeIgniter->run()
CRITICAL - 2025-03-13 11:29:04 --> Invalid file: ajax_single_mapping.php
in SYSTEMPATH\Exceptions\FrameworkException.php on line 33.
 1 SYSTEMPATH\View\View.php(201): CodeIgniter\Exceptions\FrameworkException::forInvalidFile('ajax_single_mapping.php')
 2 SYSTEMPATH\Common.php(1137): CodeIgniter\View\View->render('ajax_single_mapping', [], true)
 3 APPPATH\Controllers\BillRegisterController.php(1642): view('ajax_single_mapping')
 4 SYSTEMPATH\CodeIgniter.php(904): App\Controllers\BillRegisterController->ajax_single_mapping()
 5 SYSTEMPATH\CodeIgniter.php(457): CodeIgniter\CodeIgniter->runController(Object(App\Controllers\BillRegisterController))
 6 SYSTEMPATH\CodeIgniter.php(340): CodeIgniter\CodeIgniter->handleRequest(null, Object(Config\Cache), false)
 7 FCPATH\index.php(67): CodeIgniter\CodeIgniter->run()
CRITICAL - 2025-03-13 11:31:59 --> Invalid file: ajax_single_mapping.php
in SYSTEMPATH\Exceptions\FrameworkException.php on line 33.
 1 SYSTEMPATH\View\View.php(201): CodeIgniter\Exceptions\FrameworkException::forInvalidFile('ajax_single_mapping.php')
 2 SYSTEMPATH\Common.php(1137): CodeIgniter\View\View->render('ajax_single_mapping', [], true)
 3 APPPATH\Controllers\BillRegisterController.php(1642): view('ajax_single_mapping')
 4 SYSTEMPATH\CodeIgniter.php(904): App\Controllers\BillRegisterController->ajax_single_mapping()
 5 SYSTEMPATH\CodeIgniter.php(457): CodeIgniter\CodeIgniter->runController(Object(App\Controllers\BillRegisterController))
 6 SYSTEMPATH\CodeIgniter.php(340): CodeIgniter\CodeIgniter->handleRequest(null, Object(Config\Cache), false)
 7 FCPATH\index.php(67): CodeIgniter\CodeIgniter->run()
CRITICAL - 2025-03-13 11:33:42 --> Invalid file: ajax_single_mapping.php
in SYSTEMPATH\Exceptions\FrameworkException.php on line 33.
 1 SYSTEMPATH\View\View.php(201): CodeIgniter\Exceptions\FrameworkException::forInvalidFile('ajax_single_mapping.php')
 2 SYSTEMPATH\Common.php(1137): CodeIgniter\View\View->render('ajax_single_mapping', [], true)
 3 APPPATH\Controllers\BillRegisterController.php(1642): view('ajax_single_mapping')
 4 SYSTEMPATH\CodeIgniter.php(904): App\Controllers\BillRegisterController->ajax_single_mapping()
 5 SYSTEMPATH\CodeIgniter.php(457): CodeIgniter\CodeIgniter->runController(Object(App\Controllers\BillRegisterController))
 6 SYSTEMPATH\CodeIgniter.php(340): CodeIgniter\CodeIgniter->handleRequest(null, Object(Config\Cache), false)
 7 FCPATH\index.php(67): CodeIgniter\CodeIgniter->run()
CRITICAL - 2025-03-13 11:35:48 --> Invalid file: ajax_single_mapping.php
in SYSTEMPATH\Exceptions\FrameworkException.php on line 33.
 1 SYSTEMPATH\View\View.php(201): CodeIgniter\Exceptions\FrameworkException::forInvalidFile('ajax_single_mapping.php')
 2 SYSTEMPATH\Common.php(1137): CodeIgniter\View\View->render('ajax_single_mapping', [], true)
 3 APPPATH\Controllers\BillRegisterController.php(1642): view('ajax_single_mapping')
 4 SYSTEMPATH\CodeIgniter.php(904): App\Controllers\BillRegisterController->ajax_single_mapping()
 5 SYSTEMPATH\CodeIgniter.php(457): CodeIgniter\CodeIgniter->runController(Object(App\Controllers\BillRegisterController))
 6 SYSTEMPATH\CodeIgniter.php(340): CodeIgniter\CodeIgniter->handleRequest(null, Object(Config\Cache), false)
 7 FCPATH\index.php(67): CodeIgniter\CodeIgniter->run()
CRITICAL - 2025-03-13 11:37:51 --> Invalid file: ajax_single_mapping.php
in SYSTEMPATH\Exceptions\FrameworkException.php on line 33.
 1 SYSTEMPATH\View\View.php(201): CodeIgniter\Exceptions\FrameworkException::forInvalidFile('ajax_single_mapping.php')
 2 SYSTEMPATH\Common.php(1137): CodeIgniter\View\View->render('ajax_single_mapping', [], true)
 3 APPPATH\Controllers\BillRegisterController.php(1642): view('ajax_single_mapping')
 4 SYSTEMPATH\CodeIgniter.php(904): App\Controllers\BillRegisterController->ajax_single_mapping()
 5 SYSTEMPATH\CodeIgniter.php(457): CodeIgniter\CodeIgniter->runController(Object(App\Controllers\BillRegisterController))
 6 SYSTEMPATH\CodeIgniter.php(340): CodeIgniter\CodeIgniter->handleRequest(null, Object(Config\Cache), false)
 7 FCPATH\index.php(67): CodeIgniter\CodeIgniter->run()
CRITICAL - 2025-03-13 11:39:49 --> Invalid file: ajax_single_mapping.php
in SYSTEMPATH\Exceptions\FrameworkException.php on line 33.
 1 SYSTEMPATH\View\View.php(201): CodeIgniter\Exceptions\FrameworkException::forInvalidFile('ajax_single_mapping.php')
 2 SYSTEMPATH\Common.php(1137): CodeIgniter\View\View->render('ajax_single_mapping', [], true)
 3 APPPATH\Controllers\BillRegisterController.php(1642): view('ajax_single_mapping')
 4 SYSTEMPATH\CodeIgniter.php(904): App\Controllers\BillRegisterController->ajax_single_mapping()
 5 SYSTEMPATH\CodeIgniter.php(457): CodeIgniter\CodeIgniter->runController(Object(App\Controllers\BillRegisterController))
 6 SYSTEMPATH\CodeIgniter.php(340): CodeIgniter\CodeIgniter->handleRequest(null, Object(Config\Cache), false)
 7 FCPATH\index.php(67): CodeIgniter\CodeIgniter->run()
CRITICAL - 2025-03-13 11:43:25 --> Invalid file: ajax_single_mapping.php
in SYSTEMPATH\Exceptions\FrameworkException.php on line 33.
 1 SYSTEMPATH\View\View.php(201): CodeIgniter\Exceptions\FrameworkException::forInvalidFile('ajax_single_mapping.php')
 2 SYSTEMPATH\Common.php(1137): CodeIgniter\View\View->render('ajax_single_mapping', [], true)
 3 APPPATH\Controllers\BillRegisterController.php(1642): view('ajax_single_mapping')
 4 SYSTEMPATH\CodeIgniter.php(904): App\Controllers\BillRegisterController->ajax_single_mapping()
 5 SYSTEMPATH\CodeIgniter.php(457): CodeIgniter\CodeIgniter->runController(Object(App\Controllers\BillRegisterController))
 6 SYSTEMPATH\CodeIgniter.php(340): CodeIgniter\CodeIgniter->handleRequest(null, Object(Config\Cache), false)
 7 FCPATH\index.php(67): CodeIgniter\CodeIgniter->run()
CRITICAL - 2025-03-13 11:47:09 --> Invalid file: ajax_single_mapping.php
in SYSTEMPATH\Exceptions\FrameworkException.php on line 33.
 1 SYSTEMPATH\View\View.php(201): CodeIgniter\Exceptions\FrameworkException::forInvalidFile('ajax_single_mapping.php')
 2 SYSTEMPATH\Common.php(1137): CodeIgniter\View\View->render('ajax_single_mapping', [], true)
 3 APPPATH\Controllers\BillRegisterController.php(1642): view('ajax_single_mapping')
 4 SYSTEMPATH\CodeIgniter.php(904): App\Controllers\BillRegisterController->ajax_single_mapping()
 5 SYSTEMPATH\CodeIgniter.php(457): CodeIgniter\CodeIgniter->runController(Object(App\Controllers\BillRegisterController))
 6 SYSTEMPATH\CodeIgniter.php(340): CodeIgniter\CodeIgniter->handleRequest(null, Object(Config\Cache), false)
 7 FCPATH\index.php(67): CodeIgniter\CodeIgniter->run()
CRITICAL - 2025-03-13 11:59:40 --> Invalid file: ajax_single_mapping.php
in SYSTEMPATH\Exceptions\FrameworkException.php on line 33.
 1 SYSTEMPATH\View\View.php(201): CodeIgniter\Exceptions\FrameworkException::forInvalidFile('ajax_single_mapping.php')
 2 SYSTEMPATH\Common.php(1137): CodeIgniter\View\View->render('ajax_single_mapping', [], true)
 3 APPPATH\Controllers\BillRegisterController.php(1642): view('ajax_single_mapping')
 4 SYSTEMPATH\CodeIgniter.php(904): App\Controllers\BillRegisterController->ajax_single_mapping()
 5 SYSTEMPATH\CodeIgniter.php(457): CodeIgniter\CodeIgniter->runController(Object(App\Controllers\BillRegisterController))
 6 SYSTEMPATH\CodeIgniter.php(340): CodeIgniter\CodeIgniter->handleRequest(null, Object(Config\Cache), false)
 7 FCPATH\index.php(67): CodeIgniter\CodeIgniter->run()
ERROR - 2025-03-13 12:21:03 --> mysqli_sql_exception: Unknown column 'Bill_DateTime' in 'where clause' in C:\xampp\htdocs\bill_management\system\Database\MySQLi\Connection.php:292
Stack trace:
#0 C:\xampp\htdocs\bill_management\system\Database\MySQLi\Connection.php(292): mysqli->query('SELECT COUNT(*)...', 0)
#1 C:\xampp\htdocs\bill_management\system\Database\BaseConnection.php(693): CodeIgniter\Database\MySQLi\Connection->execute('SELECT COUNT(*)...')
#2 C:\xampp\htdocs\bill_management\system\Database\BaseConnection.php(620): CodeIgniter\Database\BaseConnection->simpleQuery('SELECT COUNT(*)...')
#3 C:\xampp\htdocs\bill_management\system\Database\BaseBuilder.php(1669): CodeIgniter\Database\BaseConnection->query('SELECT COUNT(*)...', Array, false)
#4 C:\xampp\htdocs\bill_management\app\Controllers\AdminController.php(744): CodeIgniter\Database\BaseBuilder->countAllResults()
#5 C:\xampp\htdocs\bill_management\system\CodeIgniter.php(904): App\Controllers\AdminController->view_dashboard()
#6 C:\xampp\htdocs\bill_management\system\CodeIgniter.php(457): CodeIgniter\CodeIgniter->runController(Object(App\Controllers\AdminController))
#7 C:\xampp\htdocs\bill_management\system\CodeIgniter.php(340): CodeIgniter\CodeIgniter->handleRequest(NULL, Object(Config\Cache), false)
#8 C:\xampp\htdocs\bill_management\index.php(67): CodeIgniter\CodeIgniter->run()
#9 {main}
ERROR - 2025-03-13 12:21:03 --> mysqli_sql_exception: Unknown column 'Bill_DateTime' in 'where clause' in C:\xampp\htdocs\bill_management\system\Database\MySQLi\Connection.php:292
Stack trace:
#0 C:\xampp\htdocs\bill_management\system\Database\MySQLi\Connection.php(292): mysqli->query('SELECT COUNT(*)...', 0)
#1 C:\xampp\htdocs\bill_management\system\Database\BaseConnection.php(693): CodeIgniter\Database\MySQLi\Connection->execute('SELECT COUNT(*)...')
#2 C:\xampp\htdocs\bill_management\system\Database\BaseConnection.php(620): CodeIgniter\Database\BaseConnection->simpleQuery('SELECT COUNT(*)...')
#3 C:\xampp\htdocs\bill_management\system\Database\BaseBuilder.php(1669): CodeIgniter\Database\BaseConnection->query('SELECT COUNT(*)...', Array, false)
#4 C:\xampp\htdocs\bill_management\app\Controllers\AdminController.php(745): CodeIgniter\Database\BaseBuilder->countAllResults()
#5 C:\xampp\htdocs\bill_management\system\CodeIgniter.php(904): App\Controllers\AdminController->view_dashboard()
#6 C:\xampp\htdocs\bill_management\system\CodeIgniter.php(457): CodeIgniter\CodeIgniter->runController(Object(App\Controllers\AdminController))
#7 C:\xampp\htdocs\bill_management\system\CodeIgniter.php(340): CodeIgniter\CodeIgniter->handleRequest(NULL, Object(Config\Cache), false)
#8 C:\xampp\htdocs\bill_management\index.php(67): CodeIgniter\CodeIgniter->run()
#9 {main}
CRITICAL - 2025-03-13 12:21:27 --> Invalid file: ajax_single_mapping.php
in SYSTEMPATH\Exceptions\FrameworkException.php on line 33.
 1 SYSTEMPATH\View\View.php(201): CodeIgniter\Exceptions\FrameworkException::forInvalidFile('ajax_single_mapping.php')
 2 SYSTEMPATH\Common.php(1137): CodeIgniter\View\View->render('ajax_single_mapping', [], true)
 3 APPPATH\Controllers\BillRegisterController.php(1642): view('ajax_single_mapping')
 4 SYSTEMPATH\CodeIgniter.php(904): App\Controllers\BillRegisterController->ajax_single_mapping()
 5 SYSTEMPATH\CodeIgniter.php(457): CodeIgniter\CodeIgniter->runController(Object(App\Controllers\BillRegisterController))
 6 SYSTEMPATH\CodeIgniter.php(340): CodeIgniter\CodeIgniter->handleRequest(null, Object(Config\Cache), false)
 7 FCPATH\index.php(67): CodeIgniter\CodeIgniter->run()
CRITICAL - 2025-03-13 12:22:50 --> Invalid file: ajax_single_mapping.php
in SYSTEMPATH\Exceptions\FrameworkException.php on line 33.
 1 SYSTEMPATH\View\View.php(201): CodeIgniter\Exceptions\FrameworkException::forInvalidFile('ajax_single_mapping.php')
 2 SYSTEMPATH\Common.php(1137): CodeIgniter\View\View->render('ajax_single_mapping', [], true)
 3 APPPATH\Controllers\BillRegisterController.php(1642): view('ajax_single_mapping')
 4 SYSTEMPATH\CodeIgniter.php(904): App\Controllers\BillRegisterController->ajax_single_mapping()
 5 SYSTEMPATH\CodeIgniter.php(457): CodeIgniter\CodeIgniter->runController(Object(App\Controllers\BillRegisterController))
 6 SYSTEMPATH\CodeIgniter.php(340): CodeIgniter\CodeIgniter->handleRequest(null, Object(Config\Cache), false)
 7 FCPATH\index.php(67): CodeIgniter\CodeIgniter->run()
CRITICAL - 2025-03-13 12:24:09 --> Invalid file: ajax_single_mapping.php
in SYSTEMPATH\Exceptions\FrameworkException.php on line 33.
 1 SYSTEMPATH\View\View.php(201): CodeIgniter\Exceptions\FrameworkException::forInvalidFile('ajax_single_mapping.php')
 2 SYSTEMPATH\Common.php(1137): CodeIgniter\View\View->render('ajax_single_mapping', [], true)
 3 APPPATH\Controllers\BillRegisterController.php(1642): view('ajax_single_mapping')
 4 SYSTEMPATH\CodeIgniter.php(904): App\Controllers\BillRegisterController->ajax_single_mapping()
 5 SYSTEMPATH\CodeIgniter.php(457): CodeIgniter\CodeIgniter->runController(Object(App\Controllers\BillRegisterController))
 6 SYSTEMPATH\CodeIgniter.php(340): CodeIgniter\CodeIgniter->handleRequest(null, Object(Config\Cache), false)
 7 FCPATH\index.php(67): CodeIgniter\CodeIgniter->run()
CRITICAL - 2025-03-13 12:29:04 --> Invalid file: ajax_single_mapping.php
in SYSTEMPATH\Exceptions\FrameworkException.php on line 33.
 1 SYSTEMPATH\View\View.php(201): CodeIgniter\Exceptions\FrameworkException::forInvalidFile('ajax_single_mapping.php')
 2 SYSTEMPATH\Common.php(1137): CodeIgniter\View\View->render('ajax_single_mapping', [], true)
 3 APPPATH\Controllers\BillRegisterController.php(1642): view('ajax_single_mapping')
 4 SYSTEMPATH\CodeIgniter.php(904): App\Controllers\BillRegisterController->ajax_single_mapping()
 5 SYSTEMPATH\CodeIgniter.php(457): CodeIgniter\CodeIgniter->runController(Object(App\Controllers\BillRegisterController))
 6 SYSTEMPATH\CodeIgniter.php(340): CodeIgniter\CodeIgniter->handleRequest(null, Object(Config\Cache), false)
 7 FCPATH\index.php(67): CodeIgniter\CodeIgniter->run()
CRITICAL - 2025-03-13 13:36:40 --> Invalid file: ajax_single_mapping.php
in SYSTEMPATH\Exceptions\FrameworkException.php on line 33.
 1 SYSTEMPATH\View\View.php(201): CodeIgniter\Exceptions\FrameworkException::forInvalidFile('ajax_single_mapping.php')
 2 SYSTEMPATH\Common.php(1137): CodeIgniter\View\View->render('ajax_single_mapping', [], true)
 3 APPPATH\Controllers\BillRegisterController.php(1642): view('ajax_single_mapping')
 4 SYSTEMPATH\CodeIgniter.php(904): App\Controllers\BillRegisterController->ajax_single_mapping()
 5 SYSTEMPATH\CodeIgniter.php(457): CodeIgniter\CodeIgniter->runController(Object(App\Controllers\BillRegisterController))
 6 SYSTEMPATH\CodeIgniter.php(340): CodeIgniter\CodeIgniter->handleRequest(null, Object(Config\Cache), false)
 7 FCPATH\index.php(67): CodeIgniter\CodeIgniter->run()
CRITICAL - 2025-03-13 13:39:56 --> Invalid file: ajax_single_mapping.php
in SYSTEMPATH\Exceptions\FrameworkException.php on line 33.
 1 SYSTEMPATH\View\View.php(201): CodeIgniter\Exceptions\FrameworkException::forInvalidFile('ajax_single_mapping.php')
 2 SYSTEMPATH\Common.php(1137): CodeIgniter\View\View->render('ajax_single_mapping', [], true)
 3 APPPATH\Controllers\BillRegisterController.php(1642): view('ajax_single_mapping')
 4 SYSTEMPATH\CodeIgniter.php(904): App\Controllers\BillRegisterController->ajax_single_mapping()
 5 SYSTEMPATH\CodeIgniter.php(457): CodeIgniter\CodeIgniter->runController(Object(App\Controllers\BillRegisterController))
 6 SYSTEMPATH\CodeIgniter.php(340): CodeIgniter\CodeIgniter->handleRequest(null, Object(Config\Cache), false)
 7 FCPATH\index.php(67): CodeIgniter\CodeIgniter->run()
CRITICAL - 2025-03-13 13:43:09 --> Invalid file: ajax_single_mapping.php
in SYSTEMPATH\Exceptions\FrameworkException.php on line 33.
 1 SYSTEMPATH\View\View.php(201): CodeIgniter\Exceptions\FrameworkException::forInvalidFile('ajax_single_mapping.php')
 2 SYSTEMPATH\Common.php(1137): CodeIgniter\View\View->render('ajax_single_mapping', [], true)
 3 APPPATH\Controllers\BillRegisterController.php(1642): view('ajax_single_mapping')
 4 SYSTEMPATH\CodeIgniter.php(904): App\Controllers\BillRegisterController->ajax_single_mapping()
 5 SYSTEMPATH\CodeIgniter.php(457): CodeIgniter\CodeIgniter->runController(Object(App\Controllers\BillRegisterController))
 6 SYSTEMPATH\CodeIgniter.php(340): CodeIgniter\CodeIgniter->handleRequest(null, Object(Config\Cache), false)
 7 FCPATH\index.php(67): CodeIgniter\CodeIgniter->run()
CRITICAL - 2025-03-13 13:46:05 --> Invalid file: ajax_single_mapping.php
in SYSTEMPATH\Exceptions\FrameworkException.php on line 33.
 1 SYSTEMPATH\View\View.php(201): CodeIgniter\Exceptions\FrameworkException::forInvalidFile('ajax_single_mapping.php')
 2 SYSTEMPATH\Common.php(1137): CodeIgniter\View\View->render('ajax_single_mapping', [], true)
 3 APPPATH\Controllers\BillRegisterController.php(1642): view('ajax_single_mapping')
 4 SYSTEMPATH\CodeIgniter.php(904): App\Controllers\BillRegisterController->ajax_single_mapping()
 5 SYSTEMPATH\CodeIgniter.php(457): CodeIgniter\CodeIgniter->runController(Object(App\Controllers\BillRegisterController))
 6 SYSTEMPATH\CodeIgniter.php(340): CodeIgniter\CodeIgniter->handleRequest(null, Object(Config\Cache), false)
 7 FCPATH\index.php(67): CodeIgniter\CodeIgniter->run()
CRITICAL - 2025-03-13 13:50:58 --> Invalid file: ajax_single_mapping.php
in SYSTEMPATH\Exceptions\FrameworkException.php on line 33.
 1 SYSTEMPATH\View\View.php(201): CodeIgniter\Exceptions\FrameworkException::forInvalidFile('ajax_single_mapping.php')
 2 SYSTEMPATH\Common.php(1137): CodeIgniter\View\View->render('ajax_single_mapping', [], true)
 3 APPPATH\Controllers\BillRegisterController.php(1642): view('ajax_single_mapping')
 4 SYSTEMPATH\CodeIgniter.php(904): App\Controllers\BillRegisterController->ajax_single_mapping()
 5 SYSTEMPATH\CodeIgniter.php(457): CodeIgniter\CodeIgniter->runController(Object(App\Controllers\BillRegisterController))
 6 SYSTEMPATH\CodeIgniter.php(340): CodeIgniter\CodeIgniter->handleRequest(null, Object(Config\Cache), false)
 7 FCPATH\index.php(67): CodeIgniter\CodeIgniter->run()
CRITICAL - 2025-03-13 13:53:35 --> Invalid file: ajax_single_mapping.php
in SYSTEMPATH\Exceptions\FrameworkException.php on line 33.
 1 SYSTEMPATH\View\View.php(201): CodeIgniter\Exceptions\FrameworkException::forInvalidFile('ajax_single_mapping.php')
 2 SYSTEMPATH\Common.php(1137): CodeIgniter\View\View->render('ajax_single_mapping', [], true)
 3 APPPATH\Controllers\BillRegisterController.php(1642): view('ajax_single_mapping')
 4 SYSTEMPATH\CodeIgniter.php(904): App\Controllers\BillRegisterController->ajax_single_mapping()
 5 SYSTEMPATH\CodeIgniter.php(457): CodeIgniter\CodeIgniter->runController(Object(App\Controllers\BillRegisterController))
 6 SYSTEMPATH\CodeIgniter.php(340): CodeIgniter\CodeIgniter->handleRequest(null, Object(Config\Cache), false)
 7 FCPATH\index.php(67): CodeIgniter\CodeIgniter->run()
CRITICAL - 2025-03-13 13:56:25 --> Invalid file: ajax_single_mapping.php
in SYSTEMPATH\Exceptions\FrameworkException.php on line 33.
 1 SYSTEMPATH\View\View.php(201): CodeIgniter\Exceptions\FrameworkException::forInvalidFile('ajax_single_mapping.php')
 2 SYSTEMPATH\Common.php(1137): CodeIgniter\View\View->render('ajax_single_mapping', [], true)
 3 APPPATH\Controllers\BillRegisterController.php(1642): view('ajax_single_mapping')
 4 SYSTEMPATH\CodeIgniter.php(904): App\Controllers\BillRegisterController->ajax_single_mapping()
 5 SYSTEMPATH\CodeIgniter.php(457): CodeIgniter\CodeIgniter->runController(Object(App\Controllers\BillRegisterController))
 6 SYSTEMPATH\CodeIgniter.php(340): CodeIgniter\CodeIgniter->handleRequest(null, Object(Config\Cache), false)
 7 FCPATH\index.php(67): CodeIgniter\CodeIgniter->run()
CRITICAL - 2025-03-13 14:02:05 --> Invalid file: ajax_single_mapping.php
in SYSTEMPATH\Exceptions\FrameworkException.php on line 33.
 1 SYSTEMPATH\View\View.php(201): CodeIgniter\Exceptions\FrameworkException::forInvalidFile('ajax_single_mapping.php')
 2 SYSTEMPATH\Common.php(1137): CodeIgniter\View\View->render('ajax_single_mapping', [], true)
 3 APPPATH\Controllers\BillRegisterController.php(1642): view('ajax_single_mapping')
 4 SYSTEMPATH\CodeIgniter.php(904): App\Controllers\BillRegisterController->ajax_single_mapping()
 5 SYSTEMPATH\CodeIgniter.php(457): CodeIgniter\CodeIgniter->runController(Object(App\Controllers\BillRegisterController))
 6 SYSTEMPATH\CodeIgniter.php(340): CodeIgniter\CodeIgniter->handleRequest(null, Object(Config\Cache), false)
 7 FCPATH\index.php(67): CodeIgniter\CodeIgniter->run()
CRITICAL - 2025-03-13 14:04:13 --> Invalid file: ajax_single_mapping.php
in SYSTEMPATH\Exceptions\FrameworkException.php on line 33.
 1 SYSTEMPATH\View\View.php(201): CodeIgniter\Exceptions\FrameworkException::forInvalidFile('ajax_single_mapping.php')
 2 SYSTEMPATH\Common.php(1137): CodeIgniter\View\View->render('ajax_single_mapping', [], true)
 3 APPPATH\Controllers\BillRegisterController.php(1642): view('ajax_single_mapping')
 4 SYSTEMPATH\CodeIgniter.php(904): App\Controllers\BillRegisterController->ajax_single_mapping()
 5 SYSTEMPATH\CodeIgniter.php(457): CodeIgniter\CodeIgniter->runController(Object(App\Controllers\BillRegisterController))
 6 SYSTEMPATH\CodeIgniter.php(340): CodeIgniter\CodeIgniter->handleRequest(null, Object(Config\Cache), false)
 7 FCPATH\index.php(67): CodeIgniter\CodeIgniter->run()
CRITICAL - 2025-03-13 14:20:43 --> Invalid file: ajax_single_mapping.php
in SYSTEMPATH\Exceptions\FrameworkException.php on line 33.
 1 SYSTEMPATH\View\View.php(201): CodeIgniter\Exceptions\FrameworkException::forInvalidFile('ajax_single_mapping.php')
 2 SYSTEMPATH\Common.php(1137): CodeIgniter\View\View->render('ajax_single_mapping', [], true)
 3 APPPATH\Controllers\BillRegisterController.php(1642): view('ajax_single_mapping')
 4 SYSTEMPATH\CodeIgniter.php(904): App\Controllers\BillRegisterController->ajax_single_mapping()
 5 SYSTEMPATH\CodeIgniter.php(457): CodeIgniter\CodeIgniter->runController(Object(App\Controllers\BillRegisterController))
 6 SYSTEMPATH\CodeIgniter.php(340): CodeIgniter\CodeIgniter->handleRequest(null, Object(Config\Cache), false)
 7 FCPATH\index.php(67): CodeIgniter\CodeIgniter->run()
CRITICAL - 2025-03-13 14:29:08 --> Invalid file: ajax_single_mapping.php
in SYSTEMPATH\Exceptions\FrameworkException.php on line 33.
 1 SYSTEMPATH\View\View.php(201): CodeIgniter\Exceptions\FrameworkException::forInvalidFile('ajax_single_mapping.php')
 2 SYSTEMPATH\Common.php(1137): CodeIgniter\View\View->render('ajax_single_mapping', [], true)
 3 APPPATH\Controllers\BillRegisterController.php(1642): view('ajax_single_mapping')
 4 SYSTEMPATH\CodeIgniter.php(904): App\Controllers\BillRegisterController->ajax_single_mapping()
 5 SYSTEMPATH\CodeIgniter.php(457): CodeIgniter\CodeIgniter->runController(Object(App\Controllers\BillRegisterController))
 6 SYSTEMPATH\CodeIgniter.php(340): CodeIgniter\CodeIgniter->handleRequest(null, Object(Config\Cache), false)
 7 FCPATH\index.php(67): CodeIgniter\CodeIgniter->run()
CRITICAL - 2025-03-13 14:54:34 --> Invalid file: ajax_single_mapping.php
in SYSTEMPATH\Exceptions\FrameworkException.php on line 33.
 1 SYSTEMPATH\View\View.php(201): CodeIgniter\Exceptions\FrameworkException::forInvalidFile('ajax_single_mapping.php')
 2 SYSTEMPATH\Common.php(1137): CodeIgniter\View\View->render('ajax_single_mapping', [], true)
 3 APPPATH\Controllers\BillRegisterController.php(1642): view('ajax_single_mapping')
 4 SYSTEMPATH\CodeIgniter.php(904): App\Controllers\BillRegisterController->ajax_single_mapping()
 5 SYSTEMPATH\CodeIgniter.php(457): CodeIgniter\CodeIgniter->runController(Object(App\Controllers\BillRegisterController))
 6 SYSTEMPATH\CodeIgniter.php(340): CodeIgniter\CodeIgniter->handleRequest(null, Object(Config\Cache), false)
 7 FCPATH\index.php(67): CodeIgniter\CodeIgniter->run()
CRITICAL - 2025-03-13 14:57:36 --> Invalid file: ajax_single_mapping.php
in SYSTEMPATH\Exceptions\FrameworkException.php on line 33.
 1 SYSTEMPATH\View\View.php(201): CodeIgniter\Exceptions\FrameworkException::forInvalidFile('ajax_single_mapping.php')
 2 SYSTEMPATH\Common.php(1137): CodeIgniter\View\View->render('ajax_single_mapping', [], true)
 3 APPPATH\Controllers\BillRegisterController.php(1642): view('ajax_single_mapping')
 4 SYSTEMPATH\CodeIgniter.php(904): App\Controllers\BillRegisterController->ajax_single_mapping()
 5 SYSTEMPATH\CodeIgniter.php(457): CodeIgniter\CodeIgniter->runController(Object(App\Controllers\BillRegisterController))
 6 SYSTEMPATH\CodeIgniter.php(340): CodeIgniter\CodeIgniter->handleRequest(null, Object(Config\Cache), false)
 7 FCPATH\index.php(67): CodeIgniter\CodeIgniter->run()
CRITICAL - 2025-03-13 14:59:41 --> Invalid file: ajax_single_mapping.php
in SYSTEMPATH\Exceptions\FrameworkException.php on line 33.
 1 SYSTEMPATH\View\View.php(201): CodeIgniter\Exceptions\FrameworkException::forInvalidFile('ajax_single_mapping.php')
 2 SYSTEMPATH\Common.php(1137): CodeIgniter\View\View->render('ajax_single_mapping', [], true)
 3 APPPATH\Controllers\BillRegisterController.php(1642): view('ajax_single_mapping')
 4 SYSTEMPATH\CodeIgniter.php(904): App\Controllers\BillRegisterController->ajax_single_mapping()
 5 SYSTEMPATH\CodeIgniter.php(457): CodeIgniter\CodeIgniter->runController(Object(App\Controllers\BillRegisterController))
 6 SYSTEMPATH\CodeIgniter.php(340): CodeIgniter\CodeIgniter->handleRequest(null, Object(Config\Cache), false)
 7 FCPATH\index.php(67): CodeIgniter\CodeIgniter->run()
CRITICAL - 2025-03-13 15:01:54 --> Invalid file: ajax_single_mapping.php
in SYSTEMPATH\Exceptions\FrameworkException.php on line 33.
 1 SYSTEMPATH\View\View.php(201): CodeIgniter\Exceptions\FrameworkException::forInvalidFile('ajax_single_mapping.php')
 2 SYSTEMPATH\Common.php(1137): CodeIgniter\View\View->render('ajax_single_mapping', [], true)
 3 APPPATH\Controllers\BillRegisterController.php(1642): view('ajax_single_mapping')
 4 SYSTEMPATH\CodeIgniter.php(904): App\Controllers\BillRegisterController->ajax_single_mapping()
 5 SYSTEMPATH\CodeIgniter.php(457): CodeIgniter\CodeIgniter->runController(Object(App\Controllers\BillRegisterController))
 6 SYSTEMPATH\CodeIgniter.php(340): CodeIgniter\CodeIgniter->handleRequest(null, Object(Config\Cache), false)
 7 FCPATH\index.php(67): CodeIgniter\CodeIgniter->run()
CRITICAL - 2025-03-13 15:04:07 --> Invalid file: ajax_single_mapping.php
in SYSTEMPATH\Exceptions\FrameworkException.php on line 33.
 1 SYSTEMPATH\View\View.php(201): CodeIgniter\Exceptions\FrameworkException::forInvalidFile('ajax_single_mapping.php')
 2 SYSTEMPATH\Common.php(1137): CodeIgniter\View\View->render('ajax_single_mapping', [], true)
 3 APPPATH\Controllers\BillRegisterController.php(1642): view('ajax_single_mapping')
 4 SYSTEMPATH\CodeIgniter.php(904): App\Controllers\BillRegisterController->ajax_single_mapping()
 5 SYSTEMPATH\CodeIgniter.php(457): CodeIgniter\CodeIgniter->runController(Object(App\Controllers\BillRegisterController))
 6 SYSTEMPATH\CodeIgniter.php(340): CodeIgniter\CodeIgniter->handleRequest(null, Object(Config\Cache), false)
 7 FCPATH\index.php(67): CodeIgniter\CodeIgniter->run()
